#
# There is insufficient memory for the Java Runtime Environment to continue.
# Native memory allocation (malloc) failed to allocate 980336 bytes. Error detail: Chunk::new
# Possible reasons:
#   The system is out of physical RAM or swap space
#   This process is running with CompressedOops enabled, and the Java Heap may be blocking the growth of the native heap
# Possible solutions:
#   Reduce memory load on the system
#   Increase physical memory or swap space
#   Check if swap backing store is full
#   Decrease Java heap size (-Xmx/-Xms)
#   Decrease number of Java threads
#   Decrease Java thread stack sizes (-Xss)
#   Set larger code cache with -XX:ReservedCodeCacheSize=
#   JVM is running with Unscaled Compressed Oops mode in which the Java heap is
#     placed in the first 4GB address space. The Java Heap base address is the
#     maximum limit for the native heap growth. Please use -XX:HeapBaseMinAddress
#     to set the Java Heap base and to place the Java Heap above 4GB virtual address.
# This output file may be truncated or incomplete.
#
#  Out of Memory Error (arena.cpp:168), pid=30812, tid=35472
#
# JRE version: OpenJDK Runtime Environment Temurin-21.0.10+7 (21.0.10+7) (build 21.0.10+7-LTS)
# Java VM: OpenJDK 64-Bit Server VM Temurin-21.0.10+7 (21.0.10+7-LTS, mixed mode, sharing, tiered, compressed oops, compressed class ptrs, g1 gc, windows-amd64)
# No core dump will be written. Minidumps are not enabled by default on client versions of Windows
#

---------------  S U M M A R Y ------------

Command Line: --add-opens=java.base/java.lang=ALL-UNNAMED --add-opens=java.base/java.lang.invoke=ALL-UNNAMED --add-opens=java.base/java.util=ALL-UNNAMED --add-opens=java.prefs/java.util.prefs=ALL-UNNAMED --add-exports=jdk.compiler/com.sun.tools.javac.api=ALL-UNNAMED --add-exports=jdk.compiler/com.sun.tools.javac.util=ALL-UNNAMED --add-opens=java.base/java.util=ALL-UNNAMED --add-opens=java.prefs/java.util.prefs=ALL-UNNAMED --add-opens=java.base/java.nio.charset=ALL-UNNAMED --add-opens=java.base/java.net=ALL-UNNAMED --add-opens=java.base/java.util.concurrent.atomic=ALL-UNNAMED --add-opens=java.xml/javax.xml.namespace=ALL-UNNAMED -XX:MaxMetaspaceSize=768m -XX:ReservedCodeCacheSize=256m -Xmx2G -Dfile.encoding=UTF-8 -Duser.country=GB -Duser.language=en -Duser.variant -javaagent:C:\Users\danuk\.gradle\wrapper\dists\gradle-8.14-bin\38aieal9i53h9rfe7vjup95b9\gradle-8.14\lib\agents\gradle-instrumentation-agent-8.14.jar org.gradle.launcher.daemon.bootstrap.GradleDaemon 8.14

Host: 13th Gen Intel(R) Core(TM) i7-13650HX, 20 cores, 15G,  Windows 11 , 64 bit Build 26100 (10.0.26100.8246)
Time: Thu Apr 16 23:44:38 2026 Sri Lanka Standard Time elapsed time: 49.766727 seconds (0d 0h 0m 49s)

---------------  T H R E A D  ---------------

Current thread (0x00000274809fd490):  JavaThread "C2 CompilerThread2" daemon [_thread_in_native, id=35472, stack(0x000000db3f100000,0x000000db3f200000) (1024K)]


Current CompileTask:
C2:49766 13304       4       groovy.lang.MetaClassImpl$1MOPIter::methodNameAction (325 bytes)

Stack: [0x000000db3f100000,0x000000db3f200000]
Native frames: (J=compiled Java code, j=interpreted, Vv=VM code, C=native code)
V  [jvm.dll+0x6d7a39]
V  [jvm.dll+0x8b4b26]
V  [jvm.dll+0x8b70de]
V  [jvm.dll+0x8b77c3]
V  [jvm.dll+0x284346]
V  [jvm.dll+0xc66ed]
V  [jvm.dll+0xc6c31]
V  [jvm.dll+0x3bec3b]
V  [jvm.dll+0x38b162]
V  [jvm.dll+0x38a5aa]
V  [jvm.dll+0x24c560]
V  [jvm.dll+0x24bb40]
V  [jvm.dll+0x1cb34e]
V  [jvm.dll+0x25b85d]
V  [jvm.dll+0x259dea]
V  [jvm.dll+0x3f857e]
V  [jvm.dll+0x85f59d]
V  [jvm.dll+0x6d626d]
C  [ucrtbase.dll+0x37b0]
C  [KERNEL32.DLL+0x2e8d7]
C  [ntdll.dll+0x8c3fc]


---------------  P R O C E S S  ---------------

Threads class SMR info:
_java_thread_list=0x00000274fcc9d8e0, length=54, elements={
0x00000274b24b3850, 0x00000274c8c582e0, 0x00000274c8c58d40, 0x00000274c8c5d8e0,
0x00000274c8c60720, 0x00000274c8c5f910, 0x00000274f4081f60, 0x00000274f40a7070,
0x00000274c8c6e3e0, 0x00000274f4082c80, 0x00000274f4083310, 0x00000274f4084d50,
0x00000274f4084030, 0x00000274f40853e0, 0x00000274fa2eb690, 0x00000274fa2ebd20,
0x00000274fa2e88a0, 0x00000274fa2ea2e0, 0x00000274fa2e95c0, 0x00000274fa2ea970,
0x00000274fa2eb000, 0x00000274fa2ec3b0, 0x00000274fa2e8f30, 0x00000274fa2eca40,
0x00000274fa2e9c50, 0x00000274fa2ed760, 0x00000274fa2eddf0, 0x00000274fa2ee480,
0x00000274fa2efec0, 0x00000274fdd8da90, 0x00000274fdd8b330, 0x00000274fdd8cd70,
0x00000274fdd8d400, 0x00000274ff583720, 0x00000274ff583090, 0x00000274ff585e80,
0x00000274ff584440, 0x00000274ff587f50, 0x00000274fc86e3e0, 0x00000274fc86ea70,
0x00000274fc86f100, 0x00000274fc86fe20, 0x00000274fbce1e50, 0x00000274fbce3200,
0x00000274fbce2b70, 0x00000274fbce45b0, 0x00000274fbce17c0, 0x00000274fbce6680,
0x00000274fb7f31a0, 0x00000274fb06f1d0, 0x00000274fafc4b00, 0x00000274fafc58a0,
0x00000274809fdb60, 0x00000274809fd490
}

Java Threads: ( => current thread )
  0x00000274b24b3850 JavaThread "main"                              [_thread_blocked, id=10848, stack(0x000000db3a100000,0x000000db3a200000) (1024K)]
  0x00000274c8c582e0 JavaThread "Reference Handler"          daemon [_thread_blocked, id=3836, stack(0x000000db3a900000,0x000000db3aa00000) (1024K)]
  0x00000274c8c58d40 JavaThread "Finalizer"                  daemon [_thread_blocked, id=3808, stack(0x000000db3aa00000,0x000000db3ab00000) (1024K)]
  0x00000274c8c5d8e0 JavaThread "Signal Dispatcher"          daemon [_thread_blocked, id=30632, stack(0x000000db3ab00000,0x000000db3ac00000) (1024K)]
  0x00000274c8c60720 JavaThread "Attach Listener"            daemon [_thread_blocked, id=34352, stack(0x000000db3ac00000,0x000000db3ad00000) (1024K)]
  0x00000274c8c5f910 JavaThread "Service Thread"             daemon [_thread_blocked, id=35736, stack(0x000000db3ad00000,0x000000db3ae00000) (1024K)]
  0x00000274f4081f60 JavaThread "Monitor Deflation Thread"   daemon [_thread_blocked, id=35732, stack(0x000000db3ae00000,0x000000db3af00000) (1024K)]
  0x00000274f40a7070 JavaThread "C2 CompilerThread0"         daemon [_thread_blocked, id=35564, stack(0x000000db3af00000,0x000000db3b000000) (1024K)]
  0x00000274c8c6e3e0 JavaThread "C1 CompilerThread0"         daemon [_thread_blocked, id=35560, stack(0x000000db3b000000,0x000000db3b100000) (1024K)]
  0x00000274f4082c80 JavaThread "Common-Cleaner"             daemon [_thread_blocked, id=35716, stack(0x000000db3b200000,0x000000db3b300000) (1024K)]
  0x00000274f4083310 JavaThread "Notification Thread"        daemon [_thread_blocked, id=35320, stack(0x000000db3b300000,0x000000db3b400000) (1024K)]
  0x00000274f4084d50 JavaThread "Daemon health stats"               [_thread_blocked, id=35124, stack(0x000000db3b700000,0x000000db3b800000) (1024K)]
  0x00000274f4084030 JavaThread "Incoming local TCP Connector on port 51108"        [_thread_in_native, id=35116, stack(0x000000db3bf00000,0x000000db3c000000) (1024K)]
  0x00000274f40853e0 JavaThread "Daemon periodic checks"            [_thread_blocked, id=35108, stack(0x000000db3c100000,0x000000db3c200000) (1024K)]
  0x00000274fa2eb690 JavaThread "Daemon"                            [_thread_blocked, id=35120, stack(0x000000db3c200000,0x000000db3c300000) (1024K)]
  0x00000274fa2ebd20 JavaThread "Handler for socket connection from /127.0.0.1:51108 to /127.0.0.1:51109"        [_thread_in_native, id=35060, stack(0x000000db3c300000,0x000000db3c400000) (1024K)]
  0x00000274fa2e88a0 JavaThread "Cancel handler"                    [_thread_blocked, id=35088, stack(0x000000db3c400000,0x000000db3c500000) (1024K)]
  0x00000274fa2ea2e0 JavaThread "Daemon worker"                     [_thread_blocked, id=35096, stack(0x000000db3c500000,0x000000db3c600000) (1024K)]
  0x00000274fa2e95c0 JavaThread "Asynchronous log dispatcher for DefaultDaemonConnection: socket connection from /127.0.0.1:51108 to /127.0.0.1:51109"        [_thread_blocked, id=35084, stack(0x000000db3c600000,0x000000db3c700000) (1024K)]
  0x00000274fa2ea970 JavaThread "Stdin handler"                     [_thread_blocked, id=35788, stack(0x000000db3c700000,0x000000db3c800000) (1024K)]
  0x00000274fa2eb000 JavaThread "Daemon client event forwarder"        [_thread_blocked, id=34936, stack(0x000000db3c800000,0x000000db3c900000) (1024K)]
  0x00000274fa2ec3b0 JavaThread "Cache worker for journal cache (C:\Users\danuk\.gradle\caches\journal-1)"        [_thread_blocked, id=35676, stack(0x000000db3c900000,0x000000db3ca00000) (1024K)]
  0x00000274fa2e8f30 JavaThread "File lock request listener"        [_thread_in_native, id=35672, stack(0x000000db3ca00000,0x000000db3cb00000) (1024K)]
  0x00000274fa2eca40 JavaThread "Cache worker for file hash cache (C:\Users\danuk\.gradle\caches\8.14\fileHashes)"        [_thread_blocked, id=34900, stack(0x000000db3cb00000,0x000000db3cc00000) (1024K)]
  0x00000274fa2e9c50 JavaThread "Cache worker for file hash cache (D:\my research\my\new pro\vehicle_app\android\.gradle\8.14\fileHashes)"        [_thread_blocked, id=35400, stack(0x000000db3d700000,0x000000db3d800000) (1024K)]
  0x00000274fa2ed760 JavaThread "Cache worker for Build Output Cleanup Cache (D:\my research\my\new pro\vehicle_app\android\.gradle\buildOutputCleanup)"        [_thread_blocked, id=35164, stack(0x000000db3d800000,0x000000db3d900000) (1024K)]
  0x00000274fa2eddf0 JavaThread "File watcher server"        daemon [_thread_in_native, id=35668, stack(0x000000db3d900000,0x000000db3da00000) (1024K)]
  0x00000274fa2ee480 JavaThread "File watcher consumer"      daemon [_thread_blocked, id=35528, stack(0x000000db3da00000,0x000000db3db00000) (1024K)]
  0x00000274fa2efec0 JavaThread "Cache worker for checksums cache (D:\my research\my\new pro\vehicle_app\android\.gradle\8.14\checksums)"        [_thread_blocked, id=35592, stack(0x000000db3db00000,0x000000db3dc00000) (1024K)]
  0x00000274fdd8da90 JavaThread "Cache worker for file content cache (C:\Users\danuk\.gradle\caches\8.14\fileContent)"        [_thread_blocked, id=35596, stack(0x000000db3dc00000,0x000000db3dd00000) (1024K)]
  0x00000274fdd8b330 JavaThread "Cache worker for cache directory md-supplier (C:\Users\danuk\.gradle\caches\8.14\md-supplier)"        [_thread_blocked, id=35600, stack(0x000000db3dd00000,0x000000db3de00000) (1024K)]
  0x00000274fdd8cd70 JavaThread "Cache worker for cache directory md-rule (C:\Users\danuk\.gradle\caches\8.14\md-rule)"        [_thread_blocked, id=35604, stack(0x000000db3de00000,0x000000db3df00000) (1024K)]
  0x00000274fdd8d400 JavaThread "Cache worker for Build Output Cleanup Cache (D:\flutter\packages\flutter_tools\gradle\.gradle\buildOutputCleanup)"        [_thread_blocked, id=35624, stack(0x000000db3df00000,0x000000db3e000000) (1024K)]
  0x00000274ff583720 JavaThread "Unconstrained build operations"        [_thread_blocked, id=35036, stack(0x000000db3be00000,0x000000db3bf00000) (1024K)]
  0x00000274ff583090 JavaThread "Unconstrained build operations Thread 2"        [_thread_blocked, id=30308, stack(0x000000db3d600000,0x000000db3d700000) (1024K)]
  0x00000274ff585e80 JavaThread "Unconstrained build operations Thread 3"        [_thread_blocked, id=35016, stack(0x000000db3e100000,0x000000db3e200000) (1024K)]
  0x00000274ff584440 JavaThread "Memory manager"                    [_thread_blocked, id=35252, stack(0x000000db3e200000,0x000000db3e300000) (1024K)]
  0x00000274ff587f50 JavaThread "build event listener"              [_thread_blocked, id=31288, stack(0x000000db3e500000,0x000000db3e600000) (1024K)]
  0x00000274fc86e3e0 JavaThread "included builds"                   [_thread_blocked, id=5240, stack(0x000000db3e300000,0x000000db3e400000) (1024K)]
  0x00000274fc86ea70 JavaThread "Execution worker"                  [_thread_blocked, id=33904, stack(0x000000db3e400000,0x000000db3e500000) (1024K)]
  0x00000274fc86f100 JavaThread "Cache worker for execution history cache (D:\flutter\packages\flutter_tools\gradle\.gradle\8.14\executionHistory)"        [_thread_blocked, id=28180, stack(0x000000db3e600000,0x000000db3e700000) (1024K)]
  0x00000274fc86fe20 JavaThread "Unconstrained build operations Thread 4"        [_thread_blocked, id=11588, stack(0x000000db3e700000,0x000000db3e800000) (1024K)]
  0x00000274fbce1e50 JavaThread "Unconstrained build operations Thread 5"        [_thread_blocked, id=17796, stack(0x000000db3c000000,0x000000db3c100000) (1024K)]
  0x00000274fbce3200 JavaThread "Unconstrained build operations Thread 6"        [_thread_blocked, id=35660, stack(0x000000db3e800000,0x000000db3e900000) (1024K)]
  0x00000274fbce2b70 JavaThread "Unconstrained build operations Thread 7"        [_thread_blocked, id=35020, stack(0x000000db3e900000,0x000000db3ea00000) (1024K)]
  0x00000274fbce45b0 JavaThread "Unconstrained build operations Thread 8"        [_thread_blocked, id=33916, stack(0x000000db3ea00000,0x000000db3eb00000) (1024K)]
  0x00000274fbce17c0 JavaThread "Unconstrained build operations Thread 9"        [_thread_blocked, id=35436, stack(0x000000db3eb00000,0x000000db3ec00000) (1024K)]
  0x00000274fbce6680 JavaThread "Unconstrained build operations Thread 10"        [_thread_blocked, id=35520, stack(0x000000db3ec00000,0x000000db3ed00000) (1024K)]
  0x00000274fb7f31a0 JavaThread "C1 CompilerThread1"         daemon [_thread_blocked, id=35644, stack(0x000000db3bd00000,0x000000db3be00000) (1024K)]
  0x00000274fb06f1d0 JavaThread "build event listener"              [_thread_blocked, id=34956, stack(0x000000db3ee00000,0x000000db3ef00000) (1024K)]
  0x00000274fafc4b00 JavaThread "C1 CompilerThread2"         daemon [_thread_blocked, id=35832, stack(0x000000db3ed00000,0x000000db3ee00000) (1024K)]
  0x00000274fafc58a0 JavaThread "C1 CompilerThread3"         daemon [_thread_blocked, id=35808, stack(0x000000db3ef00000,0x000000db3f000000) (1024K)]
  0x00000274809fdb60 JavaThread "C2 CompilerThread1"         daemon [_thread_in_native, id=35512, stack(0x000000db3f000000,0x000000db3f100000) (1024K)]
=>0x00000274809fd490 JavaThread "C2 CompilerThread2"         daemon [_thread_in_native, id=35472, stack(0x000000db3f100000,0x000000db3f200000) (1024K)]
Total: 54

Other Threads:
  0x00000274c8c3eb30 VMThread "VM Thread"                           [id=9824, stack(0x000000db3a800000,0x000000db3a900000) (1024K)]
  0x00000274c8c2aee0 WatcherThread "VM Periodic Task Thread"        [id=30064, stack(0x000000db3a700000,0x000000db3a800000) (1024K)]
  0x00000274b250b390 WorkerThread "GC Thread#0"                     [id=4124, stack(0x000000db3a200000,0x000000db3a300000) (1024K)]
  0x00000274f441a000 WorkerThread "GC Thread#1"                     [id=35740, stack(0x000000db3b800000,0x000000db3b900000) (1024K)]
  0x00000274f454c310 WorkerThread "GC Thread#2"                     [id=35728, stack(0x000000db3b900000,0x000000db3ba00000) (1024K)]
  0x00000274f48070a0 WorkerThread "GC Thread#3"                     [id=35048, stack(0x000000db3ba00000,0x000000db3bb00000) (1024K)]
  0x00000274f4807450 WorkerThread "GC Thread#4"                     [id=35044, stack(0x000000db3bb00000,0x000000db3bc00000) (1024K)]
  0x00000274f475ac00 WorkerThread "GC Thread#5"                     [id=35040, stack(0x000000db3bc00000,0x000000db3bd00000) (1024K)]
  0x00000274f99b61d0 WorkerThread "GC Thread#6"                     [id=9036, stack(0x000000db3b500000,0x000000db3b600000) (1024K)]
  0x00000274f99b6580 WorkerThread "GC Thread#7"                     [id=35800, stack(0x000000db3b600000,0x000000db3b700000) (1024K)]
  0x00000274fd286a90 WorkerThread "GC Thread#8"                     [id=35148, stack(0x000000db3cc00000,0x000000db3cd00000) (1024K)]
  0x00000274fb9235e0 WorkerThread "GC Thread#9"                     [id=35200, stack(0x000000db3cd00000,0x000000db3ce00000) (1024K)]
  0x00000274fb922370 WorkerThread "GC Thread#10"                    [id=35204, stack(0x000000db3ce00000,0x000000db3cf00000) (1024K)]
  0x00000274fb9205f0 WorkerThread "GC Thread#11"                    [id=35072, stack(0x000000db3cf00000,0x000000db3d000000) (1024K)]
  0x00000274fb921100 WorkerThread "GC Thread#12"                    [id=35184, stack(0x000000db3d000000,0x000000db3d100000) (1024K)]
  0x00000274fb920d50 WorkerThread "GC Thread#13"                    [id=26992, stack(0x000000db3d100000,0x000000db3d200000) (1024K)]
  0x00000274fb9214b0 WorkerThread "GC Thread#14"                    [id=35052, stack(0x000000db3d200000,0x000000db3d300000) (1024K)]
  0x00000274c8ab2b80 ConcurrentGCThread "G1 Main Marker"            [id=30096, stack(0x000000db3a300000,0x000000db3a400000) (1024K)]
  0x00000274c8ab3440 WorkerThread "G1 Conc#0"                       [id=29516, stack(0x000000db3a400000,0x000000db3a500000) (1024K)]
  0x00000274fb921c10 WorkerThread "G1 Conc#1"                       [id=35180, stack(0x000000db3d300000,0x000000db3d400000) (1024K)]
  0x00000274fb921860 WorkerThread "G1 Conc#2"                       [id=28220, stack(0x000000db3d400000,0x000000db3d500000) (1024K)]
  0x00000274fb921fc0 WorkerThread "G1 Conc#3"                       [id=35172, stack(0x000000db3d500000,0x000000db3d600000) (1024K)]
  0x00000274c8b80dd0 ConcurrentGCThread "G1 Refine#0"               [id=5308, stack(0x000000db3a500000,0x000000db3a600000) (1024K)]
  0x00000274c8b82710 ConcurrentGCThread "G1 Service"                [id=1500, stack(0x000000db3a600000,0x000000db3a700000) (1024K)]
Total: 24

Threads with active compile tasks:
C2 CompilerThread1  49836 13450   !   4       com.google.common.cache.LocalCache$Segment::storeLoadedValue (371 bytes)
C2 CompilerThread2  49836 13304       4       groovy.lang.MetaClassImpl$1MOPIter::methodNameAction (325 bytes)
Total: 2

VM state: not at safepoint (normal execution)

VM Mutex/Monitor currently owned by a thread: None

Heap address: 0x0000000080000000, size: 2048 MB, Compressed Oops mode: 32-bit

CDS archive(s) mapped at: [0x00000274cc000000-0x00000274ccba0000-0x00000274ccba0000), size 12189696, SharedBaseAddress: 0x00000274cc000000, ArchiveRelocationMode: 1.
Compressed class space mapped at: 0x00000274cd000000-0x00000274f4000000, reserved size: 654311424
Narrow klass base: 0x00000274cc000000, Narrow klass shift: 0, Narrow klass range: 0x100000000

GC Precious Log:
 CardTable entry size: 512
 Card Set container configuration: InlinePtr #cards 5 size 8 Array Of Cards #cards 12 size 40 Howl #buckets 4 coarsen threshold 1843 Howl Bitmap #cards 512 size 80 coarsen threshold 460 Card regions per heap region 1 cards per card region 2048
 CPUs: 20 total, 20 available
 Memory: 16002M
 Large Page Support: Disabled
 NUMA Support: Disabled
 Compressed Oops: Enabled (32-bit)
 Heap Region Size: 1M
 Heap Min Capacity: 8M
 Heap Initial Capacity: 252M
 Heap Max Capacity: 2G
 Pre-touch: Disabled
 Parallel Workers: 15
 Concurrent Workers: 4
 Concurrent Refinement Workers: 15
 Periodic GC: Disabled

Heap:
 garbage-first heap   total 204800K, used 159916K [0x0000000080000000, 0x0000000100000000)
  region size 1024K, 46 young (47104K), 7 survivors (7168K)
 Metaspace       used 97334K, committed 99520K, reserved 770048K
  class space    used 13691K, committed 14784K, reserved 638976K

Heap Regions: E=young(eden), S=young(survivor), O=old, HS=humongous(starts), HC=humongous(continues), CS=collection set, F=free, TAMS=top-at-mark-start, PB=parsable bottom
|   0|0x0000000080000000, 0x0000000080100000, 0x0000000080100000|100%|HS|  |TAMS 0x0000000080000000| PB 0x0000000080000000| Complete 
|   1|0x0000000080100000, 0x0000000080200000, 0x0000000080200000|100%|HC|  |TAMS 0x0000000080100000| PB 0x0000000080100000| Complete 
|   2|0x0000000080200000, 0x0000000080300000, 0x0000000080300000|100%|HC|  |TAMS 0x0000000080200000| PB 0x0000000080200000| Complete 
|   3|0x0000000080300000, 0x0000000080400000, 0x0000000080400000|100%| O|  |TAMS 0x0000000080300000| PB 0x0000000080300000| Untracked 
|   4|0x0000000080400000, 0x0000000080500000, 0x0000000080500000|100%| O|  |TAMS 0x0000000080400000| PB 0x0000000080400000| Untracked 
|   5|0x0000000080500000, 0x0000000080600000, 0x0000000080600000|100%| O|  |TAMS 0x0000000080500000| PB 0x0000000080500000| Untracked 
|   6|0x0000000080600000, 0x0000000080700000, 0x0000000080700000|100%|HS|  |TAMS 0x0000000080600000| PB 0x0000000080600000| Complete 
|   7|0x0000000080700000, 0x0000000080800000, 0x0000000080800000|100%| O|  |TAMS 0x0000000080700000| PB 0x0000000080700000| Untracked 
|   8|0x0000000080800000, 0x0000000080900000, 0x0000000080900000|100%| O|  |TAMS 0x0000000080800000| PB 0x0000000080800000| Untracked 
|   9|0x0000000080900000, 0x0000000080a00000, 0x0000000080a00000|100%| O|  |TAMS 0x0000000080900000| PB 0x0000000080900000| Untracked 
|  10|0x0000000080a00000, 0x0000000080b00000, 0x0000000080b00000|100%| O|  |TAMS 0x0000000080a00000| PB 0x0000000080a00000| Untracked 
|  11|0x0000000080b00000, 0x0000000080c00000, 0x0000000080c00000|100%| O|  |TAMS 0x0000000080b00000| PB 0x0000000080b00000| Untracked 
|  12|0x0000000080c00000, 0x0000000080d00000, 0x0000000080d00000|100%| O|  |TAMS 0x0000000080c00000| PB 0x0000000080c00000| Untracked 
|  13|0x0000000080d00000, 0x0000000080e00000, 0x0000000080e00000|100%| O|  |TAMS 0x0000000080d00000| PB 0x0000000080d00000| Untracked 
|  14|0x0000000080e00000, 0x0000000080f00000, 0x0000000080f00000|100%| O|  |TAMS 0x0000000080e00000| PB 0x0000000080e00000| Untracked 
|  15|0x0000000080f00000, 0x0000000081000000, 0x0000000081000000|100%| O|  |TAMS 0x0000000080f00000| PB 0x0000000080f00000| Untracked 
|  16|0x0000000081000000, 0x0000000081100000, 0x0000000081100000|100%| O|  |TAMS 0x0000000081000000| PB 0x0000000081000000| Untracked 
|  17|0x0000000081100000, 0x0000000081200000, 0x0000000081200000|100%| O|  |TAMS 0x0000000081100000| PB 0x0000000081100000| Untracked 
|  18|0x0000000081200000, 0x0000000081300000, 0x0000000081300000|100%| O|  |TAMS 0x0000000081200000| PB 0x0000000081200000| Untracked 
|  19|0x0000000081300000, 0x0000000081400000, 0x0000000081400000|100%| O|  |TAMS 0x0000000081300000| PB 0x0000000081300000| Untracked 
|  20|0x0000000081400000, 0x0000000081500000, 0x0000000081500000|100%| O|  |TAMS 0x0000000081400000| PB 0x0000000081400000| Untracked 
|  21|0x0000000081500000, 0x0000000081600000, 0x0000000081600000|100%| O|  |TAMS 0x0000000081500000| PB 0x0000000081500000| Untracked 
|  22|0x0000000081600000, 0x0000000081700000, 0x0000000081700000|100%| O|  |TAMS 0x0000000081600000| PB 0x0000000081600000| Untracked 
|  23|0x0000000081700000, 0x0000000081800000, 0x0000000081800000|100%| O|  |TAMS 0x0000000081700000| PB 0x0000000081700000| Untracked 
|  24|0x0000000081800000, 0x0000000081900000, 0x0000000081900000|100%| O|  |TAMS 0x0000000081800000| PB 0x0000000081800000| Untracked 
|  25|0x0000000081900000, 0x0000000081a00000, 0x0000000081a00000|100%| O|  |TAMS 0x0000000081900000| PB 0x0000000081900000| Untracked 
|  26|0x0000000081a00000, 0x0000000081b00000, 0x0000000081b00000|100%| O|  |TAMS 0x0000000081a00000| PB 0x0000000081a00000| Untracked 
|  27|0x0000000081b00000, 0x0000000081c00000, 0x0000000081c00000|100%| O|  |TAMS 0x0000000081b00000| PB 0x0000000081b00000| Untracked 
|  28|0x0000000081c00000, 0x0000000081d00000, 0x0000000081d00000|100%| O|  |TAMS 0x0000000081c00000| PB 0x0000000081c00000| Untracked 
|  29|0x0000000081d00000, 0x0000000081e00000, 0x0000000081e00000|100%| O|  |TAMS 0x0000000081d00000| PB 0x0000000081d00000| Untracked 
|  30|0x0000000081e00000, 0x0000000081f00000, 0x0000000081f00000|100%| O|  |TAMS 0x0000000081e00000| PB 0x0000000081e00000| Untracked 
|  31|0x0000000081f00000, 0x0000000082000000, 0x0000000082000000|100%| O|  |TAMS 0x0000000081f00000| PB 0x0000000081f00000| Untracked 
|  32|0x0000000082000000, 0x0000000082100000, 0x0000000082100000|100%| O|  |TAMS 0x0000000082000000| PB 0x0000000082000000| Untracked 
|  33|0x0000000082100000, 0x0000000082200000, 0x0000000082200000|100%| O|  |TAMS 0x0000000082100000| PB 0x0000000082100000| Untracked 
|  34|0x0000000082200000, 0x0000000082300000, 0x0000000082300000|100%| O|  |TAMS 0x0000000082200000| PB 0x0000000082200000| Untracked 
|  35|0x0000000082300000, 0x0000000082400000, 0x0000000082400000|100%|HS|  |TAMS 0x0000000082300000| PB 0x0000000082300000| Complete 
|  36|0x0000000082400000, 0x0000000082500000, 0x0000000082500000|100%|HC|  |TAMS 0x0000000082400000| PB 0x0000000082400000| Complete 
|  37|0x0000000082500000, 0x0000000082600000, 0x0000000082600000|100%|HS|  |TAMS 0x0000000082500000| PB 0x0000000082500000| Complete 
|  38|0x0000000082600000, 0x0000000082700000, 0x0000000082700000|100%|HC|  |TAMS 0x0000000082600000| PB 0x0000000082600000| Complete 
|  39|0x0000000082700000, 0x0000000082800000, 0x0000000082800000|100%|HS|  |TAMS 0x0000000082700000| PB 0x0000000082700000| Complete 
|  40|0x0000000082800000, 0x0000000082900000, 0x0000000082900000|100%|HC|  |TAMS 0x0000000082800000| PB 0x0000000082800000| Complete 
|  41|0x0000000082900000, 0x0000000082a00000, 0x0000000082a00000|100%|HC|  |TAMS 0x0000000082900000| PB 0x0000000082900000| Complete 
|  42|0x0000000082a00000, 0x0000000082b00000, 0x0000000082b00000|100%| O|  |TAMS 0x0000000082a00000| PB 0x0000000082a00000| Untracked 
|  43|0x0000000082b00000, 0x0000000082c00000, 0x0000000082c00000|100%| O|  |TAMS 0x0000000082b00000| PB 0x0000000082b00000| Untracked 
|  44|0x0000000082c00000, 0x0000000082d00000, 0x0000000082d00000|100%| O|  |TAMS 0x0000000082c00000| PB 0x0000000082c00000| Untracked 
|  45|0x0000000082d00000, 0x0000000082e00000, 0x0000000082e00000|100%| O|  |TAMS 0x0000000082d00000| PB 0x0000000082d00000| Untracked 
|  46|0x0000000082e00000, 0x0000000082f00000, 0x0000000082f00000|100%| O|  |TAMS 0x0000000082e00000| PB 0x0000000082e00000| Untracked 
|  47|0x0000000082f00000, 0x0000000083000000, 0x0000000083000000|100%| O|  |TAMS 0x0000000082f00000| PB 0x0000000082f00000| Untracked 
|  48|0x0000000083000000, 0x0000000083100000, 0x0000000083100000|100%| O|  |TAMS 0x0000000083000000| PB 0x0000000083000000| Untracked 
|  49|0x0000000083100000, 0x0000000083200000, 0x0000000083200000|100%| O|  |TAMS 0x0000000083100000| PB 0x0000000083100000| Untracked 
|  50|0x0000000083200000, 0x0000000083300000, 0x0000000083300000|100%| O|  |TAMS 0x0000000083200000| PB 0x0000000083200000| Untracked 
|  51|0x0000000083300000, 0x0000000083400000, 0x0000000083400000|100%| O|  |TAMS 0x0000000083300000| PB 0x0000000083300000| Untracked 
|  52|0x0000000083400000, 0x0000000083500000, 0x0000000083500000|100%| O|  |TAMS 0x0000000083400000| PB 0x0000000083400000| Untracked 
|  53|0x0000000083500000, 0x0000000083600000, 0x0000000083600000|100%| O|  |TAMS 0x0000000083500000| PB 0x0000000083500000| Untracked 
|  54|0x0000000083600000, 0x0000000083700000, 0x0000000083700000|100%|HS|  |TAMS 0x0000000083600000| PB 0x0000000083600000| Complete 
|  55|0x0000000083700000, 0x0000000083800000, 0x0000000083800000|100%|HC|  |TAMS 0x0000000083700000| PB 0x0000000083700000| Complete 
|  56|0x0000000083800000, 0x0000000083900000, 0x0000000083900000|100%|HC|  |TAMS 0x0000000083800000| PB 0x0000000083800000| Complete 
|  57|0x0000000083900000, 0x0000000083a00000, 0x0000000083a00000|100%| O|  |TAMS 0x0000000083900000| PB 0x0000000083900000| Untracked 
|  58|0x0000000083a00000, 0x0000000083b00000, 0x0000000083b00000|100%|HS|  |TAMS 0x0000000083a00000| PB 0x0000000083a00000| Complete 
|  59|0x0000000083b00000, 0x0000000083c00000, 0x0000000083c00000|100%| O|  |TAMS 0x0000000083b00000| PB 0x0000000083b00000| Untracked 
|  60|0x0000000083c00000, 0x0000000083d00000, 0x0000000083d00000|100%| O|  |TAMS 0x0000000083c00000| PB 0x0000000083c00000| Untracked 
|  61|0x0000000083d00000, 0x0000000083e00000, 0x0000000083e00000|100%| O|  |TAMS 0x0000000083d00000| PB 0x0000000083d00000| Untracked 
|  62|0x0000000083e00000, 0x0000000083f00000, 0x0000000083f00000|100%| O|Cm|TAMS 0x0000000083e00000| PB 0x0000000083e00000| Complete 
|  63|0x0000000083f00000, 0x0000000084000000, 0x0000000084000000|100%| O|  |TAMS 0x0000000083f00000| PB 0x0000000083f00000| Untracked 
|  64|0x0000000084000000, 0x0000000084100000, 0x0000000084100000|100%|HS|  |TAMS 0x0000000084000000| PB 0x0000000084000000| Complete 
|  65|0x0000000084100000, 0x0000000084200000, 0x0000000084200000|100%| O|  |TAMS 0x0000000084100000| PB 0x0000000084100000| Untracked 
|  66|0x0000000084200000, 0x0000000084300000, 0x0000000084300000|100%| O|  |TAMS 0x0000000084200000| PB 0x0000000084200000| Untracked 
|  67|0x0000000084300000, 0x0000000084400000, 0x0000000084400000|100%| O|  |TAMS 0x0000000084300000| PB 0x0000000084300000| Untracked 
|  68|0x0000000084400000, 0x0000000084500000, 0x0000000084500000|100%| O|Cm|TAMS 0x0000000084400000| PB 0x0000000084400000| Complete 
|  69|0x0000000084500000, 0x0000000084600000, 0x0000000084600000|100%| O|  |TAMS 0x0000000084500000| PB 0x0000000084500000| Untracked 
|  70|0x0000000084600000, 0x0000000084700000, 0x0000000084700000|100%| O|  |TAMS 0x0000000084600000| PB 0x0000000084600000| Untracked 
|  71|0x0000000084700000, 0x0000000084800000, 0x0000000084800000|100%| O|  |TAMS 0x0000000084700000| PB 0x0000000084700000| Untracked 
|  72|0x0000000084800000, 0x0000000084800000, 0x0000000084900000|  0%| F|  |TAMS 0x0000000084800000| PB 0x0000000084800000| Untracked 
|  73|0x0000000084900000, 0x0000000084a00000, 0x0000000084a00000|100%| O|  |TAMS 0x0000000084900000| PB 0x0000000084900000| Untracked 
|  74|0x0000000084a00000, 0x0000000084b00000, 0x0000000084b00000|100%|HS|  |TAMS 0x0000000084a00000| PB 0x0000000084a00000| Complete 
|  75|0x0000000084b00000, 0x0000000084c00000, 0x0000000084c00000|100%|HS|  |TAMS 0x0000000084b00000| PB 0x0000000084b00000| Complete 
|  76|0x0000000084c00000, 0x0000000084d00000, 0x0000000084d00000|100%|HC|  |TAMS 0x0000000084c00000| PB 0x0000000084c00000| Complete 
|  77|0x0000000084d00000, 0x0000000084e00000, 0x0000000084e00000|100%|HS|  |TAMS 0x0000000084d00000| PB 0x0000000084d00000| Complete 
|  78|0x0000000084e00000, 0x0000000084f00000, 0x0000000084f00000|100%|HS|  |TAMS 0x0000000084e00000| PB 0x0000000084e00000| Complete 
|  79|0x0000000084f00000, 0x0000000085000000, 0x0000000085000000|100%| O|  |TAMS 0x0000000084f00000| PB 0x0000000084f00000| Untracked 
|  80|0x0000000085000000, 0x0000000085100000, 0x0000000085100000|100%|HS|  |TAMS 0x0000000085000000| PB 0x0000000085000000| Complete 
|  81|0x0000000085100000, 0x0000000085200000, 0x0000000085200000|100%|HC|  |TAMS 0x0000000085100000| PB 0x0000000085100000| Complete 
|  82|0x0000000085200000, 0x0000000085300000, 0x0000000085300000|100%|HS|  |TAMS 0x0000000085200000| PB 0x0000000085200000| Complete 
|  83|0x0000000085300000, 0x0000000085400000, 0x0000000085400000|100%|HS|  |TAMS 0x0000000085300000| PB 0x0000000085300000| Complete 
|  84|0x0000000085400000, 0x0000000085500000, 0x0000000085500000|100%| O|  |TAMS 0x0000000085400000| PB 0x0000000085400000| Untracked 
|  85|0x0000000085500000, 0x0000000085600000, 0x0000000085600000|100%| O|Cm|TAMS 0x0000000085500000| PB 0x0000000085500000| Complete 
|  86|0x0000000085600000, 0x0000000085700000, 0x0000000085700000|100%| O|  |TAMS 0x0000000085600000| PB 0x0000000085600000| Untracked 
|  87|0x0000000085700000, 0x0000000085800000, 0x0000000085800000|100%|HS|  |TAMS 0x0000000085700000| PB 0x0000000085700000| Complete 
|  88|0x0000000085800000, 0x0000000085900000, 0x0000000085900000|100%| O|  |TAMS 0x0000000085800000| PB 0x0000000085800000| Untracked 
|  89|0x0000000085900000, 0x0000000085a00000, 0x0000000085a00000|100%| O|  |TAMS 0x0000000085900000| PB 0x0000000085900000| Untracked 
|  90|0x0000000085a00000, 0x0000000085b00000, 0x0000000085b00000|100%| O|  |TAMS 0x0000000085a00000| PB 0x0000000085a00000| Untracked 
|  91|0x0000000085b00000, 0x0000000085c00000, 0x0000000085c00000|100%| O|  |TAMS 0x0000000085b00000| PB 0x0000000085b00000| Untracked 
|  92|0x0000000085c00000, 0x0000000085d00000, 0x0000000085d00000|100%| O|  |TAMS 0x0000000085c00000| PB 0x0000000085c00000| Untracked 
|  93|0x0000000085d00000, 0x0000000085e00000, 0x0000000085e00000|100%| O|  |TAMS 0x0000000085d00000| PB 0x0000000085d00000| Untracked 
|  94|0x0000000085e00000, 0x0000000085f00000, 0x0000000085f00000|100%| O|  |TAMS 0x0000000085e00000| PB 0x0000000085e00000| Untracked 
|  95|0x0000000085f00000, 0x0000000086000000, 0x0000000086000000|100%| O|  |TAMS 0x0000000085f00000| PB 0x0000000085f00000| Untracked 
|  96|0x0000000086000000, 0x0000000086100000, 0x0000000086100000|100%| O|  |TAMS 0x0000000086000000| PB 0x0000000086000000| Untracked 
|  97|0x0000000086100000, 0x0000000086200000, 0x0000000086200000|100%| O|  |TAMS 0x0000000086100000| PB 0x0000000086100000| Untracked 
|  98|0x0000000086200000, 0x0000000086300000, 0x0000000086300000|100%| O|  |TAMS 0x0000000086200000| PB 0x0000000086200000| Untracked 
|  99|0x0000000086300000, 0x0000000086319500, 0x0000000086400000|  9%| O|  |TAMS 0x0000000086300000| PB 0x0000000086300000| Untracked 
| 100|0x0000000086400000, 0x0000000086500000, 0x0000000086500000|100%|HS|  |TAMS 0x0000000086400000| PB 0x0000000086400000| Complete 
| 101|0x0000000086500000, 0x0000000086600000, 0x0000000086600000|100%|HC|  |TAMS 0x0000000086500000| PB 0x0000000086500000| Complete 
| 102|0x0000000086600000, 0x0000000086700000, 0x0000000086700000|100%|HS|  |TAMS 0x0000000086600000| PB 0x0000000086600000| Complete 
| 103|0x0000000086700000, 0x0000000086800000, 0x0000000086800000|100%|HC|  |TAMS 0x0000000086700000| PB 0x0000000086700000| Complete 
| 104|0x0000000086800000, 0x0000000086800000, 0x0000000086900000|  0%| F|  |TAMS 0x0000000086800000| PB 0x0000000086800000| Untracked 
| 105|0x0000000086900000, 0x0000000086900000, 0x0000000086a00000|  0%| F|  |TAMS 0x0000000086900000| PB 0x0000000086900000| Untracked 
| 106|0x0000000086a00000, 0x0000000086a00000, 0x0000000086b00000|  0%| F|  |TAMS 0x0000000086a00000| PB 0x0000000086a00000| Untracked 
| 107|0x0000000086b00000, 0x0000000086b00000, 0x0000000086c00000|  0%| F|  |TAMS 0x0000000086b00000| PB 0x0000000086b00000| Untracked 
| 108|0x0000000086c00000, 0x0000000086c00000, 0x0000000086d00000|  0%| F|  |TAMS 0x0000000086c00000| PB 0x0000000086c00000| Untracked 
| 109|0x0000000086d00000, 0x0000000086d00000, 0x0000000086e00000|  0%| F|  |TAMS 0x0000000086d00000| PB 0x0000000086d00000| Untracked 
| 110|0x0000000086e00000, 0x0000000086e00000, 0x0000000086f00000|  0%| F|  |TAMS 0x0000000086e00000| PB 0x0000000086e00000| Untracked 
| 111|0x0000000086f00000, 0x0000000086f00000, 0x0000000087000000|  0%| F|  |TAMS 0x0000000086f00000| PB 0x0000000086f00000| Untracked 
| 112|0x0000000087000000, 0x0000000087011d80, 0x0000000087100000|  6%| S|CS|TAMS 0x0000000087000000| PB 0x0000000087000000| Complete 
| 113|0x0000000087100000, 0x0000000087200000, 0x0000000087200000|100%| S|CS|TAMS 0x0000000087100000| PB 0x0000000087100000| Complete 
| 114|0x0000000087200000, 0x0000000087300000, 0x0000000087300000|100%| S|CS|TAMS 0x0000000087200000| PB 0x0000000087200000| Complete 
| 115|0x0000000087300000, 0x0000000087400000, 0x0000000087400000|100%| S|CS|TAMS 0x0000000087300000| PB 0x0000000087300000| Complete 
| 116|0x0000000087400000, 0x0000000087500000, 0x0000000087500000|100%| S|CS|TAMS 0x0000000087400000| PB 0x0000000087400000| Complete 
| 117|0x0000000087500000, 0x0000000087500000, 0x0000000087600000|  0%| F|  |TAMS 0x0000000087500000| PB 0x0000000087500000| Untracked 
| 118|0x0000000087600000, 0x0000000087600000, 0x0000000087700000|  0%| F|  |TAMS 0x0000000087600000| PB 0x0000000087600000| Untracked 
| 119|0x0000000087700000, 0x0000000087700000, 0x0000000087800000|  0%| F|  |TAMS 0x0000000087700000| PB 0x0000000087700000| Untracked 
| 120|0x0000000087800000, 0x0000000087900000, 0x0000000087900000|100%| S|CS|TAMS 0x0000000087800000| PB 0x0000000087800000| Complete 
| 121|0x0000000087900000, 0x0000000087a00000, 0x0000000087a00000|100%| S|CS|TAMS 0x0000000087900000| PB 0x0000000087900000| Complete 
| 122|0x0000000087a00000, 0x0000000087a00000, 0x0000000087b00000|  0%| F|  |TAMS 0x0000000087a00000| PB 0x0000000087a00000| Untracked 
| 123|0x0000000087b00000, 0x0000000087b00000, 0x0000000087c00000|  0%| F|  |TAMS 0x0000000087b00000| PB 0x0000000087b00000| Untracked 
| 124|0x0000000087c00000, 0x0000000087c00000, 0x0000000087d00000|  0%| F|  |TAMS 0x0000000087c00000| PB 0x0000000087c00000| Untracked 
| 125|0x0000000087d00000, 0x0000000087d00000, 0x0000000087e00000|  0%| F|  |TAMS 0x0000000087d00000| PB 0x0000000087d00000| Untracked 
| 126|0x0000000087e00000, 0x0000000087e00000, 0x0000000087f00000|  0%| F|  |TAMS 0x0000000087e00000| PB 0x0000000087e00000| Untracked 
| 127|0x0000000087f00000, 0x0000000087f00000, 0x0000000088000000|  0%| F|  |TAMS 0x0000000087f00000| PB 0x0000000087f00000| Untracked 
| 128|0x0000000088000000, 0x0000000088000000, 0x0000000088100000|  0%| F|  |TAMS 0x0000000088000000| PB 0x0000000088000000| Untracked 
| 129|0x0000000088100000, 0x0000000088100000, 0x0000000088200000|  0%| F|  |TAMS 0x0000000088100000| PB 0x0000000088100000| Untracked 
| 130|0x0000000088200000, 0x0000000088200000, 0x0000000088300000|  0%| F|  |TAMS 0x0000000088200000| PB 0x0000000088200000| Untracked 
| 131|0x0000000088300000, 0x0000000088300000, 0x0000000088400000|  0%| F|  |TAMS 0x0000000088300000| PB 0x0000000088300000| Untracked 
| 132|0x0000000088400000, 0x0000000088400000, 0x0000000088500000|  0%| F|  |TAMS 0x0000000088400000| PB 0x0000000088400000| Untracked 
| 133|0x0000000088500000, 0x0000000088500000, 0x0000000088600000|  0%| F|  |TAMS 0x0000000088500000| PB 0x0000000088500000| Untracked 
| 134|0x0000000088600000, 0x0000000088600000, 0x0000000088700000|  0%| F|  |TAMS 0x0000000088600000| PB 0x0000000088600000| Untracked 
| 135|0x0000000088700000, 0x0000000088700000, 0x0000000088800000|  0%| F|  |TAMS 0x0000000088700000| PB 0x0000000088700000| Untracked 
| 136|0x0000000088800000, 0x0000000088800000, 0x0000000088900000|  0%| F|  |TAMS 0x0000000088800000| PB 0x0000000088800000| Untracked 
| 137|0x0000000088900000, 0x0000000088900000, 0x0000000088a00000|  0%| F|  |TAMS 0x0000000088900000| PB 0x0000000088900000| Untracked 
| 138|0x0000000088a00000, 0x0000000088a00000, 0x0000000088b00000|  0%| F|  |TAMS 0x0000000088a00000| PB 0x0000000088a00000| Untracked 
| 139|0x0000000088b00000, 0x0000000088b00000, 0x0000000088c00000|  0%| F|  |TAMS 0x0000000088b00000| PB 0x0000000088b00000| Untracked 
| 140|0x0000000088c00000, 0x0000000088c00000, 0x0000000088d00000|  0%| F|  |TAMS 0x0000000088c00000| PB 0x0000000088c00000| Untracked 
| 141|0x0000000088d00000, 0x0000000088d00000, 0x0000000088e00000|  0%| F|  |TAMS 0x0000000088d00000| PB 0x0000000088d00000| Untracked 
| 142|0x0000000088e00000, 0x0000000088e00000, 0x0000000088f00000|  0%| F|  |TAMS 0x0000000088e00000| PB 0x0000000088e00000| Untracked 
| 143|0x0000000088f00000, 0x0000000088f00000, 0x0000000089000000|  0%| F|  |TAMS 0x0000000088f00000| PB 0x0000000088f00000| Untracked 
| 144|0x0000000089000000, 0x0000000089000000, 0x0000000089100000|  0%| F|  |TAMS 0x0000000089000000| PB 0x0000000089000000| Untracked 
| 145|0x0000000089100000, 0x0000000089100000, 0x0000000089200000|  0%| F|  |TAMS 0x0000000089100000| PB 0x0000000089100000| Untracked 
| 146|0x0000000089200000, 0x0000000089200000, 0x0000000089300000|  0%| F|  |TAMS 0x0000000089200000| PB 0x0000000089200000| Untracked 
| 147|0x0000000089300000, 0x0000000089300000, 0x0000000089400000|  0%| F|  |TAMS 0x0000000089300000| PB 0x0000000089300000| Untracked 
| 148|0x0000000089400000, 0x0000000089400000, 0x0000000089500000|  0%| F|  |TAMS 0x0000000089400000| PB 0x0000000089400000| Untracked 
| 149|0x0000000089500000, 0x0000000089500000, 0x0000000089600000|  0%| F|  |TAMS 0x0000000089500000| PB 0x0000000089500000| Untracked 
| 150|0x0000000089600000, 0x0000000089600000, 0x0000000089700000|  0%| F|  |TAMS 0x0000000089600000| PB 0x0000000089600000| Untracked 
| 151|0x0000000089700000, 0x00000000897dece0, 0x0000000089800000| 87%| E|  |TAMS 0x0000000089700000| PB 0x0000000089700000| Complete 
| 152|0x0000000089800000, 0x0000000089900000, 0x0000000089900000|100%| E|CS|TAMS 0x0000000089800000| PB 0x0000000089800000| Complete 
| 153|0x0000000089900000, 0x0000000089a00000, 0x0000000089a00000|100%| E|CS|TAMS 0x0000000089900000| PB 0x0000000089900000| Complete 
| 154|0x0000000089a00000, 0x0000000089b00000, 0x0000000089b00000|100%| E|CS|TAMS 0x0000000089a00000| PB 0x0000000089a00000| Complete 
| 155|0x0000000089b00000, 0x0000000089c00000, 0x0000000089c00000|100%| E|CS|TAMS 0x0000000089b00000| PB 0x0000000089b00000| Complete 
| 156|0x0000000089c00000, 0x0000000089d00000, 0x0000000089d00000|100%| E|CS|TAMS 0x0000000089c00000| PB 0x0000000089c00000| Complete 
| 157|0x0000000089d00000, 0x0000000089e00000, 0x0000000089e00000|100%| E|CS|TAMS 0x0000000089d00000| PB 0x0000000089d00000| Complete 
| 158|0x0000000089e00000, 0x0000000089f00000, 0x0000000089f00000|100%| E|CS|TAMS 0x0000000089e00000| PB 0x0000000089e00000| Complete 
| 159|0x0000000089f00000, 0x000000008a000000, 0x000000008a000000|100%| E|CS|TAMS 0x0000000089f00000| PB 0x0000000089f00000| Complete 
| 160|0x000000008a000000, 0x000000008a100000, 0x000000008a100000|100%| E|CS|TAMS 0x000000008a000000| PB 0x000000008a000000| Complete 
| 161|0x000000008a100000, 0x000000008a200000, 0x000000008a200000|100%| E|CS|TAMS 0x000000008a100000| PB 0x000000008a100000| Complete 
| 162|0x000000008a200000, 0x000000008a300000, 0x000000008a300000|100%| E|CS|TAMS 0x000000008a200000| PB 0x000000008a200000| Complete 
| 163|0x000000008a300000, 0x000000008a400000, 0x000000008a400000|100%| E|CS|TAMS 0x000000008a300000| PB 0x000000008a300000| Complete 
| 164|0x000000008a400000, 0x000000008a500000, 0x000000008a500000|100%| E|CS|TAMS 0x000000008a400000| PB 0x000000008a400000| Complete 
| 165|0x000000008a500000, 0x000000008a600000, 0x000000008a600000|100%| E|CS|TAMS 0x000000008a500000| PB 0x000000008a500000| Complete 
| 166|0x000000008a600000, 0x000000008a700000, 0x000000008a700000|100%| E|CS|TAMS 0x000000008a600000| PB 0x000000008a600000| Complete 
| 167|0x000000008a700000, 0x000000008a800000, 0x000000008a800000|100%| E|CS|TAMS 0x000000008a700000| PB 0x000000008a700000| Complete 
| 168|0x000000008a800000, 0x000000008a900000, 0x000000008a900000|100%| E|CS|TAMS 0x000000008a800000| PB 0x000000008a800000| Complete 
| 169|0x000000008a900000, 0x000000008aa00000, 0x000000008aa00000|100%| E|CS|TAMS 0x000000008a900000| PB 0x000000008a900000| Complete 
| 170|0x000000008aa00000, 0x000000008ab00000, 0x000000008ab00000|100%| E|CS|TAMS 0x000000008aa00000| PB 0x000000008aa00000| Complete 
| 171|0x000000008ab00000, 0x000000008ac00000, 0x000000008ac00000|100%| E|CS|TAMS 0x000000008ab00000| PB 0x000000008ab00000| Complete 
| 172|0x000000008ac00000, 0x000000008ad00000, 0x000000008ad00000|100%| E|CS|TAMS 0x000000008ac00000| PB 0x000000008ac00000| Complete 
| 173|0x000000008ad00000, 0x000000008ae00000, 0x000000008ae00000|100%| E|CS|TAMS 0x000000008ad00000| PB 0x000000008ad00000| Complete 
| 174|0x000000008ae00000, 0x000000008af00000, 0x000000008af00000|100%| E|CS|TAMS 0x000000008ae00000| PB 0x000000008ae00000| Complete 
| 175|0x000000008af00000, 0x000000008b000000, 0x000000008b000000|100%| E|CS|TAMS 0x000000008af00000| PB 0x000000008af00000| Complete 
| 176|0x000000008b000000, 0x000000008b100000, 0x000000008b100000|100%| E|CS|TAMS 0x000000008b000000| PB 0x000000008b000000| Complete 
| 177|0x000000008b100000, 0x000000008b200000, 0x000000008b200000|100%| E|CS|TAMS 0x000000008b100000| PB 0x000000008b100000| Complete 
| 178|0x000000008b200000, 0x000000008b300000, 0x000000008b300000|100%| E|CS|TAMS 0x000000008b200000| PB 0x000000008b200000| Complete 
| 179|0x000000008b300000, 0x000000008b400000, 0x000000008b400000|100%| E|CS|TAMS 0x000000008b300000| PB 0x000000008b300000| Complete 
| 180|0x000000008b400000, 0x000000008b500000, 0x000000008b500000|100%| E|CS|TAMS 0x000000008b400000| PB 0x000000008b400000| Complete 
| 181|0x000000008b500000, 0x000000008b600000, 0x000000008b600000|100%| E|CS|TAMS 0x000000008b500000| PB 0x000000008b500000| Complete 
| 182|0x000000008b600000, 0x000000008b700000, 0x000000008b700000|100%| E|CS|TAMS 0x000000008b600000| PB 0x000000008b600000| Complete 
| 183|0x000000008b700000, 0x000000008b800000, 0x000000008b800000|100%| E|CS|TAMS 0x000000008b700000| PB 0x000000008b700000| Complete 
| 184|0x000000008b800000, 0x000000008b900000, 0x000000008b900000|100%| E|CS|TAMS 0x000000008b800000| PB 0x000000008b800000| Complete 
| 185|0x000000008b900000, 0x000000008ba00000, 0x000000008ba00000|100%| E|CS|TAMS 0x000000008b900000| PB 0x000000008b900000| Complete 
| 186|0x000000008ba00000, 0x000000008bb00000, 0x000000008bb00000|100%| E|CS|TAMS 0x000000008ba00000| PB 0x000000008ba00000| Complete 
| 187|0x000000008bb00000, 0x000000008bc00000, 0x000000008bc00000|100%| E|CS|TAMS 0x000000008bb00000| PB 0x000000008bb00000| Complete 
| 251|0x000000008fb00000, 0x000000008fc00000, 0x000000008fc00000|100%| E|CS|TAMS 0x000000008fb00000| PB 0x000000008fb00000| Complete 
|2037|0x00000000ff500000, 0x00000000ff600000, 0x00000000ff600000|100%| E|CS|TAMS 0x00000000ff500000| PB 0x00000000ff500000| Complete 
|2038|0x00000000ff600000, 0x00000000ff700000, 0x00000000ff700000|100%| O|  |TAMS 0x00000000ff600000| PB 0x00000000ff600000| Untracked 
|2039|0x00000000ff700000, 0x00000000ff800000, 0x00000000ff800000|100%| O|  |TAMS 0x00000000ff700000| PB 0x00000000ff700000| Untracked 
|2040|0x00000000ff800000, 0x00000000ff900000, 0x00000000ff900000|100%| O|  |TAMS 0x00000000ff800000| PB 0x00000000ff800000| Untracked 
|2041|0x00000000ff900000, 0x00000000ffa00000, 0x00000000ffa00000|100%| O|  |TAMS 0x00000000ff900000| PB 0x00000000ff900000| Untracked 
|2042|0x00000000ffa00000, 0x00000000ffb00000, 0x00000000ffb00000|100%| O|  |TAMS 0x00000000ffa00000| PB 0x00000000ffa00000| Untracked 
|2043|0x00000000ffb00000, 0x00000000ffc00000, 0x00000000ffc00000|100%| O|  |TAMS 0x00000000ffb00000| PB 0x00000000ffb00000| Untracked 
|2044|0x00000000ffc00000, 0x00000000ffd00000, 0x00000000ffd00000|100%| O|  |TAMS 0x00000000ffc00000| PB 0x00000000ffc00000| Untracked 
|2045|0x00000000ffd00000, 0x00000000ffe00000, 0x00000000ffe00000|100%| O|  |TAMS 0x00000000ffd00000| PB 0x00000000ffd00000| Untracked 
|2046|0x00000000ffe00000, 0x00000000fff00000, 0x00000000fff00000|100%| O|  |TAMS 0x00000000ffe00000| PB 0x00000000ffe00000| Untracked 
|2047|0x00000000fff00000, 0x0000000100000000, 0x0000000100000000|100%| O|  |TAMS 0x00000000fff00000| PB 0x00000000fff00000| Untracked 

Card table byte_map: [0x00000274c6560000,0x00000274c6960000] _byte_map_base: 0x00000274c6160000

Marking Bits: (CMBitMap*) 0x00000274b250b9b0
 Bits: [0x00000274c6960000, 0x00000274c8960000)

Polling page: 0x00000274aff90000

Metaspace:

Usage:
  Non-class:     81.68 MB used.
      Class:     13.37 MB used.
       Both:     95.05 MB used.

Virtual space:
  Non-class space:      128.00 MB reserved,      82.75 MB ( 65%) committed,  2 nodes.
      Class space:      624.00 MB reserved,      14.44 MB (  2%) committed,  1 nodes.
             Both:      752.00 MB reserved,      97.19 MB ( 13%) committed. 

Chunk freelists:
   Non-Class:  13.20 MB
       Class:  1.55 MB
        Both:  14.75 MB

MaxMetaspaceSize: 768.00 MB
CompressedClassSpaceSize: 624.00 MB
Initial GC threshold: 21.00 MB
Current GC threshold: 160.44 MB
CDS: on
 - commit_granule_bytes: 65536.
 - commit_granule_words: 8192.
 - virtual_space_node_default_size: 8388608.
 - enlarge_chunks_in_place: 1.
 - use_allocation_guard: 0.


Internal statistics:

num_allocs_failed_limit: 9.
num_arena_births: 4078.
num_arena_deaths: 0.
num_vsnodes_births: 3.
num_vsnodes_deaths: 0.
num_space_committed: 1555.
num_space_uncommitted: 0.
num_chunks_returned_to_freelist: 9.
num_chunks_taken_from_freelist: 8556.
num_chunk_merges: 9.
num_chunk_splits: 5536.
num_chunks_enlarged: 3393.
num_inconsistent_stats: 0.

CodeHeap 'non-profiled nmethods': size=127360Kb used=6489Kb max_used=6634Kb free=120870Kb
 bounds [0x00000274bda40000, 0x00000274be0c0000, 0x00000274c56a0000]
CodeHeap 'profiled nmethods': size=127296Kb used=21695Kb max_used=21695Kb free=105601Kb
 bounds [0x00000274b56a0000, 0x00000274b6be0000, 0x00000274bd2f0000]
CodeHeap 'non-nmethods': size=7488Kb used=4446Kb max_used=4470Kb free=3041Kb
 bounds [0x00000274bd2f0000, 0x00000274bd760000, 0x00000274bda40000]
CodeCache: size=262144Kb, used=32630Kb, max_used=32799Kb, free=229512Kb
 total_blobs=12337, nmethods=11325, adapters=913, full_count=0
Compilation: enabled, stopped_count=0, restarted_count=0

Compilation events (20 events):
Event: 49.603 Thread 0x00000274f40a7070 nmethod 13428 0x00000274bdf3fb10 code [0x00000274bdf3fca0, 0x00000274bdf40018]
Event: 49.603 Thread 0x00000274f40a7070 13410       4       kotlin.reflect.jvm.internal.impl.metadata.jvm.JvmProtoBuf$JvmMethodSignature::getDefaultInstance (4 bytes)
Event: 49.603 Thread 0x00000274f40a7070 nmethod 13410 0x00000274bdf5b190 code [0x00000274bdf5b320, 0x00000274bdf5b390]
Event: 49.603 Thread 0x00000274f40a7070 13305       4       java.lang.Integer::parseInt (7 bytes)
Event: 49.614 Thread 0x00000274f40a7070 nmethod 13305 0x00000274bdd83c90 code [0x00000274bdd83e60, 0x00000274bdd841b8]
Event: 49.614 Thread 0x00000274f40a7070 13407       4       kotlin.reflect.jvm.internal.impl.protobuf.CodedOutputStream::writeRawByte (43 bytes)
Event: 49.616 Thread 0x00000274f40a7070 nmethod 13407 0x00000274bdd83890 code [0x00000274bdd83a20, 0x00000274bdd83b30]
Event: 49.616 Thread 0x00000274f40a7070 13318       4       sun.reflect.generics.reflectiveObjects.ParameterizedTypeImpl::getRawType (5 bytes)
Event: 49.617 Thread 0x00000274f40a7070 nmethod 13318 0x00000274bdf3f710 code [0x00000274bdf3f8a0, 0x00000274bdf3f930]
Event: 49.617 Thread 0x00000274f40a7070 13251       4       sun.reflect.generics.reflectiveObjects.ParameterizedTypeImpl::getActualTypeArguments (11 bytes)
Event: 49.621 Thread 0x00000274f40a7070 nmethod 13251 0x00000274bdbb1590 code [0x00000274bdbb1720, 0x00000274bdbb1938]
Event: 49.631 Thread 0x00000274f40a7070 13446       4       java.io.BufferedInputStream::fill (204 bytes)
Event: 49.649 Thread 0x00000274f40a7070 nmethod 13446 0x00000274bdf7ff90 code [0x00000274bdf801a0, 0x00000274bdf80b30]
Event: 49.661 Thread 0x00000274809fdb60 nmethod 13301 0x00000274bdb71e90 code [0x00000274bdb72220, 0x00000274bdb74b80]
Event: 49.690 Thread 0x00000274809fdb60 13447       4       java.util.concurrent.FutureTask::report (37 bytes)
Event: 49.691 Thread 0x00000274809fdb60 nmethod 13447 0x00000274bdb71b90 code [0x00000274bdb71d20, 0x00000274bdb71dd0]
Event: 49.742 Thread 0x00000274f40a7070 13448       4       com.google.common.cache.AbstractCache$SimpleStatsCounter::recordLoadSuccess (20 bytes)
Event: 49.742 Thread 0x00000274809fdb60 13449       4       com.google.common.cache.AbstractCache$SimpleStatsCounter::recordMisses (12 bytes)
Event: 49.748 Thread 0x00000274809fdb60 nmethod 13449 0x00000274bdb71790 code [0x00000274bdb71920, 0x00000274bdb71a48]
Event: 49.752 Thread 0x00000274f40a7070 nmethod 13448 0x00000274bdb71190 code [0x00000274bdb71340, 0x00000274bdb71528]

GC Heap History (20 events):
Event: 20.444 GC heap before
{Heap before GC invocations=21 (full 0):
 garbage-first heap   total 130048K, used 114380K [0x0000000080000000, 0x0000000100000000)
  region size 1024K, 40 young (40960K), 6 survivors (6144K)
 Metaspace       used 79119K, committed 81216K, reserved 770048K
  class space    used 11426K, committed 12480K, reserved 638976K
}
Event: 20.447 GC heap after
{Heap after GC invocations=22 (full 0):
 garbage-first heap   total 130048K, used 81847K [0x0000000080000000, 0x0000000100000000)
  region size 1024K, 4 young (4096K), 4 survivors (4096K)
 Metaspace       used 79119K, committed 81216K, reserved 770048K
  class space    used 11426K, committed 12480K, reserved 638976K
}
Event: 21.930 GC heap before
{Heap before GC invocations=23 (full 0):
 garbage-first heap   total 138240K, used 115639K [0x0000000080000000, 0x0000000100000000)
  region size 1024K, 38 young (38912K), 4 survivors (4096K)
 Metaspace       used 79126K, committed 81216K, reserved 770048K
  class space    used 11426K, committed 12480K, reserved 638976K
}
Event: 21.932 GC heap after
{Heap after GC invocations=24 (full 0):
 garbage-first heap   total 138240K, used 83145K [0x0000000080000000, 0x0000000100000000)
  region size 1024K, 4 young (4096K), 4 survivors (4096K)
 Metaspace       used 79126K, committed 81216K, reserved 770048K
  class space    used 11426K, committed 12480K, reserved 638976K
}
Event: 23.710 GC heap before
{Heap before GC invocations=24 (full 0):
 garbage-first heap   total 138240K, used 123081K [0x0000000080000000, 0x0000000100000000)
  region size 1024K, 44 young (45056K), 4 survivors (4096K)
 Metaspace       used 79130K, committed 81216K, reserved 770048K
  class space    used 11426K, committed 12480K, reserved 638976K
}
Event: 23.713 GC heap after
{Heap after GC invocations=25 (full 0):
 garbage-first heap   total 138240K, used 83034K [0x0000000080000000, 0x0000000100000000)
  region size 1024K, 4 young (4096K), 4 survivors (4096K)
 Metaspace       used 79130K, committed 81216K, reserved 770048K
  class space    used 11426K, committed 12480K, reserved 638976K
}
Event: 24.997 GC heap before
{Heap before GC invocations=25 (full 0):
 garbage-first heap   total 138240K, used 118874K [0x0000000080000000, 0x0000000100000000)
  region size 1024K, 40 young (40960K), 4 survivors (4096K)
 Metaspace       used 79970K, committed 82048K, reserved 770048K
  class space    used 11525K, committed 12544K, reserved 638976K
}
Event: 24.999 GC heap after
{Heap after GC invocations=26 (full 0):
 garbage-first heap   total 138240K, used 84667K [0x0000000080000000, 0x0000000100000000)
  region size 1024K, 5 young (5120K), 5 survivors (5120K)
 Metaspace       used 79970K, committed 82048K, reserved 770048K
  class space    used 11525K, committed 12544K, reserved 638976K
}
Event: 42.029 GC heap before
{Heap before GC invocations=27 (full 0):
 garbage-first heap   total 145408K, used 134843K [0x0000000080000000, 0x0000000100000000)
  region size 1024K, 44 young (45056K), 5 survivors (5120K)
 Metaspace       used 81543K, committed 83712K, reserved 770048K
  class space    used 11722K, committed 12800K, reserved 638976K
}
Event: 42.044 GC heap after
{Heap after GC invocations=28 (full 0):
 garbage-first heap   total 181248K, used 103949K [0x0000000080000000, 0x0000000100000000)
  region size 1024K, 6 young (6144K), 6 survivors (6144K)
 Metaspace       used 81543K, committed 83712K, reserved 770048K
  class space    used 11722K, committed 12800K, reserved 638976K
}
Event: 43.684 GC heap before
{Heap before GC invocations=28 (full 0):
 garbage-first heap   total 181248K, used 152077K [0x0000000080000000, 0x0000000100000000)
  region size 1024K, 54 young (55296K), 6 survivors (6144K)
 Metaspace       used 85799K, committed 87936K, reserved 770048K
  class space    used 12217K, committed 13312K, reserved 638976K
}
Event: 43.696 GC heap after
{Heap after GC invocations=29 (full 0):
 garbage-first heap   total 181248K, used 105047K [0x0000000080000000, 0x0000000100000000)
  region size 1024K, 3 young (3072K), 3 survivors (3072K)
 Metaspace       used 85799K, committed 87936K, reserved 770048K
  class space    used 12217K, committed 13312K, reserved 638976K
}
Event: 43.838 GC heap before
{Heap before GC invocations=29 (full 0):
 garbage-first heap   total 181248K, used 107095K [0x0000000080000000, 0x0000000100000000)
  region size 1024K, 7 young (7168K), 3 survivors (3072K)
 Metaspace       used 85958K, committed 88064K, reserved 770048K
  class space    used 12235K, committed 13312K, reserved 638976K
}
Event: 43.845 GC heap after
{Heap after GC invocations=30 (full 0):
 garbage-first heap   total 181248K, used 105912K [0x0000000080000000, 0x0000000100000000)
  region size 1024K, 3 young (3072K), 3 survivors (3072K)
 Metaspace       used 85958K, committed 88064K, reserved 770048K
  class space    used 12235K, committed 13312K, reserved 638976K
}
Event: 45.163 GC heap before
{Heap before GC invocations=31 (full 0):
 garbage-first heap   total 184320K, used 161208K [0x0000000080000000, 0x0000000100000000)
  region size 1024K, 52 young (53248K), 3 survivors (3072K)
 Metaspace       used 88805K, committed 90944K, reserved 770048K
  class space    used 12613K, committed 13696K, reserved 638976K
}
Event: 45.173 GC heap after
{Heap after GC invocations=32 (full 0):
 garbage-first heap   total 184320K, used 111165K [0x0000000080000000, 0x0000000100000000)
  region size 1024K, 7 young (7168K), 7 survivors (7168K)
 Metaspace       used 88805K, committed 90944K, reserved 770048K
  class space    used 12613K, committed 13696K, reserved 638976K
}
Event: 46.933 GC heap before
{Heap before GC invocations=32 (full 0):
 garbage-first heap   total 184320K, used 161341K [0x0000000080000000, 0x0000000100000000)
  region size 1024K, 56 young (57344K), 7 survivors (7168K)
 Metaspace       used 92791K, committed 94976K, reserved 770048K
  class space    used 13145K, committed 14208K, reserved 638976K
}
Event: 46.944 GC heap after
{Heap after GC invocations=33 (full 0):
 garbage-first heap   total 184320K, used 112126K [0x0000000080000000, 0x0000000100000000)
  region size 1024K, 3 young (3072K), 3 survivors (3072K)
 Metaspace       used 92791K, committed 94976K, reserved 770048K
  class space    used 13145K, committed 14208K, reserved 638976K
}
Event: 48.664 GC heap before
{Heap before GC invocations=33 (full 0):
 garbage-first heap   total 184320K, used 159230K [0x0000000080000000, 0x0000000100000000)
  region size 1024K, 51 young (52224K), 3 survivors (3072K)
 Metaspace       used 95703K, committed 97920K, reserved 770048K
  class space    used 13554K, committed 14656K, reserved 638976K
}
Event: 48.677 GC heap after
{Heap after GC invocations=34 (full 0):
 garbage-first heap   total 184320K, used 115884K [0x0000000080000000, 0x0000000100000000)
  region size 1024K, 7 young (7168K), 7 survivors (7168K)
 Metaspace       used 95703K, committed 97920K, reserved 770048K
  class space    used 13554K, committed 14656K, reserved 638976K
}

Dll operation events (14 events):
Event: 0.021 Loaded shared library C:\Users\danuk\.vscode\extensions\redhat.java-1.53.0-win32-x64\jre\21.0.10-win32-x86_64\bin\java.dll
Event: 0.050 Loaded shared library C:\Users\danuk\.vscode\extensions\redhat.java-1.53.0-win32-x64\jre\21.0.10-win32-x86_64\bin\zip.dll
Event: 0.061 Loaded shared library C:\Users\danuk\.vscode\extensions\redhat.java-1.53.0-win32-x64\jre\21.0.10-win32-x86_64\bin\instrument.dll
Event: 0.064 Loaded shared library C:\Users\danuk\.vscode\extensions\redhat.java-1.53.0-win32-x64\jre\21.0.10-win32-x86_64\bin\net.dll
Event: 0.065 Loaded shared library C:\Users\danuk\.vscode\extensions\redhat.java-1.53.0-win32-x64\jre\21.0.10-win32-x86_64\bin\nio.dll
Event: 0.066 Loaded shared library C:\Users\danuk\.vscode\extensions\redhat.java-1.53.0-win32-x64\jre\21.0.10-win32-x86_64\bin\zip.dll
Event: 0.189 Loaded shared library C:\Users\danuk\.vscode\extensions\redhat.java-1.53.0-win32-x64\jre\21.0.10-win32-x86_64\bin\jimage.dll
Event: 0.268 Loaded shared library C:\Users\danuk\.vscode\extensions\redhat.java-1.53.0-win32-x64\jre\21.0.10-win32-x86_64\bin\verify.dll
Event: 0.341 Loaded shared library C:\Users\danuk\.gradle\native\1def1411415f61bf3af743bc5b6707747c0891f09f0c88961ee8f79bc544acac\windows-amd64\native-platform.dll
Event: 0.452 Loaded shared library C:\Users\danuk\.gradle\native\0.2.7\x86_64-windows-gnu\gradle-fileevents.dll
Event: 0.957 Loaded shared library C:\Users\danuk\.vscode\extensions\redhat.java-1.53.0-win32-x64\jre\21.0.10-win32-x86_64\bin\management.dll
Event: 0.959 Loaded shared library C:\Users\danuk\.vscode\extensions\redhat.java-1.53.0-win32-x64\jre\21.0.10-win32-x86_64\bin\management_ext.dll
Event: 1.046 Loaded shared library C:\Users\danuk\.vscode\extensions\redhat.java-1.53.0-win32-x64\jre\21.0.10-win32-x86_64\bin\extnet.dll
Event: 1.178 Loaded shared library C:\Users\danuk\.vscode\extensions\redhat.java-1.53.0-win32-x64\jre\21.0.10-win32-x86_64\bin\sunmscapi.dll

Deoptimization events (20 events):
Event: 48.641 Thread 0x00000274fa2ea2e0 Uncommon trap: trap_request=0xffffffc6 fr.pc=0x00000274be0a381c relative=0x0000000000000a5c
Event: 48.641 Thread 0x00000274fa2ea2e0 Uncommon trap: reason=bimorphic_or_optimized_type_check action=maybe_recompile pc=0x00000274be0a381c method=java.util.Arrays.binarySearch0([Ljava/lang/Object;IILjava/lang/Object;Ljava/util/Comparator;)I @ 48 c2
Event: 48.641 Thread 0x00000274fa2ea2e0 DEOPT PACKING pc=0x00000274be0a381c sp=0x000000db3c5f5680
Event: 48.641 Thread 0x00000274fa2ea2e0 DEOPT UNPACKING pc=0x00000274bd344422 sp=0x000000db3c5f55b0 mode 2
Event: 48.641 Thread 0x00000274fa2ea2e0 Uncommon trap: trap_request=0xffffffc6 fr.pc=0x00000274be0a0c80 relative=0x00000000000005e0
Event: 48.642 Thread 0x00000274fa2ea2e0 Uncommon trap: reason=bimorphic_or_optimized_type_check action=maybe_recompile pc=0x00000274be0a0c80 method=java.util.Arrays.binarySearch0([Ljava/lang/Object;IILjava/lang/Object;Ljava/util/Comparator;)I @ 48 c2
Event: 48.642 Thread 0x00000274fa2ea2e0 DEOPT PACKING pc=0x00000274be0a0c80 sp=0x000000db3c5f5600
Event: 48.642 Thread 0x00000274fa2ea2e0 DEOPT UNPACKING pc=0x00000274bd344422 sp=0x000000db3c5f55a8 mode 2
Event: 48.976 Thread 0x00000274fa2ea2e0 Uncommon trap: trap_request=0xffffff45 fr.pc=0x00000274bdcea628 relative=0x0000000000005ac8
Event: 48.976 Thread 0x00000274fa2ea2e0 Uncommon trap: reason=unstable_if action=reinterpret pc=0x00000274bdcea628 method=java.lang.ClassLoader.getClassLoadingLock(Ljava/lang/String;)Ljava/lang/Object; @ 6 c2
Event: 48.976 Thread 0x00000274fa2ea2e0 DEOPT PACKING pc=0x00000274bdcea628 sp=0x000000db3c5f1810
Event: 48.976 Thread 0x00000274fa2ea2e0 DEOPT UNPACKING pc=0x00000274bd344422 sp=0x000000db3c5f1810 mode 2
Event: 48.977 Thread 0x00000274fa2ea2e0 Uncommon trap: trap_request=0xffffff45 fr.pc=0x00000274bdb67418 relative=0x00000000000000f8
Event: 48.977 Thread 0x00000274fa2ea2e0 Uncommon trap: reason=unstable_if action=reinterpret pc=0x00000274bdb67418 method=java.lang.ClassLoader.getClassLoadingLock(Ljava/lang/String;)Ljava/lang/Object; @ 6 c2
Event: 48.977 Thread 0x00000274fa2ea2e0 DEOPT PACKING pc=0x00000274bdb67418 sp=0x000000db3c5f1880
Event: 48.977 Thread 0x00000274fa2ea2e0 DEOPT UNPACKING pc=0x00000274bd344422 sp=0x000000db3c5f1810 mode 2
Event: 49.056 Thread 0x00000274fa2ea2e0 Uncommon trap: trap_request=0xffffff45 fr.pc=0x00000274bdb9a9ec relative=0x000000000000046c
Event: 49.056 Thread 0x00000274fa2ea2e0 Uncommon trap: reason=unstable_if action=reinterpret pc=0x00000274bdb9a9ec method=java.util.StringJoiner.add(Ljava/lang/CharSequence;)Ljava/util/StringJoiner; @ 33 c2
Event: 49.056 Thread 0x00000274fa2ea2e0 DEOPT PACKING pc=0x00000274bdb9a9ec sp=0x000000db3c5f51b0
Event: 49.056 Thread 0x00000274fa2ea2e0 DEOPT UNPACKING pc=0x00000274bd344422 sp=0x000000db3c5f5160 mode 2

Classes loaded (20 events):
Event: 49.043 Loading class java/util/AbstractListBeanInfo
Event: 49.043 Loading class java/util/AbstractListBeanInfo done
Event: 49.043 Loading class java/util/AbstractCollectionBeanInfo
Event: 49.043 Loading class java/util/AbstractCollectionBeanInfo done
Event: 49.045 Loading class java/util/AbstractCollectionBeanInfo
Event: 49.045 Loading class java/util/AbstractCollectionBeanInfo done
Event: 49.045 Loading class java/util/AbstractCollectionCustomizer
Event: 49.045 Loading class java/util/AbstractCollectionCustomizer done
Event: 49.046 Loading class java/util/AbstractCollectionCustomizer
Event: 49.046 Loading class java/util/AbstractCollectionCustomizer done
Event: 49.048 Loading class sun/reflect/generics/reflectiveObjects/GenericArrayTypeImpl
Event: 49.048 Loading class sun/reflect/generics/reflectiveObjects/GenericArrayTypeImpl done
Event: 49.049 Loading class java/util/AbstractListCustomizer
Event: 49.049 Loading class java/util/AbstractListCustomizer done
Event: 49.050 Loading class java/util/AbstractListCustomizer
Event: 49.050 Loading class java/util/AbstractListCustomizer done
Event: 49.060 Loading class java/util/ArrayListCustomizer
Event: 49.060 Loading class java/util/ArrayListCustomizer done
Event: 49.061 Loading class java/util/ArrayListCustomizer
Event: 49.061 Loading class java/util/ArrayListCustomizer done

Classes unloaded (0 events):
No events

Classes redefined (0 events):
No events

Internal exceptions (20 events):
Event: 49.103 Thread 0x00000274fa2ea2e0 Exception <a 'java/lang/ClassNotFoundException'{0x000000008b4bd638}: org/gradle/api/internal/DefaultDomainObjectSetBeanInfo> (0x000000008b4bd638) 
thrown [s\src\hotspot\share\classfile\systemDictionary.cpp, line 312]
Event: 49.106 Thread 0x00000274fa2ea2e0 Exception <a 'java/lang/ClassNotFoundException'{0x000000008b4d6a68}: org/gradle/api/internal/DefaultDomainObjectCollectionBeanInfo> (0x000000008b4d6a68) 
thrown [s\src\hotspot\share\classfile\systemDictionary.cpp, line 312]
Event: 49.108 Thread 0x00000274fa2ea2e0 Exception <a 'java/lang/ClassNotFoundException'{0x000000008b4ef8e0}: org/gradle/api/internal/DefaultDomainObjectCollectionCustomizer> (0x000000008b4ef8e0) 
thrown [s\src\hotspot\share\classfile\systemDictionary.cpp, line 312]
Event: 49.116 Thread 0x00000274fa2ea2e0 Exception <a 'java/lang/ClassNotFoundException'{0x000000008b3406b8}: org/gradle/api/internal/DefaultDomainObjectSetCustomizer> (0x000000008b3406b8) 
thrown [s\src\hotspot\share\classfile\systemDictionary.cpp, line 312]
Event: 49.125 Thread 0x00000274fa2ea2e0 Exception <a 'java/lang/ClassNotFoundException'{0x000000008b3a0940}: org/gradle/api/internal/plugins/DefaultPluginCollectionCustomizer> (0x000000008b3a0940) 
thrown [s\src\hotspot\share\classfile\systemDictionary.cpp, line 312]
Event: 49.139 Thread 0x00000274fa2ea2e0 Exception <a 'java/lang/ClassNotFoundException'{0x000000008b22a8b8}: org/gradle/api/internal/plugins/DefaultPluginContainerCustomizer> (0x000000008b22a8b8) 
thrown [s\src\hotspot\share\classfile\systemDictionary.cpp, line 312]
Event: 49.283 Thread 0x00000274fa2ea2e0 Exception <a 'java/lang/ClassNotFoundException'{0x000000008ad08d60}: com/android/build/gradle/internal/dsl/BaseAppModuleExtension_DecoratedBeanInfo> (0x000000008ad08d60) 
thrown [s\src\hotspot\share\classfile\systemDictionary.cpp, line 312]
Event: 49.284 Thread 0x00000274fa2ea2e0 Exception <a 'java/lang/ClassNotFoundException'{0x000000008ad17860}: com/android/build/gradle/internal/dsl/BaseAppModuleExtensionBeanInfo> (0x000000008ad17860) 
thrown [s\src\hotspot\share\classfile\systemDictionary.cpp, line 312]
Event: 49.285 Thread 0x00000274fa2ea2e0 Exception <a 'java/lang/ClassNotFoundException'{0x000000008ad25ec0}: com/android/build/gradle/AppExtensionBeanInfo> (0x000000008ad25ec0) 
thrown [s\src\hotspot\share\classfile\systemDictionary.cpp, line 312]
Event: 49.287 Thread 0x00000274fa2ea2e0 Exception <a 'java/lang/ClassNotFoundException'{0x000000008ad346a0}: com/android/build/gradle/AbstractAppExtensionBeanInfo> (0x000000008ad346a0) 
thrown [s\src\hotspot\share\classfile\systemDictionary.cpp, line 312]
Event: 49.288 Thread 0x00000274fa2ea2e0 Exception <a 'java/lang/ClassNotFoundException'{0x000000008ad42e38}: com/android/build/gradle/TestedExtensionBeanInfo> (0x000000008ad42e38) 
thrown [s\src\hotspot\share\classfile\systemDictionary.cpp, line 312]
Event: 49.289 Thread 0x00000274fa2ea2e0 Exception <a 'java/lang/ClassNotFoundException'{0x000000008ad514c8}: com/android/build/gradle/BaseExtensionBeanInfo> (0x000000008ad514c8) 
thrown [s\src\hotspot\share\classfile\systemDictionary.cpp, line 312]
Event: 49.290 Thread 0x00000274fa2ea2e0 Exception <a 'java/lang/ClassNotFoundException'{0x000000008ad5fc28}: com/android/build/gradle/BaseExtensionCustomizer> (0x000000008ad5fc28) 
thrown [s\src\hotspot\share\classfile\systemDictionary.cpp, line 312]
Event: 49.302 Thread 0x00000274fa2ea2e0 Exception <a 'java/lang/ClassNotFoundException'{0x000000008adc77e8}: com/android/build/gradle/TestedExtensionCustomizer> (0x000000008adc77e8) 
thrown [s\src\hotspot\share\classfile\systemDictionary.cpp, line 312]
Event: 49.306 Thread 0x00000274fa2ea2e0 Exception <a 'java/lang/ClassNotFoundException'{0x000000008adf2298}: com/android/build/gradle/AbstractAppExtensionCustomizer> (0x000000008adf2298) 
thrown [s\src\hotspot\share\classfile\systemDictionary.cpp, line 312]
Event: 49.309 Thread 0x00000274fa2ea2e0 Exception <a 'java/lang/ClassNotFoundException'{0x000000008ac174b8}: com/android/build/gradle/AppExtensionCustomizer> (0x000000008ac174b8) 
thrown [s\src\hotspot\share\classfile\systemDictionary.cpp, line 312]
Event: 49.315 Thread 0x00000274fa2ea2e0 Exception <a 'java/lang/ClassNotFoundException'{0x000000008ac3ad80}: com/android/build/gradle/internal/dsl/BaseAppModuleExtensionCustomizer> (0x000000008ac3ad80) 
thrown [s\src\hotspot\share\classfile\systemDictionary.cpp, line 312]
Event: 49.329 Thread 0x00000274fa2ea2e0 Exception <a 'java/lang/ClassNotFoundException'{0x000000008ab363d8}: com/android/build/gradle/internal/dsl/BaseAppModuleExtension_DecoratedCustomizer> (0x000000008ab363d8) 
thrown [s\src\hotspot\share\classfile\systemDictionary.cpp, line 312]
Event: 49.371 Thread 0x00000274fa2ea2e0 Exception <a 'java/lang/ClassNotFoundException'{0x000000008a9a2050}: org/gradle/api/internal/DefaultDomainObjectSet_DecoratedBeanInfo> (0x000000008a9a2050) 
thrown [s\src\hotspot\share\classfile\systemDictionary.cpp, line 312]
Event: 49.374 Thread 0x00000274fa2ea2e0 Exception <a 'java/lang/ClassNotFoundException'{0x000000008a9bac60}: org/gradle/api/internal/DefaultDomainObjectSet_DecoratedCustomizer> (0x000000008a9bac60) 
thrown [s\src\hotspot\share\classfile\systemDictionary.cpp, line 312]

ZGC Phase Switch (0 events):
No events

VM Operations (20 events):
Event: 44.969 Executing safepoint VM operation: Cleanup
Event: 44.969 Executing safepoint VM operation: Cleanup done
Event: 45.163 Executing safepoint VM operation: G1CollectForAllocation (G1 Evacuation Pause)
Event: 45.173 Executing safepoint VM operation: G1CollectForAllocation (G1 Evacuation Pause) done
Event: 46.173 Executing safepoint VM operation: Cleanup
Event: 46.174 Executing safepoint VM operation: Cleanup done
Event: 46.933 Executing safepoint VM operation: G1CollectForAllocation (G1 Evacuation Pause)
Event: 46.945 Executing safepoint VM operation: G1CollectForAllocation (G1 Evacuation Pause) done
Event: 47.947 Executing safepoint VM operation: Cleanup
Event: 47.947 Executing safepoint VM operation: Cleanup done
Event: 48.586 Executing non-safepoint VM operation: HandshakeAllThreads (Deoptimize)
Event: 48.586 Executing non-safepoint VM operation: HandshakeAllThreads (Deoptimize) done
Event: 48.664 Executing safepoint VM operation: G1TryInitiateConcMark (G1 Humongous Allocation)
Event: 48.677 Executing safepoint VM operation: G1TryInitiateConcMark (G1 Humongous Allocation) done
Event: 48.762 Executing safepoint VM operation: G1PauseRemark
Event: 48.780 Executing safepoint VM operation: G1PauseRemark done
Event: 48.826 Executing safepoint VM operation: G1PauseCleanup
Event: 48.826 Executing safepoint VM operation: G1PauseCleanup done
Event: 49.023 Executing non-safepoint VM operation: HandshakeAllThreads (Deoptimize)
Event: 49.023 Executing non-safepoint VM operation: HandshakeAllThreads (Deoptimize) done

Memory protections (0 events):
No events

Nmethod flushes (20 events):
Event: 48.777 Thread 0x00000274c8c3eb30 flushing  nmethod 0x00000274b659c110
Event: 48.777 Thread 0x00000274c8c3eb30 flushing  nmethod 0x00000274b5a3a690
Event: 48.777 Thread 0x00000274c8c3eb30 flushing  nmethod 0x00000274b5aba110
Event: 48.777 Thread 0x00000274c8c3eb30 flushing  nmethod 0x00000274b61d3290
Event: 48.777 Thread 0x00000274c8c3eb30 flushing  nmethod 0x00000274b61d3610
Event: 48.777 Thread 0x00000274c8c3eb30 flushing  nmethod 0x00000274b6204790
Event: 48.777 Thread 0x00000274c8c3eb30 flushing  nmethod 0x00000274b6649690
Event: 48.777 Thread 0x00000274c8c3eb30 flushing  nmethod 0x00000274b57aab10
Event: 48.777 Thread 0x00000274c8c3eb30 flushing  nmethod 0x00000274b5c09490
Event: 48.777 Thread 0x00000274c8c3eb30 flushing  nmethod 0x00000274b5d7fd10
Event: 48.777 Thread 0x00000274c8c3eb30 flushing  nmethod 0x00000274b5d8e710
Event: 48.777 Thread 0x00000274c8c3eb30 flushing  nmethod 0x00000274b5d8ea90
Event: 48.777 Thread 0x00000274c8c3eb30 flushing  nmethod 0x00000274b60b2890
Event: 48.777 Thread 0x00000274c8c3eb30 flushing  nmethod 0x00000274b612c990
Event: 48.777 Thread 0x00000274c8c3eb30 flushing  nmethod 0x00000274b63ea990
Event: 48.777 Thread 0x00000274c8c3eb30 flushing  nmethod 0x00000274b658f110
Event: 48.777 Thread 0x00000274c8c3eb30 flushing osr nmethod 0x00000274b6969510
Event: 48.777 Thread 0x00000274c8c3eb30 flushing  nmethod 0x00000274b5783d90
Event: 48.777 Thread 0x00000274c8c3eb30 flushing  nmethod 0x00000274b5c26310
Event: 48.777 Thread 0x00000274c8c3eb30 flushing  nmethod 0x00000274b5da6490

Events (20 events):
Event: 28.298 Thread 0x00000274fb7f31a0 Thread exited: 0x00000274fb7f31a0
Event: 31.925 Thread 0x00000274fb7f1660 Thread exited: 0x00000274fb7f1660
Event: 41.423 Thread 0x00000274f40a7070 Thread added: 0x00000274fb7f3870
Event: 41.554 Thread 0x00000274fb7f3870 Thread exited: 0x00000274fb7f3870
Event: 41.580 Thread 0x00000274c8c6e3e0 Thread added: 0x00000274fb7f31a0
Event: 42.521 Thread 0x00000274f40a7070 Thread added: 0x00000274fb7f4ce0
Event: 42.736 Thread 0x00000274fb7f4ce0 Thread exited: 0x00000274fb7f4ce0
Event: 43.698 Thread 0x00000274f40a7070 Thread added: 0x00000274fb7f3870
Event: 44.631 Thread 0x00000274fb7f31a0 Thread added: 0x00000274fb7f4610
Event: 46.150 Thread 0x00000274fb7f4610 Thread exited: 0x00000274fb7f4610
Event: 46.494 Thread 0x00000274fa2ea2e0 Thread added: 0x00000274fb06f1d0
Event: 46.755 Thread 0x00000274fb7f3870 Thread exited: 0x00000274fb7f3870
Event: 47.942 Thread 0x00000274c8c6e3e0 Thread added: 0x00000274fafc4b00
Event: 47.943 Thread 0x00000274c8c6e3e0 Thread added: 0x00000274fafc58a0
Event: 48.038 Thread 0x00000274f40a7070 Thread added: 0x00000274fafc3690
Event: 48.365 Thread 0x00000274fafc3690 Thread exited: 0x00000274fafc3690
Event: 48.447 Thread 0x00000274fafc4b00 Thread added: 0x00000274fb7f4610
Event: 48.839 Thread 0x00000274fb7f4610 Thread exited: 0x00000274fb7f4610
Event: 49.129 Thread 0x00000274fafc4b00 Thread added: 0x00000274809fdb60
Event: 49.280 Thread 0x00000274c8c6e3e0 Thread added: 0x00000274809fd490


Dynamic libraries:
0x00007ff741d10000 - 0x00007ff741d1e000 	C:\Users\danuk\.vscode\extensions\redhat.java-1.53.0-win32-x64\jre\21.0.10-win32-x86_64\bin\java.exe
0x00007ff8e3e60000 - 0x00007ff8e40c7000 	C:\WINDOWS\SYSTEM32\ntdll.dll
0x00007ff8e34e0000 - 0x00007ff8e35a9000 	C:\WINDOWS\System32\KERNEL32.DLL
0x00007ff8e0c00000 - 0x00007ff8e0ff4000 	C:\WINDOWS\System32\KERNELBASE.dll
0x00007ff8dd720000 - 0x00007ff8dd7bf000 	C:\WINDOWS\SYSTEM32\apphelp.dll
0x00007ff8e0ab0000 - 0x00007ff8e0bfb000 	C:\WINDOWS\System32\ucrtbase.dll
0x00007ff8a3270000 - 0x00007ff8a3288000 	C:\Users\danuk\.vscode\extensions\redhat.java-1.53.0-win32-x64\jre\21.0.10-win32-x86_64\bin\jli.dll
0x00007ff8a3250000 - 0x00007ff8a326e000 	C:\Users\danuk\.vscode\extensions\redhat.java-1.53.0-win32-x64\jre\21.0.10-win32-x86_64\bin\VCRUNTIME140.dll
0x00007ff8e35b0000 - 0x00007ff8e3775000 	C:\WINDOWS\System32\USER32.dll
0x00007ff8e1bc0000 - 0x00007ff8e1be7000 	C:\WINDOWS\System32\win32u.dll
0x00007ff8e3890000 - 0x00007ff8e38bb000 	C:\WINDOWS\System32\GDI32.dll
0x00007ff8c7380000 - 0x00007ff8c7613000 	C:\WINDOWS\WinSxS\amd64_microsoft.windows.common-controls_6595b64144ccf1df_6.0.26100.8115_none_3e075c82e3354f9c\COMCTL32.dll
0x00007ff8e1220000 - 0x00007ff8e134b000 	C:\WINDOWS\System32\gdi32full.dll
0x00007ff8e2290000 - 0x00007ff8e2339000 	C:\WINDOWS\System32\msvcrt.dll
0x00007ff8e1170000 - 0x00007ff8e1213000 	C:\WINDOWS\System32\msvcp_win.dll
0x00007ff8e3050000 - 0x00007ff8e3082000 	C:\WINDOWS\System32\IMM32.DLL
0x00007ff8c6350000 - 0x00007ff8c635c000 	C:\Users\danuk\.vscode\extensions\redhat.java-1.53.0-win32-x64\jre\21.0.10-win32-x86_64\bin\vcruntime140_1.dll
0x00007ff88ef00000 - 0x00007ff88ef8d000 	C:\Users\danuk\.vscode\extensions\redhat.java-1.53.0-win32-x64\jre\21.0.10-win32-x86_64\bin\msvcp140.dll
0x00007ff801d40000 - 0x00007ff802ae1000 	C:\Users\danuk\.vscode\extensions\redhat.java-1.53.0-win32-x64\jre\21.0.10-win32-x86_64\bin\server\jvm.dll
0x00007ff8e20f0000 - 0x00007ff8e21a6000 	C:\WINDOWS\System32\ADVAPI32.dll
0x00007ff8e38d0000 - 0x00007ff8e3977000 	C:\WINDOWS\System32\sechost.dll
0x00007ff8e2d90000 - 0x00007ff8e2ea8000 	C:\WINDOWS\System32\RPCRT4.dll
0x00007ff8e1e20000 - 0x00007ff8e1ea0000 	C:\WINDOWS\System32\WS2_32.dll
0x00007ff8df310000 - 0x00007ff8df36e000 	C:\WINDOWS\SYSTEM32\POWRPROF.dll
0x00007ff8d8610000 - 0x00007ff8d861b000 	C:\WINDOWS\SYSTEM32\VERSION.dll
0x00007ff8d3720000 - 0x00007ff8d3756000 	C:\WINDOWS\SYSTEM32\WINMM.dll
0x00007ff8df2f0000 - 0x00007ff8df304000 	C:\WINDOWS\SYSTEM32\UMPDC.dll
0x00007ff8df5e0000 - 0x00007ff8df5fb000 	C:\WINDOWS\SYSTEM32\kernel.appcore.dll
0x00007ff8c2620000 - 0x00007ff8c262a000 	C:\Users\danuk\.vscode\extensions\redhat.java-1.53.0-win32-x64\jre\21.0.10-win32-x86_64\bin\jimage.dll
0x00007ff8de710000 - 0x00007ff8de952000 	C:\WINDOWS\SYSTEM32\DBGHELP.DLL
0x00007ff8e3150000 - 0x00007ff8e34d2000 	C:\WINDOWS\System32\combase.dll
0x00007ff8e21b0000 - 0x00007ff8e2288000 	C:\WINDOWS\System32\OLEAUT32.dll
0x00007ff8bc970000 - 0x00007ff8bc9ab000 	C:\WINDOWS\SYSTEM32\dbgcore.DLL
0x00007ff8e0730000 - 0x00007ff8e07d5000 	C:\WINDOWS\System32\bcryptPrimitives.dll
0x00007ff8db6f0000 - 0x00007ff8db6ff000 	C:\Users\danuk\.vscode\extensions\redhat.java-1.53.0-win32-x64\jre\21.0.10-win32-x86_64\bin\instrument.dll
0x00007ff8a3020000 - 0x00007ff8a3040000 	C:\Users\danuk\.vscode\extensions\redhat.java-1.53.0-win32-x64\jre\21.0.10-win32-x86_64\bin\java.dll
0x00007ff8e24a0000 - 0x00007ff8e2c07000 	C:\WINDOWS\System32\SHELL32.dll
0x00007ff8e1000000 - 0x00007ff8e116a000 	C:\WINDOWS\System32\wintypes.dll
0x00007ff8e1350000 - 0x00007ff8e1bb8000 	C:\WINDOWS\System32\windows.storage.dll
0x00007ff8e2c10000 - 0x00007ff8e2d08000 	C:\WINDOWS\System32\SHCORE.dll
0x00007ff8e1c50000 - 0x00007ff8e1cb6000 	C:\WINDOWS\System32\shlwapi.dll
0x00007ff8e0650000 - 0x00007ff8e0679000 	C:\WINDOWS\SYSTEM32\profapi.dll
0x00007ff8a2920000 - 0x00007ff8a2938000 	C:\Users\danuk\.vscode\extensions\redhat.java-1.53.0-win32-x64\jre\21.0.10-win32-x86_64\bin\zip.dll
0x00007ff8c2270000 - 0x00007ff8c2280000 	C:\Users\danuk\.vscode\extensions\redhat.java-1.53.0-win32-x64\jre\21.0.10-win32-x86_64\bin\net.dll
0x00007ff8d9f80000 - 0x00007ff8da0ad000 	C:\WINDOWS\SYSTEM32\WINHTTP.dll
0x00007ff8dfb50000 - 0x00007ff8dfbbc000 	C:\WINDOWS\system32\mswsock.dll
0x00007ff8a1870000 - 0x00007ff8a1886000 	C:\Users\danuk\.vscode\extensions\redhat.java-1.53.0-win32-x64\jre\21.0.10-win32-x86_64\bin\nio.dll
0x00007ff8b9d90000 - 0x00007ff8b9da0000 	C:\Users\danuk\.vscode\extensions\redhat.java-1.53.0-win32-x64\jre\21.0.10-win32-x86_64\bin\verify.dll
0x00007ff89c4f0000 - 0x00007ff89c517000 	C:\Users\danuk\.gradle\native\1def1411415f61bf3af743bc5b6707747c0891f09f0c88961ee8f79bc544acac\windows-amd64\native-platform.dll
0x00007ff886870000 - 0x00007ff8868e8000 	C:\Users\danuk\.gradle\native\0.2.7\x86_64-windows-gnu\gradle-fileevents.dll
0x00007ff8bdae0000 - 0x00007ff8bdaea000 	C:\Users\danuk\.vscode\extensions\redhat.java-1.53.0-win32-x64\jre\21.0.10-win32-x86_64\bin\management.dll
0x00007ff8bc8b0000 - 0x00007ff8bc8bc000 	C:\Users\danuk\.vscode\extensions\redhat.java-1.53.0-win32-x64\jre\21.0.10-win32-x86_64\bin\management_ext.dll
0x00007ff8e3980000 - 0x00007ff8e3988000 	C:\WINDOWS\System32\PSAPI.DLL
0x00007ff8def00000 - 0x00007ff8def32000 	C:\WINDOWS\SYSTEM32\IPHLPAPI.DLL
0x00007ff8e2090000 - 0x00007ff8e209a000 	C:\WINDOWS\System32\NSI.dll
0x00007ff8ae7e0000 - 0x00007ff8ae7e9000 	C:\Users\danuk\.vscode\extensions\redhat.java-1.53.0-win32-x64\jre\21.0.10-win32-x86_64\bin\extnet.dll
0x00007ff8dfe30000 - 0x00007ff8dfe4b000 	C:\WINDOWS\SYSTEM32\CRYPTSP.dll
0x00007ff8df540000 - 0x00007ff8df579000 	C:\WINDOWS\system32\rsaenh.dll
0x00007ff8dfc00000 - 0x00007ff8dfc33000 	C:\WINDOWS\SYSTEM32\USERENV.dll
0x00007ff8e0620000 - 0x00007ff8e064a000 	C:\WINDOWS\SYSTEM32\bcrypt.dll
0x00007ff8dfe50000 - 0x00007ff8dfe5c000 	C:\WINDOWS\SYSTEM32\CRYPTBASE.dll
0x00007ff8afa60000 - 0x00007ff8afa6e000 	C:\Users\danuk\.vscode\extensions\redhat.java-1.53.0-win32-x64\jre\21.0.10-win32-x86_64\bin\sunmscapi.dll
0x00007ff8e07e0000 - 0x00007ff8e0957000 	C:\WINDOWS\System32\CRYPT32.dll
0x00007ff8e0050000 - 0x00007ff8e0080000 	C:\WINDOWS\SYSTEM32\ncrypt.dll
0x00007ff8e0000000 - 0x00007ff8e003f000 	C:\WINDOWS\SYSTEM32\NTASN1.dll
0x00007ff8c21c0000 - 0x00007ff8c21c8000 	C:\WINDOWS\system32\wshunix.dll
0x00007ff8defa0000 - 0x00007ff8df0d2000 	C:\WINDOWS\SYSTEM32\DNSAPI.dll
0x00007ff8d9c70000 - 0x00007ff8d9c7b000 	C:\Windows\System32\rasadhlp.dll
0x00007ff8dade0000 - 0x00007ff8dae66000 	C:\WINDOWS\System32\fwpuclnt.dll
0x00007ff8b0b70000 - 0x00007ff8b0b88000 	C:\WINDOWS\system32\napinsp.dll
0x00007ff8b0b50000 - 0x00007ff8b0b63000 	C:\WINDOWS\System32\winrnr.dll
0x00007ff8b0b20000 - 0x00007ff8b0b42000 	C:\WINDOWS\system32\nlansp_c.dll
0x00007ff8d87f0000 - 0x00007ff8d8806000 	C:\WINDOWS\system32\wshbth.dll

JVMTI agents:
C:\Users\danuk\.gradle\wrapper\dists\gradle-8.14-bin\38aieal9i53h9rfe7vjup95b9\gradle-8.14\lib\agents\gradle-instrumentation-agent-8.14.jar path:C:\Users\danuk\.vscode\extensions\redhat.java-1.53.0-win32-x64\jre\21.0.10-win32-x86_64\bin\instrument.dll, loaded, initialized, instrumentlib options:none

dbghelp: loaded successfully - version: 4.0.5 - missing functions: none
symbol engine: initialized successfully - sym options: 0x614 - pdb path: .;C:\Users\danuk\.vscode\extensions\redhat.java-1.53.0-win32-x64\jre\21.0.10-win32-x86_64\bin;C:\WINDOWS\SYSTEM32;C:\WINDOWS\WinSxS\amd64_microsoft.windows.common-controls_6595b64144ccf1df_6.0.26100.8115_none_3e075c82e3354f9c;C:\Users\danuk\.vscode\extensions\redhat.java-1.53.0-win32-x64\jre\21.0.10-win32-x86_64\bin\server;C:\Users\danuk\.gradle\native\1def1411415f61bf3af743bc5b6707747c0891f09f0c88961ee8f79bc544acac\windows-amd64;C:\Users\danuk\.gradle\native\0.2.7\x86_64-windows-gnu

VM Arguments:
jvm_args: --add-opens=java.base/java.lang=ALL-UNNAMED --add-opens=java.base/java.lang.invoke=ALL-UNNAMED --add-opens=java.base/java.util=ALL-UNNAMED --add-opens=java.prefs/java.util.prefs=ALL-UNNAMED --add-exports=jdk.compiler/com.sun.tools.javac.api=ALL-UNNAMED --add-exports=jdk.compiler/com.sun.tools.javac.util=ALL-UNNAMED --add-opens=java.base/java.util=ALL-UNNAMED --add-opens=java.prefs/java.util.prefs=ALL-UNNAMED --add-opens=java.base/java.nio.charset=ALL-UNNAMED --add-opens=java.base/java.net=ALL-UNNAMED --add-opens=java.base/java.util.concurrent.atomic=ALL-UNNAMED --add-opens=java.xml/javax.xml.namespace=ALL-UNNAMED -XX:MaxMetaspaceSize=768m -XX:ReservedCodeCacheSize=256m -Xmx2G -Dfile.encoding=UTF-8 -Duser.country=GB -Duser.language=en -Duser.variant -javaagent:C:\Users\danuk\.gradle\wrapper\dists\gradle-8.14-bin\38aieal9i53h9rfe7vjup95b9\gradle-8.14\lib\agents\gradle-instrumentation-agent-8.14.jar 
java_command: org.gradle.launcher.daemon.bootstrap.GradleDaemon 8.14
java_class_path (initial): C:\Users\danuk\.gradle\wrapper\dists\gradle-8.14-bin\38aieal9i53h9rfe7vjup95b9\gradle-8.14\lib\gradle-daemon-main-8.14.jar
Launcher Type: SUN_STANDARD

[Global flags]
     intx CICompilerCount                          = 12                                        {product} {ergonomic}
   size_t CompressedClassSpaceSize                 = 654311424                                 {product} {ergonomic}
     uint ConcGCThreads                            = 4                                         {product} {ergonomic}
     uint G1ConcRefinementThreads                  = 15                                        {product} {ergonomic}
   size_t G1HeapRegionSize                         = 1048576                                   {product} {ergonomic}
    uintx GCDrainStackTargetSize                   = 64                                        {product} {ergonomic}
   size_t InitialHeapSize                          = 264241152                                 {product} {ergonomic}
   size_t MarkStackSize                            = 4194304                                   {product} {ergonomic}
   size_t MaxHeapSize                              = 2147483648                                {product} {command line}
   size_t MaxMetaspaceSize                         = 805306368                                 {product} {command line}
   size_t MaxNewSize                               = 1287651328                                {product} {ergonomic}
   size_t MinHeapDeltaBytes                        = 1048576                                   {product} {ergonomic}
   size_t MinHeapSize                              = 8388608                                   {product} {ergonomic}
    uintx NonNMethodCodeHeapSize                   = 7602480                                {pd product} {ergonomic}
    uintx NonProfiledCodeHeapSize                  = 130416488                              {pd product} {ergonomic}
    uintx ProfiledCodeHeapSize                     = 130416488                              {pd product} {ergonomic}
    uintx ReservedCodeCacheSize                    = 268435456                              {pd product} {command line}
     bool SegmentedCodeCache                       = true                                      {product} {ergonomic}
   size_t SoftMaxHeapSize                          = 2147483648                             {manageable} {ergonomic}
     bool UseCompressedOops                        = true                           {product lp64_product} {ergonomic}
     bool UseG1GC                                  = true                                      {product} {ergonomic}
     bool UseLargePagesIndividualAllocation        = false                                  {pd product} {ergonomic}

Logging:
Log output configuration:
 #0: stdout all=warning uptime,level,tags foldmultilines=false
 #1: stderr all=off uptime,level,tags foldmultilines=false

Release file:
JAVA_VERSION="21.0.10" 
MODULES="java.base java.compiler java.datatransfer java.xml java.prefs java.desktop java.instrument java.logging java.management java.security.sasl java.naming java.rmi java.management.rmi java.net.http java.scripting java.security.jgss java.transaction.xa java.sql java.sql.rowset java.xml.crypto java.se java.smartcardio jdk.accessibility jdk.internal.jvmstat jdk.attach jdk.charsets jdk.internal.opt jdk.zipfs jdk.compiler jdk.crypto.ec jdk.crypto.cryptoki jdk.crypto.mscapi jdk.dynalink jdk.internal.ed jdk.editpad jdk.hotspot.agent jdk.httpserver jdk.internal.le jdk.internal.vm.ci jdk.internal.vm.compiler jdk.internal.vm.compiler.management jdk.jartool jdk.javadoc jdk.jcmd jdk.management jdk.management.agent jdk.jconsole jdk.jdeps jdk.jdwp.agent jdk.jdi jdk.jfr jdk.jshell jdk.jsobject jdk.jstatd jdk.localedata jdk.management.jfr jdk.naming.dns jdk.naming.rmi jdk.net jdk.nio.mapmode jdk.random jdk.sctp jdk.security.auth jdk.security.jgss jdk.unsupported jdk.unsupported.desktop jdk.xml.dom" 

Environment Variables:
PATH=C:\Users\danuk\AppData\Local\Programs\Microsoft VS Code;D:\istio-1.26.1\bin;C:\Program Files\dotnet\;C:\Users\danuk\AppData\Local\nvm;C:\nvm4w\nodejs;D:\flutter\bin;C:\Users\danuk\AppData\Local\Programs\Python\Python311\Scripts\;C:\Users\danuk\AppData\Local\Programs\Python\Python311\;C:\Program Files\MySQL\MySQL Shell 8.0\bin\;C:\Users\danuk\AppData\Local\Programs\Python\Launcher\;C:\Program Files\Common Files\Oracle\Java\javapath;C:\app\danuk\product\21c\dbhomeXE\bin;C:\Program Files (x86)\VMware\VMware Workstation\bin\;C:\Windows\system32;C:\Windows;C:\Windows\System32\Wbem;C:\Windows\System32\WindowsPowerShell\v1.0\;C:\Windows\System32\OpenSSH\;C:\Program Files (x86)\NVIDIA Corporation\PhysX\Common;C:\Program Files\NVIDIA Corporation\NVIDIA NvDLISR;C:\WINDOWS\system32;C:\WINDOWS;C:\WINDOWS\System32\Wbem;C:\WINDOWS\System32\WindowsPowerShell\v1.0\;C:\WINDOWS\System32\OpenSSH\;C:\Program Files\dotnet\;C:\Program Files\Git\cmd;C:\Program Files\Apache\Maven\bin;C:\Users\danuk\AppData\Local\Microsoft\WindowsApps;C:\Users\danuk\AppData\Local\Programs\Microsoft VS Code\bin;C:\Users\danuk\AppData\Local\GitHubDesktop\bin;C:\Users\danuk\AppData\Roaming\npm;C:\Program Files\Java\jdk-17\bin;C:\Apache\apache-maven-3.9.6\bin;C:\WINDOWS\system32\config\systemprofile\AppData\Local\Microsoft\WindowsApps;C:\Users\danuk\AppData\Local\Programs\Python\Python313\;C:\Users\danuk\AppData\Local\Programs\Python\Python313\Scripts\;C:\Users\danuk\AppData\Local\Programs\cursor\resources\app\bin;C:\Users\danuk\AppData\Local\Google\Cloud SDK\google-cloud-sdk\bin;C:\Users\danuk\AppData\Local\Programs\Lens\resources\cli\bin;C:\Users\danuk\AppData\Local\Android\Sdk;C:\Users\danuk\AppData\Local\nvm;C:\nvm4w\nodejs;D:\AppData\platform-tools;C:\Users\danuk\AppData\Local\PowerToys\DSCModules\;D:\PhpStorm 2025.3.2\bin;C:\Users\danuk\AppData\Local\Programs\Antigravity\bin;C:\Program Files\JetBrains\IntelliJ IDEA 2026.1\bin
USERNAME=danuk
OS=Windows_NT
PROCESSOR_IDENTIFIER=Intel64 Family 6 Model 183 Stepping 1, GenuineIntel
TMP=C:\Users\danuk\AppData\Local\Temp
TEMP=C:\Users\danuk\AppData\Local\Temp




Periodic native trim disabled

---------------  S Y S T E M  ---------------

OS:
 Windows 11 , 64 bit Build 26100 (10.0.26100.8246)
OS uptime: 1 days 2:10 hours
Hyper-V role detected

CPU: total 20 (initial active 20) (10 cores per cpu, 2 threads per core) family 6 model 183 stepping 1 microcode 0x12b, cx8, cmov, fxsr, ht, mmx, 3dnowpref, sse, sse2, sse3, ssse3, sse4.1, sse4.2, popcnt, lzcnt, tsc, tscinvbit, avx, avx2, aes, erms, clmul, bmi1, bmi2, adx, sha, fma, vzeroupper, clflush, clflushopt, clwb, hv, serialize, rdtscp, rdpid, fsrm, f16c, cet_ibt, cet_ss
Processor Information for processor 0
  Max Mhz: 2600, Current Mhz: 2600, Mhz Limit: 2600
Processor Information for processor 1
  Max Mhz: 2600, Current Mhz: 2600, Mhz Limit: 2600
Processor Information for processor 2
  Max Mhz: 2600, Current Mhz: 2600, Mhz Limit: 2600
Processor Information for processor 3
  Max Mhz: 2600, Current Mhz: 2600, Mhz Limit: 2600
Processor Information for processor 4
  Max Mhz: 2600, Current Mhz: 2600, Mhz Limit: 2600
Processor Information for processor 5
  Max Mhz: 2600, Current Mhz: 2600, Mhz Limit: 2600
Processor Information for processor 6
  Max Mhz: 2600, Current Mhz: 2600, Mhz Limit: 2600
Processor Information for processor 7
  Max Mhz: 2600, Current Mhz: 2600, Mhz Limit: 2600
Processor Information for processor 8
  Max Mhz: 2600, Current Mhz: 1496, Mhz Limit: 2600
Processor Information for processor 9
  Max Mhz: 2600, Current Mhz: 2600, Mhz Limit: 2600
Processor Information for processor 10
  Max Mhz: 2600, Current Mhz: 2600, Mhz Limit: 2600
Processor Information for processor 11
  Max Mhz: 2600, Current Mhz: 2600, Mhz Limit: 2600
Processor Information for processor 12
  Max Mhz: 2600, Current Mhz: 1505, Mhz Limit: 2600
Processor Information for processor 13
  Max Mhz: 2600, Current Mhz: 1505, Mhz Limit: 2600
Processor Information for processor 14
  Max Mhz: 2600, Current Mhz: 1505, Mhz Limit: 2600
Processor Information for processor 15
  Max Mhz: 2600, Current Mhz: 1505, Mhz Limit: 2600
Processor Information for processor 16
  Max Mhz: 2600, Current Mhz: 1505, Mhz Limit: 2600
Processor Information for processor 17
  Max Mhz: 2600, Current Mhz: 1505, Mhz Limit: 2600
Processor Information for processor 18
  Max Mhz: 2600, Current Mhz: 1505, Mhz Limit: 2600
Processor Information for processor 19
  Max Mhz: 2600, Current Mhz: 1505, Mhz Limit: 2600

Memory: 4k page, system-wide physical 16002M (1572M free)
TotalPageFile size 28192M (AvailPageFile size 8M)
current process WorkingSet (physical memory assigned to process): 496M, peak: 496M
current process commit charge ("private bytes"): 543M, peak: 544M

vm_info: OpenJDK 64-Bit Server VM (21.0.10+7-LTS) for windows-amd64 JRE (21.0.10+7-LTS), built on 2026-01-20T00:00:00Z by "admin" with MS VC++ 17.12 (VS2022)

END.
