#
# There is insufficient memory for the Java Runtime Environment to continue.
# Native memory allocation (malloc) failed to allocate 312176 bytes for Chunk::new
# Possible reasons:
#   The system is out of physical RAM or swap space
#   The process is running with CompressedOops enabled, and the Java Heap may be blocking the growth of the native heap
# Possible solutions:
#   Reduce memory load on the system
#   Increase physical memory or swap space
#   Check if swap backing store is full
#   Decrease Java heap size (-Xmx/-Xms)
#   Decrease number of Java threads
#   Decrease Java thread stack sizes (-Xss)
#   Set larger code cache with -XX:ReservedCodeCacheSize=
#   JVM is running with Unscaled Compressed Oops mode in which the Java heap is
#     placed in the first 4GB address space. The Java Heap base address is the
#     maximum limit for the native heap growth. Please use -XX:HeapBaseMinAddress
#     to set the Java Heap base and to place the Java Heap above 4GB virtual address.
# This output file may be truncated or incomplete.
#
#  Out of Memory Error (arena.cpp:168), pid=35524, tid=26012
#
# JRE version: Java(TM) SE Runtime Environment (21.0.6+8) (build 21.0.6+8-LTS-188)
# Java VM: Java HotSpot(TM) 64-Bit Server VM (21.0.6+8-LTS-188, mixed mode, sharing, tiered, compressed oops, compressed class ptrs, g1 gc, windows-amd64)
# No core dump will be written. Minidumps are not enabled by default on client versions of Windows
#

---------------  S U M M A R Y ------------

Command Line: --add-opens=java.base/java.lang=ALL-UNNAMED --add-opens=java.base/java.lang.invoke=ALL-UNNAMED --add-opens=java.base/java.util=ALL-UNNAMED --add-opens=java.prefs/java.util.prefs=ALL-UNNAMED --add-exports=jdk.compiler/com.sun.tools.javac.api=ALL-UNNAMED --add-exports=jdk.compiler/com.sun.tools.javac.util=ALL-UNNAMED --add-opens=java.base/java.util=ALL-UNNAMED --add-opens=java.prefs/java.util.prefs=ALL-UNNAMED --add-opens=java.base/java.nio.charset=ALL-UNNAMED --add-opens=java.base/java.net=ALL-UNNAMED --add-opens=java.base/java.util.concurrent.atomic=ALL-UNNAMED --add-opens=java.xml/javax.xml.namespace=ALL-UNNAMED -XX:MaxMetaspaceSize=768m -XX:ReservedCodeCacheSize=256m -Xmx2G -Dfile.encoding=UTF-8 -Duser.country=GB -Duser.language=en -Duser.variant -javaagent:C:\Users\danuk\.gradle\wrapper\dists\gradle-8.14-bin\38aieal9i53h9rfe7vjup95b9\gradle-8.14\lib\agents\gradle-instrumentation-agent-8.14.jar org.gradle.launcher.daemon.bootstrap.GradleDaemon 8.14

Host: 13th Gen Intel(R) Core(TM) i7-13650HX, 20 cores, 15G,  Windows 11 , 64 bit Build 26100 (10.0.26100.8246)
Time: Thu Apr 16 23:43:47 2026 Sri Lanka Standard Time elapsed time: 1.731182 seconds (0d 0h 0m 1s)

---------------  T H R E A D  ---------------

Current thread (0x00000250f4357dc0):  JavaThread "C2 CompilerThread2" daemon [_thread_in_native, id=26012, stack(0x000000720f100000,0x000000720f200000) (1024K)]


Current CompileTask:
C2:   1731 3020       4       jdk.internal.org.objectweb.asm.SymbolTable::addConstantMemberReference (147 bytes)

Stack: [0x000000720f100000,0x000000720f200000]
Native frames: (J=compiled Java code, j=interpreted, Vv=VM code, C=native code)
V  [jvm.dll+0x6ca6d9]
V  [jvm.dll+0x854f51]
V  [jvm.dll+0x85747e]
V  [jvm.dll+0x857b53]
V  [jvm.dll+0x27dcc6]
V  [jvm.dll+0xc4c2d]
V  [jvm.dll+0xc5163]
V  [jvm.dll+0x2f0fbd]
V  [jvm.dll+0x5f546a]
V  [jvm.dll+0x24f8a2]
V  [jvm.dll+0x24858f]
V  [jvm.dll+0x245df4]
V  [jvm.dll+0x1c6d2e]
V  [jvm.dll+0x2554f9]
V  [jvm.dll+0x253a8a]
V  [jvm.dll+0x3ee576]
V  [jvm.dll+0x7ff2fb]
V  [jvm.dll+0x6c8dbd]
C  [ucrtbase.dll+0x37b0]
C  [KERNEL32.DLL+0x2e8d7]
C  [ntdll.dll+0x8c3fc]


---------------  P R O C E S S  ---------------

Threads class SMR info:
_java_thread_list=0x00000250fb8ab7a0, length=30, elements={
0x00000250d6833c00, 0x00000250f4348c20, 0x00000250f4349670, 0x00000250f434a4d0,
0x00000250f434af20, 0x00000250f434baa0, 0x00000250f434c880, 0x00000250f52e1fe0,
0x00000250f435ad70, 0x00000250f435a6a0, 0x00000250f54727f0, 0x00000250f55f5bb0,
0x00000250f4358490, 0x00000250f4359900, 0x00000250fb1e4cc0, 0x00000250fb2c5c10,
0x00000250fb207930, 0x00000250fb4514d0, 0x00000250fb27c810, 0x00000250fb41b9d0,
0x00000250fb4f4c80, 0x00000250fb41d360, 0x00000250fa701900, 0x00000250fa702cb0,
0x00000250fa7039d0, 0x00000250fa703340, 0x00000250fa700be0, 0x00000250fa701270,
0x00000250f4359fd0, 0x00000250f4357dc0
}

Java Threads: ( => current thread )
  0x00000250d6833c00 JavaThread "main"                              [_thread_blocked, id=35580, stack(0x000000720c800000,0x000000720c900000) (1024K)]
  0x00000250f4348c20 JavaThread "Reference Handler"          daemon [_thread_blocked, id=35612, stack(0x000000720d000000,0x000000720d100000) (1024K)]
  0x00000250f4349670 JavaThread "Finalizer"                  daemon [_thread_blocked, id=35616, stack(0x000000720d100000,0x000000720d200000) (1024K)]
  0x00000250f434a4d0 JavaThread "Signal Dispatcher"          daemon [_thread_blocked, id=35620, stack(0x000000720d200000,0x000000720d300000) (1024K)]
  0x00000250f434af20 JavaThread "Attach Listener"            daemon [_thread_blocked, id=35624, stack(0x000000720d300000,0x000000720d400000) (1024K)]
  0x00000250f434baa0 JavaThread "Service Thread"             daemon [_thread_blocked, id=35628, stack(0x000000720d400000,0x000000720d500000) (1024K)]
  0x00000250f434c880 JavaThread "Monitor Deflation Thread"   daemon [_thread_blocked, id=35632, stack(0x000000720d500000,0x000000720d600000) (1024K)]
  0x00000250f52e1fe0 JavaThread "C2 CompilerThread0"         daemon [_thread_in_native, id=35636, stack(0x000000720d600000,0x000000720d700000) (1024K)]
  0x00000250f435ad70 JavaThread "C1 CompilerThread0"         daemon [_thread_blocked, id=35640, stack(0x000000720d700000,0x000000720d800000) (1024K)]
  0x00000250f435a6a0 JavaThread "C1 CompilerThread1"         daemon [_thread_blocked, id=35644, stack(0x000000720d800000,0x000000720d900000) (1024K)]
  0x00000250f54727f0 JavaThread "Common-Cleaner"             daemon [_thread_blocked, id=35648, stack(0x000000720d900000,0x000000720da00000) (1024K)]
  0x00000250f55f5bb0 JavaThread "Notification Thread"        daemon [_thread_blocked, id=35656, stack(0x000000720da00000,0x000000720db00000) (1024K)]
  0x00000250f4358490 JavaThread "C1 CompilerThread2"         daemon [_thread_blocked, id=35700, stack(0x000000720e300000,0x000000720e400000) (1024K)]
  0x00000250f4359900 JavaThread "C1 CompilerThread3"         daemon [_thread_blocked, id=35704, stack(0x000000720e400000,0x000000720e500000) (1024K)]
  0x00000250fb1e4cc0 JavaThread "Daemon health stats"               [_thread_blocked, id=35764, stack(0x000000720e500000,0x000000720e600000) (1024K)]
  0x00000250fb2c5c10 JavaThread "Incoming local TCP Connector on port 51098"        [_thread_in_native, id=35784, stack(0x000000720e600000,0x000000720e700000) (1024K)]
  0x00000250fb207930 JavaThread "Daemon periodic checks"            [_thread_blocked, id=35792, stack(0x000000720e700000,0x000000720e800000) (1024K)]
  0x00000250fb4514d0 JavaThread "Daemon"                            [_thread_blocked, id=34932, stack(0x000000720e800000,0x000000720e900000) (1024K)]
  0x00000250fb27c810 JavaThread "Handler for socket connection from /127.0.0.1:51098 to /127.0.0.1:51099"        [_thread_in_native, id=34928, stack(0x000000720e900000,0x000000720ea00000) (1024K)]
  0x00000250fb41b9d0 JavaThread "Cancel handler"                    [_thread_blocked, id=25092, stack(0x000000720ea00000,0x000000720eb00000) (1024K)]
  0x00000250fb4f4c80 JavaThread "Daemon worker"                     [_thread_in_vm, id=35024, stack(0x000000720eb00000,0x000000720ec00000) (1024K)]
  0x00000250fb41d360 JavaThread "Asynchronous log dispatcher for DefaultDaemonConnection: socket connection from /127.0.0.1:51098 to /127.0.0.1:51099"        [_thread_blocked, id=35028, stack(0x000000720ec00000,0x000000720ed00000) (1024K)]
  0x00000250fa701900 JavaThread "Stdin handler"                     [_thread_blocked, id=21960, stack(0x000000720ed00000,0x000000720ee00000) (1024K)]
  0x00000250fa702cb0 JavaThread "Daemon client event forwarder"        [_thread_blocked, id=35080, stack(0x000000720ee00000,0x000000720ef00000) (1024K)]
  0x00000250fa7039d0 JavaThread "Cache worker for journal cache (C:\Users\danuk\.gradle\caches\journal-1)"        [_thread_blocked, id=35188, stack(0x000000720ef00000,0x000000720f000000) (1024K)]
  0x00000250fa703340 JavaThread "File lock request listener"        [_thread_in_native, id=35176, stack(0x000000720f000000,0x000000720f100000) (1024K)]
  0x00000250fa700be0 JavaThread "Cache worker for file hash cache (C:\Users\danuk\.gradle\caches\8.14\fileHashes)"        [_thread_blocked, id=6776, stack(0x000000720db00000,0x000000720dc00000) (1024K)]
  0x00000250fa701270 JavaThread "File lock release action executor"        [_thread_blocked, id=34664, stack(0x000000720dc00000,0x000000720dd00000) (1024K)]
  0x00000250f4359fd0 JavaThread "C2 CompilerThread1"         daemon [_thread_in_native, id=35056, stack(0x000000720dd00000,0x000000720de00000) (1024K)]
=>0x00000250f4357dc0 JavaThread "C2 CompilerThread2"         daemon [_thread_in_native, id=26012, stack(0x000000720f100000,0x000000720f200000) (1024K)]
Total: 30

Other Threads:
  0x00000250f4329820 VMThread "VM Thread"                           [id=35608, stack(0x000000720cf00000,0x000000720d000000) (1024K)]
  0x00000250f52d0090 WatcherThread "VM Periodic Task Thread"        [id=35604, stack(0x000000720ce00000,0x000000720cf00000) (1024K)]
  0x00000250d45adf70 WorkerThread "GC Thread#0"                     [id=35584, stack(0x000000720c900000,0x000000720ca00000) (1024K)]
  0x00000250f5582ba0 WorkerThread "GC Thread#1"                     [id=35680, stack(0x000000720de00000,0x000000720df00000) (1024K)]
  0x00000250f5b613c0 WorkerThread "GC Thread#2"                     [id=35684, stack(0x000000720df00000,0x000000720e000000) (1024K)]
  0x00000250f5b61760 WorkerThread "GC Thread#3"                     [id=35688, stack(0x000000720e000000,0x000000720e100000) (1024K)]
  0x00000250f58c5ef0 WorkerThread "GC Thread#4"                     [id=35692, stack(0x000000720e100000,0x000000720e200000) (1024K)]
  0x00000250f58c6290 WorkerThread "GC Thread#5"                     [id=35696, stack(0x000000720e200000,0x000000720e300000) (1024K)]
  0x00000250d6898590 ConcurrentGCThread "G1 Main Marker"            [id=35588, stack(0x000000720ca00000,0x000000720cb00000) (1024K)]
  0x00000250d689b670 WorkerThread "G1 Conc#0"                       [id=35592, stack(0x000000720cb00000,0x000000720cc00000) (1024K)]
  0x00000250f426d9f0 ConcurrentGCThread "G1 Refine#0"               [id=35596, stack(0x000000720cc00000,0x000000720cd00000) (1024K)]
  0x00000250f426e210 ConcurrentGCThread "G1 Service"                [id=35600, stack(0x000000720cd00000,0x000000720ce00000) (1024K)]
Total: 12

Threads with active compile tasks:
C2 CompilerThread0     1747 2878   !   4       java.lang.ClassLoader::loadClass (121 bytes)
C2 CompilerThread1     1747 2983       4       java.lang.invoke.MethodType::makeImpl (109 bytes)
C2 CompilerThread2     1747 3020       4       jdk.internal.org.objectweb.asm.SymbolTable::addConstantMemberReference (147 bytes)
Total: 3

VM state: not at safepoint (normal execution)

VM Mutex/Monitor currently owned by a thread:  ([mutex/lock_event])
[0x00007ff80372be18] Metaspace_lock - owner thread: 0x00000250fb4f4c80

Heap address: 0x0000000080000000, size: 2048 MB, Compressed Oops mode: 32-bit

CDS archive(s) mapped at: [0x0000025080000000-0x0000025080c90000-0x0000025080c90000), size 13172736, SharedBaseAddress: 0x0000025080000000, ArchiveRelocationMode: 1.
Compressed class space mapped at: 0x0000025081000000-0x00000250a8000000, reserved size: 654311424
Narrow klass base: 0x0000025080000000, Narrow klass shift: 0, Narrow klass range: 0x100000000

GC Precious Log:
 CardTable entry size: 512
 Card Set container configuration: InlinePtr #cards 5 size 8 Array Of Cards #cards 12 size 40 Howl #buckets 4 coarsen threshold 1843 Howl Bitmap #cards 512 size 80 coarsen threshold 460 Card regions per heap region 1 cards per card region 2048
 CPUs: 20 total, 20 available
 Memory: 16002M
 Large Page Support: Disabled
 NUMA Support: Disabled
 Compressed Oops: Enabled (32-bit)
 Heap Region Size: 1M
 Heap Min Capacity: 8M
 Heap Initial Capacity: 252M
 Heap Max Capacity: 2G
 Pre-touch: Disabled
 Parallel Workers: 15
 Concurrent Workers: 4
 Concurrent Refinement Workers: 15
 Periodic GC: Disabled

Heap:
 garbage-first heap   total 258048K, used 76339K [0x0000000080000000, 0x0000000100000000)
  region size 1024K, 64 young (65536K), 5 survivors (5120K)
 Metaspace       used 17466K, committed 17984K, reserved 704512K
  class space    used 2370K, committed 2624K, reserved 638976K

Heap Regions: E=young(eden), S=young(survivor), O=old, HS=humongous(starts), HC=humongous(continues), CS=collection set, F=free, TAMS=top-at-mark-start, PB=parsable bottom
|   0|0x0000000080000000, 0x0000000080100000, 0x0000000080100000|100%|HS|  |TAMS 0x0000000080000000| PB 0x0000000080000000| Complete 
|   1|0x0000000080100000, 0x0000000080200000, 0x0000000080200000|100%|HC|  |TAMS 0x0000000080100000| PB 0x0000000080100000| Complete 
|   2|0x0000000080200000, 0x0000000080300000, 0x0000000080300000|100%|HC|  |TAMS 0x0000000080200000| PB 0x0000000080200000| Complete 
|   3|0x0000000080300000, 0x0000000080400000, 0x0000000080400000|100%| O|  |TAMS 0x0000000080300000| PB 0x0000000080300000| Untracked 
|   4|0x0000000080400000, 0x0000000080500000, 0x0000000080500000|100%| O|  |TAMS 0x0000000080400000| PB 0x0000000080400000| Untracked 
|   5|0x0000000080500000, 0x0000000080600000, 0x0000000080600000|100%| O|  |TAMS 0x0000000080500000| PB 0x0000000080500000| Untracked 
|   6|0x0000000080600000, 0x0000000080700000, 0x0000000080700000|100%|HS|  |TAMS 0x0000000080600000| PB 0x0000000080600000| Complete 
|   7|0x0000000080700000, 0x0000000080700000, 0x0000000080800000|  0%| F|  |TAMS 0x0000000080700000| PB 0x0000000080700000| Untracked 
|   8|0x0000000080800000, 0x0000000080900000, 0x0000000080900000|100%| O|  |TAMS 0x0000000080800000| PB 0x0000000080800000| Untracked 
|   9|0x0000000080900000, 0x0000000080a00000, 0x0000000080a00000|100%| O|  |TAMS 0x0000000080900000| PB 0x0000000080900000| Untracked 
|  10|0x0000000080a00000, 0x0000000080b00000, 0x0000000080b00000|100%| O|  |TAMS 0x0000000080a00000| PB 0x0000000080a00000| Untracked 
|  11|0x0000000080b00000, 0x0000000080c00000, 0x0000000080c00000|100%| O|  |TAMS 0x0000000080b00000| PB 0x0000000080b00000| Untracked 
|  12|0x0000000080c00000, 0x0000000080c8cdc8, 0x0000000080d00000| 55%| O|  |TAMS 0x0000000080c00000| PB 0x0000000080c00000| Untracked 
|  13|0x0000000080d00000, 0x0000000080d00000, 0x0000000080e00000|  0%| F|  |TAMS 0x0000000080d00000| PB 0x0000000080d00000| Untracked 
|  14|0x0000000080e00000, 0x0000000080e00000, 0x0000000080f00000|  0%| F|  |TAMS 0x0000000080e00000| PB 0x0000000080e00000| Untracked 
|  15|0x0000000080f00000, 0x0000000080f00000, 0x0000000081000000|  0%| F|  |TAMS 0x0000000080f00000| PB 0x0000000080f00000| Untracked 
|  16|0x0000000081000000, 0x0000000081000000, 0x0000000081100000|  0%| F|  |TAMS 0x0000000081000000| PB 0x0000000081000000| Untracked 
|  17|0x0000000081100000, 0x0000000081100000, 0x0000000081200000|  0%| F|  |TAMS 0x0000000081100000| PB 0x0000000081100000| Untracked 
|  18|0x0000000081200000, 0x0000000081200000, 0x0000000081300000|  0%| F|  |TAMS 0x0000000081200000| PB 0x0000000081200000| Untracked 
|  19|0x0000000081300000, 0x0000000081300000, 0x0000000081400000|  0%| F|  |TAMS 0x0000000081300000| PB 0x0000000081300000| Untracked 
|  20|0x0000000081400000, 0x0000000081400000, 0x0000000081500000|  0%| F|  |TAMS 0x0000000081400000| PB 0x0000000081400000| Untracked 
|  21|0x0000000081500000, 0x0000000081500000, 0x0000000081600000|  0%| F|  |TAMS 0x0000000081500000| PB 0x0000000081500000| Untracked 
|  22|0x0000000081600000, 0x0000000081600000, 0x0000000081700000|  0%| F|  |TAMS 0x0000000081600000| PB 0x0000000081600000| Untracked 
|  23|0x0000000081700000, 0x0000000081700000, 0x0000000081800000|  0%| F|  |TAMS 0x0000000081700000| PB 0x0000000081700000| Untracked 
|  24|0x0000000081800000, 0x0000000081800000, 0x0000000081900000|  0%| F|  |TAMS 0x0000000081800000| PB 0x0000000081800000| Untracked 
|  25|0x0000000081900000, 0x0000000081900000, 0x0000000081a00000|  0%| F|  |TAMS 0x0000000081900000| PB 0x0000000081900000| Untracked 
|  26|0x0000000081a00000, 0x0000000081a00000, 0x0000000081b00000|  0%| F|  |TAMS 0x0000000081a00000| PB 0x0000000081a00000| Untracked 
|  27|0x0000000081b00000, 0x0000000081b00000, 0x0000000081c00000|  0%| F|  |TAMS 0x0000000081b00000| PB 0x0000000081b00000| Untracked 
|  28|0x0000000081c00000, 0x0000000081c00000, 0x0000000081d00000|  0%| F|  |TAMS 0x0000000081c00000| PB 0x0000000081c00000| Untracked 
|  29|0x0000000081d00000, 0x0000000081d00000, 0x0000000081e00000|  0%| F|  |TAMS 0x0000000081d00000| PB 0x0000000081d00000| Untracked 
|  30|0x0000000081e00000, 0x0000000081e00000, 0x0000000081f00000|  0%| F|  |TAMS 0x0000000081e00000| PB 0x0000000081e00000| Untracked 
|  31|0x0000000081f00000, 0x0000000081f00000, 0x0000000082000000|  0%| F|  |TAMS 0x0000000081f00000| PB 0x0000000081f00000| Untracked 
|  32|0x0000000082000000, 0x0000000082000000, 0x0000000082100000|  0%| F|  |TAMS 0x0000000082000000| PB 0x0000000082000000| Untracked 
|  33|0x0000000082100000, 0x0000000082100000, 0x0000000082200000|  0%| F|  |TAMS 0x0000000082100000| PB 0x0000000082100000| Untracked 
|  34|0x0000000082200000, 0x0000000082200000, 0x0000000082300000|  0%| F|  |TAMS 0x0000000082200000| PB 0x0000000082200000| Untracked 
|  35|0x0000000082300000, 0x0000000082300000, 0x0000000082400000|  0%| F|  |TAMS 0x0000000082300000| PB 0x0000000082300000| Untracked 
|  36|0x0000000082400000, 0x0000000082400000, 0x0000000082500000|  0%| F|  |TAMS 0x0000000082400000| PB 0x0000000082400000| Untracked 
|  37|0x0000000082500000, 0x0000000082500000, 0x0000000082600000|  0%| F|  |TAMS 0x0000000082500000| PB 0x0000000082500000| Untracked 
|  38|0x0000000082600000, 0x0000000082600000, 0x0000000082700000|  0%| F|  |TAMS 0x0000000082600000| PB 0x0000000082600000| Untracked 
|  39|0x0000000082700000, 0x0000000082700000, 0x0000000082800000|  0%| F|  |TAMS 0x0000000082700000| PB 0x0000000082700000| Untracked 
|  40|0x0000000082800000, 0x0000000082800000, 0x0000000082900000|  0%| F|  |TAMS 0x0000000082800000| PB 0x0000000082800000| Untracked 
|  41|0x0000000082900000, 0x0000000082900000, 0x0000000082a00000|  0%| F|  |TAMS 0x0000000082900000| PB 0x0000000082900000| Untracked 
|  42|0x0000000082a00000, 0x0000000082a00000, 0x0000000082b00000|  0%| F|  |TAMS 0x0000000082a00000| PB 0x0000000082a00000| Untracked 
|  43|0x0000000082b00000, 0x0000000082b00000, 0x0000000082c00000|  0%| F|  |TAMS 0x0000000082b00000| PB 0x0000000082b00000| Untracked 
|  44|0x0000000082c00000, 0x0000000082c00000, 0x0000000082d00000|  0%| F|  |TAMS 0x0000000082c00000| PB 0x0000000082c00000| Untracked 
|  45|0x0000000082d00000, 0x0000000082d00000, 0x0000000082e00000|  0%| F|  |TAMS 0x0000000082d00000| PB 0x0000000082d00000| Untracked 
|  46|0x0000000082e00000, 0x0000000082e00000, 0x0000000082f00000|  0%| F|  |TAMS 0x0000000082e00000| PB 0x0000000082e00000| Untracked 
|  47|0x0000000082f00000, 0x0000000082f00000, 0x0000000083000000|  0%| F|  |TAMS 0x0000000082f00000| PB 0x0000000082f00000| Untracked 
|  48|0x0000000083000000, 0x0000000083000000, 0x0000000083100000|  0%| F|  |TAMS 0x0000000083000000| PB 0x0000000083000000| Untracked 
|  49|0x0000000083100000, 0x0000000083100000, 0x0000000083200000|  0%| F|  |TAMS 0x0000000083100000| PB 0x0000000083100000| Untracked 
|  50|0x0000000083200000, 0x0000000083200000, 0x0000000083300000|  0%| F|  |TAMS 0x0000000083200000| PB 0x0000000083200000| Untracked 
|  51|0x0000000083300000, 0x0000000083300000, 0x0000000083400000|  0%| F|  |TAMS 0x0000000083300000| PB 0x0000000083300000| Untracked 
|  52|0x0000000083400000, 0x0000000083400000, 0x0000000083500000|  0%| F|  |TAMS 0x0000000083400000| PB 0x0000000083400000| Untracked 
|  53|0x0000000083500000, 0x0000000083500000, 0x0000000083600000|  0%| F|  |TAMS 0x0000000083500000| PB 0x0000000083500000| Untracked 
|  54|0x0000000083600000, 0x0000000083600000, 0x0000000083700000|  0%| F|  |TAMS 0x0000000083600000| PB 0x0000000083600000| Untracked 
|  55|0x0000000083700000, 0x0000000083700000, 0x0000000083800000|  0%| F|  |TAMS 0x0000000083700000| PB 0x0000000083700000| Untracked 
|  56|0x0000000083800000, 0x0000000083800000, 0x0000000083900000|  0%| F|  |TAMS 0x0000000083800000| PB 0x0000000083800000| Untracked 
|  57|0x0000000083900000, 0x0000000083900000, 0x0000000083a00000|  0%| F|  |TAMS 0x0000000083900000| PB 0x0000000083900000| Untracked 
|  58|0x0000000083a00000, 0x0000000083a00000, 0x0000000083b00000|  0%| F|  |TAMS 0x0000000083a00000| PB 0x0000000083a00000| Untracked 
|  59|0x0000000083b00000, 0x0000000083b00000, 0x0000000083c00000|  0%| F|  |TAMS 0x0000000083b00000| PB 0x0000000083b00000| Untracked 
|  60|0x0000000083c00000, 0x0000000083c00000, 0x0000000083d00000|  0%| F|  |TAMS 0x0000000083c00000| PB 0x0000000083c00000| Untracked 
|  61|0x0000000083d00000, 0x0000000083d00000, 0x0000000083e00000|  0%| F|  |TAMS 0x0000000083d00000| PB 0x0000000083d00000| Untracked 
|  62|0x0000000083e00000, 0x0000000083e00000, 0x0000000083f00000|  0%| F|  |TAMS 0x0000000083e00000| PB 0x0000000083e00000| Untracked 
|  63|0x0000000083f00000, 0x0000000083f00000, 0x0000000084000000|  0%| F|  |TAMS 0x0000000083f00000| PB 0x0000000083f00000| Untracked 
|  64|0x0000000084000000, 0x0000000084000000, 0x0000000084100000|  0%| F|  |TAMS 0x0000000084000000| PB 0x0000000084000000| Untracked 
|  65|0x0000000084100000, 0x0000000084100000, 0x0000000084200000|  0%| F|  |TAMS 0x0000000084100000| PB 0x0000000084100000| Untracked 
|  66|0x0000000084200000, 0x0000000084200000, 0x0000000084300000|  0%| F|  |TAMS 0x0000000084200000| PB 0x0000000084200000| Untracked 
|  67|0x0000000084300000, 0x0000000084300000, 0x0000000084400000|  0%| F|  |TAMS 0x0000000084300000| PB 0x0000000084300000| Untracked 
|  68|0x0000000084400000, 0x0000000084400000, 0x0000000084500000|  0%| F|  |TAMS 0x0000000084400000| PB 0x0000000084400000| Untracked 
|  69|0x0000000084500000, 0x0000000084500000, 0x0000000084600000|  0%| F|  |TAMS 0x0000000084500000| PB 0x0000000084500000| Untracked 
|  70|0x0000000084600000, 0x0000000084600000, 0x0000000084700000|  0%| F|  |TAMS 0x0000000084600000| PB 0x0000000084600000| Untracked 
|  71|0x0000000084700000, 0x0000000084700000, 0x0000000084800000|  0%| F|  |TAMS 0x0000000084700000| PB 0x0000000084700000| Untracked 
|  72|0x0000000084800000, 0x0000000084800000, 0x0000000084900000|  0%| F|  |TAMS 0x0000000084800000| PB 0x0000000084800000| Untracked 
|  73|0x0000000084900000, 0x0000000084900000, 0x0000000084a00000|  0%| F|  |TAMS 0x0000000084900000| PB 0x0000000084900000| Untracked 
|  74|0x0000000084a00000, 0x0000000084a00000, 0x0000000084b00000|  0%| F|  |TAMS 0x0000000084a00000| PB 0x0000000084a00000| Untracked 
|  75|0x0000000084b00000, 0x0000000084b00000, 0x0000000084c00000|  0%| F|  |TAMS 0x0000000084b00000| PB 0x0000000084b00000| Untracked 
|  76|0x0000000084c00000, 0x0000000084c00000, 0x0000000084d00000|  0%| F|  |TAMS 0x0000000084c00000| PB 0x0000000084c00000| Untracked 
|  77|0x0000000084d00000, 0x0000000084d00000, 0x0000000084e00000|  0%| F|  |TAMS 0x0000000084d00000| PB 0x0000000084d00000| Untracked 
|  78|0x0000000084e00000, 0x0000000084e00000, 0x0000000084f00000|  0%| F|  |TAMS 0x0000000084e00000| PB 0x0000000084e00000| Untracked 
|  79|0x0000000084f00000, 0x0000000084f00000, 0x0000000085000000|  0%| F|  |TAMS 0x0000000084f00000| PB 0x0000000084f00000| Untracked 
|  80|0x0000000085000000, 0x0000000085000000, 0x0000000085100000|  0%| F|  |TAMS 0x0000000085000000| PB 0x0000000085000000| Untracked 
|  81|0x0000000085100000, 0x0000000085100000, 0x0000000085200000|  0%| F|  |TAMS 0x0000000085100000| PB 0x0000000085100000| Untracked 
|  82|0x0000000085200000, 0x0000000085200000, 0x0000000085300000|  0%| F|  |TAMS 0x0000000085200000| PB 0x0000000085200000| Untracked 
|  83|0x0000000085300000, 0x0000000085300000, 0x0000000085400000|  0%| F|  |TAMS 0x0000000085300000| PB 0x0000000085300000| Untracked 
|  84|0x0000000085400000, 0x0000000085400000, 0x0000000085500000|  0%| F|  |TAMS 0x0000000085400000| PB 0x0000000085400000| Untracked 
|  85|0x0000000085500000, 0x0000000085500000, 0x0000000085600000|  0%| F|  |TAMS 0x0000000085500000| PB 0x0000000085500000| Untracked 
|  86|0x0000000085600000, 0x0000000085600000, 0x0000000085700000|  0%| F|  |TAMS 0x0000000085600000| PB 0x0000000085600000| Untracked 
|  87|0x0000000085700000, 0x0000000085700000, 0x0000000085800000|  0%| F|  |TAMS 0x0000000085700000| PB 0x0000000085700000| Untracked 
|  88|0x0000000085800000, 0x0000000085800000, 0x0000000085900000|  0%| F|  |TAMS 0x0000000085800000| PB 0x0000000085800000| Untracked 
|  89|0x0000000085900000, 0x0000000085900000, 0x0000000085a00000|  0%| F|  |TAMS 0x0000000085900000| PB 0x0000000085900000| Untracked 
|  90|0x0000000085a00000, 0x0000000085a00000, 0x0000000085b00000|  0%| F|  |TAMS 0x0000000085a00000| PB 0x0000000085a00000| Untracked 
|  91|0x0000000085b00000, 0x0000000085b00000, 0x0000000085c00000|  0%| F|  |TAMS 0x0000000085b00000| PB 0x0000000085b00000| Untracked 
|  92|0x0000000085c00000, 0x0000000085c00000, 0x0000000085d00000|  0%| F|  |TAMS 0x0000000085c00000| PB 0x0000000085c00000| Untracked 
|  93|0x0000000085d00000, 0x0000000085d00000, 0x0000000085e00000|  0%| F|  |TAMS 0x0000000085d00000| PB 0x0000000085d00000| Untracked 
|  94|0x0000000085e00000, 0x0000000085e00000, 0x0000000085f00000|  0%| F|  |TAMS 0x0000000085e00000| PB 0x0000000085e00000| Untracked 
|  95|0x0000000085f00000, 0x0000000085f00000, 0x0000000086000000|  0%| F|  |TAMS 0x0000000085f00000| PB 0x0000000085f00000| Untracked 
|  96|0x0000000086000000, 0x0000000086000000, 0x0000000086100000|  0%| F|  |TAMS 0x0000000086000000| PB 0x0000000086000000| Untracked 
|  97|0x0000000086100000, 0x0000000086100000, 0x0000000086200000|  0%| F|  |TAMS 0x0000000086100000| PB 0x0000000086100000| Untracked 
|  98|0x0000000086200000, 0x0000000086200000, 0x0000000086300000|  0%| F|  |TAMS 0x0000000086200000| PB 0x0000000086200000| Untracked 
|  99|0x0000000086300000, 0x0000000086300000, 0x0000000086400000|  0%| F|  |TAMS 0x0000000086300000| PB 0x0000000086300000| Untracked 
| 100|0x0000000086400000, 0x0000000086400000, 0x0000000086500000|  0%| F|  |TAMS 0x0000000086400000| PB 0x0000000086400000| Untracked 
| 101|0x0000000086500000, 0x0000000086500000, 0x0000000086600000|  0%| F|  |TAMS 0x0000000086500000| PB 0x0000000086500000| Untracked 
| 102|0x0000000086600000, 0x0000000086600000, 0x0000000086700000|  0%| F|  |TAMS 0x0000000086600000| PB 0x0000000086600000| Untracked 
| 103|0x0000000086700000, 0x0000000086700000, 0x0000000086800000|  0%| F|  |TAMS 0x0000000086700000| PB 0x0000000086700000| Untracked 
| 104|0x0000000086800000, 0x0000000086800000, 0x0000000086900000|  0%| F|  |TAMS 0x0000000086800000| PB 0x0000000086800000| Untracked 
| 105|0x0000000086900000, 0x0000000086900000, 0x0000000086a00000|  0%| F|  |TAMS 0x0000000086900000| PB 0x0000000086900000| Untracked 
| 106|0x0000000086a00000, 0x0000000086a00000, 0x0000000086b00000|  0%| F|  |TAMS 0x0000000086a00000| PB 0x0000000086a00000| Untracked 
| 107|0x0000000086b00000, 0x0000000086b00000, 0x0000000086c00000|  0%| F|  |TAMS 0x0000000086b00000| PB 0x0000000086b00000| Untracked 
| 108|0x0000000086c00000, 0x0000000086c00000, 0x0000000086d00000|  0%| F|  |TAMS 0x0000000086c00000| PB 0x0000000086c00000| Untracked 
| 109|0x0000000086d00000, 0x0000000086d00000, 0x0000000086e00000|  0%| F|  |TAMS 0x0000000086d00000| PB 0x0000000086d00000| Untracked 
| 110|0x0000000086e00000, 0x0000000086e00000, 0x0000000086f00000|  0%| F|  |TAMS 0x0000000086e00000| PB 0x0000000086e00000| Untracked 
| 111|0x0000000086f00000, 0x0000000086f00000, 0x0000000087000000|  0%| F|  |TAMS 0x0000000086f00000| PB 0x0000000086f00000| Untracked 
| 112|0x0000000087000000, 0x0000000087000000, 0x0000000087100000|  0%| F|  |TAMS 0x0000000087000000| PB 0x0000000087000000| Untracked 
| 113|0x0000000087100000, 0x0000000087100000, 0x0000000087200000|  0%| F|  |TAMS 0x0000000087100000| PB 0x0000000087100000| Untracked 
| 114|0x0000000087200000, 0x0000000087200000, 0x0000000087300000|  0%| F|  |TAMS 0x0000000087200000| PB 0x0000000087200000| Untracked 
| 115|0x0000000087300000, 0x0000000087300000, 0x0000000087400000|  0%| F|  |TAMS 0x0000000087300000| PB 0x0000000087300000| Untracked 
| 116|0x0000000087400000, 0x0000000087400000, 0x0000000087500000|  0%| F|  |TAMS 0x0000000087400000| PB 0x0000000087400000| Untracked 
| 117|0x0000000087500000, 0x0000000087500000, 0x0000000087600000|  0%| F|  |TAMS 0x0000000087500000| PB 0x0000000087500000| Untracked 
| 118|0x0000000087600000, 0x0000000087600000, 0x0000000087700000|  0%| F|  |TAMS 0x0000000087600000| PB 0x0000000087600000| Untracked 
| 119|0x0000000087700000, 0x0000000087700000, 0x0000000087800000|  0%| F|  |TAMS 0x0000000087700000| PB 0x0000000087700000| Untracked 
| 120|0x0000000087800000, 0x0000000087800000, 0x0000000087900000|  0%| F|  |TAMS 0x0000000087800000| PB 0x0000000087800000| Untracked 
| 121|0x0000000087900000, 0x0000000087900000, 0x0000000087a00000|  0%| F|  |TAMS 0x0000000087900000| PB 0x0000000087900000| Untracked 
| 122|0x0000000087a00000, 0x0000000087a00000, 0x0000000087b00000|  0%| F|  |TAMS 0x0000000087a00000| PB 0x0000000087a00000| Untracked 
| 123|0x0000000087b00000, 0x0000000087b00000, 0x0000000087c00000|  0%| F|  |TAMS 0x0000000087b00000| PB 0x0000000087b00000| Untracked 
| 124|0x0000000087c00000, 0x0000000087c00000, 0x0000000087d00000|  0%| F|  |TAMS 0x0000000087c00000| PB 0x0000000087c00000| Untracked 
| 125|0x0000000087d00000, 0x0000000087d00000, 0x0000000087e00000|  0%| F|  |TAMS 0x0000000087d00000| PB 0x0000000087d00000| Untracked 
| 126|0x0000000087e00000, 0x0000000087e00000, 0x0000000087f00000|  0%| F|  |TAMS 0x0000000087e00000| PB 0x0000000087e00000| Untracked 
| 127|0x0000000087f00000, 0x0000000087f00000, 0x0000000088000000|  0%| F|  |TAMS 0x0000000087f00000| PB 0x0000000087f00000| Untracked 
| 128|0x0000000088000000, 0x0000000088000000, 0x0000000088100000|  0%| F|  |TAMS 0x0000000088000000| PB 0x0000000088000000| Untracked 
| 129|0x0000000088100000, 0x0000000088100000, 0x0000000088200000|  0%| F|  |TAMS 0x0000000088100000| PB 0x0000000088100000| Untracked 
| 130|0x0000000088200000, 0x0000000088200000, 0x0000000088300000|  0%| F|  |TAMS 0x0000000088200000| PB 0x0000000088200000| Untracked 
| 131|0x0000000088300000, 0x0000000088300000, 0x0000000088400000|  0%| F|  |TAMS 0x0000000088300000| PB 0x0000000088300000| Untracked 
| 132|0x0000000088400000, 0x0000000088400000, 0x0000000088500000|  0%| F|  |TAMS 0x0000000088400000| PB 0x0000000088400000| Untracked 
| 133|0x0000000088500000, 0x0000000088500000, 0x0000000088600000|  0%| F|  |TAMS 0x0000000088500000| PB 0x0000000088500000| Untracked 
| 134|0x0000000088600000, 0x0000000088600000, 0x0000000088700000|  0%| F|  |TAMS 0x0000000088600000| PB 0x0000000088600000| Untracked 
| 135|0x0000000088700000, 0x0000000088700000, 0x0000000088800000|  0%| F|  |TAMS 0x0000000088700000| PB 0x0000000088700000| Untracked 
| 136|0x0000000088800000, 0x0000000088800000, 0x0000000088900000|  0%| F|  |TAMS 0x0000000088800000| PB 0x0000000088800000| Untracked 
| 137|0x0000000088900000, 0x0000000088900000, 0x0000000088a00000|  0%| F|  |TAMS 0x0000000088900000| PB 0x0000000088900000| Untracked 
| 138|0x0000000088a00000, 0x0000000088a00000, 0x0000000088b00000|  0%| F|  |TAMS 0x0000000088a00000| PB 0x0000000088a00000| Untracked 
| 139|0x0000000088b00000, 0x0000000088b00000, 0x0000000088c00000|  0%| F|  |TAMS 0x0000000088b00000| PB 0x0000000088b00000| Untracked 
| 140|0x0000000088c00000, 0x0000000088c00000, 0x0000000088d00000|  0%| F|  |TAMS 0x0000000088c00000| PB 0x0000000088c00000| Untracked 
| 141|0x0000000088d00000, 0x0000000088d00000, 0x0000000088e00000|  0%| F|  |TAMS 0x0000000088d00000| PB 0x0000000088d00000| Untracked 
| 142|0x0000000088e00000, 0x0000000088e00000, 0x0000000088f00000|  0%| F|  |TAMS 0x0000000088e00000| PB 0x0000000088e00000| Untracked 
| 143|0x0000000088f00000, 0x0000000088f00000, 0x0000000089000000|  0%| F|  |TAMS 0x0000000088f00000| PB 0x0000000088f00000| Untracked 
| 144|0x0000000089000000, 0x0000000089000000, 0x0000000089100000|  0%| F|  |TAMS 0x0000000089000000| PB 0x0000000089000000| Untracked 
| 145|0x0000000089100000, 0x0000000089100000, 0x0000000089200000|  0%| F|  |TAMS 0x0000000089100000| PB 0x0000000089100000| Untracked 
| 146|0x0000000089200000, 0x0000000089200000, 0x0000000089300000|  0%| F|  |TAMS 0x0000000089200000| PB 0x0000000089200000| Untracked 
| 147|0x0000000089300000, 0x0000000089300000, 0x0000000089400000|  0%| F|  |TAMS 0x0000000089300000| PB 0x0000000089300000| Untracked 
| 148|0x0000000089400000, 0x0000000089400000, 0x0000000089500000|  0%| F|  |TAMS 0x0000000089400000| PB 0x0000000089400000| Untracked 
| 149|0x0000000089500000, 0x0000000089500000, 0x0000000089600000|  0%| F|  |TAMS 0x0000000089500000| PB 0x0000000089500000| Untracked 
| 150|0x0000000089600000, 0x0000000089600000, 0x0000000089700000|  0%| F|  |TAMS 0x0000000089600000| PB 0x0000000089600000| Untracked 
| 151|0x0000000089700000, 0x0000000089700000, 0x0000000089800000|  0%| F|  |TAMS 0x0000000089700000| PB 0x0000000089700000| Untracked 
| 152|0x0000000089800000, 0x0000000089800000, 0x0000000089900000|  0%| F|  |TAMS 0x0000000089800000| PB 0x0000000089800000| Untracked 
| 153|0x0000000089900000, 0x0000000089900000, 0x0000000089a00000|  0%| F|  |TAMS 0x0000000089900000| PB 0x0000000089900000| Untracked 
| 154|0x0000000089a00000, 0x0000000089a00000, 0x0000000089b00000|  0%| F|  |TAMS 0x0000000089a00000| PB 0x0000000089a00000| Untracked 
| 155|0x0000000089b00000, 0x0000000089b00000, 0x0000000089c00000|  0%| F|  |TAMS 0x0000000089b00000| PB 0x0000000089b00000| Untracked 
| 156|0x0000000089c00000, 0x0000000089c00000, 0x0000000089d00000|  0%| F|  |TAMS 0x0000000089c00000| PB 0x0000000089c00000| Untracked 
| 157|0x0000000089d00000, 0x0000000089d00000, 0x0000000089e00000|  0%| F|  |TAMS 0x0000000089d00000| PB 0x0000000089d00000| Untracked 
| 158|0x0000000089e00000, 0x0000000089e00000, 0x0000000089f00000|  0%| F|  |TAMS 0x0000000089e00000| PB 0x0000000089e00000| Untracked 
| 159|0x0000000089f00000, 0x0000000089f00000, 0x000000008a000000|  0%| F|  |TAMS 0x0000000089f00000| PB 0x0000000089f00000| Untracked 
| 160|0x000000008a000000, 0x000000008a000000, 0x000000008a100000|  0%| F|  |TAMS 0x000000008a000000| PB 0x000000008a000000| Untracked 
| 161|0x000000008a100000, 0x000000008a100000, 0x000000008a200000|  0%| F|  |TAMS 0x000000008a100000| PB 0x000000008a100000| Untracked 
| 162|0x000000008a200000, 0x000000008a200000, 0x000000008a300000|  0%| F|  |TAMS 0x000000008a200000| PB 0x000000008a200000| Untracked 
| 163|0x000000008a300000, 0x000000008a300000, 0x000000008a400000|  0%| F|  |TAMS 0x000000008a300000| PB 0x000000008a300000| Untracked 
| 164|0x000000008a400000, 0x000000008a400000, 0x000000008a500000|  0%| F|  |TAMS 0x000000008a400000| PB 0x000000008a400000| Untracked 
| 165|0x000000008a500000, 0x000000008a500000, 0x000000008a600000|  0%| F|  |TAMS 0x000000008a500000| PB 0x000000008a500000| Untracked 
| 166|0x000000008a600000, 0x000000008a600000, 0x000000008a700000|  0%| F|  |TAMS 0x000000008a600000| PB 0x000000008a600000| Untracked 
| 167|0x000000008a700000, 0x000000008a700000, 0x000000008a800000|  0%| F|  |TAMS 0x000000008a700000| PB 0x000000008a700000| Untracked 
| 168|0x000000008a800000, 0x000000008a800000, 0x000000008a900000|  0%| F|  |TAMS 0x000000008a800000| PB 0x000000008a800000| Untracked 
| 169|0x000000008a900000, 0x000000008a900000, 0x000000008aa00000|  0%| F|  |TAMS 0x000000008a900000| PB 0x000000008a900000| Untracked 
| 170|0x000000008aa00000, 0x000000008aa00000, 0x000000008ab00000|  0%| F|  |TAMS 0x000000008aa00000| PB 0x000000008aa00000| Untracked 
| 171|0x000000008ab00000, 0x000000008ab00000, 0x000000008ac00000|  0%| F|  |TAMS 0x000000008ab00000| PB 0x000000008ab00000| Untracked 
| 172|0x000000008ac00000, 0x000000008ac00000, 0x000000008ad00000|  0%| F|  |TAMS 0x000000008ac00000| PB 0x000000008ac00000| Untracked 
| 173|0x000000008ad00000, 0x000000008ad00000, 0x000000008ae00000|  0%| F|  |TAMS 0x000000008ad00000| PB 0x000000008ad00000| Untracked 
| 174|0x000000008ae00000, 0x000000008ae00000, 0x000000008af00000|  0%| F|  |TAMS 0x000000008ae00000| PB 0x000000008ae00000| Untracked 
| 175|0x000000008af00000, 0x000000008af00000, 0x000000008b000000|  0%| F|  |TAMS 0x000000008af00000| PB 0x000000008af00000| Untracked 
| 176|0x000000008b000000, 0x000000008b000000, 0x000000008b100000|  0%| F|  |TAMS 0x000000008b000000| PB 0x000000008b000000| Untracked 
| 177|0x000000008b100000, 0x000000008b100000, 0x000000008b200000|  0%| F|  |TAMS 0x000000008b100000| PB 0x000000008b100000| Untracked 
| 178|0x000000008b200000, 0x000000008b200000, 0x000000008b300000|  0%| F|  |TAMS 0x000000008b200000| PB 0x000000008b200000| Untracked 
| 179|0x000000008b300000, 0x000000008b300000, 0x000000008b400000|  0%| F|  |TAMS 0x000000008b300000| PB 0x000000008b300000| Untracked 
| 180|0x000000008b400000, 0x000000008b400000, 0x000000008b500000|  0%| F|  |TAMS 0x000000008b400000| PB 0x000000008b400000| Untracked 
| 181|0x000000008b500000, 0x000000008b500000, 0x000000008b600000|  0%| F|  |TAMS 0x000000008b500000| PB 0x000000008b500000| Untracked 
| 182|0x000000008b600000, 0x000000008b600000, 0x000000008b700000|  0%| F|  |TAMS 0x000000008b600000| PB 0x000000008b600000| Untracked 
| 183|0x000000008b700000, 0x000000008b700000, 0x000000008b800000|  0%| F|  |TAMS 0x000000008b700000| PB 0x000000008b700000| Untracked 
| 184|0x000000008b800000, 0x000000008b800000, 0x000000008b900000|  0%| F|  |TAMS 0x000000008b800000| PB 0x000000008b800000| Untracked 
| 185|0x000000008b900000, 0x000000008b900000, 0x000000008ba00000|  0%| F|  |TAMS 0x000000008b900000| PB 0x000000008b900000| Untracked 
| 186|0x000000008ba00000, 0x000000008ba00000, 0x000000008bb00000|  0%| F|  |TAMS 0x000000008ba00000| PB 0x000000008ba00000| Untracked 
| 187|0x000000008bb00000, 0x000000008bb00000, 0x000000008bc00000|  0%| F|  |TAMS 0x000000008bb00000| PB 0x000000008bb00000| Untracked 
| 188|0x000000008bc00000, 0x000000008bd00000, 0x000000008bd00000|100%| E|  |TAMS 0x000000008bc00000| PB 0x000000008bc00000| Complete 
| 189|0x000000008bd00000, 0x000000008be00000, 0x000000008be00000|100%| E|CS|TAMS 0x000000008bd00000| PB 0x000000008bd00000| Complete 
| 190|0x000000008be00000, 0x000000008bf00000, 0x000000008bf00000|100%| E|CS|TAMS 0x000000008be00000| PB 0x000000008be00000| Complete 
| 191|0x000000008bf00000, 0x000000008c000000, 0x000000008c000000|100%| E|CS|TAMS 0x000000008bf00000| PB 0x000000008bf00000| Complete 
| 192|0x000000008c000000, 0x000000008c100000, 0x000000008c100000|100%| S|CS|TAMS 0x000000008c000000| PB 0x000000008c000000| Complete 
| 193|0x000000008c100000, 0x000000008c200000, 0x000000008c200000|100%| S|CS|TAMS 0x000000008c100000| PB 0x000000008c100000| Complete 
| 194|0x000000008c200000, 0x000000008c300000, 0x000000008c300000|100%| S|CS|TAMS 0x000000008c200000| PB 0x000000008c200000| Complete 
| 195|0x000000008c300000, 0x000000008c400000, 0x000000008c400000|100%| S|CS|TAMS 0x000000008c300000| PB 0x000000008c300000| Complete 
| 196|0x000000008c400000, 0x000000008c500000, 0x000000008c500000|100%| S|CS|TAMS 0x000000008c400000| PB 0x000000008c400000| Complete 
| 197|0x000000008c500000, 0x000000008c600000, 0x000000008c600000|100%| E|CS|TAMS 0x000000008c500000| PB 0x000000008c500000| Complete 
| 198|0x000000008c600000, 0x000000008c700000, 0x000000008c700000|100%| E|CS|TAMS 0x000000008c600000| PB 0x000000008c600000| Complete 
| 199|0x000000008c700000, 0x000000008c800000, 0x000000008c800000|100%| E|CS|TAMS 0x000000008c700000| PB 0x000000008c700000| Complete 
| 200|0x000000008c800000, 0x000000008c900000, 0x000000008c900000|100%| E|CS|TAMS 0x000000008c800000| PB 0x000000008c800000| Complete 
| 201|0x000000008c900000, 0x000000008ca00000, 0x000000008ca00000|100%| E|CS|TAMS 0x000000008c900000| PB 0x000000008c900000| Complete 
| 202|0x000000008ca00000, 0x000000008cb00000, 0x000000008cb00000|100%| E|CS|TAMS 0x000000008ca00000| PB 0x000000008ca00000| Complete 
| 203|0x000000008cb00000, 0x000000008cc00000, 0x000000008cc00000|100%| E|CS|TAMS 0x000000008cb00000| PB 0x000000008cb00000| Complete 
| 204|0x000000008cc00000, 0x000000008cd00000, 0x000000008cd00000|100%| E|CS|TAMS 0x000000008cc00000| PB 0x000000008cc00000| Complete 
| 205|0x000000008cd00000, 0x000000008ce00000, 0x000000008ce00000|100%| E|CS|TAMS 0x000000008cd00000| PB 0x000000008cd00000| Complete 
| 206|0x000000008ce00000, 0x000000008cf00000, 0x000000008cf00000|100%| E|CS|TAMS 0x000000008ce00000| PB 0x000000008ce00000| Complete 
| 207|0x000000008cf00000, 0x000000008d000000, 0x000000008d000000|100%| E|CS|TAMS 0x000000008cf00000| PB 0x000000008cf00000| Complete 
| 208|0x000000008d000000, 0x000000008d100000, 0x000000008d100000|100%| E|CS|TAMS 0x000000008d000000| PB 0x000000008d000000| Complete 
| 209|0x000000008d100000, 0x000000008d200000, 0x000000008d200000|100%| E|CS|TAMS 0x000000008d100000| PB 0x000000008d100000| Complete 
| 210|0x000000008d200000, 0x000000008d300000, 0x000000008d300000|100%| E|CS|TAMS 0x000000008d200000| PB 0x000000008d200000| Complete 
| 211|0x000000008d300000, 0x000000008d400000, 0x000000008d400000|100%| E|CS|TAMS 0x000000008d300000| PB 0x000000008d300000| Complete 
| 212|0x000000008d400000, 0x000000008d500000, 0x000000008d500000|100%| E|CS|TAMS 0x000000008d400000| PB 0x000000008d400000| Complete 
| 213|0x000000008d500000, 0x000000008d600000, 0x000000008d600000|100%| E|CS|TAMS 0x000000008d500000| PB 0x000000008d500000| Complete 
| 214|0x000000008d600000, 0x000000008d700000, 0x000000008d700000|100%| E|CS|TAMS 0x000000008d600000| PB 0x000000008d600000| Complete 
| 215|0x000000008d700000, 0x000000008d800000, 0x000000008d800000|100%| E|CS|TAMS 0x000000008d700000| PB 0x000000008d700000| Complete 
| 216|0x000000008d800000, 0x000000008d900000, 0x000000008d900000|100%| E|CS|TAMS 0x000000008d800000| PB 0x000000008d800000| Complete 
| 217|0x000000008d900000, 0x000000008da00000, 0x000000008da00000|100%| E|CS|TAMS 0x000000008d900000| PB 0x000000008d900000| Complete 
| 218|0x000000008da00000, 0x000000008db00000, 0x000000008db00000|100%| E|CS|TAMS 0x000000008da00000| PB 0x000000008da00000| Complete 
| 219|0x000000008db00000, 0x000000008dc00000, 0x000000008dc00000|100%| E|CS|TAMS 0x000000008db00000| PB 0x000000008db00000| Complete 
| 220|0x000000008dc00000, 0x000000008dd00000, 0x000000008dd00000|100%| E|CS|TAMS 0x000000008dc00000| PB 0x000000008dc00000| Complete 
| 221|0x000000008dd00000, 0x000000008de00000, 0x000000008de00000|100%| E|CS|TAMS 0x000000008dd00000| PB 0x000000008dd00000| Complete 
| 222|0x000000008de00000, 0x000000008df00000, 0x000000008df00000|100%| E|CS|TAMS 0x000000008de00000| PB 0x000000008de00000| Complete 
| 223|0x000000008df00000, 0x000000008e000000, 0x000000008e000000|100%| E|CS|TAMS 0x000000008df00000| PB 0x000000008df00000| Complete 
| 224|0x000000008e000000, 0x000000008e100000, 0x000000008e100000|100%| E|CS|TAMS 0x000000008e000000| PB 0x000000008e000000| Complete 
| 225|0x000000008e100000, 0x000000008e200000, 0x000000008e200000|100%| E|CS|TAMS 0x000000008e100000| PB 0x000000008e100000| Complete 
| 226|0x000000008e200000, 0x000000008e300000, 0x000000008e300000|100%| E|CS|TAMS 0x000000008e200000| PB 0x000000008e200000| Complete 
| 227|0x000000008e300000, 0x000000008e400000, 0x000000008e400000|100%| E|CS|TAMS 0x000000008e300000| PB 0x000000008e300000| Complete 
| 228|0x000000008e400000, 0x000000008e500000, 0x000000008e500000|100%| E|CS|TAMS 0x000000008e400000| PB 0x000000008e400000| Complete 
| 229|0x000000008e500000, 0x000000008e600000, 0x000000008e600000|100%| E|CS|TAMS 0x000000008e500000| PB 0x000000008e500000| Complete 
| 230|0x000000008e600000, 0x000000008e700000, 0x000000008e700000|100%| E|CS|TAMS 0x000000008e600000| PB 0x000000008e600000| Complete 
| 231|0x000000008e700000, 0x000000008e800000, 0x000000008e800000|100%| E|CS|TAMS 0x000000008e700000| PB 0x000000008e700000| Complete 
| 232|0x000000008e800000, 0x000000008e900000, 0x000000008e900000|100%| E|CS|TAMS 0x000000008e800000| PB 0x000000008e800000| Complete 
| 233|0x000000008e900000, 0x000000008ea00000, 0x000000008ea00000|100%| E|CS|TAMS 0x000000008e900000| PB 0x000000008e900000| Complete 
| 234|0x000000008ea00000, 0x000000008eb00000, 0x000000008eb00000|100%| E|CS|TAMS 0x000000008ea00000| PB 0x000000008ea00000| Complete 
| 235|0x000000008eb00000, 0x000000008ec00000, 0x000000008ec00000|100%| E|CS|TAMS 0x000000008eb00000| PB 0x000000008eb00000| Complete 
| 236|0x000000008ec00000, 0x000000008ed00000, 0x000000008ed00000|100%| E|CS|TAMS 0x000000008ec00000| PB 0x000000008ec00000| Complete 
| 237|0x000000008ed00000, 0x000000008ee00000, 0x000000008ee00000|100%| E|CS|TAMS 0x000000008ed00000| PB 0x000000008ed00000| Complete 
| 238|0x000000008ee00000, 0x000000008ef00000, 0x000000008ef00000|100%| E|CS|TAMS 0x000000008ee00000| PB 0x000000008ee00000| Complete 
| 239|0x000000008ef00000, 0x000000008f000000, 0x000000008f000000|100%| E|CS|TAMS 0x000000008ef00000| PB 0x000000008ef00000| Complete 
| 240|0x000000008f000000, 0x000000008f100000, 0x000000008f100000|100%| E|CS|TAMS 0x000000008f000000| PB 0x000000008f000000| Complete 
| 241|0x000000008f100000, 0x000000008f200000, 0x000000008f200000|100%| E|CS|TAMS 0x000000008f100000| PB 0x000000008f100000| Complete 
| 242|0x000000008f200000, 0x000000008f300000, 0x000000008f300000|100%| E|CS|TAMS 0x000000008f200000| PB 0x000000008f200000| Complete 
| 243|0x000000008f300000, 0x000000008f400000, 0x000000008f400000|100%| E|CS|TAMS 0x000000008f300000| PB 0x000000008f300000| Complete 
| 244|0x000000008f400000, 0x000000008f500000, 0x000000008f500000|100%| E|CS|TAMS 0x000000008f400000| PB 0x000000008f400000| Complete 
| 245|0x000000008f500000, 0x000000008f600000, 0x000000008f600000|100%| E|CS|TAMS 0x000000008f500000| PB 0x000000008f500000| Complete 
| 246|0x000000008f600000, 0x000000008f700000, 0x000000008f700000|100%| E|CS|TAMS 0x000000008f600000| PB 0x000000008f600000| Complete 
| 247|0x000000008f700000, 0x000000008f800000, 0x000000008f800000|100%| E|CS|TAMS 0x000000008f700000| PB 0x000000008f700000| Complete 
| 248|0x000000008f800000, 0x000000008f900000, 0x000000008f900000|100%| E|CS|TAMS 0x000000008f800000| PB 0x000000008f800000| Complete 
| 249|0x000000008f900000, 0x000000008fa00000, 0x000000008fa00000|100%| E|CS|TAMS 0x000000008f900000| PB 0x000000008f900000| Complete 
| 250|0x000000008fa00000, 0x000000008fb00000, 0x000000008fb00000|100%| E|CS|TAMS 0x000000008fa00000| PB 0x000000008fa00000| Complete 
| 251|0x000000008fb00000, 0x000000008fc00000, 0x000000008fc00000|100%| E|CS|TAMS 0x000000008fb00000| PB 0x000000008fb00000| Complete 

Card table byte_map: [0x00000250efb40000,0x00000250eff40000] _byte_map_base: 0x00000250ef740000

Marking Bits: (CMBitMap*) 0x00000250d45ae580
 Bits: [0x00000250eff40000, 0x00000250f1f40000)

Polling page: 0x00000250d4700000

Metaspace:

Usage:
  Non-class:     14.74 MB used.
      Class:      2.31 MB used.
       Both:     17.06 MB used.

Virtual space:
  Non-class space:       64.00 MB reserved,      15.00 MB ( 23%) committed,  1 nodes.
      Class space:      624.00 MB reserved,       2.56 MB ( <1%) committed,  1 nodes.
             Both:      688.00 MB reserved,      17.56 MB (  3%) committed. 

Chunk freelists:
   Non-Class:  944.00 KB
       Class:  13.38 MB
        Both:  14.30 MB

MaxMetaspaceSize: 768.00 MB
CompressedClassSpaceSize: 624.00 MB
Initial GC threshold: 21.00 MB
Current GC threshold: 21.00 MB
CDS: on
 - commit_granule_bytes: 65536.
 - commit_granule_words: 8192.
 - virtual_space_node_default_size: 8388608.
 - enlarge_chunks_in_place: 1.
 - use_allocation_guard: 0.


Internal statistics:

num_allocs_failed_limit: 0.
num_arena_births: 698.
num_arena_deaths: 0.
num_vsnodes_births: 2.
num_vsnodes_deaths: 0.
num_space_committed: 281.
num_space_uncommitted: 0.
num_chunks_returned_to_freelist: 0.
num_chunks_taken_from_freelist: 1327.
num_chunk_merges: 0.
num_chunk_splits: 852.
num_chunks_enlarged: 572.
num_inconsistent_stats: 0.

CodeHeap 'non-profiled nmethods': size=127360Kb used=1406Kb max_used=1406Kb free=125953Kb
 bounds [0x00000250e7040000, 0x00000250e72b0000, 0x00000250eeca0000]
CodeHeap 'profiled nmethods': size=127296Kb used=6221Kb max_used=6221Kb free=121074Kb
 bounds [0x00000250deca0000, 0x00000250df2c0000, 0x00000250e68f0000]
CodeHeap 'non-nmethods': size=7488Kb used=3179Kb max_used=3194Kb free=4308Kb
 bounds [0x00000250e68f0000, 0x00000250e6c20000, 0x00000250e7040000]
 total_blobs=3611 nmethods=3044 adapters=468
 compilation: enabled
              stopped_count=0, restarted_count=0
 full_count=0

Compilation events (20 events):
Event: 1.710 Thread 0x00000250f435a6a0 3040       3       java.lang.invoke.Invokers::cachedInvoker (7 bytes)
Event: 1.710 Thread 0x00000250f4358490 nmethod 3043 0x00000250df2abe10 code [0x00000250df2ac000, 0x00000250df2ac4c0]
Event: 1.710 Thread 0x00000250f4359900 nmethod 3038 0x00000250df2ac610 code [0x00000250df2ac7c0, 0x00000250df2ac900]
Event: 1.710 Thread 0x00000250f4357dc0 3020       4       jdk.internal.org.objectweb.asm.SymbolTable::addConstantMemberReference (147 bytes)
Event: 1.710 Thread 0x00000250f435a6a0 nmethod 3040 0x00000250df2ac990 code [0x00000250df2acb20, 0x00000250df2acc58]
Event: 1.710 Thread 0x00000250f4358490 3039       3       java.lang.invoke.LambdaForm$Name::<init> (99 bytes)
Event: 1.711 Thread 0x00000250f4358490 nmethod 3039 0x00000250df2acd10 code [0x00000250df2acec0, 0x00000250df2ad1d0]
Event: 1.712 Thread 0x00000250f435ad70 nmethod 3041 0x00000250df2ad290 code [0x00000250df2ad720, 0x00000250df2b0270]
Event: 1.712 Thread 0x00000250f4359fd0 nmethod 2985 0x00000250e719d490 code [0x00000250e719d740, 0x00000250e719e6f0]
Event: 1.712 Thread 0x00000250f4359fd0 3012       4       jdk.internal.org.objectweb.asm.MethodWriter::visitEnd (1 bytes)
Event: 1.712 Thread 0x00000250f4359fd0 nmethod 3012 0x00000250e719f090 code [0x00000250e719f220, 0x00000250e719f2a8]
Event: 1.712 Thread 0x00000250f4359fd0 2983       4       java.lang.invoke.MethodType::makeImpl (109 bytes)
Event: 1.712 Thread 0x00000250f435ad70 3046       3       java.util.List::of (64 bytes)
Event: 1.712 Thread 0x00000250f435a6a0 3047       3       java.util.ImmutableCollections$AbstractImmutableList::<init> (5 bytes)
Event: 1.712 Thread 0x00000250f435a6a0 nmethod 3047 0x00000250df2b1410 code [0x00000250df2b15c0, 0x00000250df2b17e8]
Event: 1.712 Thread 0x00000250f435ad70 nmethod 3046 0x00000250df2b1910 code [0x00000250df2b1ba0, 0x00000250df2b2840]
Event: 1.712 Thread 0x00000250f435ad70 3049       3       java.lang.invoke.LambdaFormBuffer::insertParameter (30 bytes)
Event: 1.713 Thread 0x00000250f435ad70 nmethod 3049 0x00000250df2b2c90 code [0x00000250df2b2e40, 0x00000250df2b2f98]
Event: 1.713 Thread 0x00000250f4359900 3053       3       java.util.ArrayList::clear (43 bytes)
Event: 1.713 Thread 0x00000250f4359900 nmethod 3053 0x00000250df2b3090 code [0x00000250df2b3240, 0x00000250df2b35b8]

GC Heap History (6 events):
Event: 0.212 GC heap before
{Heap before GC invocations=0 (full 0):
 garbage-first heap   total 258048K, used 22528K [0x0000000080000000, 0x0000000100000000)
  region size 1024K, 23 young (23552K), 0 survivors (0K)
 Metaspace       used 931K, committed 1088K, reserved 704512K
  class space    used 69K, committed 128K, reserved 638976K
}
Event: 0.214 GC heap after
{Heap after GC invocations=1 (full 0):
 garbage-first heap   total 258048K, used 1664K [0x0000000080000000, 0x0000000100000000)
  region size 1024K, 2 young (2048K), 2 survivors (2048K)
 Metaspace       used 931K, committed 1088K, reserved 704512K
  class space    used 69K, committed 128K, reserved 638976K
}
Event: 0.581 GC heap before
{Heap before GC invocations=1 (full 0):
 garbage-first heap   total 258048K, used 40576K [0x0000000080000000, 0x0000000100000000)
  region size 1024K, 38 young (38912K), 2 survivors (2048K)
 Metaspace       used 4453K, committed 4672K, reserved 704512K
  class space    used 541K, committed 640K, reserved 638976K
}
Event: 0.585 GC heap after
{Heap after GC invocations=2 (full 0):
 garbage-first heap   total 258048K, used 10974K [0x0000000080000000, 0x0000000100000000)
  region size 1024K, 5 young (5120K), 5 survivors (5120K)
 Metaspace       used 4453K, committed 4672K, reserved 704512K
  class space    used 541K, committed 640K, reserved 638976K
}
Event: 0.883 GC heap before
{Heap before GC invocations=2 (full 0):
 garbage-first heap   total 258048K, used 64222K [0x0000000080000000, 0x0000000100000000)
  region size 1024K, 55 young (56320K), 5 survivors (5120K)
 Metaspace       used 5654K, committed 5824K, reserved 704512K
  class space    used 738K, committed 832K, reserved 638976K
}
Event: 0.887 GC heap after
{Heap after GC invocations=3 (full 0):
 garbage-first heap   total 258048K, used 16947K [0x0000000080000000, 0x0000000100000000)
  region size 1024K, 5 young (5120K), 5 survivors (5120K)
 Metaspace       used 5654K, committed 5824K, reserved 704512K
  class space    used 738K, committed 832K, reserved 638976K
}

Dll operation events (15 events):
Event: 0.007 Loaded shared library C:\Program Files\Java\jdk-21\bin\java.dll
Event: 0.029 Loaded shared library C:\Program Files\Java\jdk-21\bin\jsvml.dll
Event: 0.053 Loaded shared library C:\Program Files\Java\jdk-21\bin\zip.dll
Event: 0.055 Loaded shared library C:\Program Files\Java\jdk-21\bin\instrument.dll
Event: 0.058 Loaded shared library C:\Program Files\Java\jdk-21\bin\net.dll
Event: 0.060 Loaded shared library C:\Program Files\Java\jdk-21\bin\nio.dll
Event: 0.062 Loaded shared library C:\Program Files\Java\jdk-21\bin\zip.dll
Event: 0.200 Loaded shared library C:\Program Files\Java\jdk-21\bin\jimage.dll
Event: 0.275 Loaded shared library C:\Program Files\Java\jdk-21\bin\verify.dll
Event: 0.349 Loaded shared library C:\Users\danuk\.gradle\native\1def1411415f61bf3af743bc5b6707747c0891f09f0c88961ee8f79bc544acac\windows-amd64\native-platform.dll
Event: 0.356 Loaded shared library C:\Users\danuk\.gradle\native\0.2.7\x86_64-windows-gnu\gradle-fileevents.dll
Event: 0.942 Loaded shared library C:\Program Files\Java\jdk-21\bin\management.dll
Event: 0.943 Loaded shared library C:\Program Files\Java\jdk-21\bin\management_ext.dll
Event: 1.015 Loaded shared library C:\Program Files\Java\jdk-21\bin\extnet.dll
Event: 1.152 Loaded shared library C:\Program Files\Java\jdk-21\bin\sunmscapi.dll

Deoptimization events (20 events):
Event: 1.332 Thread 0x00000250fb4f4c80 DEOPT PACKING pc=0x00000250e70dee18 sp=0x000000720ebfb840
Event: 1.332 Thread 0x00000250fb4f4c80 DEOPT UNPACKING pc=0x00000250e69446a2 sp=0x000000720ebfb7a8 mode 2
Event: 1.475 Thread 0x00000250fa703340 Uncommon trap: trap_request=0xffffff45 fr.pc=0x00000250e713e09c relative=0x000000000000017c
Event: 1.475 Thread 0x00000250fa703340 Uncommon trap: reason=unstable_if action=reinterpret pc=0x00000250e713e09c method=java.util.concurrent.locks.ReentrantLock$NonfairSync.initialTryLock()Z @ 25 c2
Event: 1.475 Thread 0x00000250fa703340 DEOPT PACKING pc=0x00000250e713e09c sp=0x000000720f0ff3a0
Event: 1.475 Thread 0x00000250fa703340 DEOPT UNPACKING pc=0x00000250e69446a2 sp=0x000000720f0ff340 mode 2
Event: 1.592 Thread 0x00000250fb4f4c80 DEOPT PACKING pc=0x00000250ded9805f sp=0x000000720ebfa9b0
Event: 1.592 Thread 0x00000250fb4f4c80 DEOPT UNPACKING pc=0x00000250e6944e42 sp=0x000000720ebf9e48 mode 0
Event: 1.619 Thread 0x00000250fb4f4c80 Uncommon trap: trap_request=0xffffff45 fr.pc=0x00000250e70662ac relative=0x0000000000000d2c
Event: 1.619 Thread 0x00000250fb4f4c80 Uncommon trap: reason=unstable_if action=reinterpret pc=0x00000250e70662ac method=java.io.WinNTFileSystem.resolve(Ljava/lang/String;Ljava/lang/String;)Ljava/lang/String; @ 19 c2
Event: 1.619 Thread 0x00000250fb4f4c80 DEOPT PACKING pc=0x00000250e70662ac sp=0x000000720ebfb3d0
Event: 1.619 Thread 0x00000250fb4f4c80 DEOPT UNPACKING pc=0x00000250e69446a2 sp=0x000000720ebfb368 mode 2
Event: 1.620 Thread 0x00000250fb4f4c80 Uncommon trap: trap_request=0xffffff45 fr.pc=0x00000250e7072b80 relative=0x0000000000000620
Event: 1.620 Thread 0x00000250fb4f4c80 Uncommon trap: reason=unstable_if action=reinterpret pc=0x00000250e7072b80 method=java.io.File.getName()Ljava/lang/String; @ 16 c2
Event: 1.620 Thread 0x00000250fb4f4c80 DEOPT PACKING pc=0x00000250e7072b80 sp=0x000000720ebfb390
Event: 1.620 Thread 0x00000250fb4f4c80 DEOPT UNPACKING pc=0x00000250e69446a2 sp=0x000000720ebfb360 mode 2
Event: 1.659 Thread 0x00000250fb4f4c80 Uncommon trap: trap_request=0xffffff45 fr.pc=0x00000250e706a214 relative=0x00000000000000f4
Event: 1.659 Thread 0x00000250fb4f4c80 Uncommon trap: reason=unstable_if action=reinterpret pc=0x00000250e706a214 method=java.util.HashMap.hash(Ljava/lang/Object;)I @ 1 c2
Event: 1.659 Thread 0x00000250fb4f4c80 DEOPT PACKING pc=0x00000250e706a214 sp=0x000000720ebfc430
Event: 1.659 Thread 0x00000250fb4f4c80 DEOPT UNPACKING pc=0x00000250e69446a2 sp=0x000000720ebfc370 mode 2

Classes loaded (20 events):
Event: 1.701 Loading class java/lang/invoke/BoundMethodHandle$Species_LLLLLLLLLLLLLLL
Event: 1.701 Loading class java/lang/invoke/BoundMethodHandle$Species_LLLLLLLLLLLLLLL done
Event: 1.702 Loading class java/lang/invoke/BoundMethodHandle$Species_LLLLLLLLLLLLLLLL
Event: 1.702 Loading class java/lang/invoke/BoundMethodHandle$Species_LLLLLLLLLLLLLLLL done
Event: 1.703 Loading class java/lang/invoke/BoundMethodHandle$Species_LLLLLLLLLLLLLLLLL
Event: 1.703 Loading class java/lang/invoke/BoundMethodHandle$Species_LLLLLLLLLLLLLLLLL done
Event: 1.703 Loading class java/lang/invoke/BoundMethodHandle$Species_LLLLLLLLLLLLLLLLLL
Event: 1.703 Loading class java/lang/invoke/BoundMethodHandle$Species_LLLLLLLLLLLLLLLLLL done
Event: 1.705 Loading class java/lang/invoke/BoundMethodHandle$Species_LLLLLLLLLLLLLLLLLLL
Event: 1.705 Loading class java/lang/invoke/BoundMethodHandle$Species_LLLLLLLLLLLLLLLLLLL done
Event: 1.706 Loading class java/lang/invoke/BoundMethodHandle$Species_LLLLLLLLLLLLLLLLLLLL
Event: 1.706 Loading class java/lang/invoke/BoundMethodHandle$Species_LLLLLLLLLLLLLLLLLLLL done
Event: 1.707 Loading class java/lang/invoke/BoundMethodHandle$Species_LLLLLLLLLLLLLLLLLLLLL
Event: 1.707 Loading class java/lang/invoke/BoundMethodHandle$Species_LLLLLLLLLLLLLLLLLLLLL done
Event: 1.709 Loading class java/lang/invoke/BoundMethodHandle$Species_LLLLLLLLLLLLLLLLLLLLLL
Event: 1.709 Loading class java/lang/invoke/BoundMethodHandle$Species_LLLLLLLLLLLLLLLLLLLLLL done
Event: 1.710 Loading class java/lang/invoke/BoundMethodHandle$Species_LLLLLLLLLLLLLLLLLLLLLLL
Event: 1.710 Loading class java/lang/invoke/BoundMethodHandle$Species_LLLLLLLLLLLLLLLLLLLLLLL done
Event: 1.712 Loading class java/lang/invoke/BoundMethodHandle$Species_LLLLLLLLLLLLLLLLLLLLLLLL
Event: 1.712 Loading class java/lang/invoke/BoundMethodHandle$Species_LLLLLLLLLLLLLLLLLLLLLLLL done

Classes unloaded (0 events):
No events

Classes redefined (0 events):
No events

Internal exceptions (20 events):
Event: 1.616 Thread 0x00000250fb4f4c80 Exception <a 'java/lang/NoSuchMethodError'{0x000000008cbf73c0}: 'java.lang.Object java.lang.invoke.DirectMethodHandle$Holder.invokeVirtual(java.lang.Object, java.lang.Object, java.lang.Object, java.lang.Object, java.lang.Object, java.lang.Object, java.lang.Object, java.lang.Object, java.lang.Object, java.lang.Object)'> (0x000000008cbf73c0) 
thrown [s\open\src\hotspot\share\interpreter\linkResolver.cpp, line 773]
Event: 1.625 Thread 0x00000250fb4f4c80 Exception <a 'java/lang/NoSuchMethodError'{0x000000008ca8d2b8}: 'void java.lang.invoke.DirectMethodHandle$Holder.invokeStatic(java.lang.Object, java.lang.Object, java.lang.Object, java.lang.Object)'> (0x000000008ca8d2b8) 
thrown [s\open\src\hotspot\share\interpreter\linkResolver.cpp, line 773]
Event: 1.625 Thread 0x00000250fb4f4c80 Exception <a 'java/lang/NoSuchMethodError'{0x000000008ca91040}: 'void java.lang.invoke.DirectMethodHandle$Holder.invokeStaticInit(java.lang.Object, java.lang.Object, java.lang.Object, java.lang.Object)'> (0x000000008ca91040) 
thrown [s\open\src\hotspot\share\interpreter\linkResolver.cpp, line 773]
Event: 1.632 Thread 0x00000250fb4f4c80 Exception <a 'java/lang/NoSuchMethodError'{0x000000008cae6800}: 'java.lang.Object java.lang.invoke.DirectMethodHandle$Holder.invokeInterface(java.lang.Object, java.lang.Object, java.lang.Object)'> (0x000000008cae6800) 
thrown [s\open\src\hotspot\share\interpreter\linkResolver.cpp, line 773]
Event: 1.644 Thread 0x00000250fb4f4c80 Exception <a 'java/lang/NoSuchMethodError'{0x000000008c9ef788}: 'int java.lang.invoke.DirectMethodHandle$Holder.invokeSpecialIFC(java.lang.Object, java.lang.Object, java.lang.Object, java.lang.Object)'> (0x000000008c9ef788) 
thrown [s\open\src\hotspot\share\interpreter\linkResolver.cpp, line 773]
Event: 1.645 Thread 0x00000250fb4f4c80 Exception <a 'java/lang/IncompatibleClassChangeError'{0x000000008c9fca18}: Found class java.lang.Object, but interface was expected> (0x000000008c9fca18) 
thrown [s\open\src\hotspot\share\interpreter\linkResolver.cpp, line 840]
Event: 1.659 Thread 0x00000250fb4f4c80 Implicit null exception at 0x00000250e706a166 to 0x00000250e706a20a
Event: 1.673 Thread 0x00000250fb4f4c80 Exception <a 'java/lang/NoSuchMethodError'{0x000000008c6000b0}: 'int java.lang.invoke.DirectMethodHandle$Holder.invokeStatic(java.lang.Object, java.lang.Object, java.lang.Object, java.lang.Object)'> (0x000000008c6000b0) 
thrown [s\open\src\hotspot\share\interpreter\linkResolver.cpp, line 773]
Event: 1.698 Thread 0x00000250fb4f4c80 Exception <a 'java/lang/NoSuchMethodError'{0x000000008bf8a030}: 'java.lang.Object java.lang.invoke.DelegatingMethodHandle$Holder.reinvoke_L(java.lang.Object, java.lang.Object, java.lang.Object, java.lang.Object, java.lang.Object, java.lang.Object, java.lang.Object, java.lang.Object, java.lang.Object, java.lang.Object, java.lang.Object, java.lang.Object, java.lang.Object, java.lang.Object, java.lang.Object, java.lang.Object, java.lang.Object, java.lang.Object, java.lang.Object, java.lang.Object, java.lang.O
Event: 1.700 Thread 0x00000250fb4f4c80 Exception <a 'java/lang/NoSuchMethodError'{0x000000008bff7a50}: 'java.lang.Object java.lang.invoke.DirectMethodHandle$Holder.invokeStatic(java.lang.Object, java.lang.Object, java.lang.Object, java.lang.Object, java.lang.Object, java.lang.Object, java.lang.Object, java.lang.Object, java.lang.Object, java.lang.Object, java.lang.Object, java.lang.Object, java.lang.Object, java.lang.Object, java.lang.Object, java.lang.Object, java.lang.Object)'> (0x000000008bff7a50) 
thrown [s\open\src\hotspot\share\interprete
Event: 1.701 Thread 0x00000250fb4f4c80 Exception <a 'java/lang/NoSuchMethodError'{0x000000008be208b8}: 'java.lang.Object java.lang.invoke.DirectMethodHandle$Holder.invokeStatic(java.lang.Object, java.lang.Object, java.lang.Object, java.lang.Object, java.lang.Object, java.lang.Object, java.lang.Object, java.lang.Object, java.lang.Object, java.lang.Object, java.lang.Object, java.lang.Object, java.lang.Object, java.lang.Object, java.lang.Object, java.lang.Object, java.lang.Object, java.lang.Object)'> (0x000000008be208b8) 
thrown [s\open\src\hotspo
Event: 1.702 Thread 0x00000250fb4f4c80 Exception <a 'java/lang/NoSuchMethodError'{0x000000008be4a580}: 'java.lang.Object java.lang.invoke.DirectMethodHandle$Holder.invokeStatic(java.lang.Object, java.lang.Object, java.lang.Object, java.lang.Object, java.lang.Object, java.lang.Object, java.lang.Object, java.lang.Object, java.lang.Object, java.lang.Object, java.lang.Object, java.lang.Object, java.lang.Object, java.lang.Object, java.lang.Object, java.lang.Object, java.lang.Object, java.lang.Object, java.lang.Object)'> (0x000000008be4a580) 
thrown 
Event: 1.703 Thread 0x00000250fb4f4c80 Exception <a 'java/lang/NoSuchMethodError'{0x000000008be75628}: 'java.lang.Object java.lang.invoke.DirectMethodHandle$Holder.invokeStatic(java.lang.Object, java.lang.Object, java.lang.Object, java.lang.Object, java.lang.Object, java.lang.Object, java.lang.Object, java.lang.Object, java.lang.Object, java.lang.Object, java.lang.Object, java.lang.Object, java.lang.Object, java.lang.Object, java.lang.Object, java.lang.Object, java.lang.Object, java.lang.Object, java.lang.Object, java.lang.Object)'> (0x00000000
Event: 1.704 Thread 0x00000250fb4f4c80 Exception <a 'java/lang/NoSuchMethodError'{0x000000008bea1b18}: 'java.lang.Object java.lang.invoke.DirectMethodHandle$Holder.invokeStatic(java.lang.Object, java.lang.Object, java.lang.Object, java.lang.Object, java.lang.Object, java.lang.Object, java.lang.Object, java.lang.Object, java.lang.Object, java.lang.Object, java.lang.Object, java.lang.Object, java.lang.Object, java.lang.Object, java.lang.Object, java.lang.Object, java.lang.Object, java.lang.Object, java.lang.Object, java.lang.Object, java.lang.Obj
Event: 1.705 Thread 0x00000250fb4f4c80 Exception <a 'java/lang/NoSuchMethodError'{0x000000008becef80}: 'java.lang.Object java.lang.invoke.DirectMethodHandle$Holder.invokeStatic(java.lang.Object, java.lang.Object, java.lang.Object, java.lang.Object, java.lang.Object, java.lang.Object, java.lang.Object, java.lang.Object, java.lang.Object, java.lang.Object, java.lang.Object, java.lang.Object, java.lang.Object, java.lang.Object, java.lang.Object, java.lang.Object, java.lang.Object, java.lang.Object, java.lang.Object, java.lang.Object, java.lang.Obj
Event: 1.707 Thread 0x00000250fb4f4c80 Exception <a 'java/lang/NoSuchMethodError'{0x000000008befd468}: 'java.lang.Object java.lang.invoke.DirectMethodHandle$Holder.invokeStatic(java.lang.Object, java.lang.Object, java.lang.Object, java.lang.Object, java.lang.Object, java.lang.Object, java.lang.Object, java.lang.Object, java.lang.Object, java.lang.Object, java.lang.Object, java.lang.Object, java.lang.Object, java.lang.Object, java.lang.Object, java.lang.Object, java.lang.Object, java.lang.Object, java.lang.Object, java.lang.Object, java.lang.Obj
Event: 1.708 Thread 0x00000250fb4f4c80 Exception <a 'java/lang/NoSuchMethodError'{0x000000008bd2cd08}: 'java.lang.Object java.lang.invoke.DirectMethodHandle$Holder.invokeStatic(java.lang.Object, java.lang.Object, java.lang.Object, java.lang.Object, java.lang.Object, java.lang.Object, java.lang.Object, java.lang.Object, java.lang.Object, java.lang.Object, java.lang.Object, java.lang.Object, java.lang.Object, java.lang.Object, java.lang.Object, java.lang.Object, java.lang.Object, java.lang.Object, java.lang.Object, java.lang.Object, java.lang.Obj
Event: 1.709 Thread 0x00000250fb4f4c80 Exception <a 'java/lang/NoSuchMethodError'{0x000000008bd5ce00}: 'java.lang.Object java.lang.invoke.DirectMethodHandle$Holder.invokeStatic(java.lang.Object, java.lang.Object, java.lang.Object, java.lang.Object, java.lang.Object, java.lang.Object, java.lang.Object, java.lang.Object, java.lang.Object, java.lang.Object, java.lang.Object, java.lang.Object, java.lang.Object, java.lang.Object, java.lang.Object, java.lang.Object, java.lang.Object, java.lang.Object, java.lang.Object, java.lang.Object, java.lang.Obj
Event: 1.711 Thread 0x00000250fb4f4c80 Exception <a 'java/lang/NoSuchMethodError'{0x000000008bd8dea0}: 'java.lang.Object java.lang.invoke.DirectMethodHandle$Holder.invokeStatic(java.lang.Object, java.lang.Object, java.lang.Object, java.lang.Object, java.lang.Object, java.lang.Object, java.lang.Object, java.lang.Object, java.lang.Object, java.lang.Object, java.lang.Object, java.lang.Object, java.lang.Object, java.lang.Object, java.lang.Object, java.lang.Object, java.lang.Object, java.lang.Object, java.lang.Object, java.lang.Object, java.lang.Obj
Event: 1.712 Thread 0x00000250fb4f4c80 Exception <a 'java/lang/NoSuchMethodError'{0x000000008bdc0240}: 'java.lang.Object java.lang.invoke.DirectMethodHandle$Holder.invokeStatic(java.lang.Object, java.lang.Object, java.lang.Object, java.lang.Object, java.lang.Object, java.lang.Object, java.lang.Object, java.lang.Object, java.lang.Object, java.lang.Object, java.lang.Object, java.lang.Object, java.lang.Object, java.lang.Object, java.lang.Object, java.lang.Object, java.lang.Object, java.lang.Object, java.lang.Object, java.lang.Object, java.lang.Obj

ZGC Phase Switch (0 events):
No events

VM Operations (20 events):
Event: 1.013 Executing VM operation: HandshakeAllThreads (Deoptimize)
Event: 1.013 Executing VM operation: HandshakeAllThreads (Deoptimize) done
Event: 1.022 Executing VM operation: HandshakeAllThreads (Deoptimize)
Event: 1.022 Executing VM operation: HandshakeAllThreads (Deoptimize) done
Event: 1.047 Executing VM operation: HandshakeAllThreads (Deoptimize)
Event: 1.047 Executing VM operation: HandshakeAllThreads (Deoptimize) done
Event: 1.071 Executing VM operation: HandshakeAllThreads (Deoptimize)
Event: 1.071 Executing VM operation: HandshakeAllThreads (Deoptimize) done
Event: 1.159 Executing VM operation: HandshakeAllThreads (Deoptimize)
Event: 1.159 Executing VM operation: HandshakeAllThreads (Deoptimize) done
Event: 1.208 Executing VM operation: ICBufferFull
Event: 1.208 Executing VM operation: ICBufferFull done
Event: 1.470 Executing VM operation: HandshakeAllThreads (Deoptimize)
Event: 1.470 Executing VM operation: HandshakeAllThreads (Deoptimize) done
Event: 1.646 Executing VM operation: ICBufferFull
Event: 1.646 Executing VM operation: ICBufferFull done
Event: 1.717 Executing VM operation: HandshakeAllThreads (Deoptimize)
Event: 1.717 Executing VM operation: HandshakeAllThreads (Deoptimize) done
Event: 1.717 Executing VM operation: HandshakeAllThreads (Deoptimize)
Event: 1.717 Executing VM operation: HandshakeAllThreads (Deoptimize) done

Events (20 events):
Event: 0.286 Thread 0x00000250f4359900 Thread added: 0x00000250f4359900
Event: 0.965 Thread 0x00000250fb1e4cc0 Thread added: 0x00000250fb1e4cc0
Event: 1.080 Thread 0x00000250fb2c5c10 Thread added: 0x00000250fb2c5c10
Event: 1.128 Thread 0x00000250fb207930 Thread added: 0x00000250fb207930
Event: 1.177 Thread 0x00000250fb4514d0 Thread added: 0x00000250fb4514d0
Event: 1.179 Thread 0x00000250fb27c810 Thread added: 0x00000250fb27c810
Event: 1.218 Thread 0x00000250fb41b9d0 Thread added: 0x00000250fb41b9d0
Event: 1.224 Thread 0x00000250fb4f4c80 Thread added: 0x00000250fb4f4c80
Event: 1.230 Thread 0x00000250fb41d360 Thread added: 0x00000250fb41d360
Event: 1.233 Thread 0x00000250fa701900 Thread added: 0x00000250fa701900
Event: 1.235 Thread 0x00000250fa702cb0 Thread added: 0x00000250fa702cb0
Event: 1.471 Thread 0x00000250fa7039d0 Thread added: 0x00000250fa7039d0
Event: 1.475 Thread 0x00000250fa703340 Thread added: 0x00000250fa703340
Event: 1.567 Thread 0x00000250f435b440 Thread exited: 0x00000250f435b440
Event: 1.584 Thread 0x00000250f4359230 Thread exited: 0x00000250f4359230
Event: 1.586 Thread 0x00000250f4358b60 Thread exited: 0x00000250f4358b60
Event: 1.598 Thread 0x00000250fa700be0 Thread added: 0x00000250fa700be0
Event: 1.609 Thread 0x00000250fa701270 Thread added: 0x00000250fa701270
Event: 1.617 Thread 0x00000250f4359fd0 Thread added: 0x00000250f4359fd0
Event: 1.710 Thread 0x00000250f4357dc0 Thread added: 0x00000250f4357dc0


Dynamic libraries:
0x00007ff635480000 - 0x00007ff635490000 	C:\Program Files\Java\jdk-21\bin\java.exe
0x00007ff8e3e60000 - 0x00007ff8e40c7000 	C:\WINDOWS\SYSTEM32\ntdll.dll
0x00007ff8e34e0000 - 0x00007ff8e35a9000 	C:\WINDOWS\System32\KERNEL32.DLL
0x00007ff8e0c00000 - 0x00007ff8e0ff4000 	C:\WINDOWS\System32\KERNELBASE.dll
0x00007ff8dd720000 - 0x00007ff8dd7bf000 	C:\WINDOWS\SYSTEM32\apphelp.dll
0x00007ff8e0ab0000 - 0x00007ff8e0bfb000 	C:\WINDOWS\System32\ucrtbase.dll
0x00007ff8ad0c0000 - 0x00007ff8ad0db000 	C:\Program Files\Java\jdk-21\bin\VCRUNTIME140.dll
0x00007ff8acd60000 - 0x00007ff8acd79000 	C:\Program Files\Java\jdk-21\bin\jli.dll
0x00007ff8e20f0000 - 0x00007ff8e21a6000 	C:\WINDOWS\System32\ADVAPI32.dll
0x00007ff8e2290000 - 0x00007ff8e2339000 	C:\WINDOWS\System32\msvcrt.dll
0x00007ff8e38d0000 - 0x00007ff8e3977000 	C:\WINDOWS\System32\sechost.dll
0x00007ff8e2d90000 - 0x00007ff8e2ea8000 	C:\WINDOWS\System32\RPCRT4.dll
0x00007ff8e35b0000 - 0x00007ff8e3775000 	C:\WINDOWS\System32\USER32.dll
0x00007ff8e1bc0000 - 0x00007ff8e1be7000 	C:\WINDOWS\System32\win32u.dll
0x00007ff8c7380000 - 0x00007ff8c7613000 	C:\WINDOWS\WinSxS\amd64_microsoft.windows.common-controls_6595b64144ccf1df_6.0.26100.8115_none_3e075c82e3354f9c\COMCTL32.dll
0x00007ff8e3890000 - 0x00007ff8e38bb000 	C:\WINDOWS\System32\GDI32.dll
0x00007ff8e1220000 - 0x00007ff8e134b000 	C:\WINDOWS\System32\gdi32full.dll
0x00007ff8e1170000 - 0x00007ff8e1213000 	C:\WINDOWS\System32\msvcp_win.dll
0x00007ff8d8610000 - 0x00007ff8d861b000 	C:\WINDOWS\SYSTEM32\VERSION.dll
0x00007ff8e3050000 - 0x00007ff8e3082000 	C:\WINDOWS\System32\IMM32.DLL
0x00007ff8d7d20000 - 0x00007ff8d7d2c000 	C:\Program Files\Java\jdk-21\bin\vcruntime140_1.dll
0x00007ff8a4790000 - 0x00007ff8a481e000 	C:\Program Files\Java\jdk-21\bin\msvcp140.dll
0x00007ff802af0000 - 0x00007ff80380a000 	C:\Program Files\Java\jdk-21\bin\server\jvm.dll
0x00007ff8e1e20000 - 0x00007ff8e1ea0000 	C:\WINDOWS\System32\WS2_32.dll
0x00007ff8df310000 - 0x00007ff8df36e000 	C:\WINDOWS\SYSTEM32\POWRPROF.dll
0x00007ff8d3720000 - 0x00007ff8d3756000 	C:\WINDOWS\SYSTEM32\WINMM.dll
0x00007ff8df2f0000 - 0x00007ff8df304000 	C:\WINDOWS\SYSTEM32\UMPDC.dll
0x00007ff8df5e0000 - 0x00007ff8df5fb000 	C:\WINDOWS\SYSTEM32\kernel.appcore.dll
0x00007ff8d7240000 - 0x00007ff8d724a000 	C:\Program Files\Java\jdk-21\bin\jimage.dll
0x00007ff8de710000 - 0x00007ff8de952000 	C:\WINDOWS\SYSTEM32\DBGHELP.DLL
0x00007ff8e3150000 - 0x00007ff8e34d2000 	C:\WINDOWS\System32\combase.dll
0x00007ff8e21b0000 - 0x00007ff8e2288000 	C:\WINDOWS\System32\OLEAUT32.dll
0x00007ff8bc970000 - 0x00007ff8bc9ab000 	C:\WINDOWS\SYSTEM32\dbgcore.DLL
0x00007ff8e0730000 - 0x00007ff8e07d5000 	C:\WINDOWS\System32\bcryptPrimitives.dll
0x00007ff8aa120000 - 0x00007ff8aa12f000 	C:\Program Files\Java\jdk-21\bin\instrument.dll
0x00007ff8ac880000 - 0x00007ff8ac89f000 	C:\Program Files\Java\jdk-21\bin\java.dll
0x00007ff8e24a0000 - 0x00007ff8e2c07000 	C:\WINDOWS\System32\SHELL32.dll
0x00007ff8e1000000 - 0x00007ff8e116a000 	C:\WINDOWS\System32\wintypes.dll
0x00007ff8e1350000 - 0x00007ff8e1bb8000 	C:\WINDOWS\System32\windows.storage.dll
0x00007ff8e2c10000 - 0x00007ff8e2d08000 	C:\WINDOWS\System32\SHCORE.dll
0x00007ff8e1c50000 - 0x00007ff8e1cb6000 	C:\WINDOWS\System32\shlwapi.dll
0x00007ff8e0650000 - 0x00007ff8e0679000 	C:\WINDOWS\SYSTEM32\profapi.dll
0x00007ff887d70000 - 0x00007ff887e47000 	C:\Program Files\Java\jdk-21\bin\jsvml.dll
0x00007ff8a4c20000 - 0x00007ff8a4c38000 	C:\Program Files\Java\jdk-21\bin\zip.dll
0x00007ff8d0fc0000 - 0x00007ff8d0fd0000 	C:\Program Files\Java\jdk-21\bin\net.dll
0x00007ff8d9f80000 - 0x00007ff8da0ad000 	C:\WINDOWS\SYSTEM32\WINHTTP.dll
0x00007ff8dfb50000 - 0x00007ff8dfbbc000 	C:\WINDOWS\system32\mswsock.dll
0x00007ff8a8be0000 - 0x00007ff8a8bf6000 	C:\Program Files\Java\jdk-21\bin\nio.dll
0x00007ff8d0910000 - 0x00007ff8d0920000 	C:\Program Files\Java\jdk-21\bin\verify.dll
0x00007ff89c4f0000 - 0x00007ff89c517000 	C:\Users\danuk\.gradle\native\1def1411415f61bf3af743bc5b6707747c0891f09f0c88961ee8f79bc544acac\windows-amd64\native-platform.dll
0x00007ff886870000 - 0x00007ff8868e8000 	C:\Users\danuk\.gradle\native\0.2.7\x86_64-windows-gnu\gradle-fileevents.dll
0x00007ff8d8640000 - 0x00007ff8d864a000 	C:\Program Files\Java\jdk-21\bin\management.dll
0x00007ff8d0c80000 - 0x00007ff8d0c8b000 	C:\Program Files\Java\jdk-21\bin\management_ext.dll
0x00007ff8e3980000 - 0x00007ff8e3988000 	C:\WINDOWS\System32\PSAPI.DLL
0x00007ff8def00000 - 0x00007ff8def32000 	C:\WINDOWS\SYSTEM32\IPHLPAPI.DLL
0x00007ff8e2090000 - 0x00007ff8e209a000 	C:\WINDOWS\System32\NSI.dll
0x00007ff8d0810000 - 0x00007ff8d0819000 	C:\Program Files\Java\jdk-21\bin\extnet.dll
0x00007ff8dfe30000 - 0x00007ff8dfe4b000 	C:\WINDOWS\SYSTEM32\CRYPTSP.dll
0x00007ff8df540000 - 0x00007ff8df579000 	C:\WINDOWS\system32\rsaenh.dll
0x00007ff8dfc00000 - 0x00007ff8dfc33000 	C:\WINDOWS\SYSTEM32\USERENV.dll
0x00007ff8e0620000 - 0x00007ff8e064a000 	C:\WINDOWS\SYSTEM32\bcrypt.dll
0x00007ff8dfe50000 - 0x00007ff8dfe5c000 	C:\WINDOWS\SYSTEM32\CRYPTBASE.dll
0x00007ff8ac840000 - 0x00007ff8ac84e000 	C:\Program Files\Java\jdk-21\bin\sunmscapi.dll
0x00007ff8e07e0000 - 0x00007ff8e0957000 	C:\WINDOWS\System32\CRYPT32.dll
0x00007ff8e0050000 - 0x00007ff8e0080000 	C:\WINDOWS\SYSTEM32\ncrypt.dll
0x00007ff8e0000000 - 0x00007ff8e003f000 	C:\WINDOWS\SYSTEM32\NTASN1.dll
0x00007ff8c21c0000 - 0x00007ff8c21c8000 	C:\WINDOWS\system32\wshunix.dll

dbghelp: loaded successfully - version: 4.0.5 - missing functions: none
symbol engine: initialized successfully - sym options: 0x614 - pdb path: .;C:\Program Files\Java\jdk-21\bin;C:\WINDOWS\SYSTEM32;C:\WINDOWS\WinSxS\amd64_microsoft.windows.common-controls_6595b64144ccf1df_6.0.26100.8115_none_3e075c82e3354f9c;C:\Program Files\Java\jdk-21\bin\server;C:\Users\danuk\.gradle\native\1def1411415f61bf3af743bc5b6707747c0891f09f0c88961ee8f79bc544acac\windows-amd64;C:\Users\danuk\.gradle\native\0.2.7\x86_64-windows-gnu

VM Arguments:
jvm_args: --add-opens=java.base/java.lang=ALL-UNNAMED --add-opens=java.base/java.lang.invoke=ALL-UNNAMED --add-opens=java.base/java.util=ALL-UNNAMED --add-opens=java.prefs/java.util.prefs=ALL-UNNAMED --add-exports=jdk.compiler/com.sun.tools.javac.api=ALL-UNNAMED --add-exports=jdk.compiler/com.sun.tools.javac.util=ALL-UNNAMED --add-opens=java.base/java.util=ALL-UNNAMED --add-opens=java.prefs/java.util.prefs=ALL-UNNAMED --add-opens=java.base/java.nio.charset=ALL-UNNAMED --add-opens=java.base/java.net=ALL-UNNAMED --add-opens=java.base/java.util.concurrent.atomic=ALL-UNNAMED --add-opens=java.xml/javax.xml.namespace=ALL-UNNAMED -XX:MaxMetaspaceSize=768m -XX:ReservedCodeCacheSize=256m -Xmx2G -Dfile.encoding=UTF-8 -Duser.country=GB -Duser.language=en -Duser.variant -javaagent:C:\Users\danuk\.gradle\wrapper\dists\gradle-8.14-bin\38aieal9i53h9rfe7vjup95b9\gradle-8.14\lib\agents\gradle-instrumentation-agent-8.14.jar 
java_command: org.gradle.launcher.daemon.bootstrap.GradleDaemon 8.14
java_class_path (initial): C:\Users\danuk\.gradle\wrapper\dists\gradle-8.14-bin\38aieal9i53h9rfe7vjup95b9\gradle-8.14\lib\gradle-daemon-main-8.14.jar
Launcher Type: SUN_STANDARD

[Global flags]
     intx CICompilerCount                          = 12                                        {product} {ergonomic}
   size_t CompressedClassSpaceSize                 = 654311424                                 {product} {ergonomic}
     uint ConcGCThreads                            = 4                                         {product} {ergonomic}
     uint G1ConcRefinementThreads                  = 15                                        {product} {ergonomic}
   size_t G1HeapRegionSize                         = 1048576                                   {product} {ergonomic}
    uintx GCDrainStackTargetSize                   = 64                                        {product} {ergonomic}
   size_t InitialHeapSize                          = 264241152                                 {product} {ergonomic}
   size_t MarkStackSize                            = 4194304                                   {product} {ergonomic}
   size_t MaxHeapSize                              = 2147483648                                {product} {command line}
   size_t MaxMetaspaceSize                         = 805306368                                 {product} {command line}
   size_t MaxNewSize                               = 1287651328                                {product} {ergonomic}
   size_t MinHeapDeltaBytes                        = 1048576                                   {product} {ergonomic}
   size_t MinHeapSize                              = 8388608                                   {product} {ergonomic}
    uintx NonNMethodCodeHeapSize                   = 7602480                                {pd product} {ergonomic}
    uintx NonProfiledCodeHeapSize                  = 130416488                              {pd product} {ergonomic}
    uintx ProfiledCodeHeapSize                     = 130416488                              {pd product} {ergonomic}
    uintx ReservedCodeCacheSize                    = 268435456                              {pd product} {command line}
     bool SegmentedCodeCache                       = true                                      {product} {ergonomic}
   size_t SoftMaxHeapSize                          = 2147483648                             {manageable} {ergonomic}
     bool UseCompressedOops                        = true                           {product lp64_product} {ergonomic}
     bool UseG1GC                                  = true                                      {product} {ergonomic}
     bool UseLargePagesIndividualAllocation        = false                                  {pd product} {ergonomic}

Logging:
Log output configuration:
 #0: stdout all=warning uptime,level,tags foldmultilines=false
 #1: stderr all=off uptime,level,tags foldmultilines=false

Environment Variables:
PATH=C:\Users\danuk\AppData\Local\Programs\Microsoft VS Code;D:\istio-1.26.1\bin;C:\Program Files\dotnet\;C:\Users\danuk\AppData\Local\nvm;C:\nvm4w\nodejs;D:\flutter\bin;C:\Users\danuk\AppData\Local\Programs\Python\Python311\Scripts\;C:\Users\danuk\AppData\Local\Programs\Python\Python311\;C:\Program Files\MySQL\MySQL Shell 8.0\bin\;C:\Users\danuk\AppData\Local\Programs\Python\Launcher\;C:\Program Files\Common Files\Oracle\Java\javapath;C:\app\danuk\product\21c\dbhomeXE\bin;C:\Program Files (x86)\VMware\VMware Workstation\bin\;C:\Windows\system32;C:\Windows;C:\Windows\System32\Wbem;C:\Windows\System32\WindowsPowerShell\v1.0\;C:\Windows\System32\OpenSSH\;C:\Program Files (x86)\NVIDIA Corporation\PhysX\Common;C:\Program Files\NVIDIA Corporation\NVIDIA NvDLISR;C:\WINDOWS\system32;C:\WINDOWS;C:\WINDOWS\System32\Wbem;C:\WINDOWS\System32\WindowsPowerShell\v1.0\;C:\WINDOWS\System32\OpenSSH\;C:\Program Files\dotnet\;C:\Program Files\Git\cmd;C:\Program Files\Apache\Maven\bin;C:\Users\danuk\AppData\Local\Microsoft\WindowsApps;C:\Users\danuk\AppData\Local\Programs\Microsoft VS Code\bin;C:\Users\danuk\AppData\Local\GitHubDesktop\bin;C:\Users\danuk\AppData\Roaming\npm;C:\Program Files\Java\jdk-17\bin;C:\Apache\apache-maven-3.9.6\bin;C:\WINDOWS\system32\config\systemprofile\AppData\Local\Microsoft\WindowsApps;C:\Users\danuk\AppData\Local\Programs\Python\Python313\;C:\Users\danuk\AppData\Local\Programs\Python\Python313\Scripts\;C:\Users\danuk\AppData\Local\Programs\cursor\resources\app\bin;C:\Users\danuk\AppData\Local\Google\Cloud SDK\google-cloud-sdk\bin;C:\Users\danuk\AppData\Local\Programs\Lens\resources\cli\bin;C:\Users\danuk\AppData\Local\Android\Sdk;C:\Users\danuk\AppData\Local\nvm;C:\nvm4w\nodejs;D:\AppData\platform-tools;C:\Users\danuk\AppData\Local\PowerToys\DSCModules\;D:\PhpStorm 2025.3.2\bin;C:\Users\danuk\AppData\Local\Programs\Antigravity\bin;C:\Program Files\JetBrains\IntelliJ IDEA 2026.1\bin
USERNAME=danuk
OS=Windows_NT
PROCESSOR_IDENTIFIER=Intel64 Family 6 Model 183 Stepping 1, GenuineIntel
TMP=C:\Users\danuk\AppData\Local\Temp
TEMP=C:\Users\danuk\AppData\Local\Temp




Periodic native trim disabled

---------------  S Y S T E M  ---------------

OS:
 Windows 11 , 64 bit Build 26100 (10.0.26100.8246)
OS uptime: 1 days 2:09 hours
Hyper-V role detected

CPU: total 20 (initial active 20) (10 cores per cpu, 2 threads per core) family 6 model 183 stepping 1 microcode 0x12b, cx8, cmov, fxsr, ht, mmx, 3dnowpref, sse, sse2, sse3, ssse3, sse4.1, sse4.2, popcnt, lzcnt, tsc, tscinvbit, avx, avx2, aes, erms, clmul, bmi1, bmi2, adx, sha, fma, vzeroupper, clflush, clflushopt, clwb, hv, serialize, rdtscp, rdpid, fsrm, f16c, cet_ibt, cet_ss
Processor Information for processor 0
  Max Mhz: 2600, Current Mhz: 2600, Mhz Limit: 2600
Processor Information for processor 1
  Max Mhz: 2600, Current Mhz: 2600, Mhz Limit: 2600
Processor Information for processor 2
  Max Mhz: 2600, Current Mhz: 2600, Mhz Limit: 2600
Processor Information for processor 3
  Max Mhz: 2600, Current Mhz: 2600, Mhz Limit: 2600
Processor Information for processor 4
  Max Mhz: 2600, Current Mhz: 2600, Mhz Limit: 2600
Processor Information for processor 5
  Max Mhz: 2600, Current Mhz: 2600, Mhz Limit: 2600
Processor Information for processor 6
  Max Mhz: 2600, Current Mhz: 2600, Mhz Limit: 2600
Processor Information for processor 7
  Max Mhz: 2600, Current Mhz: 2600, Mhz Limit: 2600
Processor Information for processor 8
  Max Mhz: 2600, Current Mhz: 2600, Mhz Limit: 2600
Processor Information for processor 9
  Max Mhz: 2600, Current Mhz: 2600, Mhz Limit: 2600
Processor Information for processor 10
  Max Mhz: 2600, Current Mhz: 2600, Mhz Limit: 2600
Processor Information for processor 11
  Max Mhz: 2600, Current Mhz: 2600, Mhz Limit: 2600
Processor Information for processor 12
  Max Mhz: 2600, Current Mhz: 2600, Mhz Limit: 2600
Processor Information for processor 13
  Max Mhz: 2600, Current Mhz: 2600, Mhz Limit: 2600
Processor Information for processor 14
  Max Mhz: 2600, Current Mhz: 2600, Mhz Limit: 2600
Processor Information for processor 15
  Max Mhz: 2600, Current Mhz: 2600, Mhz Limit: 2600
Processor Information for processor 16
  Max Mhz: 2600, Current Mhz: 1505, Mhz Limit: 2600
Processor Information for processor 17
  Max Mhz: 2600, Current Mhz: 1505, Mhz Limit: 2600
Processor Information for processor 18
  Max Mhz: 2600, Current Mhz: 1505, Mhz Limit: 2600
Processor Information for processor 19
  Max Mhz: 2600, Current Mhz: 2600, Mhz Limit: 2600

Memory: 4k page, system-wide physical 16002M (678M free)
TotalPageFile size 28192M (AvailPageFile size 3M)
current process WorkingSet (physical memory assigned to process): 198M, peak: 198M
current process commit charge ("private bytes"): 433M, peak: 433M

vm_info: Java HotSpot(TM) 64-Bit Server VM (21.0.6+8-LTS-188) for windows-amd64 JRE (21.0.6+8-LTS-188), built on 2024-12-03T10:50:54Z by "mach5one" with MS VC++ 17.6 (VS2022)

END.
