#
# There is insufficient memory for the Java Runtime Environment to continue.
# Native memory allocation (malloc) failed to allocate 1202800 bytes for Chunk::new
# Possible reasons:
#   The system is out of physical RAM or swap space
#   The process is running with CompressedOops enabled, and the Java Heap may be blocking the growth of the native heap
# Possible solutions:
#   Reduce memory load on the system
#   Increase physical memory or swap space
#   Check if swap backing store is full
#   Decrease Java heap size (-Xmx/-Xms)
#   Decrease number of Java threads
#   Decrease Java thread stack sizes (-Xss)
#   Set larger code cache with -XX:ReservedCodeCacheSize=
#   JVM is running with Unscaled Compressed Oops mode in which the Java heap is
#     placed in the first 4GB address space. The Java Heap base address is the
#     maximum limit for the native heap growth. Please use -XX:HeapBaseMinAddress
#     to set the Java Heap base and to place the Java Heap above 4GB virtual address.
# This output file may be truncated or incomplete.
#
#  Out of Memory Error (arena.cpp:168), pid=16184, tid=16456
#
# JRE version: Java(TM) SE Runtime Environment (21.0.6+8) (build 21.0.6+8-LTS-188)
# Java VM: Java HotSpot(TM) 64-Bit Server VM (21.0.6+8-LTS-188, mixed mode, sharing, tiered, compressed oops, compressed class ptrs, g1 gc, windows-amd64)
# No core dump will be written. Minidumps are not enabled by default on client versions of Windows
#

---------------  S U M M A R Y ------------

Command Line: --add-opens=java.base/java.lang=ALL-UNNAMED --add-opens=java.base/java.lang.invoke=ALL-UNNAMED --add-opens=java.base/java.util=ALL-UNNAMED --add-opens=java.prefs/java.util.prefs=ALL-UNNAMED --add-exports=jdk.compiler/com.sun.tools.javac.api=ALL-UNNAMED --add-exports=jdk.compiler/com.sun.tools.javac.util=ALL-UNNAMED --add-opens=java.base/java.util=ALL-UNNAMED --add-opens=java.prefs/java.util.prefs=ALL-UNNAMED --add-opens=java.base/java.nio.charset=ALL-UNNAMED --add-opens=java.base/java.net=ALL-UNNAMED --add-opens=java.base/java.util.concurrent.atomic=ALL-UNNAMED --add-opens=java.xml/javax.xml.namespace=ALL-UNNAMED -XX:MaxMetaspaceSize=768m -XX:ReservedCodeCacheSize=256m -Xmx2G -Dfile.encoding=UTF-8 -Duser.country=GB -Duser.language=en -Duser.variant -javaagent:C:\Users\danuk\.gradle\wrapper\dists\gradle-8.14-bin\38aieal9i53h9rfe7vjup95b9\gradle-8.14\lib\agents\gradle-instrumentation-agent-8.14.jar org.gradle.launcher.daemon.bootstrap.GradleDaemon 8.14

Host: 13th Gen Intel(R) Core(TM) i7-13650HX, 20 cores, 15G,  Windows 11 , 64 bit Build 26100 (10.0.26100.8246)
Time: Sun Apr 26 00:17:29 2026 Sri Lanka Standard Time elapsed time: 54.452903 seconds (0d 0h 0m 54s)

---------------  T H R E A D  ---------------

Current thread (0x000001af6663cab0):  JavaThread "C2 CompilerThread2" daemon [_thread_in_native, id=16456, stack(0x0000009b29200000,0x0000009b29300000) (1024K)]


Current CompileTask:
C2:  54452 14800 %     4       groovy.lang.MetaClassImpl::inheritInterfaceNewMetaMethods @ 100 (195 bytes)

Stack: [0x0000009b29200000,0x0000009b29300000]
Native frames: (J=compiled Java code, j=interpreted, Vv=VM code, C=native code)
V  [jvm.dll+0x6ca6d9]
V  [jvm.dll+0x854f51]
V  [jvm.dll+0x85747e]
V  [jvm.dll+0x857b53]
V  [jvm.dll+0x27dcc6]
V  [jvm.dll+0xc4c2d]
V  [jvm.dll+0xc5163]
V  [jvm.dll+0x3b515c]
V  [jvm.dll+0x1df829]
V  [jvm.dll+0x246a72]
V  [jvm.dll+0x245eff]
V  [jvm.dll+0x1c6d2e]
V  [jvm.dll+0x2554f9]
V  [jvm.dll+0x253a8a]
V  [jvm.dll+0x3ee576]
V  [jvm.dll+0x7ff2fb]
V  [jvm.dll+0x6c8dbd]
C  [ucrtbase.dll+0x37b0]
C  [KERNEL32.DLL+0x2e8d7]
C  [ntdll.dll+0x8c3fc]


---------------  P R O C E S S  ---------------

Threads class SMR info:
_java_thread_list=0x000001af64eed090, length=70, elements={
0x000001af11819c70, 0x000001af325cb080, 0x000001af325ce800, 0x000001af325d2810,
0x000001af325d01b0, 0x000001af325d59f0, 0x000001af325d6200, 0x000001af325d6f80,
0x000001af3260d8b0, 0x000001af32785a40, 0x000001af5f03c6d0, 0x000001af6034a030,
0x000001af602ff150, 0x000001af5fe4a790, 0x000001af5f438c70, 0x000001af5f093950,
0x000001af600230a0, 0x000001af5f427430, 0x000001af60014080, 0x000001af600a8bd0,
0x000001af600a5750, 0x000001af600a7190, 0x000001af600a5de0, 0x000001af600a7820,
0x000001af600a7eb0, 0x000001af600a6470, 0x000001af600a6b00, 0x000001af62351370,
0x000001af62354e80, 0x000001af62351a00, 0x000001af62355510, 0x000001af62352090,
0x000001af62353440, 0x000001af62353ad0, 0x000001af62352720, 0x000001af62355ba0,
0x000001af62352db0, 0x000001af62358990, 0x000001af623568c0, 0x000001af623575e0,
0x000001af62356f50, 0x000001af62358300, 0x000001af62357c70, 0x000001af632cc440,
0x000001af632cbdb0, 0x000001af632cd160, 0x000001af632cb720, 0x000001af632cd7f0,
0x000001af632ccad0, 0x000001af632ce510, 0x000001af632cb090, 0x000001af632d1990,
0x000001af632ceba0, 0x000001af65ab2500, 0x000001af65aafda0, 0x000001af65ab0430,
0x000001af632cff50, 0x000001af62519d10, 0x000001af625182d0, 0x000001af62518ff0,
0x000001af6251f260, 0x000001af5f0b1c30, 0x000001af5f0b5740, 0x000001af5f0b22c0,
0x000001af657ca7e0, 0x000001af657cb580, 0x000001af6251b750, 0x000001af657cf9a0,
0x000001af657cc320, 0x000001af6663cab0
}

Java Threads: ( => current thread )
  0x000001af11819c70 JavaThread "main"                              [_thread_blocked, id=25508, stack(0x0000009b23700000,0x0000009b23800000) (1024K)]
  0x000001af325cb080 JavaThread "Reference Handler"          daemon [_thread_blocked, id=5876, stack(0x0000009b23f00000,0x0000009b24000000) (1024K)]
  0x000001af325ce800 JavaThread "Finalizer"                  daemon [_thread_blocked, id=31292, stack(0x0000009b24000000,0x0000009b24100000) (1024K)]
  0x000001af325d2810 JavaThread "Signal Dispatcher"          daemon [_thread_blocked, id=21924, stack(0x0000009b24100000,0x0000009b24200000) (1024K)]
  0x000001af325d01b0 JavaThread "Attach Listener"            daemon [_thread_blocked, id=17156, stack(0x0000009b24200000,0x0000009b24300000) (1024K)]
  0x000001af325d59f0 JavaThread "Service Thread"             daemon [_thread_blocked, id=31724, stack(0x0000009b24300000,0x0000009b24400000) (1024K)]
  0x000001af325d6200 JavaThread "Monitor Deflation Thread"   daemon [_thread_blocked, id=2300, stack(0x0000009b24400000,0x0000009b24500000) (1024K)]
  0x000001af325d6f80 JavaThread "C2 CompilerThread0"         daemon [_thread_in_native, id=27116, stack(0x0000009b24500000,0x0000009b24600000) (1024K)]
  0x000001af3260d8b0 JavaThread "C1 CompilerThread0"         daemon [_thread_in_native, id=26128, stack(0x0000009b24600000,0x0000009b24700000) (1024K)]
  0x000001af32785a40 JavaThread "Common-Cleaner"             daemon [_thread_blocked, id=31600, stack(0x0000009b24800000,0x0000009b24900000) (1024K)]
  0x000001af5f03c6d0 JavaThread "Notification Thread"        daemon [_thread_blocked, id=15176, stack(0x0000009b24c00000,0x0000009b24d00000) (1024K)]
  0x000001af6034a030 JavaThread "Daemon health stats"               [_thread_blocked, id=23068, stack(0x0000009b24d00000,0x0000009b24e00000) (1024K)]
  0x000001af602ff150 JavaThread "Incoming local TCP Connector on port 62634"        [_thread_in_native, id=6328, stack(0x0000009b24b00000,0x0000009b24c00000) (1024K)]
  0x000001af5fe4a790 JavaThread "Daemon periodic checks"            [_thread_blocked, id=27048, stack(0x0000009b25500000,0x0000009b25600000) (1024K)]
  0x000001af5f438c70 JavaThread "Daemon"                            [_thread_blocked, id=15560, stack(0x0000009b25600000,0x0000009b25700000) (1024K)]
  0x000001af5f093950 JavaThread "Handler for socket connection from /127.0.0.1:62634 to /127.0.0.1:62635"        [_thread_in_native, id=28048, stack(0x0000009b25700000,0x0000009b25800000) (1024K)]
  0x000001af600230a0 JavaThread "Cancel handler"                    [_thread_blocked, id=14280, stack(0x0000009b25300000,0x0000009b25400000) (1024K)]
  0x000001af5f427430 JavaThread "Daemon worker"                     [_thread_in_Java, id=31240, stack(0x0000009b25400000,0x0000009b25500000) (1024K)]
  0x000001af60014080 JavaThread "Asynchronous log dispatcher for DefaultDaemonConnection: socket connection from /127.0.0.1:62634 to /127.0.0.1:62635"        [_thread_blocked, id=30964, stack(0x0000009b25800000,0x0000009b25900000) (1024K)]
  0x000001af600a8bd0 JavaThread "Stdin handler"                     [_thread_blocked, id=1936, stack(0x0000009b25900000,0x0000009b25a00000) (1024K)]
  0x000001af600a5750 JavaThread "Daemon client event forwarder"        [_thread_in_native, id=29088, stack(0x0000009b25a00000,0x0000009b25b00000) (1024K)]
  0x000001af600a7190 JavaThread "Cache worker for journal cache (C:\Users\danuk\.gradle\caches\journal-1)"        [_thread_blocked, id=12324, stack(0x0000009b25b00000,0x0000009b25c00000) (1024K)]
  0x000001af600a5de0 JavaThread "File lock request listener"        [_thread_in_native, id=27592, stack(0x0000009b25c00000,0x0000009b25d00000) (1024K)]
  0x000001af600a7820 JavaThread "Cache worker for file hash cache (C:\Users\danuk\.gradle\caches\8.14\fileHashes)"        [_thread_blocked, id=16528, stack(0x0000009b25d00000,0x0000009b25e00000) (1024K)]
  0x000001af600a7eb0 JavaThread "Cache worker for file hash cache (D:\my research\my\new pro\vehicle_app\android\.gradle\8.14\fileHashes)"        [_thread_blocked, id=31880, stack(0x0000009b26f00000,0x0000009b27000000) (1024K)]
  0x000001af600a6470 JavaThread "Cache worker for Build Output Cleanup Cache (D:\my research\my\new pro\vehicle_app\android\.gradle\buildOutputCleanup)"        [_thread_blocked, id=31884, stack(0x0000009b27000000,0x0000009b27100000) (1024K)]
  0x000001af600a6b00 JavaThread "File watcher server"        daemon [_thread_in_native, id=31936, stack(0x0000009b26e00000,0x0000009b26f00000) (1024K)]
  0x000001af62351370 JavaThread "File watcher consumer"      daemon [_thread_blocked, id=31940, stack(0x0000009b27100000,0x0000009b27200000) (1024K)]
  0x000001af62354e80 JavaThread "jar transforms"                    [_thread_blocked, id=31944, stack(0x0000009b26d00000,0x0000009b26e00000) (1024K)]
  0x000001af62351a00 JavaThread "jar transforms Thread 2"           [_thread_blocked, id=31948, stack(0x0000009b27200000,0x0000009b27300000) (1024K)]
  0x000001af62355510 JavaThread "jar transforms Thread 3"           [_thread_blocked, id=31952, stack(0x0000009b27300000,0x0000009b27400000) (1024K)]
  0x000001af62352090 JavaThread "jar transforms Thread 4"           [_thread_blocked, id=32040, stack(0x0000009b27400000,0x0000009b27500000) (1024K)]
  0x000001af62353440 JavaThread "jar transforms Thread 5"           [_thread_blocked, id=32068, stack(0x0000009b27500000,0x0000009b27600000) (1024K)]
  0x000001af62353ad0 JavaThread "File lock release action executor"        [_thread_blocked, id=32124, stack(0x0000009b27600000,0x0000009b27700000) (1024K)]
  0x000001af62352720 JavaThread "Cache worker for checksums cache (D:\my research\my\new pro\vehicle_app\android\.gradle\8.14\checksums)"        [_thread_blocked, id=32260, stack(0x0000009b27900000,0x0000009b27a00000) (1024K)]
  0x000001af62355ba0 JavaThread "Cache worker for file content cache (C:\Users\danuk\.gradle\caches\8.14\fileContent)"        [_thread_blocked, id=32280, stack(0x0000009b27a00000,0x0000009b27b00000) (1024K)]
  0x000001af62352db0 JavaThread "jar transforms Thread 6"           [_thread_blocked, id=32308, stack(0x0000009b27b00000,0x0000009b27c00000) (1024K)]
  0x000001af62358990 JavaThread "jar transforms Thread 7"           [_thread_blocked, id=32312, stack(0x0000009b27c00000,0x0000009b27d00000) (1024K)]
  0x000001af623568c0 JavaThread "jar transforms Thread 8"           [_thread_blocked, id=32320, stack(0x0000009b27d00000,0x0000009b27e00000) (1024K)]
  0x000001af623575e0 JavaThread "jar transforms Thread 9"           [_thread_blocked, id=32324, stack(0x0000009b27e00000,0x0000009b27f00000) (1024K)]
  0x000001af62356f50 JavaThread "jar transforms Thread 10"          [_thread_blocked, id=32332, stack(0x0000009b27f00000,0x0000009b28000000) (1024K)]
  0x000001af62358300 JavaThread "jar transforms Thread 11"          [_thread_blocked, id=32384, stack(0x0000009b28000000,0x0000009b28100000) (1024K)]
  0x000001af62357c70 JavaThread "jar transforms Thread 12"          [_thread_blocked, id=32388, stack(0x0000009b28100000,0x0000009b28200000) (1024K)]
  0x000001af632cc440 JavaThread "jar transforms Thread 13"          [_thread_blocked, id=32392, stack(0x0000009b28200000,0x0000009b28300000) (1024K)]
  0x000001af632cbdb0 JavaThread "jar transforms Thread 14"          [_thread_blocked, id=32396, stack(0x0000009b28300000,0x0000009b28400000) (1024K)]
  0x000001af632cd160 JavaThread "jar transforms Thread 15"          [_thread_blocked, id=32400, stack(0x0000009b28400000,0x0000009b28500000) (1024K)]
  0x000001af632cb720 JavaThread "Cache worker for cache directory md-supplier (C:\Users\danuk\.gradle\caches\8.14\md-supplier)"        [_thread_blocked, id=32540, stack(0x0000009b26900000,0x0000009b26a00000) (1024K)]
  0x000001af632cd7f0 JavaThread "Cache worker for cache directory md-rule (C:\Users\danuk\.gradle\caches\8.14\md-rule)"        [_thread_blocked, id=29788, stack(0x0000009b27700000,0x0000009b27800000) (1024K)]
  0x000001af632ccad0 JavaThread "Cache worker for Build Output Cleanup Cache (D:\flutter\packages\flutter_tools\gradle\.gradle\buildOutputCleanup)"        [_thread_blocked, id=31900, stack(0x0000009b27800000,0x0000009b27900000) (1024K)]
  0x000001af632ce510 JavaThread "Unconstrained build operations"        [_thread_blocked, id=32468, stack(0x0000009b28600000,0x0000009b28700000) (1024K)]
  0x000001af632cb090 JavaThread "Unconstrained build operations Thread 2"        [_thread_blocked, id=23676, stack(0x0000009b28700000,0x0000009b28800000) (1024K)]
  0x000001af632d1990 JavaThread "Unconstrained build operations Thread 3"        [_thread_blocked, id=15288, stack(0x0000009b28800000,0x0000009b28900000) (1024K)]
  0x000001af632ceba0 JavaThread "Memory manager"                    [_thread_blocked, id=23880, stack(0x0000009b28b00000,0x0000009b28c00000) (1024K)]
  0x000001af65ab2500 JavaThread "build event listener"              [_thread_blocked, id=31868, stack(0x0000009b28900000,0x0000009b28a00000) (1024K)]
  0x000001af65aafda0 JavaThread "included builds"                   [_thread_blocked, id=16148, stack(0x0000009b28c00000,0x0000009b28d00000) (1024K)]
  0x000001af65ab0430 JavaThread "Execution worker"                  [_thread_blocked, id=18176, stack(0x0000009b28d00000,0x0000009b28e00000) (1024K)]
  0x000001af632cff50 JavaThread "Cache worker for execution history cache (D:\flutter\packages\flutter_tools\gradle\.gradle\8.14\executionHistory)"        [_thread_blocked, id=32208, stack(0x0000009b28e00000,0x0000009b28f00000) (1024K)]
  0x000001af62519d10 JavaThread "Unconstrained build operations Thread 4"        [_thread_blocked, id=5624, stack(0x0000009b28a00000,0x0000009b28b00000) (1024K)]
  0x000001af625182d0 JavaThread "Unconstrained build operations Thread 5"        [_thread_blocked, id=32084, stack(0x0000009b28f00000,0x0000009b29000000) (1024K)]
  0x000001af62518ff0 JavaThread "Unconstrained build operations Thread 6"        [_thread_blocked, id=32192, stack(0x0000009b29000000,0x0000009b29100000) (1024K)]
  0x000001af6251f260 JavaThread "Unconstrained build operations Thread 7"        [_thread_blocked, id=16644, stack(0x0000009b29100000,0x0000009b29200000) (1024K)]
  0x000001af5f0b1c30 JavaThread "Unconstrained build operations Thread 8"        [_thread_blocked, id=31920, stack(0x0000009b29300000,0x0000009b29400000) (1024K)]
  0x000001af5f0b5740 JavaThread "Unconstrained build operations Thread 9"        [_thread_blocked, id=28556, stack(0x0000009b29400000,0x0000009b29500000) (1024K)]
  0x000001af5f0b22c0 JavaThread "Unconstrained build operations Thread 10"        [_thread_blocked, id=30968, stack(0x0000009b29500000,0x0000009b29600000) (1024K)]
  0x000001af657ca7e0 JavaThread "C1 CompilerThread1"         daemon [_thread_in_native, id=32496, stack(0x0000009b24700000,0x0000009b24800000) (1024K)]
  0x000001af657cb580 JavaThread "C1 CompilerThread2"         daemon [_thread_in_native, id=32072, stack(0x0000009b24900000,0x0000009b24a00000) (1024K)]
  0x000001af6251b750 JavaThread "build event listener"              [_thread_blocked, id=23636, stack(0x0000009b25e00000,0x0000009b25f00000) (1024K)]
  0x000001af657cf9a0 JavaThread "C2 CompilerThread1"         daemon [_thread_in_native, id=28764, stack(0x0000009b24a00000,0x0000009b24b00000) (1024K)]
  0x000001af657cc320 JavaThread "C1 CompilerThread3"         daemon [_thread_in_vm, id=30884, stack(0x0000009b26800000,0x0000009b26900000) (1024K)]
=>0x000001af6663cab0 JavaThread "C2 CompilerThread2"         daemon [_thread_in_native, id=16456, stack(0x0000009b29200000,0x0000009b29300000) (1024K)]
Total: 70

Other Threads:
  0x000001af324201f0 VMThread "VM Thread"                           [id=4524, stack(0x0000009b23e00000,0x0000009b23f00000) (1024K)]
  0x000001af325c0af0 WatcherThread "VM Periodic Task Thread"        [id=25648, stack(0x0000009b23d00000,0x0000009b23e00000) (1024K)]
  0x000001af11e65eb0 WorkerThread "GC Thread#0"                     [id=26568, stack(0x0000009b23800000,0x0000009b23900000) (1024K)]
  0x000001af5f28e360 WorkerThread "GC Thread#1"                     [id=2564, stack(0x0000009b24e00000,0x0000009b24f00000) (1024K)]
  0x000001af5f16eef0 WorkerThread "GC Thread#2"                     [id=11944, stack(0x0000009b24f00000,0x0000009b25000000) (1024K)]
  0x000001af5f16f290 WorkerThread "GC Thread#3"                     [id=15544, stack(0x0000009b25000000,0x0000009b25100000) (1024K)]
  0x000001af5f16f630 WorkerThread "GC Thread#4"                     [id=18708, stack(0x0000009b25100000,0x0000009b25200000) (1024K)]
  0x000001af5f3236c0 WorkerThread "GC Thread#5"                     [id=15576, stack(0x0000009b25200000,0x0000009b25300000) (1024K)]
  0x000001af60125510 WorkerThread "GC Thread#6"                     [id=15876, stack(0x0000009b25f00000,0x0000009b26000000) (1024K)]
  0x000001af601258b0 WorkerThread "GC Thread#7"                     [id=25608, stack(0x0000009b26000000,0x0000009b26100000) (1024K)]
  0x000001af60125c50 WorkerThread "GC Thread#8"                     [id=30976, stack(0x0000009b26100000,0x0000009b26200000) (1024K)]
  0x000001af60126ad0 WorkerThread "GC Thread#9"                     [id=12744, stack(0x0000009b26200000,0x0000009b26300000) (1024K)]
  0x000001af60126730 WorkerThread "GC Thread#10"                    [id=31748, stack(0x0000009b26300000,0x0000009b26400000) (1024K)]
  0x000001af60126390 WorkerThread "GC Thread#11"                    [id=31752, stack(0x0000009b26400000,0x0000009b26500000) (1024K)]
  0x000001af60125170 WorkerThread "GC Thread#12"                    [id=31756, stack(0x0000009b26500000,0x0000009b26600000) (1024K)]
  0x000001af60125ff0 WorkerThread "GC Thread#13"                    [id=31760, stack(0x0000009b26600000,0x0000009b26700000) (1024K)]
  0x000001af60db4f90 WorkerThread "GC Thread#14"                    [id=31764, stack(0x0000009b26700000,0x0000009b26800000) (1024K)]
  0x000001af11e77c20 ConcurrentGCThread "G1 Main Marker"            [id=18332, stack(0x0000009b23900000,0x0000009b23a00000) (1024K)]
  0x000001af11e7a5f0 WorkerThread "G1 Conc#0"                       [id=27152, stack(0x0000009b23a00000,0x0000009b23b00000) (1024K)]
  0x000001af60db2b50 WorkerThread "G1 Conc#1"                       [id=31824, stack(0x0000009b26a00000,0x0000009b26b00000) (1024K)]
  0x000001af60db5330 WorkerThread "G1 Conc#2"                       [id=31828, stack(0x0000009b26b00000,0x0000009b26c00000) (1024K)]
  0x000001af60db44b0 WorkerThread "G1 Conc#3"                       [id=31832, stack(0x0000009b26c00000,0x0000009b26d00000) (1024K)]
  0x000001af3235e660 ConcurrentGCThread "G1 Refine#0"               [id=23648, stack(0x0000009b23b00000,0x0000009b23c00000) (1024K)]
  0x000001af3235ee80 ConcurrentGCThread "G1 Service"                [id=3212, stack(0x0000009b23c00000,0x0000009b23d00000) (1024K)]
Total: 24

Threads with active compile tasks:
C2 CompilerThread0    54532 15002  s    4       org.codehaus.groovy.reflection.ParameterTypes::getParametersTypes0 (88 bytes)
C1 CompilerThread1    54532 15028       3       org.gradle.internal.extensibility.ExtensionsStorage::add (52 bytes)
C1 CompilerThread2    54532 15027       3       org.gradle.internal.extensibility.DefaultConvention::add (11 bytes)
C2 CompilerThread1    54532 14728       4       org.gradle.internal.instantiation.generator.AbstractClassGenerator::inspectType (602 bytes)
C1 CompilerThread3    54532 15019       3       org.gradle.util.internal.ConfigureUtil::configure (43 bytes)
C2 CompilerThread2    54532 14800 %     4       groovy.lang.MetaClassImpl::inheritInterfaceNewMetaMethods @ 100 (195 bytes)
Total: 6

VM state: not at safepoint (normal execution)

VM Mutex/Monitor currently owned by a thread: None

Heap address: 0x0000000080000000, size: 2048 MB, Compressed Oops mode: 32-bit

CDS archive(s) mapped at: [0x000001af33000000-0x000001af33c90000-0x000001af33c90000), size 13172736, SharedBaseAddress: 0x000001af33000000, ArchiveRelocationMode: 1.
Compressed class space mapped at: 0x000001af34000000-0x000001af5b000000, reserved size: 654311424
Narrow klass base: 0x000001af33000000, Narrow klass shift: 0, Narrow klass range: 0x100000000

GC Precious Log:
 CardTable entry size: 512
 Card Set container configuration: InlinePtr #cards 5 size 8 Array Of Cards #cards 12 size 40 Howl #buckets 4 coarsen threshold 1843 Howl Bitmap #cards 512 size 80 coarsen threshold 460 Card regions per heap region 1 cards per card region 2048
 CPUs: 20 total, 20 available
 Memory: 16002M
 Large Page Support: Disabled
 NUMA Support: Disabled
 Compressed Oops: Enabled (32-bit)
 Heap Region Size: 1M
 Heap Min Capacity: 8M
 Heap Initial Capacity: 252M
 Heap Max Capacity: 2G
 Pre-touch: Disabled
 Parallel Workers: 15
 Concurrent Workers: 4
 Concurrent Refinement Workers: 15
 Periodic GC: Disabled

Heap:
 garbage-first heap   total 232448K, used 198955K [0x0000000080000000, 0x0000000100000000)
  region size 1024K, 68 young (69632K), 5 survivors (5120K)
 Metaspace       used 111616K, committed 114176K, reserved 770048K
  class space    used 15434K, committed 16704K, reserved 638976K

Heap Regions: E=young(eden), S=young(survivor), O=old, HS=humongous(starts), HC=humongous(continues), CS=collection set, F=free, TAMS=top-at-mark-start, PB=parsable bottom
|   0|0x0000000080000000, 0x0000000080100000, 0x0000000080100000|100%|HS|  |TAMS 0x0000000080000000| PB 0x0000000080000000| Complete 
|   1|0x0000000080100000, 0x0000000080200000, 0x0000000080200000|100%|HC|  |TAMS 0x0000000080100000| PB 0x0000000080100000| Complete 
|   2|0x0000000080200000, 0x0000000080300000, 0x0000000080300000|100%|HC|  |TAMS 0x0000000080200000| PB 0x0000000080200000| Complete 
|   3|0x0000000080300000, 0x0000000080400000, 0x0000000080400000|100%| O|  |TAMS 0x0000000080300000| PB 0x0000000080300000| Untracked 
|   4|0x0000000080400000, 0x0000000080500000, 0x0000000080500000|100%| O|  |TAMS 0x0000000080400000| PB 0x0000000080400000| Untracked 
|   5|0x0000000080500000, 0x0000000080600000, 0x0000000080600000|100%| O|  |TAMS 0x0000000080500000| PB 0x0000000080500000| Untracked 
|   6|0x0000000080600000, 0x0000000080700000, 0x0000000080700000|100%|HS|  |TAMS 0x0000000080600000| PB 0x0000000080600000| Complete 
|   7|0x0000000080700000, 0x0000000080800000, 0x0000000080800000|100%| O|  |TAMS 0x0000000080700000| PB 0x0000000080700000| Untracked 
|   8|0x0000000080800000, 0x0000000080900000, 0x0000000080900000|100%| O|  |TAMS 0x0000000080800000| PB 0x0000000080800000| Untracked 
|   9|0x0000000080900000, 0x0000000080a00000, 0x0000000080a00000|100%| O|  |TAMS 0x0000000080900000| PB 0x0000000080900000| Untracked 
|  10|0x0000000080a00000, 0x0000000080b00000, 0x0000000080b00000|100%| O|  |TAMS 0x0000000080a00000| PB 0x0000000080a00000| Untracked 
|  11|0x0000000080b00000, 0x0000000080c00000, 0x0000000080c00000|100%| O|  |TAMS 0x0000000080b00000| PB 0x0000000080b00000| Untracked 
|  12|0x0000000080c00000, 0x0000000080d00000, 0x0000000080d00000|100%| O|  |TAMS 0x0000000080c00000| PB 0x0000000080c00000| Untracked 
|  13|0x0000000080d00000, 0x0000000080e00000, 0x0000000080e00000|100%| O|  |TAMS 0x0000000080d00000| PB 0x0000000080d00000| Untracked 
|  14|0x0000000080e00000, 0x0000000080f00000, 0x0000000080f00000|100%| O|  |TAMS 0x0000000080e00000| PB 0x0000000080e00000| Untracked 
|  15|0x0000000080f00000, 0x0000000081000000, 0x0000000081000000|100%| O|  |TAMS 0x0000000080f00000| PB 0x0000000080f00000| Untracked 
|  16|0x0000000081000000, 0x0000000081100000, 0x0000000081100000|100%| O|  |TAMS 0x0000000081000000| PB 0x0000000081000000| Untracked 
|  17|0x0000000081100000, 0x0000000081200000, 0x0000000081200000|100%| O|  |TAMS 0x0000000081100000| PB 0x0000000081100000| Untracked 
|  18|0x0000000081200000, 0x0000000081300000, 0x0000000081300000|100%| O|  |TAMS 0x0000000081200000| PB 0x0000000081200000| Untracked 
|  19|0x0000000081300000, 0x0000000081400000, 0x0000000081400000|100%| O|  |TAMS 0x0000000081300000| PB 0x0000000081300000| Untracked 
|  20|0x0000000081400000, 0x0000000081500000, 0x0000000081500000|100%| O|  |TAMS 0x0000000081400000| PB 0x0000000081400000| Untracked 
|  21|0x0000000081500000, 0x0000000081600000, 0x0000000081600000|100%| O|  |TAMS 0x0000000081500000| PB 0x0000000081500000| Untracked 
|  22|0x0000000081600000, 0x0000000081700000, 0x0000000081700000|100%| O|  |TAMS 0x0000000081600000| PB 0x0000000081600000| Untracked 
|  23|0x0000000081700000, 0x0000000081800000, 0x0000000081800000|100%| O|  |TAMS 0x0000000081700000| PB 0x0000000081700000| Untracked 
|  24|0x0000000081800000, 0x0000000081900000, 0x0000000081900000|100%| O|  |TAMS 0x0000000081800000| PB 0x0000000081800000| Untracked 
|  25|0x0000000081900000, 0x0000000081a00000, 0x0000000081a00000|100%| O|  |TAMS 0x0000000081900000| PB 0x0000000081900000| Untracked 
|  26|0x0000000081a00000, 0x0000000081b00000, 0x0000000081b00000|100%| O|  |TAMS 0x0000000081a00000| PB 0x0000000081a00000| Untracked 
|  27|0x0000000081b00000, 0x0000000081c00000, 0x0000000081c00000|100%| O|  |TAMS 0x0000000081b00000| PB 0x0000000081b00000| Untracked 
|  28|0x0000000081c00000, 0x0000000081d00000, 0x0000000081d00000|100%| O|  |TAMS 0x0000000081c00000| PB 0x0000000081c00000| Untracked 
|  29|0x0000000081d00000, 0x0000000081e00000, 0x0000000081e00000|100%| O|  |TAMS 0x0000000081d00000| PB 0x0000000081d00000| Untracked 
|  30|0x0000000081e00000, 0x0000000081f00000, 0x0000000081f00000|100%| O|  |TAMS 0x0000000081e00000| PB 0x0000000081e00000| Untracked 
|  31|0x0000000081f00000, 0x0000000082000000, 0x0000000082000000|100%| O|  |TAMS 0x0000000081f00000| PB 0x0000000081f00000| Untracked 
|  32|0x0000000082000000, 0x0000000082100000, 0x0000000082100000|100%| O|  |TAMS 0x0000000082000000| PB 0x0000000082000000| Untracked 
|  33|0x0000000082100000, 0x0000000082200000, 0x0000000082200000|100%|HS|  |TAMS 0x0000000082100000| PB 0x0000000082100000| Complete 
|  34|0x0000000082200000, 0x0000000082300000, 0x0000000082300000|100%|HC|  |TAMS 0x0000000082200000| PB 0x0000000082200000| Complete 
|  35|0x0000000082300000, 0x0000000082400000, 0x0000000082400000|100%| O|  |TAMS 0x0000000082300000| PB 0x0000000082300000| Untracked 
|  36|0x0000000082400000, 0x0000000082500000, 0x0000000082500000|100%| O|  |TAMS 0x0000000082400000| PB 0x0000000082400000| Untracked 
|  37|0x0000000082500000, 0x0000000082600000, 0x0000000082600000|100%| O|  |TAMS 0x0000000082500000| PB 0x0000000082500000| Untracked 
|  38|0x0000000082600000, 0x0000000082700000, 0x0000000082700000|100%| O|  |TAMS 0x0000000082600000| PB 0x0000000082600000| Untracked 
|  39|0x0000000082700000, 0x0000000082800000, 0x0000000082800000|100%| O|  |TAMS 0x0000000082700000| PB 0x0000000082700000| Untracked 
|  40|0x0000000082800000, 0x0000000082900000, 0x0000000082900000|100%| O|  |TAMS 0x0000000082800000| PB 0x0000000082800000| Untracked 
|  41|0x0000000082900000, 0x0000000082a00000, 0x0000000082a00000|100%| O|  |TAMS 0x0000000082900000| PB 0x0000000082900000| Untracked 
|  42|0x0000000082a00000, 0x0000000082b00000, 0x0000000082b00000|100%|HS|  |TAMS 0x0000000082a00000| PB 0x0000000082a00000| Complete 
|  43|0x0000000082b00000, 0x0000000082c00000, 0x0000000082c00000|100%|HC|  |TAMS 0x0000000082b00000| PB 0x0000000082b00000| Complete 
|  44|0x0000000082c00000, 0x0000000082d00000, 0x0000000082d00000|100%|HC|  |TAMS 0x0000000082c00000| PB 0x0000000082c00000| Complete 
|  45|0x0000000082d00000, 0x0000000082e00000, 0x0000000082e00000|100%| O|  |TAMS 0x0000000082d00000| PB 0x0000000082d00000| Untracked 
|  46|0x0000000082e00000, 0x0000000082f00000, 0x0000000082f00000|100%|HS|  |TAMS 0x0000000082e00000| PB 0x0000000082e00000| Complete 
|  47|0x0000000082f00000, 0x0000000083000000, 0x0000000083000000|100%|HC|  |TAMS 0x0000000082f00000| PB 0x0000000082f00000| Complete 
|  48|0x0000000083000000, 0x0000000083100000, 0x0000000083100000|100%|HS|  |TAMS 0x0000000083000000| PB 0x0000000083000000| Complete 
|  49|0x0000000083100000, 0x0000000083200000, 0x0000000083200000|100%|HC|  |TAMS 0x0000000083100000| PB 0x0000000083100000| Complete 
|  50|0x0000000083200000, 0x0000000083300000, 0x0000000083300000|100%|HC|  |TAMS 0x0000000083200000| PB 0x0000000083200000| Complete 
|  51|0x0000000083300000, 0x0000000083400000, 0x0000000083400000|100%| O|  |TAMS 0x0000000083300000| PB 0x0000000083300000| Untracked 
|  52|0x0000000083400000, 0x0000000083500000, 0x0000000083500000|100%| O|  |TAMS 0x0000000083400000| PB 0x0000000083400000| Untracked 
|  53|0x0000000083500000, 0x0000000083600000, 0x0000000083600000|100%| O|  |TAMS 0x0000000083500000| PB 0x0000000083500000| Untracked 
|  54|0x0000000083600000, 0x0000000083700000, 0x0000000083700000|100%| O|  |TAMS 0x0000000083600000| PB 0x0000000083600000| Untracked 
|  55|0x0000000083700000, 0x0000000083800000, 0x0000000083800000|100%| O|Cm|TAMS 0x0000000083700000| PB 0x0000000083700000| Complete 
|  56|0x0000000083800000, 0x0000000083900000, 0x0000000083900000|100%| O|  |TAMS 0x0000000083800000| PB 0x0000000083800000| Untracked 
|  57|0x0000000083900000, 0x0000000083a00000, 0x0000000083a00000|100%| O|  |TAMS 0x0000000083900000| PB 0x0000000083900000| Untracked 
|  58|0x0000000083a00000, 0x0000000083b00000, 0x0000000083b00000|100%| O|  |TAMS 0x0000000083a00000| PB 0x0000000083a00000| Untracked 
|  59|0x0000000083b00000, 0x0000000083c00000, 0x0000000083c00000|100%| O|  |TAMS 0x0000000083b00000| PB 0x0000000083b00000| Untracked 
|  60|0x0000000083c00000, 0x0000000083d00000, 0x0000000083d00000|100%| O|  |TAMS 0x0000000083c00000| PB 0x0000000083c00000| Untracked 
|  61|0x0000000083d00000, 0x0000000083e00000, 0x0000000083e00000|100%| O|  |TAMS 0x0000000083d00000| PB 0x0000000083d00000| Untracked 
|  62|0x0000000083e00000, 0x0000000083f00000, 0x0000000083f00000|100%| O|  |TAMS 0x0000000083e00000| PB 0x0000000083e00000| Untracked 
|  63|0x0000000083f00000, 0x0000000084000000, 0x0000000084000000|100%| O|  |TAMS 0x0000000083f00000| PB 0x0000000083f00000| Untracked 
|  64|0x0000000084000000, 0x0000000084100000, 0x0000000084100000|100%| O|  |TAMS 0x0000000084000000| PB 0x0000000084000000| Untracked 
|  65|0x0000000084100000, 0x0000000084200000, 0x0000000084200000|100%| O|  |TAMS 0x0000000084100000| PB 0x0000000084100000| Untracked 
|  66|0x0000000084200000, 0x0000000084300000, 0x0000000084300000|100%| O|  |TAMS 0x0000000084200000| PB 0x0000000084200000| Untracked 
|  67|0x0000000084300000, 0x0000000084400000, 0x0000000084400000|100%| O|  |TAMS 0x0000000084300000| PB 0x0000000084300000| Untracked 
|  68|0x0000000084400000, 0x0000000084500000, 0x0000000084500000|100%| O|  |TAMS 0x0000000084400000| PB 0x0000000084400000| Untracked 
|  69|0x0000000084500000, 0x0000000084600000, 0x0000000084600000|100%| O|  |TAMS 0x0000000084500000| PB 0x0000000084500000| Untracked 
|  70|0x0000000084600000, 0x0000000084700000, 0x0000000084700000|100%| O|  |TAMS 0x0000000084600000| PB 0x0000000084600000| Untracked 
|  71|0x0000000084700000, 0x0000000084800000, 0x0000000084800000|100%| O|  |TAMS 0x0000000084700000| PB 0x0000000084700000| Untracked 
|  72|0x0000000084800000, 0x0000000084900000, 0x0000000084900000|100%| O|  |TAMS 0x0000000084800000| PB 0x0000000084800000| Untracked 
|  73|0x0000000084900000, 0x0000000084a00000, 0x0000000084a00000|100%| O|Cm|TAMS 0x0000000084900000| PB 0x0000000084900000| Complete 
|  74|0x0000000084a00000, 0x0000000084b00000, 0x0000000084b00000|100%| O|  |TAMS 0x0000000084a00000| PB 0x0000000084a00000| Untracked 
|  75|0x0000000084b00000, 0x0000000084c00000, 0x0000000084c00000|100%| O|  |TAMS 0x0000000084b00000| PB 0x0000000084b00000| Untracked 
|  76|0x0000000084c00000, 0x0000000084d00000, 0x0000000084d00000|100%| O|  |TAMS 0x0000000084c00000| PB 0x0000000084c00000| Untracked 
|  77|0x0000000084d00000, 0x0000000084e00000, 0x0000000084e00000|100%| O|  |TAMS 0x0000000084d00000| PB 0x0000000084d00000| Untracked 
|  78|0x0000000084e00000, 0x0000000084e4ad90, 0x0000000084f00000| 29%| O|  |TAMS 0x0000000084e00000| PB 0x0000000084e00000| Untracked 
|  79|0x0000000084f00000, 0x0000000085000000, 0x0000000085000000|100%|HS|  |TAMS 0x0000000084f00000| PB 0x0000000084f00000| Complete 
|  80|0x0000000085000000, 0x0000000085100000, 0x0000000085100000|100%|HS|  |TAMS 0x0000000085000000| PB 0x0000000085000000| Complete 
|  81|0x0000000085100000, 0x0000000085200000, 0x0000000085200000|100%|HS|  |TAMS 0x0000000085100000| PB 0x0000000085100000| Complete 
|  82|0x0000000085200000, 0x0000000085300000, 0x0000000085300000|100%|HC|  |TAMS 0x0000000085200000| PB 0x0000000085200000| Complete 
|  83|0x0000000085300000, 0x0000000085400000, 0x0000000085400000|100%|HS|  |TAMS 0x0000000085300000| PB 0x0000000085300000| Complete 
|  84|0x0000000085400000, 0x0000000085500000, 0x0000000085500000|100%|HS|  |TAMS 0x0000000085400000| PB 0x0000000085400000| Complete 
|  85|0x0000000085500000, 0x0000000085600000, 0x0000000085600000|100%| O|  |TAMS 0x0000000085500000| PB 0x0000000085500000| Untracked 
|  86|0x0000000085600000, 0x0000000085700000, 0x0000000085700000|100%|HS|  |TAMS 0x0000000085600000| PB 0x0000000085600000| Complete 
|  87|0x0000000085700000, 0x0000000085800000, 0x0000000085800000|100%|HC|  |TAMS 0x0000000085700000| PB 0x0000000085700000| Complete 
|  88|0x0000000085800000, 0x0000000085900000, 0x0000000085900000|100%|HS|  |TAMS 0x0000000085800000| PB 0x0000000085800000| Complete 
|  89|0x0000000085900000, 0x0000000085a00000, 0x0000000085a00000|100%|HS|  |TAMS 0x0000000085900000| PB 0x0000000085900000| Complete 
|  90|0x0000000085a00000, 0x0000000085b00000, 0x0000000085b00000|100%| O|  |TAMS 0x0000000085a00000| PB 0x0000000085a00000| Untracked 
|  91|0x0000000085b00000, 0x0000000085c00000, 0x0000000085c00000|100%| O|  |TAMS 0x0000000085b00000| PB 0x0000000085b00000| Untracked 
|  92|0x0000000085c00000, 0x0000000085d00000, 0x0000000085d00000|100%|HS|  |TAMS 0x0000000085c00000| PB 0x0000000085c00000| Complete 
|  93|0x0000000085d00000, 0x0000000085e00000, 0x0000000085e00000|100%| O|  |TAMS 0x0000000085d00000| PB 0x0000000085d00000| Untracked 
|  94|0x0000000085e00000, 0x0000000085f00000, 0x0000000085f00000|100%| O|  |TAMS 0x0000000085e00000| PB 0x0000000085e00000| Untracked 
|  95|0x0000000085f00000, 0x0000000086000000, 0x0000000086000000|100%| O|  |TAMS 0x0000000085f00000| PB 0x0000000085f00000| Untracked 
|  96|0x0000000086000000, 0x0000000086100000, 0x0000000086100000|100%| O|  |TAMS 0x0000000086000000| PB 0x0000000086000000| Untracked 
|  97|0x0000000086100000, 0x0000000086200000, 0x0000000086200000|100%| O|  |TAMS 0x0000000086100000| PB 0x0000000086100000| Untracked 
|  98|0x0000000086200000, 0x0000000086200000, 0x0000000086300000|  0%| F|  |TAMS 0x0000000086200000| PB 0x0000000086200000| Untracked 
|  99|0x0000000086300000, 0x0000000086400000, 0x0000000086400000|100%| O|  |TAMS 0x0000000086300000| PB 0x0000000086300000| Untracked 
| 100|0x0000000086400000, 0x0000000086500000, 0x0000000086500000|100%| O|  |TAMS 0x0000000086400000| PB 0x0000000086400000| Untracked 
| 101|0x0000000086500000, 0x0000000086600000, 0x0000000086600000|100%| O|  |TAMS 0x0000000086500000| PB 0x0000000086500000| Untracked 
| 102|0x0000000086600000, 0x0000000086700000, 0x0000000086700000|100%| O|  |TAMS 0x0000000086600000| PB 0x0000000086600000| Untracked 
| 103|0x0000000086700000, 0x0000000086800000, 0x0000000086800000|100%| O|  |TAMS 0x0000000086700000| PB 0x0000000086700000| Untracked 
| 104|0x0000000086800000, 0x0000000086900000, 0x0000000086900000|100%| O|  |TAMS 0x0000000086800000| PB 0x0000000086800000| Untracked 
| 105|0x0000000086900000, 0x0000000086a00000, 0x0000000086a00000|100%| O|  |TAMS 0x0000000086900000| PB 0x0000000086900000| Untracked 
| 106|0x0000000086a00000, 0x0000000086b00000, 0x0000000086b00000|100%| O|  |TAMS 0x0000000086a00000| PB 0x0000000086a00000| Untracked 
| 107|0x0000000086b00000, 0x0000000086c00000, 0x0000000086c00000|100%| O|Cm|TAMS 0x0000000086b00000| PB 0x0000000086b00000| Complete 
| 108|0x0000000086c00000, 0x0000000086d00000, 0x0000000086d00000|100%| O|  |TAMS 0x0000000086c00000| PB 0x0000000086c00000| Untracked 
| 109|0x0000000086d00000, 0x0000000086e00000, 0x0000000086e00000|100%| O|  |TAMS 0x0000000086d00000| PB 0x0000000086d00000| Untracked 
| 110|0x0000000086e00000, 0x0000000086f00000, 0x0000000086f00000|100%| O|  |TAMS 0x0000000086e00000| PB 0x0000000086e00000| Untracked 
| 111|0x0000000086f00000, 0x0000000087000000, 0x0000000087000000|100%| O|  |TAMS 0x0000000086f00000| PB 0x0000000086f00000| Untracked 
| 112|0x0000000087000000, 0x0000000087100000, 0x0000000087100000|100%| O|  |TAMS 0x0000000087000000| PB 0x0000000087000000| Untracked 
| 113|0x0000000087100000, 0x0000000087100000, 0x0000000087200000|  0%| F|  |TAMS 0x0000000087100000| PB 0x0000000087100000| Untracked 
| 114|0x0000000087200000, 0x0000000087200000, 0x0000000087300000|  0%| F|  |TAMS 0x0000000087200000| PB 0x0000000087200000| Untracked 
| 115|0x0000000087300000, 0x0000000087300000, 0x0000000087400000|  0%| F|  |TAMS 0x0000000087300000| PB 0x0000000087300000| Untracked 
| 116|0x0000000087400000, 0x0000000087400000, 0x0000000087500000|  0%| F|  |TAMS 0x0000000087400000| PB 0x0000000087400000| Untracked 
| 117|0x0000000087500000, 0x0000000087500000, 0x0000000087600000|  0%| F|  |TAMS 0x0000000087500000| PB 0x0000000087500000| Untracked 
| 118|0x0000000087600000, 0x0000000087600000, 0x0000000087700000|  0%| F|  |TAMS 0x0000000087600000| PB 0x0000000087600000| Untracked 
| 119|0x0000000087700000, 0x0000000087700000, 0x0000000087800000|  0%| F|  |TAMS 0x0000000087700000| PB 0x0000000087700000| Untracked 
| 120|0x0000000087800000, 0x0000000087800000, 0x0000000087900000|  0%| F|  |TAMS 0x0000000087800000| PB 0x0000000087800000| Untracked 
| 121|0x0000000087900000, 0x0000000087900000, 0x0000000087a00000|  0%| F|  |TAMS 0x0000000087900000| PB 0x0000000087900000| Untracked 
| 122|0x0000000087a00000, 0x0000000087a00000, 0x0000000087b00000|  0%| F|  |TAMS 0x0000000087a00000| PB 0x0000000087a00000| Untracked 
| 123|0x0000000087b00000, 0x0000000087b00000, 0x0000000087c00000|  0%| F|  |TAMS 0x0000000087b00000| PB 0x0000000087b00000| Untracked 
| 124|0x0000000087c00000, 0x0000000087c00000, 0x0000000087d00000|  0%| F|  |TAMS 0x0000000087c00000| PB 0x0000000087c00000| Untracked 
| 125|0x0000000087d00000, 0x0000000087d00000, 0x0000000087e00000|  0%| F|  |TAMS 0x0000000087d00000| PB 0x0000000087d00000| Untracked 
| 126|0x0000000087e00000, 0x0000000087e00000, 0x0000000087f00000|  0%| F|  |TAMS 0x0000000087e00000| PB 0x0000000087e00000| Untracked 
| 127|0x0000000087f00000, 0x0000000087f00000, 0x0000000088000000|  0%| F|  |TAMS 0x0000000087f00000| PB 0x0000000087f00000| Untracked 
| 128|0x0000000088000000, 0x0000000088000000, 0x0000000088100000|  0%| F|  |TAMS 0x0000000088000000| PB 0x0000000088000000| Untracked 
| 129|0x0000000088100000, 0x0000000088100000, 0x0000000088200000|  0%| F|  |TAMS 0x0000000088100000| PB 0x0000000088100000| Untracked 
| 130|0x0000000088200000, 0x0000000088300000, 0x0000000088300000|100%| S|CS|TAMS 0x0000000088200000| PB 0x0000000088200000| Complete 
| 131|0x0000000088300000, 0x0000000088400000, 0x0000000088400000|100%| S|CS|TAMS 0x0000000088300000| PB 0x0000000088300000| Complete 
| 132|0x0000000088400000, 0x0000000088500000, 0x0000000088500000|100%| S|CS|TAMS 0x0000000088400000| PB 0x0000000088400000| Complete 
| 133|0x0000000088500000, 0x0000000088600000, 0x0000000088600000|100%| S|CS|TAMS 0x0000000088500000| PB 0x0000000088500000| Complete 
| 134|0x0000000088600000, 0x0000000088700000, 0x0000000088700000|100%| S|CS|TAMS 0x0000000088600000| PB 0x0000000088600000| Complete 
| 135|0x0000000088700000, 0x0000000088700000, 0x0000000088800000|  0%| F|  |TAMS 0x0000000088700000| PB 0x0000000088700000| Untracked 
| 136|0x0000000088800000, 0x0000000088800000, 0x0000000088900000|  0%| F|  |TAMS 0x0000000088800000| PB 0x0000000088800000| Untracked 
| 137|0x0000000088900000, 0x0000000088900000, 0x0000000088a00000|  0%| F|  |TAMS 0x0000000088900000| PB 0x0000000088900000| Untracked 
| 138|0x0000000088a00000, 0x0000000088a00000, 0x0000000088b00000|  0%| F|  |TAMS 0x0000000088a00000| PB 0x0000000088a00000| Untracked 
| 139|0x0000000088b00000, 0x0000000088b00000, 0x0000000088c00000|  0%| F|  |TAMS 0x0000000088b00000| PB 0x0000000088b00000| Untracked 
| 140|0x0000000088c00000, 0x0000000088c00000, 0x0000000088d00000|  0%| F|  |TAMS 0x0000000088c00000| PB 0x0000000088c00000| Untracked 
| 141|0x0000000088d00000, 0x0000000088d00000, 0x0000000088e00000|  0%| F|  |TAMS 0x0000000088d00000| PB 0x0000000088d00000| Untracked 
| 142|0x0000000088e00000, 0x0000000088e00000, 0x0000000088f00000|  0%| F|  |TAMS 0x0000000088e00000| PB 0x0000000088e00000| Untracked 
| 143|0x0000000088f00000, 0x0000000088f00000, 0x0000000089000000|  0%| F|  |TAMS 0x0000000088f00000| PB 0x0000000088f00000| Untracked 
| 144|0x0000000089000000, 0x0000000089000000, 0x0000000089100000|  0%| F|  |TAMS 0x0000000089000000| PB 0x0000000089000000| Untracked 
| 145|0x0000000089100000, 0x0000000089100000, 0x0000000089200000|  0%| F|  |TAMS 0x0000000089100000| PB 0x0000000089100000| Untracked 
| 146|0x0000000089200000, 0x0000000089220a00, 0x0000000089300000| 12%| E|  |TAMS 0x0000000089200000| PB 0x0000000089200000| Complete 
| 147|0x0000000089300000, 0x0000000089400000, 0x0000000089400000|100%| E|CS|TAMS 0x0000000089300000| PB 0x0000000089300000| Complete 
| 148|0x0000000089400000, 0x0000000089500000, 0x0000000089500000|100%| E|CS|TAMS 0x0000000089400000| PB 0x0000000089400000| Complete 
| 149|0x0000000089500000, 0x0000000089600000, 0x0000000089600000|100%| E|CS|TAMS 0x0000000089500000| PB 0x0000000089500000| Complete 
| 150|0x0000000089600000, 0x0000000089700000, 0x0000000089700000|100%| E|CS|TAMS 0x0000000089600000| PB 0x0000000089600000| Complete 
| 151|0x0000000089700000, 0x0000000089800000, 0x0000000089800000|100%| E|CS|TAMS 0x0000000089700000| PB 0x0000000089700000| Complete 
| 152|0x0000000089800000, 0x0000000089900000, 0x0000000089900000|100%| E|CS|TAMS 0x0000000089800000| PB 0x0000000089800000| Complete 
| 153|0x0000000089900000, 0x0000000089a00000, 0x0000000089a00000|100%| E|CS|TAMS 0x0000000089900000| PB 0x0000000089900000| Complete 
| 154|0x0000000089a00000, 0x0000000089b00000, 0x0000000089b00000|100%| E|CS|TAMS 0x0000000089a00000| PB 0x0000000089a00000| Complete 
| 155|0x0000000089b00000, 0x0000000089c00000, 0x0000000089c00000|100%| E|CS|TAMS 0x0000000089b00000| PB 0x0000000089b00000| Complete 
| 156|0x0000000089c00000, 0x0000000089d00000, 0x0000000089d00000|100%| E|CS|TAMS 0x0000000089c00000| PB 0x0000000089c00000| Complete 
| 157|0x0000000089d00000, 0x0000000089e00000, 0x0000000089e00000|100%| E|CS|TAMS 0x0000000089d00000| PB 0x0000000089d00000| Complete 
| 158|0x0000000089e00000, 0x0000000089f00000, 0x0000000089f00000|100%| E|CS|TAMS 0x0000000089e00000| PB 0x0000000089e00000| Complete 
| 159|0x0000000089f00000, 0x000000008a000000, 0x000000008a000000|100%| E|CS|TAMS 0x0000000089f00000| PB 0x0000000089f00000| Complete 
| 160|0x000000008a000000, 0x000000008a100000, 0x000000008a100000|100%| E|CS|TAMS 0x000000008a000000| PB 0x000000008a000000| Complete 
| 161|0x000000008a100000, 0x000000008a200000, 0x000000008a200000|100%| E|CS|TAMS 0x000000008a100000| PB 0x000000008a100000| Complete 
| 162|0x000000008a200000, 0x000000008a300000, 0x000000008a300000|100%| E|CS|TAMS 0x000000008a200000| PB 0x000000008a200000| Complete 
| 163|0x000000008a300000, 0x000000008a400000, 0x000000008a400000|100%| E|CS|TAMS 0x000000008a300000| PB 0x000000008a300000| Complete 
| 164|0x000000008a400000, 0x000000008a500000, 0x000000008a500000|100%| E|CS|TAMS 0x000000008a400000| PB 0x000000008a400000| Complete 
| 165|0x000000008a500000, 0x000000008a600000, 0x000000008a600000|100%| E|CS|TAMS 0x000000008a500000| PB 0x000000008a500000| Complete 
| 166|0x000000008a600000, 0x000000008a700000, 0x000000008a700000|100%| E|CS|TAMS 0x000000008a600000| PB 0x000000008a600000| Complete 
| 167|0x000000008a700000, 0x000000008a800000, 0x000000008a800000|100%| E|CS|TAMS 0x000000008a700000| PB 0x000000008a700000| Complete 
| 168|0x000000008a800000, 0x000000008a900000, 0x000000008a900000|100%| E|CS|TAMS 0x000000008a800000| PB 0x000000008a800000| Complete 
| 169|0x000000008a900000, 0x000000008aa00000, 0x000000008aa00000|100%| E|CS|TAMS 0x000000008a900000| PB 0x000000008a900000| Complete 
| 170|0x000000008aa00000, 0x000000008ab00000, 0x000000008ab00000|100%| E|CS|TAMS 0x000000008aa00000| PB 0x000000008aa00000| Complete 
| 171|0x000000008ab00000, 0x000000008ac00000, 0x000000008ac00000|100%| E|CS|TAMS 0x000000008ab00000| PB 0x000000008ab00000| Complete 
| 172|0x000000008ac00000, 0x000000008ad00000, 0x000000008ad00000|100%| E|CS|TAMS 0x000000008ac00000| PB 0x000000008ac00000| Complete 
| 173|0x000000008ad00000, 0x000000008ae00000, 0x000000008ae00000|100%| E|CS|TAMS 0x000000008ad00000| PB 0x000000008ad00000| Complete 
| 174|0x000000008ae00000, 0x000000008af00000, 0x000000008af00000|100%| E|CS|TAMS 0x000000008ae00000| PB 0x000000008ae00000| Complete 
| 175|0x000000008af00000, 0x000000008b000000, 0x000000008b000000|100%| E|CS|TAMS 0x000000008af00000| PB 0x000000008af00000| Complete 
| 176|0x000000008b000000, 0x000000008b100000, 0x000000008b100000|100%| E|CS|TAMS 0x000000008b000000| PB 0x000000008b000000| Complete 
| 177|0x000000008b100000, 0x000000008b200000, 0x000000008b200000|100%| E|CS|TAMS 0x000000008b100000| PB 0x000000008b100000| Complete 
| 178|0x000000008b200000, 0x000000008b300000, 0x000000008b300000|100%| E|CS|TAMS 0x000000008b200000| PB 0x000000008b200000| Complete 
| 179|0x000000008b300000, 0x000000008b400000, 0x000000008b400000|100%| E|CS|TAMS 0x000000008b300000| PB 0x000000008b300000| Complete 
| 180|0x000000008b400000, 0x000000008b500000, 0x000000008b500000|100%| E|CS|TAMS 0x000000008b400000| PB 0x000000008b400000| Complete 
| 181|0x000000008b500000, 0x000000008b600000, 0x000000008b600000|100%| E|CS|TAMS 0x000000008b500000| PB 0x000000008b500000| Complete 
| 182|0x000000008b600000, 0x000000008b700000, 0x000000008b700000|100%| E|CS|TAMS 0x000000008b600000| PB 0x000000008b600000| Complete 
| 183|0x000000008b700000, 0x000000008b800000, 0x000000008b800000|100%| E|CS|TAMS 0x000000008b700000| PB 0x000000008b700000| Complete 
| 184|0x000000008b800000, 0x000000008b900000, 0x000000008b900000|100%| E|CS|TAMS 0x000000008b800000| PB 0x000000008b800000| Complete 
| 185|0x000000008b900000, 0x000000008ba00000, 0x000000008ba00000|100%| E|CS|TAMS 0x000000008b900000| PB 0x000000008b900000| Complete 
| 186|0x000000008ba00000, 0x000000008bb00000, 0x000000008bb00000|100%| E|CS|TAMS 0x000000008ba00000| PB 0x000000008ba00000| Complete 
| 187|0x000000008bb00000, 0x000000008bc00000, 0x000000008bc00000|100%| E|CS|TAMS 0x000000008bb00000| PB 0x000000008bb00000| Complete 
| 188|0x000000008bc00000, 0x000000008bd00000, 0x000000008bd00000|100%| E|CS|TAMS 0x000000008bc00000| PB 0x000000008bc00000| Complete 
| 189|0x000000008bd00000, 0x000000008be00000, 0x000000008be00000|100%| E|CS|TAMS 0x000000008bd00000| PB 0x000000008bd00000| Complete 
| 190|0x000000008be00000, 0x000000008bf00000, 0x000000008bf00000|100%| E|CS|TAMS 0x000000008be00000| PB 0x000000008be00000| Complete 
| 191|0x000000008bf00000, 0x000000008c000000, 0x000000008c000000|100%| E|CS|TAMS 0x000000008bf00000| PB 0x000000008bf00000| Complete 
| 206|0x000000008ce00000, 0x000000008cf00000, 0x000000008cf00000|100%| E|CS|TAMS 0x000000008ce00000| PB 0x000000008ce00000| Complete 
| 207|0x000000008cf00000, 0x000000008d000000, 0x000000008d000000|100%| E|CS|TAMS 0x000000008cf00000| PB 0x000000008cf00000| Complete 
| 208|0x000000008d000000, 0x000000008d100000, 0x000000008d100000|100%| E|CS|TAMS 0x000000008d000000| PB 0x000000008d000000| Complete 
| 209|0x000000008d100000, 0x000000008d200000, 0x000000008d200000|100%| E|CS|TAMS 0x000000008d100000| PB 0x000000008d100000| Complete 
| 210|0x000000008d200000, 0x000000008d300000, 0x000000008d300000|100%| E|CS|TAMS 0x000000008d200000| PB 0x000000008d200000| Complete 
| 211|0x000000008d300000, 0x000000008d400000, 0x000000008d400000|100%| E|CS|TAMS 0x000000008d300000| PB 0x000000008d300000| Complete 
| 212|0x000000008d400000, 0x000000008d500000, 0x000000008d500000|100%| E|CS|TAMS 0x000000008d400000| PB 0x000000008d400000| Complete 
| 213|0x000000008d500000, 0x000000008d600000, 0x000000008d600000|100%| E|CS|TAMS 0x000000008d500000| PB 0x000000008d500000| Complete 
| 214|0x000000008d600000, 0x000000008d700000, 0x000000008d700000|100%| E|CS|TAMS 0x000000008d600000| PB 0x000000008d600000| Complete 
| 215|0x000000008d700000, 0x000000008d800000, 0x000000008d800000|100%| E|CS|TAMS 0x000000008d700000| PB 0x000000008d700000| Complete 
| 216|0x000000008d800000, 0x000000008d900000, 0x000000008d900000|100%| E|CS|TAMS 0x000000008d800000| PB 0x000000008d800000| Complete 
| 217|0x000000008d900000, 0x000000008da00000, 0x000000008da00000|100%| E|CS|TAMS 0x000000008d900000| PB 0x000000008d900000| Complete 
| 218|0x000000008da00000, 0x000000008db00000, 0x000000008db00000|100%| E|CS|TAMS 0x000000008da00000| PB 0x000000008da00000| Complete 
| 250|0x000000008fa00000, 0x000000008fb00000, 0x000000008fb00000|100%| E|CS|TAMS 0x000000008fa00000| PB 0x000000008fa00000| Complete 
| 251|0x000000008fb00000, 0x000000008fc00000, 0x000000008fc00000|100%| E|CS|TAMS 0x000000008fb00000| PB 0x000000008fb00000| Complete 
|2028|0x00000000fec00000, 0x00000000fed00000, 0x00000000fed00000|100%| O|  |TAMS 0x00000000fec00000| PB 0x00000000fec00000| Untracked 
|2029|0x00000000fed00000, 0x00000000fee00000, 0x00000000fee00000|100%| O|Cm|TAMS 0x00000000fed00000| PB 0x00000000fed00000| Complete 
|2030|0x00000000fee00000, 0x00000000fef00000, 0x00000000fef00000|100%| O|Cm|TAMS 0x00000000fee00000| PB 0x00000000fee00000| Complete 
|2031|0x00000000fef00000, 0x00000000ff000000, 0x00000000ff000000|100%| O|  |TAMS 0x00000000fef00000| PB 0x00000000fef00000| Untracked 
|2032|0x00000000ff000000, 0x00000000ff100000, 0x00000000ff100000|100%| O|  |TAMS 0x00000000ff000000| PB 0x00000000ff000000| Untracked 
|2033|0x00000000ff100000, 0x00000000ff200000, 0x00000000ff200000|100%| E|CS|TAMS 0x00000000ff100000| PB 0x00000000ff100000| Complete 
|2034|0x00000000ff200000, 0x00000000ff300000, 0x00000000ff300000|100%| E|CS|TAMS 0x00000000ff200000| PB 0x00000000ff200000| Complete 
|2035|0x00000000ff300000, 0x00000000ff400000, 0x00000000ff400000|100%| E|CS|TAMS 0x00000000ff300000| PB 0x00000000ff300000| Complete 
|2036|0x00000000ff400000, 0x00000000ff500000, 0x00000000ff500000|100%| E|CS|TAMS 0x00000000ff400000| PB 0x00000000ff400000| Complete 
|2037|0x00000000ff500000, 0x00000000ff600000, 0x00000000ff600000|100%| O|  |TAMS 0x00000000ff500000| PB 0x00000000ff500000| Untracked 
|2038|0x00000000ff600000, 0x00000000ff700000, 0x00000000ff700000|100%| O|  |TAMS 0x00000000ff600000| PB 0x00000000ff600000| Untracked 
|2039|0x00000000ff700000, 0x00000000ff800000, 0x00000000ff800000|100%| O|  |TAMS 0x00000000ff700000| PB 0x00000000ff700000| Untracked 
|2040|0x00000000ff800000, 0x00000000ff900000, 0x00000000ff900000|100%| O|  |TAMS 0x00000000ff800000| PB 0x00000000ff800000| Untracked 
|2041|0x00000000ff900000, 0x00000000ffa00000, 0x00000000ffa00000|100%| O|  |TAMS 0x00000000ff900000| PB 0x00000000ff900000| Untracked 
|2042|0x00000000ffa00000, 0x00000000ffb00000, 0x00000000ffb00000|100%| O|  |TAMS 0x00000000ffa00000| PB 0x00000000ffa00000| Untracked 
|2043|0x00000000ffb00000, 0x00000000ffc00000, 0x00000000ffc00000|100%| O|  |TAMS 0x00000000ffb00000| PB 0x00000000ffb00000| Untracked 
|2044|0x00000000ffc00000, 0x00000000ffd00000, 0x00000000ffd00000|100%| O|  |TAMS 0x00000000ffc00000| PB 0x00000000ffc00000| Untracked 
|2045|0x00000000ffd00000, 0x00000000ffe00000, 0x00000000ffe00000|100%| O|  |TAMS 0x00000000ffd00000| PB 0x00000000ffd00000| Untracked 
|2046|0x00000000ffe00000, 0x00000000fff00000, 0x00000000fff00000|100%| O|  |TAMS 0x00000000ffe00000| PB 0x00000000ffe00000| Untracked 
|2047|0x00000000fff00000, 0x0000000100000000, 0x0000000100000000|100%| O|  |TAMS 0x00000000fff00000| PB 0x00000000fff00000| Untracked 

Card table byte_map: [0x000001af2ce40000,0x000001af2d240000] _byte_map_base: 0x000001af2ca40000

Marking Bits: (CMBitMap*) 0x000001af11e664c0
 Bits: [0x000001af2d240000, 0x000001af2f240000)

Polling page: 0x000001af11ac0000

Metaspace:

Usage:
  Non-class:     93.96 MB used.
      Class:     15.07 MB used.
       Both:    109.03 MB used.

Virtual space:
  Non-class space:      128.00 MB reserved,      95.25 MB ( 74%) committed,  2 nodes.
      Class space:      624.00 MB reserved,      16.31 MB (  3%) committed,  1 nodes.
             Both:      752.00 MB reserved,     111.56 MB ( 15%) committed. 

Chunk freelists:
   Non-Class:  15.83 MB
       Class:  15.50 MB
        Both:  31.33 MB

MaxMetaspaceSize: 768.00 MB
CompressedClassSpaceSize: 624.00 MB
Initial GC threshold: 21.00 MB
Current GC threshold: 183.06 MB
CDS: on
 - commit_granule_bytes: 65536.
 - commit_granule_words: 8192.
 - virtual_space_node_default_size: 8388608.
 - enlarge_chunks_in_place: 1.
 - use_allocation_guard: 0.


Internal statistics:

num_allocs_failed_limit: 12.
num_arena_births: 4542.
num_arena_deaths: 0.
num_vsnodes_births: 3.
num_vsnodes_deaths: 0.
num_space_committed: 1785.
num_space_uncommitted: 0.
num_chunks_returned_to_freelist: 12.
num_chunks_taken_from_freelist: 9817.
num_chunk_merges: 12.
num_chunk_splits: 6288.
num_chunks_enlarged: 3854.
num_inconsistent_stats: 0.

CodeHeap 'non-profiled nmethods': size=127360Kb used=8295Kb max_used=8544Kb free=119064Kb
 bounds [0x000001af23bf0000, 0x000001af24450000, 0x000001af2b850000]
CodeHeap 'profiled nmethods': size=127296Kb used=24559Kb max_used=24559Kb free=102736Kb
 bounds [0x000001af1b850000, 0x000001af1d050000, 0x000001af234a0000]
CodeHeap 'non-nmethods': size=7488Kb used=4694Kb max_used=4728Kb free=2793Kb
 bounds [0x000001af234a0000, 0x000001af23950000, 0x000001af23bf0000]
 total_blobs=13700 nmethods=12630 adapters=971
 compilation: enabled
              stopped_count=0, restarted_count=0
 full_count=0

Compilation events (20 events):
Event: 54.411 Thread 0x000001af325d6f80 14969       4       java.util.stream.Nodes$SpinedNodeBuilder::accept (29 bytes)
Event: 54.412 Thread 0x000001af657cb580 14972       3       groovy.lang.MetaMethod::equal (44 bytes)
Event: 54.412 Thread 0x000001af3260d8b0 nmethod 14970 0x000001af1d02c510 code [0x000001af1d02c740, 0x000001af1d02d1e8]
Event: 54.413 Thread 0x000001af657cb580 nmethod 14972 0x000001af1c274c10 code [0x000001af1c274de0, 0x000001af1c2751d8]
Event: 54.417 Thread 0x000001af657ca7e0 14973       3       java.lang.reflect.Method::getGenericInfo (5 bytes)
Event: 54.418 Thread 0x000001af657ca7e0 nmethod 14973 0x000001af1d02d590 code [0x000001af1d02d7c0, 0x000001af1d02e0d8]
Event: 54.429 Thread 0x000001af657cb580 14976       3       org.codehaus.groovy.reflection.CachedClass$1::initValue (5 bytes)
Event: 54.429 Thread 0x000001af657ca7e0 14977       3       org.codehaus.groovy.reflection.CachedClass$1::initValue (15 bytes)
Event: 54.429 Thread 0x000001af657cc320 14978       3       org.codehaus.groovy.reflection.CachedClass$1$$Lambda/0x000001af345301e8::<init> (10 bytes)
Event: 54.429 Thread 0x000001af3260d8b0 14979       3       org.codehaus.groovy.reflection.CachedClass$1$$Lambda/0x000001af345301e8::run (8 bytes)
Event: 54.429 Thread 0x000001af657cc320 nmethod 14978 0x000001af1c274710 code [0x000001af1c2748c0, 0x000001af1c274a78]
Event: 54.429 Thread 0x000001af3260d8b0 nmethod 14979 0x000001af1c295b90 code [0x000001af1c295d40, 0x000001af1c295e80]
Event: 54.429 Thread 0x000001af657cc320 14980       3       org.codehaus.groovy.reflection.CachedClass$1::lambda$initValue$2 (47 bytes)
Event: 54.429 Thread 0x000001af3260d8b0 14981       3       org.codehaus.groovy.reflection.CachedClass$1$$Lambda/0x000001af34530870::apply (5 bytes)
Event: 54.430 Thread 0x000001af657cb580 nmethod 14976 0x000001af1d02e410 code [0x000001af1d02e660, 0x000001af1d02f010]
Event: 54.430 Thread 0x000001af3260d8b0 nmethod 14981 0x000001af1d02f390 code [0x000001af1d02f540, 0x000001af1d02f740]
Event: 54.432 Thread 0x000001af657ca7e0 nmethod 14977 0x000001af1d02f810 code [0x000001af1d02fa60, 0x000001af1d030390]
Event: 54.432 Thread 0x000001af657cc320 nmethod 14980 0x000001af1d030690 code [0x000001af1d030940, 0x000001af1d031660]
Event: 54.437 Thread 0x000001af325d6f80 nmethod 14969 0x000001af23c78990 code [0x000001af23c78ba0, 0x000001af23c79490]
Event: 54.444 Thread 0x000001af325d6f80 14983       4       java.util.ComparableTimSort::binarySort (223 bytes)

GC Heap History (20 events):
Event: 41.840 GC heap before
{Heap before GC invocations=32 (full 0):
 garbage-first heap   total 158720K, used 143175K [0x0000000080000000, 0x0000000100000000)
  region size 1024K, 54 young (55296K), 4 survivors (4096K)
 Metaspace       used 83641K, committed 85824K, reserved 770048K
  class space    used 11633K, committed 12736K, reserved 638976K
}
Event: 41.846 GC heap after
{Heap after GC invocations=33 (full 0):
 garbage-first heap   total 158720K, used 93486K [0x0000000080000000, 0x0000000100000000)
  region size 1024K, 6 young (6144K), 6 survivors (6144K)
 Metaspace       used 83641K, committed 85824K, reserved 770048K
  class space    used 11633K, committed 12736K, reserved 638976K
}
Event: 42.090 GC heap before
{Heap before GC invocations=33 (full 0):
 garbage-first heap   total 158720K, used 102702K [0x0000000080000000, 0x0000000100000000)
  region size 1024K, 16 young (16384K), 6 survivors (6144K)
 Metaspace       used 84443K, committed 86720K, reserved 770048K
  class space    used 11726K, committed 12864K, reserved 638976K
}
Event: 42.097 GC heap after
{Heap after GC invocations=34 (full 0):
 garbage-first heap   total 158720K, used 94862K [0x0000000080000000, 0x0000000100000000)
  region size 1024K, 2 young (2048K), 2 survivors (2048K)
 Metaspace       used 84443K, committed 86720K, reserved 770048K
  class space    used 11726K, committed 12864K, reserved 638976K
}
Event: 43.614 GC heap before
{Heap before GC invocations=35 (full 0):
 garbage-first heap   total 163840K, used 153230K [0x0000000080000000, 0x0000000100000000)
  region size 1024K, 49 young (50176K), 2 survivors (2048K)
 Metaspace       used 86083K, committed 88384K, reserved 770048K
  class space    used 11894K, committed 13056K, reserved 638976K
}
Event: 43.621 GC heap after
{Heap after GC invocations=36 (full 0):
 garbage-first heap   total 167936K, used 116099K [0x0000000080000000, 0x0000000100000000)
  region size 1024K, 7 young (7168K), 7 survivors (7168K)
 Metaspace       used 86083K, committed 88384K, reserved 770048K
  class space    used 11894K, committed 13056K, reserved 638976K
}
Event: 44.437 GC heap before
{Heap before GC invocations=36 (full 0):
 garbage-first heap   total 167936K, used 149891K [0x0000000080000000, 0x0000000100000000)
  region size 1024K, 41 young (41984K), 7 survivors (7168K)
 Metaspace       used 89297K, committed 91520K, reserved 770048K
  class space    used 12255K, committed 13376K, reserved 638976K
}
Event: 44.445 GC heap after
{Heap after GC invocations=37 (full 0):
 garbage-first heap   total 201728K, used 116807K [0x0000000080000000, 0x0000000100000000)
  region size 1024K, 2 young (2048K), 2 survivors (2048K)
 Metaspace       used 89297K, committed 91520K, reserved 770048K
  class space    used 12255K, committed 13376K, reserved 638976K
}
Event: 45.545 GC heap before
{Heap before GC invocations=37 (full 0):
 garbage-first heap   total 201728K, used 178247K [0x0000000080000000, 0x0000000100000000)
  region size 1024K, 57 young (58368K), 2 survivors (2048K)
 Metaspace       used 92377K, committed 94656K, reserved 770048K
  class space    used 12652K, committed 13760K, reserved 638976K
}
Event: 45.551 GC heap after
{Heap after GC invocations=38 (full 0):
 garbage-first heap   total 201728K, used 123132K [0x0000000080000000, 0x0000000100000000)
  region size 1024K, 7 young (7168K), 7 survivors (7168K)
 Metaspace       used 92377K, committed 94656K, reserved 770048K
  class space    used 12652K, committed 13760K, reserved 638976K
}
Event: 47.091 GC heap before
{Heap before GC invocations=38 (full 0):
 garbage-first heap   total 201728K, used 177404K [0x0000000080000000, 0x0000000100000000)
  region size 1024K, 60 young (61440K), 7 survivors (7168K)
 Metaspace       used 96498K, committed 98816K, reserved 770048K
  class space    used 13182K, committed 14336K, reserved 638976K
}
Event: 47.096 GC heap after
{Heap after GC invocations=39 (full 0):
 garbage-first heap   total 201728K, used 125422K [0x0000000080000000, 0x0000000100000000)
  region size 1024K, 3 young (3072K), 3 survivors (3072K)
 Metaspace       used 96498K, committed 98816K, reserved 770048K
  class space    used 13182K, committed 14336K, reserved 638976K
}
Event: 48.532 GC heap before
{Heap before GC invocations=39 (full 0):
 garbage-first heap   total 201728K, used 180718K [0x0000000080000000, 0x0000000100000000)
  region size 1024K, 57 young (58368K), 3 survivors (3072K)
 Metaspace       used 99614K, committed 102080K, reserved 770048K
  class space    used 13621K, committed 14848K, reserved 638976K
}
Event: 48.538 GC heap after
{Heap after GC invocations=40 (full 0):
 garbage-first heap   total 201728K, used 129011K [0x0000000080000000, 0x0000000100000000)
  region size 1024K, 6 young (6144K), 6 survivors (6144K)
 Metaspace       used 99614K, committed 102080K, reserved 770048K
  class space    used 13621K, committed 14848K, reserved 638976K
}
Event: 49.584 GC heap before
{Heap before GC invocations=41 (full 0):
 garbage-first heap   total 225280K, used 184307K [0x0000000080000000, 0x0000000100000000)
  region size 1024K, 60 young (61440K), 6 survivors (6144K)
 Metaspace       used 100317K, committed 102784K, reserved 770048K
  class space    used 13725K, committed 14976K, reserved 638976K
}
Event: 49.592 GC heap after
{Heap after GC invocations=42 (full 0):
 garbage-first heap   total 225280K, used 133567K [0x0000000080000000, 0x0000000100000000)
  region size 1024K, 8 young (8192K), 8 survivors (8192K)
 Metaspace       used 100317K, committed 102784K, reserved 770048K
  class space    used 13725K, committed 14976K, reserved 638976K
}
Event: 51.637 GC heap before
{Heap before GC invocations=42 (full 0):
 garbage-first heap   total 225280K, used 202175K [0x0000000080000000, 0x0000000100000000)
  region size 1024K, 74 young (75776K), 8 survivors (8192K)
 Metaspace       used 105197K, committed 107712K, reserved 770048K
  class space    used 14481K, committed 15744K, reserved 638976K
}
Event: 51.644 GC heap after
{Heap after GC invocations=43 (full 0):
 garbage-first heap   total 225280K, used 132564K [0x0000000080000000, 0x0000000100000000)
  region size 1024K, 8 young (8192K), 8 survivors (8192K)
 Metaspace       used 105197K, committed 107712K, reserved 770048K
  class space    used 14481K, committed 15744K, reserved 638976K
}
Event: 53.288 GC heap before
{Heap before GC invocations=43 (full 0):
 garbage-first heap   total 225280K, used 203220K [0x0000000080000000, 0x0000000100000000)
  region size 1024K, 77 young (78848K), 8 survivors (8192K)
 Metaspace       used 109707K, committed 112256K, reserved 770048K
  class space    used 15134K, committed 16384K, reserved 638976K
}
Event: 53.295 GC heap after
{Heap after GC invocations=44 (full 0):
 garbage-first heap   total 225280K, used 135467K [0x0000000080000000, 0x0000000100000000)
  region size 1024K, 5 young (5120K), 5 survivors (5120K)
 Metaspace       used 109707K, committed 112256K, reserved 770048K
  class space    used 15134K, committed 16384K, reserved 638976K
}

Dll operation events (15 events):
Event: 0.031 Loaded shared library C:\Program Files\Java\jdk-21\bin\java.dll
Event: 0.151 Loaded shared library C:\Program Files\Java\jdk-21\bin\jsvml.dll
Event: 0.278 Loaded shared library C:\Program Files\Java\jdk-21\bin\zip.dll
Event: 0.291 Loaded shared library C:\Program Files\Java\jdk-21\bin\instrument.dll
Event: 0.302 Loaded shared library C:\Program Files\Java\jdk-21\bin\net.dll
Event: 0.309 Loaded shared library C:\Program Files\Java\jdk-21\bin\nio.dll
Event: 0.319 Loaded shared library C:\Program Files\Java\jdk-21\bin\zip.dll
Event: 1.015 Loaded shared library C:\Program Files\Java\jdk-21\bin\jimage.dll
Event: 1.402 Loaded shared library C:\Program Files\Java\jdk-21\bin\verify.dll
Event: 1.762 Loaded shared library C:\Users\danuk\.gradle\native\1def1411415f61bf3af743bc5b6707747c0891f09f0c88961ee8f79bc544acac\windows-amd64\native-platform.dll
Event: 1.781 Loaded shared library C:\Users\danuk\.gradle\native\0.2.7\x86_64-windows-gnu\gradle-fileevents.dll
Event: 5.074 Loaded shared library C:\Program Files\Java\jdk-21\bin\management.dll
Event: 5.082 Loaded shared library C:\Program Files\Java\jdk-21\bin\management_ext.dll
Event: 5.576 Loaded shared library C:\Program Files\Java\jdk-21\bin\extnet.dll
Event: 6.319 Loaded shared library C:\Program Files\Java\jdk-21\bin\sunmscapi.dll

Deoptimization events (20 events):
Event: 53.251 Thread 0x000001af5f427430 Uncommon trap: trap_request=0xffffffde fr.pc=0x000001af243064bc relative=0x00000000000006fc
Event: 53.251 Thread 0x000001af5f427430 Uncommon trap: reason=class_check action=maybe_recompile pc=0x000001af243064bc method=org.gradle.internal.snapshot.impl.AbstractValueProcessor.processValue(Ljava/lang/Object;Lorg/gradle/internal/snapshot/impl/AbstractValueProcessor$ValueVisitor;)Ljava/lan
Event: 53.251 Thread 0x000001af5f427430 DEOPT PACKING pc=0x000001af243064bc sp=0x0000009b254f5ad0
Event: 53.251 Thread 0x000001af5f427430 DEOPT UNPACKING pc=0x000001af234f46a2 sp=0x0000009b254f5a60 mode 2
Event: 53.450 Thread 0x000001af5f427430 DEOPT PACKING pc=0x000001af1cd38ce3 sp=0x0000009b254f52c0
Event: 53.451 Thread 0x000001af5f427430 DEOPT UNPACKING pc=0x000001af234f4e42 sp=0x0000009b254f47c0 mode 0
Event: 53.697 Thread 0x000001af5f427430 Uncommon trap: trap_request=0xfffffff4 fr.pc=0x000001af2436d1a4 relative=0x0000000000009604
Event: 53.698 Thread 0x000001af5f427430 Uncommon trap: reason=null_check action=make_not_entrant pc=0x000001af2436d1a4 method=org.gradle.internal.instantiation.generator.AbstractClassGenerator$PropertyMetadata.addGetter(Lorg/gradle/internal/instantiation/generator/AbstractClassGenerator$MethodM
Event: 53.698 Thread 0x000001af5f427430 DEOPT PACKING pc=0x000001af2436d1a4 sp=0x0000009b254f44f0
Event: 53.698 Thread 0x000001af5f427430 DEOPT UNPACKING pc=0x000001af234f46a2 sp=0x0000009b254f4470 mode 2
Event: 54.027 Thread 0x000001af5f427430 Uncommon trap: trap_request=0xffffffde fr.pc=0x000001af24174c8c relative=0x00000000000000cc
Event: 54.027 Thread 0x000001af5f427430 Uncommon trap: reason=class_check action=maybe_recompile pc=0x000001af24174c8c method=java.lang.invoke.MethodHandle.setVarargs(Ljava/lang/invoke/MemberName;)Ljava/lang/invoke/MethodHandle; @ 11 c2
Event: 54.027 Thread 0x000001af5f427430 DEOPT PACKING pc=0x000001af24174c8c sp=0x0000009b254f4210
Event: 54.027 Thread 0x000001af5f427430 DEOPT UNPACKING pc=0x000001af234f46a2 sp=0x0000009b254f4190 mode 2
Event: 54.071 Thread 0x000001af5f427430 DEOPT PACKING pc=0x000001af1b968edf sp=0x0000009b254f33a0
Event: 54.071 Thread 0x000001af5f427430 DEOPT UNPACKING pc=0x000001af234f4e42 sp=0x0000009b254f2878 mode 0
Event: 54.227 Thread 0x000001af5f427430 Uncommon trap: trap_request=0xffffff45 fr.pc=0x000001af243e3438 relative=0x00000000000005b8
Event: 54.227 Thread 0x000001af5f427430 Uncommon trap: reason=unstable_if action=reinterpret pc=0x000001af243e3438 method=java.lang.StringConcatHelper.simpleConcat(Ljava/lang/Object;Ljava/lang/Object;)Ljava/lang/String; @ 30 c2
Event: 54.227 Thread 0x000001af5f427430 DEOPT PACKING pc=0x000001af243e3438 sp=0x0000009b254f59c0
Event: 54.228 Thread 0x000001af5f427430 DEOPT UNPACKING pc=0x000001af234f46a2 sp=0x0000009b254f5968 mode 2

Classes loaded (20 events):
Event: 50.646 Loading class java/util/concurrent/atomic/AtomicLongArray
Event: 50.647 Loading class java/util/concurrent/atomic/AtomicLongArray done
Event: 50.711 Loading class sun/reflect/generics/repository/FieldRepository
Event: 50.711 Loading class sun/reflect/generics/repository/FieldRepository done
Event: 50.749 Loading class jdk/internal/vm/annotation/ForceInline
Event: 50.749 Loading class jdk/internal/vm/annotation/ForceInline done
Event: 50.905 Loading class java/util/regex/Pattern$Caret
Event: 50.906 Loading class java/util/regex/Pattern$Caret done
Event: 53.955 Loading class java/util/stream/ReduceOps$9
Event: 53.955 Loading class java/util/stream/ReduceOps$9 done
Event: 53.955 Loading class java/util/stream/ReduceOps$CountingSink$OfInt
Event: 53.956 Loading class java/util/stream/ReduceOps$CountingSink$OfInt done
Event: 53.975 Loading class java/util/Collections$SingletonListBeanInfo
Event: 53.975 Loading class java/util/Collections$SingletonListBeanInfo done
Event: 53.976 Loading class java/util/Collections$SingletonListBeanInfo
Event: 53.976 Loading class java/util/Collections$SingletonListBeanInfo done
Event: 53.976 Loading class java/util/Collections$SingletonListCustomizer
Event: 53.976 Loading class java/util/Collections$SingletonListCustomizer done
Event: 53.977 Loading class java/util/Collections$SingletonListCustomizer
Event: 53.977 Loading class java/util/Collections$SingletonListCustomizer done

Classes unloaded (0 events):
No events

Classes redefined (0 events):
No events

Internal exceptions (20 events):
Event: 54.001 Thread 0x000001af5f427430 Exception <a 'java/lang/ClassNotFoundException'{0x000000008b1d27f8}: org/gradle/api/internal/DefaultNamedDomainObjectCollection$AbstractDomainObjectCreatingProviderBeanInfo> (0x000000008b1d27f8) 
thrown [s\open\src\hotspot\share\classfile\systemDictionary.cpp, line 312]
Event: 54.003 Thread 0x000001af5f427430 Exception <a 'java/lang/ClassNotFoundException'{0x000000008b1f1940}: org/gradle/api/internal/DefaultNamedDomainObjectCollection$AbstractNamedDomainObjectProviderBeanInfo> (0x000000008b1f1940) 
thrown [s\open\src\hotspot\share\classfile\systemDictionary.cpp, line 312]
Event: 54.007 Thread 0x000001af5f427430 Exception <a 'java/lang/ClassNotFoundException'{0x000000008b010218}: org/gradle/api/internal/provider/AbstractMinimalProviderBeanInfo> (0x000000008b010218) 
thrown [s\open\src\hotspot\share\classfile\systemDictionary.cpp, line 312]
Event: 54.010 Thread 0x000001af5f427430 Exception <a 'java/lang/ClassNotFoundException'{0x000000008b02e568}: org/gradle/api/internal/provider/AbstractMinimalProviderCustomizer> (0x000000008b02e568) 
thrown [s\open\src\hotspot\share\classfile\systemDictionary.cpp, line 312]
Event: 54.014 Thread 0x000001af5f427430 Exception <a 'java/lang/ClassNotFoundException'{0x000000008b06e050}: org/gradle/api/internal/DefaultNamedDomainObjectCollection$AbstractNamedDomainObjectProviderCustomizer> (0x000000008b06e050) 
thrown [s\open\src\hotspot\share\classfile\systemDictionary.cpp, line 312]
Event: 54.016 Thread 0x000001af5f427430 Exception <a 'java/lang/ClassNotFoundException'{0x000000008b09f060}: org/gradle/api/internal/DefaultNamedDomainObjectCollection$AbstractDomainObjectCreatingProviderCustomizer> (0x000000008b09f060) 
thrown [s\open\src\hotspot\share\classfile\systemDictionary.cpp, line 312]
Event: 54.019 Thread 0x000001af5f427430 Exception <a 'java/lang/ClassNotFoundException'{0x000000008b0c81d8}: org/gradle/api/internal/tasks/DefaultTaskContainer$TaskCreatingProviderCustomizer> (0x000000008b0c81d8) 
thrown [s\open\src\hotspot\share\classfile\systemDictionary.cpp, line 312]
Event: 54.022 Thread 0x000001af5f427430 Exception <a 'java/lang/ClassNotFoundException'{0x000000008b0eed80}: org/gradle/api/internal/tasks/DefaultTaskContainer$TaskCreatingProvider_DecoratedCustomizer> (0x000000008b0eed80) 
thrown [s\open\src\hotspot\share\classfile\systemDictionary.cpp, line 312]
Event: 54.368 Thread 0x000001af5f427430 Exception <a 'java/lang/ClassNotFoundException'{0x000000008a4d9e48}: com/google/android/gms/dependencies/DependencyAnalyzerBeanInfo> (0x000000008a4d9e48) 
thrown [s\open\src\hotspot\share\classfile\systemDictionary.cpp, line 312]
Event: 54.368 Thread 0x000001af5f427430 Exception <a 'java/lang/ClassNotFoundException'{0x000000008a4eae48}: com/google/android/gms/dependencies/DependencyAnalyzerCustomizer> (0x000000008a4eae48) 
thrown [s\open\src\hotspot\share\classfile\systemDictionary.cpp, line 312]
Event: 54.385 Thread 0x000001af5f427430 Exception <a 'java/lang/ClassNotFoundException'{0x000000008a371330}: com/google/android/gms/dependencies/DependencyInspectorBeanInfo> (0x000000008a371330) 
thrown [s\open\src\hotspot\share\classfile\systemDictionary.cpp, line 312]
Event: 54.386 Thread 0x000001af5f427430 Exception <a 'java/lang/ClassNotFoundException'{0x000000008a3825d0}: com/google/android/gms/dependencies/DependencyInspectorCustomizer> (0x000000008a3825d0) 
thrown [s\open\src\hotspot\share\classfile\systemDictionary.cpp, line 312]
Event: 54.414 Thread 0x000001af5f427430 Exception <a 'java/lang/ClassNotFoundException'{0x0000000089f268b0}: org/gradle/api/internal/artifacts/configurations/DefaultConfigurationContainer_DecoratedBeanInfo> (0x0000000089f268b0) 
thrown [s\open\src\hotspot\share\classfile\systemDictionary.cpp, line 312]
Event: 54.414 Thread 0x000001af5f427430 Exception <a 'java/lang/ClassNotFoundException'{0x0000000089f45cd0}: org/gradle/api/internal/artifacts/configurations/DefaultConfigurationContainerBeanInfo> (0x0000000089f45cd0) 
thrown [s\open\src\hotspot\share\classfile\systemDictionary.cpp, line 312]
Event: 54.415 Thread 0x000001af5f427430 Exception <a 'java/lang/ClassNotFoundException'{0x0000000089f62100}: org/gradle/api/internal/AbstractValidatingNamedDomainObjectContainerBeanInfo> (0x0000000089f62100) 
thrown [s\open\src\hotspot\share\classfile\systemDictionary.cpp, line 312]
Event: 54.416 Thread 0x000001af5f427430 Exception <a 'java/lang/ClassNotFoundException'{0x0000000089f7e190}: org/gradle/api/internal/AbstractNamedDomainObjectContainerBeanInfo> (0x0000000089f7e190) 
thrown [s\open\src\hotspot\share\classfile\systemDictionary.cpp, line 312]
Event: 54.417 Thread 0x000001af5f427430 Exception <a 'java/lang/ClassNotFoundException'{0x0000000089f9a4c8}: org/gradle/api/internal/AbstractNamedDomainObjectContainerCustomizer> (0x0000000089f9a4c8) 
thrown [s\open\src\hotspot\share\classfile\systemDictionary.cpp, line 312]
Event: 54.419 Thread 0x000001af5f427430 Exception <a 'java/lang/ClassNotFoundException'{0x0000000089fdd0e8}: org/gradle/api/internal/AbstractValidatingNamedDomainObjectContainerCustomizer> (0x0000000089fdd0e8) 
thrown [s\open\src\hotspot\share\classfile\systemDictionary.cpp, line 312]
Event: 54.424 Thread 0x000001af5f427430 Exception <a 'java/lang/ClassNotFoundException'{0x0000000089e09db8}: org/gradle/api/internal/artifacts/configurations/DefaultConfigurationContainerCustomizer> (0x0000000089e09db8) 
thrown [s\open\src\hotspot\share\classfile\systemDictionary.cpp, line 312]
Event: 54.428 Thread 0x000001af5f427430 Exception <a 'java/lang/ClassNotFoundException'{0x0000000089e788f0}: org/gradle/api/internal/artifacts/configurations/DefaultConfigurationContainer_DecoratedCustomizer> (0x0000000089e788f0) 
thrown [s\open\src\hotspot\share\classfile\systemDictionary.cpp, line 312]

ZGC Phase Switch (0 events):
No events

VM Operations (20 events):
Event: 49.584 Executing VM operation: G1CollectForAllocation (G1 Evacuation Pause)
Event: 49.592 Executing VM operation: G1CollectForAllocation (G1 Evacuation Pause) done
Event: 49.943 Executing VM operation: HandshakeAllThreads (Deoptimize)
Event: 49.943 Executing VM operation: HandshakeAllThreads (Deoptimize) done
Event: 50.945 Executing VM operation: Cleanup
Event: 50.946 Executing VM operation: Cleanup done
Event: 51.637 Executing VM operation: G1CollectForAllocation (G1 Evacuation Pause)
Event: 51.645 Executing VM operation: G1CollectForAllocation (G1 Evacuation Pause) done
Event: 52.461 Executing VM operation: HandshakeAllThreads (Deoptimize)
Event: 52.461 Executing VM operation: HandshakeAllThreads (Deoptimize) done
Event: 53.021 Executing VM operation: ICBufferFull
Event: 53.021 Executing VM operation: ICBufferFull done
Event: 53.287 Executing VM operation: G1CollectForAllocation (G1 Evacuation Pause)
Event: 53.296 Executing VM operation: G1CollectForAllocation (G1 Evacuation Pause) done
Event: 53.360 Executing VM operation: G1PauseRemark
Event: 53.385 Executing VM operation: G1PauseRemark done
Event: 53.470 Executing VM operation: G1PauseCleanup
Event: 53.470 Executing VM operation: G1PauseCleanup done
Event: 54.209 Executing VM operation: ICBufferFull
Event: 54.209 Executing VM operation: ICBufferFull done

Events (20 events):
Event: 53.381 Thread 0x000001af324201f0 flushing nmethod 0x000001af1b88be10
Event: 53.381 Thread 0x000001af324201f0 flushing nmethod 0x000001af1bdcd510
Event: 53.381 Thread 0x000001af324201f0 flushing nmethod 0x000001af1bdcd890
Event: 53.381 Thread 0x000001af324201f0 flushing nmethod 0x000001af1bdd0790
Event: 53.381 Thread 0x000001af324201f0 flushing nmethod 0x000001af1bf89d10
Event: 53.381 Thread 0x000001af324201f0 flushing nmethod 0x000001af1bfaa190
Event: 53.381 Thread 0x000001af324201f0 flushing nmethod 0x000001af1bfadb10
Event: 53.381 Thread 0x000001af324201f0 flushing nmethod 0x000001af1bfdb690
Event: 53.381 Thread 0x000001af324201f0 flushing nmethod 0x000001af1c010b10
Event: 53.381 Thread 0x000001af324201f0 flushing nmethod 0x000001af1c02ac10
Event: 53.381 Thread 0x000001af324201f0 flushing nmethod 0x000001af1c033d90
Event: 53.381 Thread 0x000001af324201f0 flushing nmethod 0x000001af1c132690
Event: 53.381 Thread 0x000001af324201f0 flushing nmethod 0x000001af1c136590
Event: 53.381 Thread 0x000001af324201f0 flushing nmethod 0x000001af1c15a990
Event: 53.381 Thread 0x000001af324201f0 flushing nmethod 0x000001af1c15b210
Event: 53.381 Thread 0x000001af324201f0 flushing nmethod 0x000001af1c347b10
Event: 53.381 Thread 0x000001af324201f0 flushing nmethod 0x000001af1c537010
Event: 53.381 Thread 0x000001af324201f0 flushing nmethod 0x000001af1c7a4790
Event: 53.660 Thread 0x000001af6663a8a0 Thread exited: 0x000001af6663a8a0
Event: 53.899 Thread 0x000001af6663cab0 Thread added: 0x000001af6663cab0


Dynamic libraries:
0x00007ff7aa560000 - 0x00007ff7aa570000 	C:\Program Files\Java\jdk-21\bin\java.exe
0x00007ffab6460000 - 0x00007ffab66c7000 	C:\WINDOWS\SYSTEM32\ntdll.dll
0x00007ffab5550000 - 0x00007ffab5619000 	C:\WINDOWS\System32\KERNEL32.DLL
0x00007ffab2d30000 - 0x00007ffab3124000 	C:\WINDOWS\System32\KERNELBASE.dll
0x00007ffab3160000 - 0x00007ffab32ab000 	C:\WINDOWS\System32\ucrtbase.dll
0x00007ff9d8d20000 - 0x00007ff9d8d39000 	C:\Program Files\Java\jdk-21\bin\jli.dll
0x00007ffa80220000 - 0x00007ffa8023b000 	C:\Program Files\Java\jdk-21\bin\VCRUNTIME140.dll
0x00007ffab4920000 - 0x00007ffab49d6000 	C:\WINDOWS\System32\ADVAPI32.dll
0x00007ffab41f0000 - 0x00007ffab4299000 	C:\WINDOWS\System32\msvcrt.dll
0x00007ffab4b00000 - 0x00007ffab4ba7000 	C:\WINDOWS\System32\sechost.dll
0x00007ffab4c40000 - 0x00007ffab4d58000 	C:\WINDOWS\System32\RPCRT4.dll
0x00007ffab5990000 - 0x00007ffab5b55000 	C:\WINDOWS\System32\USER32.dll
0x00007ffab3130000 - 0x00007ffab3157000 	C:\WINDOWS\System32\win32u.dll
0x00007ffab5f20000 - 0x00007ffab5f4b000 	C:\WINDOWS\System32\GDI32.dll
0x00007ffab40c0000 - 0x00007ffab41eb000 	C:\WINDOWS\System32\gdi32full.dll
0x00007ffab4010000 - 0x00007ffab40b3000 	C:\WINDOWS\System32\msvcp_win.dll
0x00007ffaa1580000 - 0x00007ffaa1813000 	C:\WINDOWS\WinSxS\amd64_microsoft.windows.common-controls_6595b64144ccf1df_6.0.26100.8115_none_3e075c82e3354f9c\COMCTL32.dll
0x00007ffaab0e0000 - 0x00007ffaab0eb000 	C:\WINDOWS\SYSTEM32\VERSION.dll
0x00007ffab4730000 - 0x00007ffab4762000 	C:\WINDOWS\System32\IMM32.DLL
0x00007ffaadc10000 - 0x00007ffaadc1c000 	C:\Program Files\Java\jdk-21\bin\vcruntime140_1.dll
0x00007ffa7b1a0000 - 0x00007ffa7b22e000 	C:\Program Files\Java\jdk-21\bin\msvcp140.dll
0x00007ff9911c0000 - 0x00007ff991eda000 	C:\Program Files\Java\jdk-21\bin\server\jvm.dll
0x00007ffab4bb0000 - 0x00007ffab4c30000 	C:\WINDOWS\System32\WS2_32.dll
0x00007ffab1930000 - 0x00007ffab198e000 	C:\WINDOWS\SYSTEM32\POWRPROF.dll
0x00007ffaa5d60000 - 0x00007ffaa5d96000 	C:\WINDOWS\SYSTEM32\WINMM.dll
0x00007ffab1910000 - 0x00007ffab1924000 	C:\WINDOWS\SYSTEM32\UMPDC.dll
0x00007ffab1be0000 - 0x00007ffab1bfb000 	C:\WINDOWS\SYSTEM32\kernel.appcore.dll
0x00007ffaa89a0000 - 0x00007ffaa89aa000 	C:\Program Files\Java\jdk-21\bin\jimage.dll
0x00007ffab0cc0000 - 0x00007ffab0f02000 	C:\WINDOWS\SYSTEM32\DBGHELP.DLL
0x00007ffab5b60000 - 0x00007ffab5ee2000 	C:\WINDOWS\System32\combase.dll
0x00007ffab5890000 - 0x00007ffab5968000 	C:\WINDOWS\System32\OLEAUT32.dll
0x00007ffa9c6b0000 - 0x00007ffa9c6eb000 	C:\WINDOWS\SYSTEM32\dbgcore.DLL
0x00007ffab3400000 - 0x00007ffab34a5000 	C:\WINDOWS\System32\bcryptPrimitives.dll
0x00007ff957950000 - 0x00007ff95795f000 	C:\Program Files\Java\jdk-21\bin\instrument.dll
0x00007ffa7bd20000 - 0x00007ffa7bd3f000 	C:\Program Files\Java\jdk-21\bin\java.dll
0x00007ffab4de0000 - 0x00007ffab5547000 	C:\WINDOWS\System32\SHELL32.dll
0x00007ffab34b0000 - 0x00007ffab361a000 	C:\WINDOWS\System32\wintypes.dll
0x00007ffab3620000 - 0x00007ffab3e88000 	C:\WINDOWS\System32\windows.storage.dll
0x00007ffab5630000 - 0x00007ffab5728000 	C:\WINDOWS\System32\SHCORE.dll
0x00007ffab4a00000 - 0x00007ffab4a66000 	C:\WINDOWS\System32\shlwapi.dll
0x00007ffab2c50000 - 0x00007ffab2c79000 	C:\WINDOWS\SYSTEM32\profapi.dll
0x00007ffa38c20000 - 0x00007ffa38cf7000 	C:\Program Files\Java\jdk-21\bin\jsvml.dll
0x00007ffa7b170000 - 0x00007ffa7b188000 	C:\Program Files\Java\jdk-21\bin\zip.dll
0x00007ffa9c900000 - 0x00007ffa9c910000 	C:\Program Files\Java\jdk-21\bin\net.dll
0x00007ffaac5c0000 - 0x00007ffaac6ed000 	C:\WINDOWS\SYSTEM32\WINHTTP.dll
0x00007ffab2150000 - 0x00007ffab21bc000 	C:\WINDOWS\system32\mswsock.dll
0x00007ffa7b880000 - 0x00007ffa7b896000 	C:\Program Files\Java\jdk-21\bin\nio.dll
0x00007ffa9c7e0000 - 0x00007ffa9c7f0000 	C:\Program Files\Java\jdk-21\bin\verify.dll
0x00007ff9538d0000 - 0x00007ff9538f7000 	C:\Users\danuk\.gradle\native\1def1411415f61bf3af743bc5b6707747c0891f09f0c88961ee8f79bc544acac\windows-amd64\native-platform.dll
0x00007ff9578d0000 - 0x00007ff957948000 	C:\Users\danuk\.gradle\native\0.2.7\x86_64-windows-gnu\gradle-fileevents.dll
0x00007ffa7bbc0000 - 0x00007ffa7bbca000 	C:\Program Files\Java\jdk-21\bin\management.dll
0x00007ffa7b8a0000 - 0x00007ffa7b8ab000 	C:\Program Files\Java\jdk-21\bin\management_ext.dll
0x00007ffab5980000 - 0x00007ffab5988000 	C:\WINDOWS\System32\PSAPI.DLL
0x00007ffab15c0000 - 0x00007ffab15f2000 	C:\WINDOWS\SYSTEM32\IPHLPAPI.DLL
0x00007ffab5620000 - 0x00007ffab562a000 	C:\WINDOWS\System32\NSI.dll
0x00007ffa8f4d0000 - 0x00007ffa8f4d9000 	C:\Program Files\Java\jdk-21\bin\extnet.dll
0x00007ffab2430000 - 0x00007ffab244b000 	C:\WINDOWS\SYSTEM32\CRYPTSP.dll
0x00007ffab1b40000 - 0x00007ffab1b79000 	C:\WINDOWS\system32\rsaenh.dll
0x00007ffab2200000 - 0x00007ffab2233000 	C:\WINDOWS\SYSTEM32\USERENV.dll
0x00007ffab2c20000 - 0x00007ffab2c4a000 	C:\WINDOWS\SYSTEM32\bcrypt.dll
0x00007ffab2450000 - 0x00007ffab245c000 	C:\WINDOWS\SYSTEM32\CRYPTBASE.dll
0x00007ff9df820000 - 0x00007ff9df82e000 	C:\Program Files\Java\jdk-21\bin\sunmscapi.dll
0x00007ffab3e90000 - 0x00007ffab4007000 	C:\WINDOWS\System32\CRYPT32.dll
0x00007ffab2650000 - 0x00007ffab2680000 	C:\WINDOWS\SYSTEM32\ncrypt.dll
0x00007ffab2600000 - 0x00007ffab263f000 	C:\WINDOWS\SYSTEM32\NTASN1.dll
0x00007ffaa0ad0000 - 0x00007ffaa0ad8000 	C:\WINDOWS\system32\wshunix.dll
0x00007ffab1600000 - 0x00007ffab1732000 	C:\WINDOWS\SYSTEM32\DNSAPI.dll
0x00007ffaac100000 - 0x00007ffaac10b000 	C:\Windows\System32\rasadhlp.dll
0x00007ffaacbd0000 - 0x00007ffaacc56000 	C:\WINDOWS\System32\fwpuclnt.dll
0x00007ffa88800000 - 0x00007ffa88818000 	C:\WINDOWS\system32\napinsp.dll
0x00007ffa85270000 - 0x00007ffa85283000 	C:\WINDOWS\System32\winrnr.dll
0x00007ffa85240000 - 0x00007ffa85262000 	C:\WINDOWS\system32\nlansp_c.dll
0x00007ffaaae50000 - 0x00007ffaaae66000 	C:\WINDOWS\system32\wshbth.dll

dbghelp: loaded successfully - version: 4.0.5 - missing functions: none
symbol engine: initialized successfully - sym options: 0x614 - pdb path: .;C:\Program Files\Java\jdk-21\bin;C:\WINDOWS\SYSTEM32;C:\WINDOWS\WinSxS\amd64_microsoft.windows.common-controls_6595b64144ccf1df_6.0.26100.8115_none_3e075c82e3354f9c;C:\Program Files\Java\jdk-21\bin\server;C:\Users\danuk\.gradle\native\1def1411415f61bf3af743bc5b6707747c0891f09f0c88961ee8f79bc544acac\windows-amd64;C:\Users\danuk\.gradle\native\0.2.7\x86_64-windows-gnu

VM Arguments:
jvm_args: --add-opens=java.base/java.lang=ALL-UNNAMED --add-opens=java.base/java.lang.invoke=ALL-UNNAMED --add-opens=java.base/java.util=ALL-UNNAMED --add-opens=java.prefs/java.util.prefs=ALL-UNNAMED --add-exports=jdk.compiler/com.sun.tools.javac.api=ALL-UNNAMED --add-exports=jdk.compiler/com.sun.tools.javac.util=ALL-UNNAMED --add-opens=java.base/java.util=ALL-UNNAMED --add-opens=java.prefs/java.util.prefs=ALL-UNNAMED --add-opens=java.base/java.nio.charset=ALL-UNNAMED --add-opens=java.base/java.net=ALL-UNNAMED --add-opens=java.base/java.util.concurrent.atomic=ALL-UNNAMED --add-opens=java.xml/javax.xml.namespace=ALL-UNNAMED -XX:MaxMetaspaceSize=768m -XX:ReservedCodeCacheSize=256m -Xmx2G -Dfile.encoding=UTF-8 -Duser.country=GB -Duser.language=en -Duser.variant -javaagent:C:\Users\danuk\.gradle\wrapper\dists\gradle-8.14-bin\38aieal9i53h9rfe7vjup95b9\gradle-8.14\lib\agents\gradle-instrumentation-agent-8.14.jar 
java_command: org.gradle.launcher.daemon.bootstrap.GradleDaemon 8.14
java_class_path (initial): C:\Users\danuk\.gradle\wrapper\dists\gradle-8.14-bin\38aieal9i53h9rfe7vjup95b9\gradle-8.14\lib\gradle-daemon-main-8.14.jar
Launcher Type: SUN_STANDARD

[Global flags]
     intx CICompilerCount                          = 12                                        {product} {ergonomic}
   size_t CompressedClassSpaceSize                 = 654311424                                 {product} {ergonomic}
     uint ConcGCThreads                            = 4                                         {product} {ergonomic}
     uint G1ConcRefinementThreads                  = 15                                        {product} {ergonomic}
   size_t G1HeapRegionSize                         = 1048576                                   {product} {ergonomic}
    uintx GCDrainStackTargetSize                   = 64                                        {product} {ergonomic}
   size_t InitialHeapSize                          = 264241152                                 {product} {ergonomic}
   size_t MarkStackSize                            = 4194304                                   {product} {ergonomic}
   size_t MaxHeapSize                              = 2147483648                                {product} {command line}
   size_t MaxMetaspaceSize                         = 805306368                                 {product} {command line}
   size_t MaxNewSize                               = 1287651328                                {product} {ergonomic}
   size_t MinHeapDeltaBytes                        = 1048576                                   {product} {ergonomic}
   size_t MinHeapSize                              = 8388608                                   {product} {ergonomic}
    uintx NonNMethodCodeHeapSize                   = 7602480                                {pd product} {ergonomic}
    uintx NonProfiledCodeHeapSize                  = 130416488                              {pd product} {ergonomic}
    uintx ProfiledCodeHeapSize                     = 130416488                              {pd product} {ergonomic}
    uintx ReservedCodeCacheSize                    = 268435456                              {pd product} {command line}
     bool SegmentedCodeCache                       = true                                      {product} {ergonomic}
   size_t SoftMaxHeapSize                          = 2147483648                             {manageable} {ergonomic}
     bool UseCompressedOops                        = true                           {product lp64_product} {ergonomic}
     bool UseG1GC                                  = true                                      {product} {ergonomic}
     bool UseLargePagesIndividualAllocation        = false                                  {pd product} {ergonomic}

Logging:
Log output configuration:
 #0: stdout all=warning uptime,level,tags foldmultilines=false
 #1: stderr all=off uptime,level,tags foldmultilines=false

Environment Variables:
PATH=C:\Users\danuk\AppData\Local\Programs\Microsoft VS Code;D:\istio-1.26.1\bin;C:\Program Files\dotnet\;C:\Users\danuk\AppData\Local\nvm;C:\nvm4w\nodejs;D:\flutter\bin;C:\Users\danuk\AppData\Local\Programs\Python\Python311\Scripts\;C:\Users\danuk\AppData\Local\Programs\Python\Python311\;C:\Program Files\MySQL\MySQL Shell 8.0\bin\;C:\Users\danuk\AppData\Local\Programs\Python\Launcher\;C:\Program Files\Common Files\Oracle\Java\javapath;C:\app\danuk\product\21c\dbhomeXE\bin;C:\Program Files (x86)\VMware\VMware Workstation\bin\;C:\Windows\system32;C:\Windows;C:\Windows\System32\Wbem;C:\Windows\System32\WindowsPowerShell\v1.0\;C:\Windows\System32\OpenSSH\;C:\Program Files (x86)\NVIDIA Corporation\PhysX\Common;C:\Program Files\NVIDIA Corporation\NVIDIA NvDLISR;C:\WINDOWS\system32;C:\WINDOWS;C:\WINDOWS\System32\Wbem;C:\WINDOWS\System32\WindowsPowerShell\v1.0\;C:\WINDOWS\System32\OpenSSH\;C:\Program Files\dotnet\;C:\Program Files\Git\cmd;C:\Program Files\Apache\Maven\bin;C:\Users\danuk\AppData\Local\Microsoft\WindowsApps;C:\Users\danuk\AppData\Local\Programs\Microsoft VS Code\bin;C:\Users\danuk\AppData\Local\GitHubDesktop\bin;C:\Users\danuk\AppData\Roaming\npm;C:\Program Files\Java\jdk-17\bin;C:\Apache\apache-maven-3.9.6\bin;C:\WINDOWS\system32\config\systemprofile\AppData\Local\Microsoft\WindowsApps;C:\Users\danuk\AppData\Local\Programs\Python\Python313\;C:\Users\danuk\AppData\Local\Programs\Python\Python313\Scripts\;C:\Users\danuk\AppData\Local\Programs\cursor\resources\app\bin;C:\Users\danuk\AppData\Local\Google\Cloud SDK\google-cloud-sdk\bin;C:\Users\danuk\AppData\Local\Programs\Lens\resources\cli\bin;C:\Users\danuk\AppData\Local\Android\Sdk;C:\Users\danuk\AppData\Local\nvm;C:\nvm4w\nodejs;D:\AppData\platform-tools;C:\Users\danuk\AppData\Local\PowerToys\DSCModules\;D:\PhpStorm 2025.3.2\bin;C:\Users\danuk\AppData\Local\Programs\Antigravity\bin;C:\Program Files\JetBrains\IntelliJ IDEA 2026.1\bin
USERNAME=danuk
OS=Windows_NT
PROCESSOR_IDENTIFIER=Intel64 Family 6 Model 183 Stepping 1, GenuineIntel
TMP=C:\Users\danuk\AppData\Local\Temp
TEMP=C:\Users\danuk\AppData\Local\Temp




Periodic native trim disabled

---------------  S Y S T E M  ---------------

OS:
 Windows 11 , 64 bit Build 26100 (10.0.26100.8246)
OS uptime: 1 days 14:06 hours
Hyper-V role detected

CPU: total 20 (initial active 20) (10 cores per cpu, 2 threads per core) family 6 model 183 stepping 1 microcode 0x12b, cx8, cmov, fxsr, ht, mmx, 3dnowpref, sse, sse2, sse3, ssse3, sse4.1, sse4.2, popcnt, lzcnt, tsc, tscinvbit, avx, avx2, aes, erms, clmul, bmi1, bmi2, adx, sha, fma, vzeroupper, clflush, clflushopt, clwb, hv, serialize, rdtscp, rdpid, fsrm, f16c, cet_ibt, cet_ss
Processor Information for all 20 processors :
  Max Mhz: 2600, Current Mhz: 2600, Mhz Limit: 2600

Memory: 4k page, system-wide physical 16002M (684M free)
TotalPageFile size 32754M (AvailPageFile size 6M)
current process WorkingSet (physical memory assigned to process): 569M, peak: 572M
current process commit charge ("private bytes"): 623M, peak: 627M

vm_info: Java HotSpot(TM) 64-Bit Server VM (21.0.6+8-LTS-188) for windows-amd64 JRE (21.0.6+8-LTS-188), built on 2024-12-03T10:50:54Z by "mach5one" with MS VC++ 17.6 (VS2022)

END.
