#
# There is insufficient memory for the Java Runtime Environment to continue.
# Native memory allocation (malloc) failed to allocate 1003040 bytes for Chunk::new
# Possible reasons:
#   The system is out of physical RAM or swap space
#   The process is running with CompressedOops enabled, and the Java Heap may be blocking the growth of the native heap
# Possible solutions:
#   Reduce memory load on the system
#   Increase physical memory or swap space
#   Check if swap backing store is full
#   Decrease Java heap size (-Xmx/-Xms)
#   Decrease number of Java threads
#   Decrease Java thread stack sizes (-Xss)
#   Set larger code cache with -XX:ReservedCodeCacheSize=
#   JVM is running with Unscaled Compressed Oops mode in which the Java heap is
#     placed in the first 4GB address space. The Java Heap base address is the
#     maximum limit for the native heap growth. Please use -XX:HeapBaseMinAddress
#     to set the Java Heap base and to place the Java Heap above 4GB virtual address.
# This output file may be truncated or incomplete.
#
#  Out of Memory Error (arena.cpp:168), pid=26356, tid=7476
#
# JRE version: Java(TM) SE Runtime Environment (21.0.6+8) (build 21.0.6+8-LTS-188)
# Java VM: Java HotSpot(TM) 64-Bit Server VM (21.0.6+8-LTS-188, mixed mode, sharing, tiered, compressed oops, compressed class ptrs, g1 gc, windows-amd64)
# No core dump will be written. Minidumps are not enabled by default on client versions of Windows
#

---------------  S U M M A R Y ------------

Command Line: --add-opens=java.base/java.lang=ALL-UNNAMED --add-opens=java.base/java.lang.invoke=ALL-UNNAMED --add-opens=java.base/java.util=ALL-UNNAMED --add-opens=java.prefs/java.util.prefs=ALL-UNNAMED --add-exports=jdk.compiler/com.sun.tools.javac.api=ALL-UNNAMED --add-exports=jdk.compiler/com.sun.tools.javac.util=ALL-UNNAMED --add-opens=java.base/java.util=ALL-UNNAMED --add-opens=java.prefs/java.util.prefs=ALL-UNNAMED --add-opens=java.base/java.nio.charset=ALL-UNNAMED --add-opens=java.base/java.net=ALL-UNNAMED --add-opens=java.base/java.util.concurrent.atomic=ALL-UNNAMED --add-opens=java.xml/javax.xml.namespace=ALL-UNNAMED -XX:MaxMetaspaceSize=768m -XX:ReservedCodeCacheSize=256m -Xmx2G -Dfile.encoding=UTF-8 -Duser.country=GB -Duser.language=en -Duser.variant -javaagent:C:\Users\danuk\.gradle\wrapper\dists\gradle-8.14-bin\38aieal9i53h9rfe7vjup95b9\gradle-8.14\lib\agents\gradle-instrumentation-agent-8.14.jar org.gradle.launcher.daemon.bootstrap.GradleDaemon 8.14

Host: 13th Gen Intel(R) Core(TM) i7-13650HX, 20 cores, 15G,  Windows 11 , 64 bit Build 26100 (10.0.26100.8246)
Time: Sun Apr 26 00:15:28 2026 Sri Lanka Standard Time elapsed time: 14.017843 seconds (0d 0h 0m 14s)

---------------  T H R E A D  ---------------

Current thread (0x0000013908b18020):  JavaThread "C2 CompilerThread1" daemon [_thread_in_native, id=7476, stack(0x00000031bda00000,0x00000031bdb00000) (1024K)]


Current CompileTask:
C2:  14017 4581       4       java.util.regex.Pattern::compile (537 bytes)

Stack: [0x00000031bda00000,0x00000031bdb00000]
Native frames: (J=compiled Java code, j=interpreted, Vv=VM code, C=native code)
V  [jvm.dll+0x6ca6d9]
V  [jvm.dll+0x854f51]
V  [jvm.dll+0x85747e]
V  [jvm.dll+0x857b53]
V  [jvm.dll+0x27dcc6]
V  [jvm.dll+0xc4c2d]
V  [jvm.dll+0xc5163]
V  [jvm.dll+0x3b515c]
V  [jvm.dll+0x381855]
V  [jvm.dll+0x380cca]
V  [jvm.dll+0x246920]
V  [jvm.dll+0x245eff]
V  [jvm.dll+0x1c6d2e]
V  [jvm.dll+0x2554f9]
V  [jvm.dll+0x253a8a]
V  [jvm.dll+0x3ee576]
V  [jvm.dll+0x7ff2fb]
V  [jvm.dll+0x6c8dbd]
C  [ucrtbase.dll+0x37b0]
C  [KERNEL32.DLL+0x2e8d7]
C  [ntdll.dll+0x8c3fc]


---------------  P R O C E S S  ---------------

Threads class SMR info:
_java_thread_list=0x0000013908646db0, length=41, elements={
0x00000139377ce160, 0x00000139560b8740, 0x00000139560bb1a0, 0x00000139560bdc00,
0x00000139560be780, 0x00000139560c1a60, 0x00000139560c24b0, 0x00000139560c3640,
0x00000139560c64e0, 0x0000013956388a00, 0x0000013956389060, 0x00000139563b5ab0,
0x00000139563b6150, 0x00000139565d66f0, 0x0000013904fce2a0, 0x0000013904f946f0,
0x00000139567c4de0, 0x0000013904373980, 0x00000139045e3e90, 0x0000013956a543d0,
0x0000013956a85cf0, 0x0000013904652fe0, 0x0000013904653d00, 0x00000139046515a0,
0x0000013904651c30, 0x00000139046522c0, 0x0000013904652950, 0x0000013904650880,
0x0000013904653670, 0x0000013905b37860, 0x0000013905b38c10, 0x0000013908b18020,
0x0000013905b37ef0, 0x0000013905b38580, 0x0000013905b39930, 0x0000013905b392a0,
0x0000013905b36b40, 0x0000013905d79180, 0x0000013908d40ef0, 0x0000013905b364b0,
0x0000013905b39fc0
}

Java Threads: ( => current thread )
  0x00000139377ce160 JavaThread "main"                              [_thread_blocked, id=4524, stack(0x00000031baa00000,0x00000031bab00000) (1024K)]
  0x00000139560b8740 JavaThread "Reference Handler"          daemon [_thread_blocked, id=27632, stack(0x00000031bb200000,0x00000031bb300000) (1024K)]
  0x00000139560bb1a0 JavaThread "Finalizer"                  daemon [_thread_blocked, id=16140, stack(0x00000031bb300000,0x00000031bb400000) (1024K)]
  0x00000139560bdc00 JavaThread "Signal Dispatcher"          daemon [_thread_blocked, id=19836, stack(0x00000031bb400000,0x00000031bb500000) (1024K)]
  0x00000139560be780 JavaThread "Attach Listener"            daemon [_thread_blocked, id=16672, stack(0x00000031bb500000,0x00000031bb600000) (1024K)]
  0x00000139560c1a60 JavaThread "Service Thread"             daemon [_thread_blocked, id=25260, stack(0x00000031bb600000,0x00000031bb700000) (1024K)]
  0x00000139560c24b0 JavaThread "Monitor Deflation Thread"   daemon [_thread_blocked, id=30884, stack(0x00000031bb700000,0x00000031bb800000) (1024K)]
  0x00000139560c3640 JavaThread "C2 CompilerThread0"         daemon [_thread_in_native, id=29712, stack(0x00000031bb800000,0x00000031bb900000) (1024K)]
  0x00000139560c64e0 JavaThread "C1 CompilerThread0"         daemon [_thread_blocked, id=16632, stack(0x00000031bb900000,0x00000031bba00000) (1024K)]
  0x0000013956388a00 JavaThread "Common-Cleaner"             daemon [_thread_blocked, id=7832, stack(0x00000031bba00000,0x00000031bbb00000) (1024K)]
  0x0000013956389060 JavaThread "C1 CompilerThread1"         daemon [_thread_blocked, id=8048, stack(0x00000031bbb00000,0x00000031bbc00000) (1024K)]
  0x00000139563b5ab0 JavaThread "C1 CompilerThread2"         daemon [_thread_blocked, id=31384, stack(0x00000031bbc00000,0x00000031bbd00000) (1024K)]
  0x00000139563b6150 JavaThread "C1 CompilerThread3"         daemon [_thread_blocked, id=11924, stack(0x00000031bbd00000,0x00000031bbe00000) (1024K)]
  0x00000139565d66f0 JavaThread "Notification Thread"        daemon [_thread_blocked, id=29124, stack(0x00000031bbe00000,0x00000031bbf00000) (1024K)]
  0x0000013904fce2a0 JavaThread "Daemon health stats"               [_thread_blocked, id=12080, stack(0x00000031bc600000,0x00000031bc700000) (1024K)]
  0x0000013904f946f0 JavaThread "Incoming local TCP Connector on port 59355"        [_thread_in_native, id=15472, stack(0x00000031bbf00000,0x00000031bc000000) (1024K)]
  0x00000139567c4de0 JavaThread "Daemon periodic checks"            [_thread_blocked, id=26476, stack(0x00000031bc800000,0x00000031bc900000) (1024K)]
  0x0000013904373980 JavaThread "Daemon"                            [_thread_blocked, id=10900, stack(0x00000031bc700000,0x00000031bc800000) (1024K)]
  0x00000139045e3e90 JavaThread "Handler for socket connection from /127.0.0.1:59355 to /127.0.0.1:59356"        [_thread_in_native, id=28868, stack(0x00000031bc900000,0x00000031bca00000) (1024K)]
  0x0000013956a543d0 JavaThread "Cancel handler"                    [_thread_blocked, id=20608, stack(0x00000031bc000000,0x00000031bc100000) (1024K)]
  0x0000013956a85cf0 JavaThread "Daemon worker"                     [_thread_in_vm, id=28728, stack(0x00000031bca00000,0x00000031bcb00000) (1024K)]
  0x0000013904652fe0 JavaThread "Asynchronous log dispatcher for DefaultDaemonConnection: socket connection from /127.0.0.1:59355 to /127.0.0.1:59356"        [_thread_blocked, id=26928, stack(0x00000031bcb00000,0x00000031bcc00000) (1024K)]
  0x0000013904653d00 JavaThread "Stdin handler"                     [_thread_blocked, id=28892, stack(0x00000031bcc00000,0x00000031bcd00000) (1024K)]
  0x00000139046515a0 JavaThread "Daemon client event forwarder"        [_thread_blocked, id=17548, stack(0x00000031bcd00000,0x00000031bce00000) (1024K)]
  0x0000013904651c30 JavaThread "Cache worker for journal cache (C:\Users\danuk\.gradle\caches\journal-1)"        [_thread_blocked, id=15736, stack(0x00000031bce00000,0x00000031bcf00000) (1024K)]
  0x00000139046522c0 JavaThread "File lock request listener"        [_thread_in_native, id=16528, stack(0x00000031bcf00000,0x00000031bd000000) (1024K)]
  0x0000013904652950 JavaThread "Cache worker for file hash cache (C:\Users\danuk\.gradle\caches\8.14\fileHashes)"        [_thread_blocked, id=23036, stack(0x00000031bd000000,0x00000031bd100000) (1024K)]
  0x0000013904650880 JavaThread "Cache worker for file hash cache (D:\my research\my\new pro\vehicle_app\android\.gradle\8.14\fileHashes)"        [_thread_blocked, id=20692, stack(0x00000031be000000,0x00000031be100000) (1024K)]
  0x0000013904653670 JavaThread "Cache worker for Build Output Cleanup Cache (D:\my research\my\new pro\vehicle_app\android\.gradle\buildOutputCleanup)"        [_thread_blocked, id=29940, stack(0x00000031be100000,0x00000031be200000) (1024K)]
  0x0000013905b37860 JavaThread "File watcher server"        daemon [_thread_in_native, id=3308, stack(0x00000031bdb00000,0x00000031bdc00000) (1024K)]
  0x0000013905b38c10 JavaThread "File watcher consumer"      daemon [_thread_blocked, id=28448, stack(0x00000031bdc00000,0x00000031bdd00000) (1024K)]
=>0x0000013908b18020 JavaThread "C2 CompilerThread1"         daemon [_thread_in_native, id=7476, stack(0x00000031bda00000,0x00000031bdb00000) (1024K)]
  0x0000013905b37ef0 JavaThread "jar transforms"                    [_thread_blocked, id=28228, stack(0x00000031be200000,0x00000031be300000) (1024K)]
  0x0000013905b38580 JavaThread "jar transforms Thread 2"           [_thread_blocked, id=28884, stack(0x00000031be300000,0x00000031be400000) (1024K)]
  0x0000013905b39930 JavaThread "jar transforms Thread 3"           [_thread_blocked, id=4004, stack(0x00000031be400000,0x00000031be500000) (1024K)]
  0x0000013905b392a0 JavaThread "jar transforms Thread 4"           [_thread_blocked, id=27228, stack(0x00000031be600000,0x00000031be700000) (1024K)]
  0x0000013905b36b40 JavaThread "jar transforms Thread 5"           [_thread_blocked, id=26420, stack(0x00000031be500000,0x00000031be600000) (1024K)]
  0x0000013905d79180 JavaThread "C2 CompilerThread2"         daemon [_thread_in_vm, id=16484, stack(0x00000031be700000,0x00000031be800000) (1024K)]
  0x0000013908d40ef0 JavaThread "C2 CompilerThread3"         daemon [_thread_in_native, id=29904, stack(0x00000031be800000,0x00000031be900000) (1024K)]
  0x0000013905b364b0 JavaThread "File lock release action executor"        [_thread_blocked, id=29196, stack(0x00000031be900000,0x00000031bea00000) (1024K)]
  0x0000013905b39fc0 JavaThread "Cache worker for checksums cache (D:\my research\my\new pro\vehicle_app\android\.gradle\8.14\checksums)"        [_thread_blocked, id=16588, stack(0x00000031bea00000,0x00000031beb00000) (1024K)]
Total: 41

Other Threads:
  0x00000139560a05a0 VMThread "VM Thread"                           [id=30588, stack(0x00000031bb100000,0x00000031bb200000) (1024K)]
  0x00000139562809d0 WatcherThread "VM Periodic Task Thread"        [id=27392, stack(0x00000031bb000000,0x00000031bb100000) (1024K)]
  0x0000013937829420 WorkerThread "GC Thread#0"                     [id=5208, stack(0x00000031bab00000,0x00000031bac00000) (1024K)]
  0x0000013956890b60 WorkerThread "GC Thread#1"                     [id=29116, stack(0x00000031bc100000,0x00000031bc200000) (1024K)]
  0x0000013956890f00 WorkerThread "GC Thread#2"                     [id=30788, stack(0x00000031bc200000,0x00000031bc300000) (1024K)]
  0x00000139567b74e0 WorkerThread "GC Thread#3"                     [id=5044, stack(0x00000031bc300000,0x00000031bc400000) (1024K)]
  0x00000139567b7880 WorkerThread "GC Thread#4"                     [id=24768, stack(0x00000031bc400000,0x00000031bc500000) (1024K)]
  0x00000139567b7c20 WorkerThread "GC Thread#5"                     [id=25200, stack(0x00000031bc500000,0x00000031bc600000) (1024K)]
  0x000001390533d890 WorkerThread "GC Thread#6"                     [id=28656, stack(0x00000031bd100000,0x00000031bd200000) (1024K)]
  0x000001390556bd60 WorkerThread "GC Thread#7"                     [id=28416, stack(0x00000031bd200000,0x00000031bd300000) (1024K)]
  0x0000013905606da0 WorkerThread "GC Thread#8"                     [id=11696, stack(0x00000031bd300000,0x00000031bd400000) (1024K)]
  0x0000013905606a00 WorkerThread "GC Thread#9"                     [id=31436, stack(0x00000031bd400000,0x00000031bd500000) (1024K)]
  0x0000013905607880 WorkerThread "GC Thread#10"                    [id=13324, stack(0x00000031bd500000,0x00000031bd600000) (1024K)]
  0x0000013905607140 WorkerThread "GC Thread#11"                    [id=16424, stack(0x00000031bd600000,0x00000031bd700000) (1024K)]
  0x0000013905607c20 WorkerThread "GC Thread#12"                    [id=9056, stack(0x00000031bd700000,0x00000031bd800000) (1024K)]
  0x00000139056074e0 WorkerThread "GC Thread#13"                    [id=11164, stack(0x00000031bd800000,0x00000031bd900000) (1024K)]
  0x0000013905607fc0 WorkerThread "GC Thread#14"                    [id=15544, stack(0x00000031bd900000,0x00000031bda00000) (1024K)]
  0x000001393783a310 ConcurrentGCThread "G1 Main Marker"            [id=25720, stack(0x00000031bac00000,0x00000031bad00000) (1024K)]
  0x000001393783ad20 WorkerThread "G1 Conc#0"                       [id=27024, stack(0x00000031bad00000,0x00000031bae00000) (1024K)]
  0x0000013905dc5180 WorkerThread "G1 Conc#1"                       [id=10284, stack(0x00000031bdd00000,0x00000031bde00000) (1024K)]
  0x0000013905dc6ae0 WorkerThread "G1 Conc#2"                       [id=29996, stack(0x00000031bde00000,0x00000031bdf00000) (1024K)]
  0x0000013905dc58c0 WorkerThread "G1 Conc#3"                       [id=7620, stack(0x00000031bdf00000,0x00000031be000000) (1024K)]
  0x0000013955fdf4c0 ConcurrentGCThread "G1 Refine#0"               [id=31220, stack(0x00000031bae00000,0x00000031baf00000) (1024K)]
  0x0000013955fe0df0 ConcurrentGCThread "G1 Service"                [id=27136, stack(0x00000031baf00000,0x00000031bb000000) (1024K)]
Total: 24

Threads with active compile tasks:
C2 CompilerThread0    14069 4684       4       sun.net.www.protocol.jar.Handler::parseURL (173 bytes)
C2 CompilerThread1    14069 4581       4       java.util.regex.Pattern::compile (537 bytes)
C2 CompilerThread2    14069 4697   !   4       java.util.concurrent.ConcurrentHashMap::transfer (849 bytes)
C2 CompilerThread3    14070 4582       4       jdk.internal.jimage.ImageLocation::getFullName (109 bytes)
Total: 4

VM state: not at safepoint (normal execution)

VM Mutex/Monitor currently owned by a thread: None

Heap address: 0x0000000080000000, size: 2048 MB, Compressed Oops mode: 32-bit

CDS archive(s) mapped at: [0x0000013957000000-0x0000013957c90000-0x0000013957c90000), size 13172736, SharedBaseAddress: 0x0000013957000000, ArchiveRelocationMode: 1.
Compressed class space mapped at: 0x0000013958000000-0x000001397f000000, reserved size: 654311424
Narrow klass base: 0x0000013957000000, Narrow klass shift: 0, Narrow klass range: 0x100000000

GC Precious Log:
 CardTable entry size: 512
 Card Set container configuration: InlinePtr #cards 5 size 8 Array Of Cards #cards 12 size 40 Howl #buckets 4 coarsen threshold 1843 Howl Bitmap #cards 512 size 80 coarsen threshold 460 Card regions per heap region 1 cards per card region 2048
 CPUs: 20 total, 20 available
 Memory: 16002M
 Large Page Support: Disabled
 NUMA Support: Disabled
 Compressed Oops: Enabled (32-bit)
 Heap Region Size: 1M
 Heap Min Capacity: 8M
 Heap Initial Capacity: 252M
 Heap Max Capacity: 2G
 Pre-touch: Disabled
 Parallel Workers: 15
 Concurrent Workers: 4
 Concurrent Refinement Workers: 15
 Periodic GC: Disabled

Heap:
 garbage-first heap   total 109568K, used 57727K [0x0000000080000000, 0x0000000100000000)
  region size 1024K, 31 young (31744K), 4 survivors (4096K)
 Metaspace       used 36189K, committed 37312K, reserved 704512K
  class space    used 5022K, committed 5568K, reserved 638976K

Heap Regions: E=young(eden), S=young(survivor), O=old, HS=humongous(starts), HC=humongous(continues), CS=collection set, F=free, TAMS=top-at-mark-start, PB=parsable bottom
|   0|0x0000000080000000, 0x0000000080100000, 0x0000000080100000|100%|HS|  |TAMS 0x0000000080000000| PB 0x0000000080000000| Complete 
|   1|0x0000000080100000, 0x0000000080200000, 0x0000000080200000|100%|HC|  |TAMS 0x0000000080100000| PB 0x0000000080100000| Complete 
|   2|0x0000000080200000, 0x0000000080300000, 0x0000000080300000|100%|HC|  |TAMS 0x0000000080200000| PB 0x0000000080200000| Complete 
|   3|0x0000000080300000, 0x0000000080400000, 0x0000000080400000|100%| O|  |TAMS 0x0000000080300000| PB 0x0000000080300000| Untracked 
|   4|0x0000000080400000, 0x0000000080500000, 0x0000000080500000|100%| O|  |TAMS 0x0000000080400000| PB 0x0000000080400000| Untracked 
|   5|0x0000000080500000, 0x0000000080600000, 0x0000000080600000|100%| O|  |TAMS 0x0000000080500000| PB 0x0000000080500000| Untracked 
|   6|0x0000000080600000, 0x0000000080700000, 0x0000000080700000|100%|HS|  |TAMS 0x0000000080600000| PB 0x0000000080600000| Complete 
|   7|0x0000000080700000, 0x0000000080800000, 0x0000000080800000|100%| O|  |TAMS 0x0000000080700000| PB 0x0000000080700000| Untracked 
|   8|0x0000000080800000, 0x0000000080900000, 0x0000000080900000|100%| O|  |TAMS 0x0000000080800000| PB 0x0000000080800000| Untracked 
|   9|0x0000000080900000, 0x0000000080a00000, 0x0000000080a00000|100%| O|  |TAMS 0x0000000080900000| PB 0x0000000080900000| Untracked 
|  10|0x0000000080a00000, 0x0000000080b00000, 0x0000000080b00000|100%| O|  |TAMS 0x0000000080a00000| PB 0x0000000080a00000| Untracked 
|  11|0x0000000080b00000, 0x0000000080c00000, 0x0000000080c00000|100%| O|  |TAMS 0x0000000080b00000| PB 0x0000000080b00000| Untracked 
|  12|0x0000000080c00000, 0x0000000080c00000, 0x0000000080d00000|  0%| F|  |TAMS 0x0000000080c00000| PB 0x0000000080c00000| Untracked 
|  13|0x0000000080d00000, 0x0000000080e00000, 0x0000000080e00000|100%| O|  |TAMS 0x0000000080d00000| PB 0x0000000080d00000| Untracked 
|  14|0x0000000080e00000, 0x0000000080f00000, 0x0000000080f00000|100%| O|  |TAMS 0x0000000080e00000| PB 0x0000000080e00000| Untracked 
|  15|0x0000000080f00000, 0x0000000081000000, 0x0000000081000000|100%| O|  |TAMS 0x0000000080f00000| PB 0x0000000080f00000| Untracked 
|  16|0x0000000081000000, 0x0000000081100000, 0x0000000081100000|100%| O|  |TAMS 0x0000000081000000| PB 0x0000000081000000| Untracked 
|  17|0x0000000081100000, 0x0000000081200000, 0x0000000081200000|100%| O|  |TAMS 0x0000000081100000| PB 0x0000000081100000| Untracked 
|  18|0x0000000081200000, 0x0000000081300000, 0x0000000081300000|100%| O|  |TAMS 0x0000000081200000| PB 0x0000000081200000| Untracked 
|  19|0x0000000081300000, 0x0000000081400000, 0x0000000081400000|100%| O|Cm|TAMS 0x0000000081300000| PB 0x0000000081300000| Complete 
|  20|0x0000000081400000, 0x0000000081446560, 0x0000000081500000| 27%| O|  |TAMS 0x0000000081400000| PB 0x0000000081400000| Untracked 
|  21|0x0000000081500000, 0x0000000081500000, 0x0000000081600000|  0%| F|  |TAMS 0x0000000081500000| PB 0x0000000081500000| Untracked 
|  22|0x0000000081600000, 0x0000000081600000, 0x0000000081700000|  0%| F|  |TAMS 0x0000000081600000| PB 0x0000000081600000| Untracked 
|  23|0x0000000081700000, 0x0000000081700000, 0x0000000081800000|  0%| F|  |TAMS 0x0000000081700000| PB 0x0000000081700000| Untracked 
|  24|0x0000000081800000, 0x0000000081800000, 0x0000000081900000|  0%| F|  |TAMS 0x0000000081800000| PB 0x0000000081800000| Untracked 
|  25|0x0000000081900000, 0x0000000081900000, 0x0000000081a00000|  0%| F|  |TAMS 0x0000000081900000| PB 0x0000000081900000| Untracked 
|  26|0x0000000081a00000, 0x0000000081a00000, 0x0000000081b00000|  0%| F|  |TAMS 0x0000000081a00000| PB 0x0000000081a00000| Untracked 
|  27|0x0000000081b00000, 0x0000000081b00000, 0x0000000081c00000|  0%| F|  |TAMS 0x0000000081b00000| PB 0x0000000081b00000| Untracked 
|  28|0x0000000081c00000, 0x0000000081c00000, 0x0000000081d00000|  0%| F|  |TAMS 0x0000000081c00000| PB 0x0000000081c00000| Untracked 
|  29|0x0000000081d00000, 0x0000000081d00000, 0x0000000081e00000|  0%| F|  |TAMS 0x0000000081d00000| PB 0x0000000081d00000| Untracked 
|  30|0x0000000081e00000, 0x0000000081e00000, 0x0000000081f00000|  0%| F|  |TAMS 0x0000000081e00000| PB 0x0000000081e00000| Untracked 
|  31|0x0000000081f00000, 0x0000000081f00000, 0x0000000082000000|  0%| F|  |TAMS 0x0000000081f00000| PB 0x0000000081f00000| Untracked 
|  32|0x0000000082000000, 0x0000000082000000, 0x0000000082100000|  0%| F|  |TAMS 0x0000000082000000| PB 0x0000000082000000| Untracked 
|  33|0x0000000082100000, 0x0000000082100000, 0x0000000082200000|  0%| F|  |TAMS 0x0000000082100000| PB 0x0000000082100000| Untracked 
|  34|0x0000000082200000, 0x0000000082200000, 0x0000000082300000|  0%| F|  |TAMS 0x0000000082200000| PB 0x0000000082200000| Untracked 
|  35|0x0000000082300000, 0x0000000082300000, 0x0000000082400000|  0%| F|  |TAMS 0x0000000082300000| PB 0x0000000082300000| Untracked 
|  36|0x0000000082400000, 0x0000000082400000, 0x0000000082500000|  0%| F|  |TAMS 0x0000000082400000| PB 0x0000000082400000| Untracked 
|  37|0x0000000082500000, 0x0000000082500000, 0x0000000082600000|  0%| F|  |TAMS 0x0000000082500000| PB 0x0000000082500000| Untracked 
|  38|0x0000000082600000, 0x0000000082600000, 0x0000000082700000|  0%| F|  |TAMS 0x0000000082600000| PB 0x0000000082600000| Untracked 
|  39|0x0000000082700000, 0x0000000082700000, 0x0000000082800000|  0%| F|  |TAMS 0x0000000082700000| PB 0x0000000082700000| Untracked 
|  40|0x0000000082800000, 0x0000000082800000, 0x0000000082900000|  0%| F|  |TAMS 0x0000000082800000| PB 0x0000000082800000| Untracked 
|  41|0x0000000082900000, 0x0000000082900000, 0x0000000082a00000|  0%| F|  |TAMS 0x0000000082900000| PB 0x0000000082900000| Untracked 
|  42|0x0000000082a00000, 0x0000000082a00000, 0x0000000082b00000|  0%| F|  |TAMS 0x0000000082a00000| PB 0x0000000082a00000| Untracked 
|  43|0x0000000082b00000, 0x0000000082b00000, 0x0000000082c00000|  0%| F|  |TAMS 0x0000000082b00000| PB 0x0000000082b00000| Untracked 
|  44|0x0000000082c00000, 0x0000000082c00000, 0x0000000082d00000|  0%| F|  |TAMS 0x0000000082c00000| PB 0x0000000082c00000| Untracked 
|  45|0x0000000082d00000, 0x0000000082d00000, 0x0000000082e00000|  0%| F|  |TAMS 0x0000000082d00000| PB 0x0000000082d00000| Untracked 
|  46|0x0000000082e00000, 0x0000000082e00000, 0x0000000082f00000|  0%| F|  |TAMS 0x0000000082e00000| PB 0x0000000082e00000| Untracked 
|  47|0x0000000082f00000, 0x0000000082f00000, 0x0000000083000000|  0%| F|  |TAMS 0x0000000082f00000| PB 0x0000000082f00000| Untracked 
|  48|0x0000000083000000, 0x0000000083000000, 0x0000000083100000|  0%| F|  |TAMS 0x0000000083000000| PB 0x0000000083000000| Untracked 
|  49|0x0000000083100000, 0x0000000083100000, 0x0000000083200000|  0%| F|  |TAMS 0x0000000083100000| PB 0x0000000083100000| Untracked 
|  50|0x0000000083200000, 0x0000000083200000, 0x0000000083300000|  0%| F|  |TAMS 0x0000000083200000| PB 0x0000000083200000| Untracked 
|  51|0x0000000083300000, 0x0000000083300000, 0x0000000083400000|  0%| F|  |TAMS 0x0000000083300000| PB 0x0000000083300000| Untracked 
|  52|0x0000000083400000, 0x0000000083400000, 0x0000000083500000|  0%| F|  |TAMS 0x0000000083400000| PB 0x0000000083400000| Untracked 
|  53|0x0000000083500000, 0x0000000083500000, 0x0000000083600000|  0%| F|  |TAMS 0x0000000083500000| PB 0x0000000083500000| Untracked 
|  54|0x0000000083600000, 0x0000000083600000, 0x0000000083700000|  0%| F|  |TAMS 0x0000000083600000| PB 0x0000000083600000| Untracked 
|  55|0x0000000083700000, 0x0000000083700000, 0x0000000083800000|  0%| F|  |TAMS 0x0000000083700000| PB 0x0000000083700000| Untracked 
|  56|0x0000000083800000, 0x0000000083800000, 0x0000000083900000|  0%| F|  |TAMS 0x0000000083800000| PB 0x0000000083800000| Untracked 
|  57|0x0000000083900000, 0x0000000083900000, 0x0000000083a00000|  0%| F|  |TAMS 0x0000000083900000| PB 0x0000000083900000| Untracked 
|  58|0x0000000083a00000, 0x0000000083a00000, 0x0000000083b00000|  0%| F|  |TAMS 0x0000000083a00000| PB 0x0000000083a00000| Untracked 
|  59|0x0000000083b00000, 0x0000000083b00000, 0x0000000083c00000|  0%| F|  |TAMS 0x0000000083b00000| PB 0x0000000083b00000| Untracked 
|  60|0x0000000083c00000, 0x0000000083c00000, 0x0000000083d00000|  0%| F|  |TAMS 0x0000000083c00000| PB 0x0000000083c00000| Untracked 
|  61|0x0000000083d00000, 0x0000000083d00000, 0x0000000083e00000|  0%| F|  |TAMS 0x0000000083d00000| PB 0x0000000083d00000| Untracked 
|  62|0x0000000083e00000, 0x0000000083e00000, 0x0000000083f00000|  0%| F|  |TAMS 0x0000000083e00000| PB 0x0000000083e00000| Untracked 
|  63|0x0000000083f00000, 0x0000000083f00000, 0x0000000084000000|  0%| F|  |TAMS 0x0000000083f00000| PB 0x0000000083f00000| Untracked 
|  64|0x0000000084000000, 0x0000000084000000, 0x0000000084100000|  0%| F|  |TAMS 0x0000000084000000| PB 0x0000000084000000| Untracked 
|  65|0x0000000084100000, 0x0000000084100000, 0x0000000084200000|  0%| F|  |TAMS 0x0000000084100000| PB 0x0000000084100000| Untracked 
|  66|0x0000000084200000, 0x0000000084200000, 0x0000000084300000|  0%| F|  |TAMS 0x0000000084200000| PB 0x0000000084200000| Untracked 
|  67|0x0000000084300000, 0x00000000843927c8, 0x0000000084400000| 57%| E|  |TAMS 0x0000000084300000| PB 0x0000000084300000| Complete 
|  68|0x0000000084400000, 0x0000000084500000, 0x0000000084500000|100%| E|CS|TAMS 0x0000000084400000| PB 0x0000000084400000| Complete 
|  69|0x0000000084500000, 0x0000000084600000, 0x0000000084600000|100%| E|CS|TAMS 0x0000000084500000| PB 0x0000000084500000| Complete 
|  70|0x0000000084600000, 0x0000000084700000, 0x0000000084700000|100%| E|CS|TAMS 0x0000000084600000| PB 0x0000000084600000| Complete 
|  71|0x0000000084700000, 0x0000000084800000, 0x0000000084800000|100%| E|CS|TAMS 0x0000000084700000| PB 0x0000000084700000| Complete 
|  72|0x0000000084800000, 0x0000000084900000, 0x0000000084900000|100%| E|CS|TAMS 0x0000000084800000| PB 0x0000000084800000| Complete 
|  73|0x0000000084900000, 0x0000000084a00000, 0x0000000084a00000|100%| E|CS|TAMS 0x0000000084900000| PB 0x0000000084900000| Complete 
|  74|0x0000000084a00000, 0x0000000084b00000, 0x0000000084b00000|100%| E|CS|TAMS 0x0000000084a00000| PB 0x0000000084a00000| Complete 
|  75|0x0000000084b00000, 0x0000000084c00000, 0x0000000084c00000|100%| E|CS|TAMS 0x0000000084b00000| PB 0x0000000084b00000| Complete 
|  76|0x0000000084c00000, 0x0000000084d00000, 0x0000000084d00000|100%| E|CS|TAMS 0x0000000084c00000| PB 0x0000000084c00000| Complete 
|  77|0x0000000084d00000, 0x0000000084e00000, 0x0000000084e00000|100%| E|CS|TAMS 0x0000000084d00000| PB 0x0000000084d00000| Complete 
|  78|0x0000000084e00000, 0x0000000084f00000, 0x0000000084f00000|100%| E|CS|TAMS 0x0000000084e00000| PB 0x0000000084e00000| Complete 
|  79|0x0000000084f00000, 0x0000000085000000, 0x0000000085000000|100%| E|CS|TAMS 0x0000000084f00000| PB 0x0000000084f00000| Complete 
|  80|0x0000000085000000, 0x0000000085100000, 0x0000000085100000|100%| E|CS|TAMS 0x0000000085000000| PB 0x0000000085000000| Complete 
|  81|0x0000000085100000, 0x0000000085200000, 0x0000000085200000|100%| E|CS|TAMS 0x0000000085100000| PB 0x0000000085100000| Complete 
|  82|0x0000000085200000, 0x0000000085300000, 0x0000000085300000|100%| E|CS|TAMS 0x0000000085200000| PB 0x0000000085200000| Complete 
|  83|0x0000000085300000, 0x0000000085400000, 0x0000000085400000|100%| E|CS|TAMS 0x0000000085300000| PB 0x0000000085300000| Complete 
| 210|0x000000008d200000, 0x000000008d300000, 0x000000008d300000|100%| E|CS|TAMS 0x000000008d200000| PB 0x000000008d200000| Complete 
| 211|0x000000008d300000, 0x000000008d400000, 0x000000008d400000|100%| E|CS|TAMS 0x000000008d300000| PB 0x000000008d300000| Complete 
| 212|0x000000008d400000, 0x000000008d500000, 0x000000008d500000|100%| E|CS|TAMS 0x000000008d400000| PB 0x000000008d400000| Complete 
| 213|0x000000008d500000, 0x000000008d600000, 0x000000008d600000|100%| E|CS|TAMS 0x000000008d500000| PB 0x000000008d500000| Complete 
| 214|0x000000008d600000, 0x000000008d700000, 0x000000008d700000|100%| E|CS|TAMS 0x000000008d600000| PB 0x000000008d600000| Complete 
| 215|0x000000008d700000, 0x000000008d800000, 0x000000008d800000|100%| E|CS|TAMS 0x000000008d700000| PB 0x000000008d700000| Complete 
| 216|0x000000008d800000, 0x000000008d900000, 0x000000008d900000|100%| E|CS|TAMS 0x000000008d800000| PB 0x000000008d800000| Complete 
| 217|0x000000008d900000, 0x000000008d9196d0, 0x000000008da00000|  9%| S|CS|TAMS 0x000000008d900000| PB 0x000000008d900000| Complete 
| 218|0x000000008da00000, 0x000000008db00000, 0x000000008db00000|100%| S|CS|TAMS 0x000000008da00000| PB 0x000000008da00000| Complete 
| 219|0x000000008db00000, 0x000000008dc00000, 0x000000008dc00000|100%| S|CS|TAMS 0x000000008db00000| PB 0x000000008db00000| Complete 
| 220|0x000000008dc00000, 0x000000008dd00000, 0x000000008dd00000|100%| S|CS|TAMS 0x000000008dc00000| PB 0x000000008dc00000| Complete 
| 221|0x000000008dd00000, 0x000000008de00000, 0x000000008de00000|100%| E|CS|TAMS 0x000000008dd00000| PB 0x000000008dd00000| Complete 
| 250|0x000000008fa00000, 0x000000008fb00000, 0x000000008fb00000|100%| E|CS|TAMS 0x000000008fa00000| PB 0x000000008fa00000| Complete 
| 251|0x000000008fb00000, 0x000000008fc00000, 0x000000008fc00000|100%| E|  |TAMS 0x000000008fb00000| PB 0x000000008fb00000| Complete 
|2039|0x00000000ff700000, 0x00000000ff800000, 0x00000000ff800000|100%| O|  |TAMS 0x00000000ff700000| PB 0x00000000ff700000| Untracked 
|2040|0x00000000ff800000, 0x00000000ff900000, 0x00000000ff900000|100%| O|  |TAMS 0x00000000ff800000| PB 0x00000000ff800000| Untracked 
|2041|0x00000000ff900000, 0x00000000ffa00000, 0x00000000ffa00000|100%| O|  |TAMS 0x00000000ff900000| PB 0x00000000ff900000| Untracked 
|2042|0x00000000ffa00000, 0x00000000ffb00000, 0x00000000ffb00000|100%| O|  |TAMS 0x00000000ffa00000| PB 0x00000000ffa00000| Untracked 
|2043|0x00000000ffb00000, 0x00000000ffc00000, 0x00000000ffc00000|100%| O|  |TAMS 0x00000000ffb00000| PB 0x00000000ffb00000| Untracked 
|2044|0x00000000ffc00000, 0x00000000ffd00000, 0x00000000ffd00000|100%| O|  |TAMS 0x00000000ffc00000| PB 0x00000000ffc00000| Untracked 
|2045|0x00000000ffd00000, 0x00000000ffe00000, 0x00000000ffe00000|100%| O|  |TAMS 0x00000000ffd00000| PB 0x00000000ffd00000| Untracked 
|2046|0x00000000ffe00000, 0x00000000fff00000, 0x00000000fff00000|100%| O|  |TAMS 0x00000000ffe00000| PB 0x00000000ffe00000| Untracked 
|2047|0x00000000fff00000, 0x0000000100000000, 0x0000000100000000|100%| O|  |TAMS 0x00000000fff00000| PB 0x00000000fff00000| Untracked 

Card table byte_map: [0x0000013950af0000,0x0000013950ef0000] _byte_map_base: 0x00000139506f0000

Marking Bits: (CMBitMap*) 0x0000013937829a30
 Bits: [0x0000013950ef0000, 0x0000013952ef0000)

Polling page: 0x0000013935680000

Metaspace:

Usage:
  Non-class:     30.45 MB used.
      Class:      4.91 MB used.
       Both:     35.36 MB used.

Virtual space:
  Non-class space:       64.00 MB reserved,      31.00 MB ( 48%) committed,  1 nodes.
      Class space:      624.00 MB reserved,       5.44 MB ( <1%) committed,  1 nodes.
             Both:      688.00 MB reserved,      36.44 MB (  5%) committed. 

Chunk freelists:
   Non-Class:  354.00 KB
       Class:  10.53 MB
        Both:  10.88 MB

MaxMetaspaceSize: 768.00 MB
CompressedClassSpaceSize: 624.00 MB
Initial GC threshold: 21.00 MB
Current GC threshold: 59.38 MB
CDS: on
 - commit_granule_bytes: 65536.
 - commit_granule_words: 8192.
 - virtual_space_node_default_size: 8388608.
 - enlarge_chunks_in_place: 1.
 - use_allocation_guard: 0.


Internal statistics:

num_allocs_failed_limit: 9.
num_arena_births: 1692.
num_arena_deaths: 0.
num_vsnodes_births: 2.
num_vsnodes_deaths: 0.
num_space_committed: 583.
num_space_uncommitted: 0.
num_chunks_returned_to_freelist: 9.
num_chunks_taken_from_freelist: 3208.
num_chunk_merges: 9.
num_chunk_splits: 2036.
num_chunks_enlarged: 1250.
num_inconsistent_stats: 0.

CodeHeap 'non-profiled nmethods': size=127360Kb used=2409Kb max_used=2528Kb free=124950Kb
 bounds [0x0000013947ff0000, 0x0000013948290000, 0x000001394fc50000]
CodeHeap 'profiled nmethods': size=127296Kb used=8313Kb max_used=8864Kb free=118983Kb
 bounds [0x000001393fc50000, 0x0000013940500000, 0x00000139478a0000]
CodeHeap 'non-nmethods': size=7488Kb used=3610Kb max_used=3663Kb free=3877Kb
 bounds [0x00000139478a0000, 0x0000013947c40000, 0x0000013947ff0000]
 total_blobs=4862 nmethods=4169 adapters=594
 compilation: enabled
              stopped_count=0, restarted_count=0
 full_count=0

Compilation events (20 events):
Event: 13.967 Thread 0x0000013956389060 4672       3       groovy.lang.MetaClassImpl::createMetaBeanProperty (35 bytes)
Event: 13.967 Thread 0x0000013905d79180 4610       4       java.util.HashMap$KeySpliterator::characteristics (30 bytes)
Event: 13.967 Thread 0x00000139560c64e0 4673       3       groovy.lang.MetaClassImpl::makeReplacementMetaProperty (241 bytes)
Event: 13.967 Thread 0x00000139563b6150 4674       3       groovy.lang.MetaBeanProperty::<init> (18 bytes)
Event: 13.969 Thread 0x00000139563b6150 nmethod 4674 0x000001393fc6a490 code [0x000001393fc6a640, 0x000001393fc6a970]
Event: 13.970 Thread 0x0000013956389060 nmethod 4672 0x000001393fcb4c90 code [0x000001393fcb4e80, 0x000001393fcb5358]
Event: 13.974 Thread 0x00000139560c64e0 nmethod 4673 0x000001393fc8a290 code [0x000001393fc8a6a0, 0x000001393fc8cca0]
Event: 13.974 Thread 0x0000013908d40ef0 4582       4       jdk.internal.jimage.ImageLocation::getFullName (109 bytes)
Event: 13.974 Thread 0x0000013905d79180 nmethod 4610 0x0000013948091c90 code [0x0000013948091e20, 0x0000013948091ed0]
Event: 13.976 Thread 0x0000013905d79180 4608       4       java.lang.invoke.Invokers$Holder::linkToTargetMethod (9 bytes)
Event: 13.978 Thread 0x00000139560c3640 nmethod 4519 0x0000013948054f90 code [0x0000013948055160, 0x00000139480555c8]
Event: 13.981 Thread 0x0000013905d79180 nmethod 4608 0x0000013948054c10 code [0x0000013948054da0, 0x0000013948054e98]
Event: 13.982 Thread 0x00000139560c3640 4588       4       java.util.regex.Pattern$Node::study (21 bytes)
Event: 13.983 Thread 0x0000013905d79180 4645       4       java.util.stream.StreamSupport::stream (19 bytes)
Event: 13.986 Thread 0x00000139560c3640 nmethod 4588 0x0000013948091810 code [0x00000139480919c0, 0x0000013948091b18]
Event: 13.987 Thread 0x00000139560c3640 4607       4       java.util.stream.MatchOps$MatchOp::getOpFlags (8 bytes)
Event: 13.990 Thread 0x00000139560c3640 nmethod 4607 0x0000013948054910 code [0x0000013948054aa0, 0x0000013948054b30]
Event: 13.999 Thread 0x0000013905d79180 nmethod 4645 0x0000013948096890 code [0x0000013948096a40, 0x0000013948096d70]
Event: 14.006 Thread 0x0000013905d79180 4675       4       jdk.internal.loader.ClassLoaders$BootClassLoader::loadClassOrNull (10 bytes)
Event: 14.012 Thread 0x0000013905d79180 nmethod 4675 0x0000013948096190 code [0x0000013948096340, 0x0000013948096610]

GC Heap History (14 events):
Event: 0.882 GC heap before
{Heap before GC invocations=0 (full 0):
 garbage-first heap   total 258048K, used 23552K [0x0000000080000000, 0x0000000100000000)
  region size 1024K, 23 young (23552K), 0 survivors (0K)
 Metaspace       used 905K, committed 1024K, reserved 704512K
  class space    used 68K, committed 128K, reserved 638976K
}
Event: 0.888 GC heap after
{Heap after GC invocations=1 (full 0):
 garbage-first heap   total 258048K, used 1584K [0x0000000080000000, 0x0000000100000000)
  region size 1024K, 2 young (2048K), 2 survivors (2048K)
 Metaspace       used 905K, committed 1024K, reserved 704512K
  class space    used 68K, committed 128K, reserved 638976K
}
Event: 2.432 GC heap before
{Heap before GC invocations=1 (full 0):
 garbage-first heap   total 258048K, used 40496K [0x0000000080000000, 0x0000000100000000)
  region size 1024K, 38 young (38912K), 2 survivors (2048K)
 Metaspace       used 4443K, committed 4608K, reserved 704512K
  class space    used 542K, committed 640K, reserved 638976K
}
Event: 2.440 GC heap after
{Heap after GC invocations=2 (full 0):
 garbage-first heap   total 258048K, used 10868K [0x0000000080000000, 0x0000000100000000)
  region size 1024K, 5 young (5120K), 5 survivors (5120K)
 Metaspace       used 4443K, committed 4608K, reserved 704512K
  class space    used 542K, committed 640K, reserved 638976K
}
Event: 7.526 GC heap before
{Heap before GC invocations=2 (full 0):
 garbage-first heap   total 258048K, used 120436K [0x0000000080000000, 0x0000000100000000)
  region size 1024K, 110 young (112640K), 5 survivors (5120K)
 Metaspace       used 17117K, committed 17728K, reserved 704512K
  class space    used 2322K, committed 2624K, reserved 638976K
}
Event: 7.537 GC heap after
{Heap after GC invocations=3 (full 0):
 garbage-first heap   total 258048K, used 21718K [0x0000000080000000, 0x0000000100000000)
  region size 1024K, 14 young (14336K), 14 survivors (14336K)
 Metaspace       used 17117K, committed 17728K, reserved 704512K
  class space    used 2322K, committed 2624K, reserved 638976K
}
Event: 8.648 GC heap before
{Heap before GC invocations=3 (full 0):
 garbage-first heap   total 258048K, used 51414K [0x0000000080000000, 0x0000000100000000)
  region size 1024K, 44 young (45056K), 14 survivors (14336K)
 Metaspace       used 20794K, committed 21504K, reserved 704512K
  class space    used 2954K, committed 3328K, reserved 638976K
}
Event: 8.658 GC heap after
{Heap after GC invocations=4 (full 0):
 garbage-first heap   total 258048K, used 23901K [0x0000000080000000, 0x0000000100000000)
  region size 1024K, 12 young (12288K), 12 survivors (12288K)
 Metaspace       used 20794K, committed 21504K, reserved 704512K
  class space    used 2954K, committed 3328K, reserved 638976K
}
Event: 12.054 GC heap before
{Heap before GC invocations=5 (full 0):
 garbage-first heap   total 92160K, used 89437K [0x0000000080000000, 0x0000000100000000)
  region size 1024K, 77 young (78848K), 12 survivors (12288K)
 Metaspace       used 29063K, committed 30016K, reserved 704512K
  class space    used 4192K, committed 4672K, reserved 638976K
}
Event: 12.066 GC heap after
{Heap after GC invocations=6 (full 0):
 garbage-first heap   total 109568K, used 29530K [0x0000000080000000, 0x0000000100000000)
  region size 1024K, 8 young (8192K), 8 survivors (8192K)
 Metaspace       used 29063K, committed 30016K, reserved 704512K
  class space    used 4192K, committed 4672K, reserved 638976K
}
Event: 13.372 GC heap before
{Heap before GC invocations=6 (full 0):
 garbage-first heap   total 109568K, used 60250K [0x0000000080000000, 0x0000000100000000)
  region size 1024K, 39 young (39936K), 8 survivors (8192K)
 Metaspace       used 34897K, committed 35968K, reserved 704512K
  class space    used 4906K, committed 5440K, reserved 638976K
}
Event: 13.379 GC heap after
{Heap after GC invocations=7 (full 0):
 garbage-first heap   total 109568K, used 32489K [0x0000000080000000, 0x0000000100000000)
  region size 1024K, 4 young (4096K), 4 survivors (4096K)
 Metaspace       used 34897K, committed 35968K, reserved 704512K
  class space    used 4906K, committed 5440K, reserved 638976K
}
Event: 13.430 GC heap before
{Heap before GC invocations=7 (full 0):
 garbage-first heap   total 109568K, used 34537K [0x0000000080000000, 0x0000000100000000)
  region size 1024K, 7 young (7168K), 4 survivors (4096K)
 Metaspace       used 35268K, committed 36288K, reserved 704512K
  class space    used 4919K, committed 5440K, reserved 638976K
}
Event: 13.436 GC heap after
{Heap after GC invocations=8 (full 0):
 garbage-first heap   total 109568K, used 32127K [0x0000000080000000, 0x0000000100000000)
  region size 1024K, 4 young (4096K), 4 survivors (4096K)
 Metaspace       used 35268K, committed 36288K, reserved 704512K
  class space    used 4919K, committed 5440K, reserved 638976K
}

Dll operation events (15 events):
Event: 0.035 Loaded shared library C:\Program Files\Java\jdk-21\bin\java.dll
Event: 0.107 Loaded shared library C:\Program Files\Java\jdk-21\bin\jsvml.dll
Event: 0.247 Loaded shared library C:\Program Files\Java\jdk-21\bin\zip.dll
Event: 0.252 Loaded shared library C:\Program Files\Java\jdk-21\bin\instrument.dll
Event: 0.259 Loaded shared library C:\Program Files\Java\jdk-21\bin\net.dll
Event: 0.263 Loaded shared library C:\Program Files\Java\jdk-21\bin\nio.dll
Event: 0.275 Loaded shared library C:\Program Files\Java\jdk-21\bin\zip.dll
Event: 0.872 Loaded shared library C:\Program Files\Java\jdk-21\bin\jimage.dll
Event: 1.180 Loaded shared library C:\Program Files\Java\jdk-21\bin\verify.dll
Event: 1.453 Loaded shared library C:\Users\danuk\.gradle\native\1def1411415f61bf3af743bc5b6707747c0891f09f0c88961ee8f79bc544acac\windows-amd64\native-platform.dll
Event: 1.470 Loaded shared library C:\Users\danuk\.gradle\native\0.2.7\x86_64-windows-gnu\gradle-fileevents.dll
Event: 4.444 Loaded shared library C:\Program Files\Java\jdk-21\bin\management.dll
Event: 4.449 Loaded shared library C:\Program Files\Java\jdk-21\bin\management_ext.dll
Event: 4.881 Loaded shared library C:\Program Files\Java\jdk-21\bin\extnet.dll
Event: 5.542 Loaded shared library C:\Program Files\Java\jdk-21\bin\sunmscapi.dll

Deoptimization events (20 events):
Event: 13.596 Thread 0x0000013956a85cf0 DEOPT PACKING pc=0x000001394823faf8 sp=0x00000031bcaf7590
Event: 13.596 Thread 0x0000013956a85cf0 DEOPT UNPACKING pc=0x00000139478f46a2 sp=0x00000031bcaf7538 mode 2
Event: 13.597 Thread 0x0000013956a85cf0 Uncommon trap: trap_request=0xffffffc6 fr.pc=0x000001394823faf8 relative=0x0000000000000298
Event: 13.597 Thread 0x0000013956a85cf0 Uncommon trap: reason=bimorphic_or_optimized_type_check action=maybe_recompile pc=0x000001394823faf8 method=java.util.stream.MatchOps$1MatchSink.accept(Ljava/lang/Object;)V @ 12 c2
Event: 13.598 Thread 0x0000013956a85cf0 DEOPT PACKING pc=0x000001394823faf8 sp=0x00000031bcaf7590
Event: 13.598 Thread 0x0000013956a85cf0 DEOPT UNPACKING pc=0x00000139478f46a2 sp=0x00000031bcaf7538 mode 2
Event: 13.599 Thread 0x0000013956a85cf0 Uncommon trap: trap_request=0xffffffc6 fr.pc=0x000001394823faf8 relative=0x0000000000000298
Event: 13.599 Thread 0x0000013956a85cf0 Uncommon trap: reason=bimorphic_or_optimized_type_check action=maybe_recompile pc=0x000001394823faf8 method=java.util.stream.MatchOps$1MatchSink.accept(Ljava/lang/Object;)V @ 12 c2
Event: 13.600 Thread 0x0000013956a85cf0 DEOPT PACKING pc=0x000001394823faf8 sp=0x00000031bcaf7590
Event: 13.600 Thread 0x0000013956a85cf0 DEOPT UNPACKING pc=0x00000139478f46a2 sp=0x00000031bcaf7538 mode 2
Event: 13.840 Thread 0x0000013956a85cf0 DEOPT PACKING pc=0x00000139402890e2 sp=0x00000031bcaf7bd0
Event: 13.840 Thread 0x0000013956a85cf0 DEOPT UNPACKING pc=0x00000139478f4e42 sp=0x00000031bcaf70f8 mode 0
Event: 13.907 Thread 0x0000013956a85cf0 Uncommon trap: trap_request=0xffffff45 fr.pc=0x000001394825aec0 relative=0x00000000000012c0
Event: 13.908 Thread 0x0000013956a85cf0 Uncommon trap: reason=unstable_if action=reinterpret pc=0x000001394825aec0 method=jdk.internal.loader.BuiltinClassLoader.findLoadedModule(Ljava/lang/String;)Ljdk/internal/loader/BuiltinClassLoader$LoadedModule; @ 8 c2
Event: 13.908 Thread 0x0000013956a85cf0 DEOPT PACKING pc=0x000001394825aec0 sp=0x00000031bcaf7eb0
Event: 13.908 Thread 0x0000013956a85cf0 DEOPT UNPACKING pc=0x00000139478f46a2 sp=0x00000031bcaf7e08 mode 2
Event: 13.952 Thread 0x0000013956a85cf0 Uncommon trap: trap_request=0xffffff45 fr.pc=0x0000013948260c0c relative=0x00000000000009cc
Event: 13.952 Thread 0x0000013956a85cf0 Uncommon trap: reason=unstable_if action=reinterpret pc=0x0000013948260c0c method=jdk.internal.loader.BuiltinClassLoader.findLoadedModule(Ljava/lang/String;)Ljdk/internal/loader/BuiltinClassLoader$LoadedModule; @ 8 c2
Event: 13.953 Thread 0x0000013956a85cf0 DEOPT PACKING pc=0x0000013948260c0c sp=0x00000031bcaf7f10
Event: 13.953 Thread 0x0000013956a85cf0 DEOPT UNPACKING pc=0x00000139478f46a2 sp=0x00000031bcaf7ef0 mode 2

Classes loaded (20 events):
Event: 13.673 Loading class jdk/internal/jrtfs/SystemImage$1
Event: 13.674 Loading class jdk/internal/jrtfs/SystemImage$1 done
Event: 13.675 Loading class jdk/internal/jimage/ImageReader$SharedImageReader$LocationVisitor
Event: 13.675 Loading class jdk/internal/jimage/ImageReader$SharedImageReader$LocationVisitor done
Event: 13.677 Loading class java/nio/ByteBufferAsIntBufferL
Event: 13.678 Loading class java/nio/ByteBufferAsIntBufferL done
Event: 13.680 Loading class jdk/internal/jrtfs/JrtFileAttributes
Event: 13.681 Loading class jdk/internal/jrtfs/JrtFileAttributes done
Event: 13.682 Loading class jdk/internal/jrtfs/JrtDirectoryStream
Event: 13.683 Loading class jdk/internal/jrtfs/JrtDirectoryStream done
Event: 13.685 Loading class jdk/internal/jrtfs/JrtDirectoryStream$1
Event: 13.686 Loading class jdk/internal/jrtfs/JrtDirectoryStream$1 done
Event: 13.689 Loading class java/util/function/BooleanSupplier
Event: 13.690 Loading class java/util/function/BooleanSupplier done
Event: 13.691 Loading class jdk/internal/jimage/ImageReader$Resource
Event: 13.691 Loading class jdk/internal/jimage/ImageReader$Resource done
Event: 13.834 Loading class java/util/WeakHashMap$KeyIterator
Event: 13.834 Loading class java/util/WeakHashMap$HashIterator
Event: 13.835 Loading class java/util/WeakHashMap$HashIterator done
Event: 13.835 Loading class java/util/WeakHashMap$KeyIterator done

Classes unloaded (0 events):
No events

Classes redefined (0 events):
No events

Internal exceptions (20 events):
Event: 13.309 Thread 0x0000013956a85cf0 Exception <a 'java/lang/ClassNotFoundException'{0x0000000083efb980}: java/lang/ObjectCustomizer> (0x0000000083efb980) 
thrown [s\open\src\hotspot\share\classfile\systemDictionary.cpp, line 312]
Event: 13.314 Thread 0x0000013956a85cf0 Exception <a 'java/lang/IncompatibleClassChangeError'{0x0000000083d0d618}: Found class java.lang.Object, but interface was expected> (0x0000000083d0d618) 
thrown [s\open\src\hotspot\share\interpreter\linkResolver.cpp, line 840]
Event: 13.318 Thread 0x0000013956a85cf0 Exception <a 'java/lang/ClassNotFoundException'{0x0000000083d2a3b0}: groovy/lang/MetaClassImplCustomizer> (0x0000000083d2a3b0) 
thrown [s\open\src\hotspot\share\classfile\systemDictionary.cpp, line 312]
Event: 13.321 Thread 0x0000013956a85cf0 Exception <a 'java/lang/ClassNotFoundException'{0x0000000083d53e58}: groovy/lang/ExpandoMetaClassCustomizer> (0x0000000083d53e58) 
thrown [s\open\src\hotspot\share\classfile\systemDictionary.cpp, line 312]
Event: 13.847 Thread 0x0000013956a85cf0 Exception <a 'java/lang/ClassNotFoundException'{0x00000000848ea6a8}: groovy/lang/BindingBeanInfo> (0x00000000848ea6a8) 
thrown [s\open\src\hotspot\share\classfile\systemDictionary.cpp, line 312]
Event: 13.850 Thread 0x0000013956a85cf0 Exception <a 'java/lang/ClassNotFoundException'{0x00000000848f42a8}: groovy/lang/GroovyObjectSupportBeanInfo> (0x00000000848f42a8) 
thrown [s\open\src\hotspot\share\classfile\systemDictionary.cpp, line 312]
Event: 13.852 Thread 0x0000013956a85cf0 Exception <a 'java/lang/ClassNotFoundException'{0x00000000848fdec8}: groovy/lang/GroovyObjectSupportCustomizer> (0x00000000848fdec8) 
thrown [s\open\src\hotspot\share\classfile\systemDictionary.cpp, line 312]
Event: 13.856 Thread 0x0000013956a85cf0 Exception <a 'java/lang/ClassNotFoundException'{0x000000008470c2a0}: groovy/lang/BindingCustomizer> (0x000000008470c2a0) 
thrown [s\open\src\hotspot\share\classfile\systemDictionary.cpp, line 312]
Event: 13.911 Thread 0x0000013956a85cf0 Exception <a 'java/lang/ClassNotFoundException'{0x0000000084651990}: init_2pxxs6da6tafch98yh2nc7j8tBeanInfo> (0x0000000084651990) 
thrown [s\open\src\hotspot\share\classfile\systemDictionary.cpp, line 312]
Event: 13.914 Thread 0x0000013956a85cf0 Exception <a 'java/lang/ClassNotFoundException'{0x000000008465b5d8}: org/gradle/initialization/InitScriptBeanInfo> (0x000000008465b5d8) 
thrown [s\open\src\hotspot\share\classfile\systemDictionary.cpp, line 312]
Event: 13.916 Thread 0x0000013956a85cf0 Exception <a 'java/lang/ClassNotFoundException'{0x00000000846653a0}: org/gradle/groovy/scripts/DefaultScriptBeanInfo> (0x00000000846653a0) 
thrown [s\open\src\hotspot\share\classfile\systemDictionary.cpp, line 312]
Event: 13.916 Thread 0x0000013956a85cf0 Exception <a 'java/lang/ClassNotFoundException'{0x000000008466f028}: org/gradle/groovy/scripts/BasicScriptBeanInfo> (0x000000008466f028) 
thrown [s\open\src\hotspot\share\classfile\systemDictionary.cpp, line 312]
Event: 13.917 Thread 0x0000013956a85cf0 Exception <a 'java/lang/ClassNotFoundException'{0x0000000084678c50}: org/gradle/groovy/scripts/ScriptBeanInfo> (0x0000000084678c50) 
thrown [s\open\src\hotspot\share\classfile\systemDictionary.cpp, line 312]
Event: 13.918 Thread 0x0000013956a85cf0 Exception <a 'java/lang/ClassNotFoundException'{0x00000000846827a0}: groovy/lang/ScriptBeanInfo> (0x00000000846827a0) 
thrown [s\open\src\hotspot\share\classfile\systemDictionary.cpp, line 312]
Event: 13.920 Thread 0x0000013956a85cf0 Exception <a 'java/lang/ClassNotFoundException'{0x000000008468c090}: groovy/lang/ScriptCustomizer> (0x000000008468c090) 
thrown [s\open\src\hotspot\share\classfile\systemDictionary.cpp, line 312]
Event: 13.923 Thread 0x0000013956a85cf0 Exception <a 'java/lang/ClassNotFoundException'{0x000000008469e378}: org/gradle/groovy/scripts/ScriptCustomizer> (0x000000008469e378) 
thrown [s\open\src\hotspot\share\classfile\systemDictionary.cpp, line 312]
Event: 13.925 Thread 0x0000013956a85cf0 Exception <a 'java/lang/ClassNotFoundException'{0x00000000846aed38}: org/gradle/groovy/scripts/BasicScriptCustomizer> (0x00000000846aed38) 
thrown [s\open\src\hotspot\share\classfile\systemDictionary.cpp, line 312]
Event: 13.929 Thread 0x0000013956a85cf0 Exception <a 'java/lang/ClassNotFoundException'{0x00000000846c5cf0}: org/gradle/groovy/scripts/DefaultScriptCustomizer> (0x00000000846c5cf0) 
thrown [s\open\src\hotspot\share\classfile\systemDictionary.cpp, line 312]
Event: 13.950 Thread 0x0000013956a85cf0 Exception <a 'java/lang/ClassNotFoundException'{0x000000008450aa50}: org/gradle/initialization/InitScriptCustomizer> (0x000000008450aa50) 
thrown [s\open\src\hotspot\share\classfile\systemDictionary.cpp, line 312]
Event: 13.956 Thread 0x0000013956a85cf0 Exception <a 'java/lang/ClassNotFoundException'{0x0000000084519ca0}: init_2pxxs6da6tafch98yh2nc7j8tCustomizer> (0x0000000084519ca0) 
thrown [s\open\src\hotspot\share\classfile\systemDictionary.cpp, line 312]

ZGC Phase Switch (0 events):
No events

VM Operations (20 events):
Event: 12.554 Executing VM operation: HandshakeAllThreads (Deoptimize)
Event: 12.554 Executing VM operation: HandshakeAllThreads (Deoptimize) done
Event: 12.980 Executing VM operation: HandshakeAllThreads (Deoptimize)
Event: 12.980 Executing VM operation: HandshakeAllThreads (Deoptimize) done
Event: 13.183 Executing VM operation: HandshakeAllThreads (Deoptimize)
Event: 13.183 Executing VM operation: HandshakeAllThreads (Deoptimize) done
Event: 13.183 Executing VM operation: Cleanup
Event: 13.183 Executing VM operation: Cleanup done
Event: 13.372 Executing VM operation: CollectForMetadataAllocation (Metadata GC Threshold)
Event: 13.379 Executing VM operation: CollectForMetadataAllocation (Metadata GC Threshold) done
Event: 13.430 Executing VM operation: CollectForMetadataAllocation (Metadata GC Threshold)
Event: 13.436 Executing VM operation: CollectForMetadataAllocation (Metadata GC Threshold) done
Event: 13.457 Executing VM operation: HandshakeAllThreads (Deoptimize)
Event: 13.457 Executing VM operation: HandshakeAllThreads (Deoptimize) done
Event: 13.465 Executing VM operation: G1PauseRemark
Event: 13.476 Executing VM operation: G1PauseRemark done
Event: 13.486 Executing VM operation: G1PauseCleanup
Event: 13.487 Executing VM operation: G1PauseCleanup done
Event: 13.679 Executing VM operation: HandshakeAllThreads (Deoptimize)
Event: 13.679 Executing VM operation: HandshakeAllThreads (Deoptimize) done

Events (20 events):
Event: 13.473 Thread 0x00000139560a05a0 flushing nmethod 0x000001393fc68910
Event: 13.473 Thread 0x00000139560a05a0 flushing nmethod 0x000001393fcff690
Event: 13.473 Thread 0x00000139560a05a0 flushing nmethod 0x000001393fd01790
Event: 13.473 Thread 0x00000139560a05a0 flushing nmethod 0x000001393fd01c10
Event: 13.473 Thread 0x00000139560a05a0 flushing nmethod 0x000001393fd02390
Event: 13.473 Thread 0x00000139560a05a0 flushing nmethod 0x00000139400ee290
Event: 13.473 Thread 0x00000139560a05a0 flushing nmethod 0x00000139400fa410
Event: 13.473 Thread 0x00000139560a05a0 flushing nmethod 0x000001393fcaea10
Event: 13.473 Thread 0x00000139560a05a0 flushing nmethod 0x000001393fcaf190
Event: 13.473 Thread 0x00000139560a05a0 flushing nmethod 0x000001393fcb0110
Event: 13.473 Thread 0x00000139560a05a0 flushing nmethod 0x000001393fcb0910
Event: 13.473 Thread 0x00000139560a05a0 flushing nmethod 0x000001393fcb2890
Event: 13.473 Thread 0x00000139560a05a0 flushing nmethod 0x000001393fcb3610
Event: 13.473 Thread 0x00000139560a05a0 flushing nmethod 0x000001393fcb3c90
Event: 13.473 Thread 0x00000139560a05a0 flushing nmethod 0x000001393fcb4d10
Event: 13.473 Thread 0x00000139560a05a0 flushing nmethod 0x000001393fe1cd90
Event: 13.473 Thread 0x00000139560a05a0 flushing nmethod 0x000001393fe1ec10
Event: 13.473 Thread 0x00000139560a05a0 flushing nmethod 0x000001393fe1fa90
Event: 13.473 Thread 0x00000139560a05a0 flushing nmethod 0x000001393fe20410
Event: 13.473 Thread 0x00000139560a05a0 flushing nmethod 0x000001393fe21490


Dynamic libraries:
0x00007ff7aa560000 - 0x00007ff7aa570000 	C:\Program Files\Java\jdk-21\bin\java.exe
0x00007ffab6460000 - 0x00007ffab66c7000 	C:\WINDOWS\SYSTEM32\ntdll.dll
0x00007ffab5550000 - 0x00007ffab5619000 	C:\WINDOWS\System32\KERNEL32.DLL
0x00007ffab2d30000 - 0x00007ffab3124000 	C:\WINDOWS\System32\KERNELBASE.dll
0x00007ff9d8d20000 - 0x00007ff9d8d39000 	C:\Program Files\Java\jdk-21\bin\jli.dll
0x00007ffa80220000 - 0x00007ffa8023b000 	C:\Program Files\Java\jdk-21\bin\VCRUNTIME140.dll
0x00007ffab3160000 - 0x00007ffab32ab000 	C:\WINDOWS\System32\ucrtbase.dll
0x00007ffab4920000 - 0x00007ffab49d6000 	C:\WINDOWS\System32\ADVAPI32.dll
0x00007ffab41f0000 - 0x00007ffab4299000 	C:\WINDOWS\System32\msvcrt.dll
0x00007ffab4b00000 - 0x00007ffab4ba7000 	C:\WINDOWS\System32\sechost.dll
0x00007ffab4c40000 - 0x00007ffab4d58000 	C:\WINDOWS\System32\RPCRT4.dll
0x00007ffaa1580000 - 0x00007ffaa1813000 	C:\WINDOWS\WinSxS\amd64_microsoft.windows.common-controls_6595b64144ccf1df_6.0.26100.8115_none_3e075c82e3354f9c\COMCTL32.dll
0x00007ffab5990000 - 0x00007ffab5b55000 	C:\WINDOWS\System32\USER32.dll
0x00007ffab5f20000 - 0x00007ffab5f4b000 	C:\WINDOWS\System32\GDI32.dll
0x00007ffab3130000 - 0x00007ffab3157000 	C:\WINDOWS\System32\win32u.dll
0x00007ffab40c0000 - 0x00007ffab41eb000 	C:\WINDOWS\System32\gdi32full.dll
0x00007ffab4010000 - 0x00007ffab40b3000 	C:\WINDOWS\System32\msvcp_win.dll
0x00007ffaab0e0000 - 0x00007ffaab0eb000 	C:\WINDOWS\SYSTEM32\VERSION.dll
0x00007ffab4730000 - 0x00007ffab4762000 	C:\WINDOWS\System32\IMM32.DLL
0x00007ffaadc10000 - 0x00007ffaadc1c000 	C:\Program Files\Java\jdk-21\bin\vcruntime140_1.dll
0x00007ffa7b1a0000 - 0x00007ffa7b22e000 	C:\Program Files\Java\jdk-21\bin\msvcp140.dll
0x00007ff9911c0000 - 0x00007ff991eda000 	C:\Program Files\Java\jdk-21\bin\server\jvm.dll
0x00007ffab4bb0000 - 0x00007ffab4c30000 	C:\WINDOWS\System32\WS2_32.dll
0x00007ffab1930000 - 0x00007ffab198e000 	C:\WINDOWS\SYSTEM32\POWRPROF.dll
0x00007ffaa5d60000 - 0x00007ffaa5d96000 	C:\WINDOWS\SYSTEM32\WINMM.dll
0x00007ffab1910000 - 0x00007ffab1924000 	C:\WINDOWS\SYSTEM32\UMPDC.dll
0x00007ffab1be0000 - 0x00007ffab1bfb000 	C:\WINDOWS\SYSTEM32\kernel.appcore.dll
0x00007ffaa89a0000 - 0x00007ffaa89aa000 	C:\Program Files\Java\jdk-21\bin\jimage.dll
0x00007ffab0cc0000 - 0x00007ffab0f02000 	C:\WINDOWS\SYSTEM32\DBGHELP.DLL
0x00007ffab5b60000 - 0x00007ffab5ee2000 	C:\WINDOWS\System32\combase.dll
0x00007ffab5890000 - 0x00007ffab5968000 	C:\WINDOWS\System32\OLEAUT32.dll
0x00007ffa9c6b0000 - 0x00007ffa9c6eb000 	C:\WINDOWS\SYSTEM32\dbgcore.DLL
0x00007ffab3400000 - 0x00007ffab34a5000 	C:\WINDOWS\System32\bcryptPrimitives.dll
0x00007ff957950000 - 0x00007ff95795f000 	C:\Program Files\Java\jdk-21\bin\instrument.dll
0x00007ffa7bd20000 - 0x00007ffa7bd3f000 	C:\Program Files\Java\jdk-21\bin\java.dll
0x00007ffab4de0000 - 0x00007ffab5547000 	C:\WINDOWS\System32\SHELL32.dll
0x00007ffab34b0000 - 0x00007ffab361a000 	C:\WINDOWS\System32\wintypes.dll
0x00007ffab3620000 - 0x00007ffab3e88000 	C:\WINDOWS\System32\windows.storage.dll
0x00007ffab5630000 - 0x00007ffab5728000 	C:\WINDOWS\System32\SHCORE.dll
0x00007ffab4a00000 - 0x00007ffab4a66000 	C:\WINDOWS\System32\shlwapi.dll
0x00007ffab2c50000 - 0x00007ffab2c79000 	C:\WINDOWS\SYSTEM32\profapi.dll
0x00007ffa38c20000 - 0x00007ffa38cf7000 	C:\Program Files\Java\jdk-21\bin\jsvml.dll
0x00007ffa7b170000 - 0x00007ffa7b188000 	C:\Program Files\Java\jdk-21\bin\zip.dll
0x00007ffa9c900000 - 0x00007ffa9c910000 	C:\Program Files\Java\jdk-21\bin\net.dll
0x00007ffaac5c0000 - 0x00007ffaac6ed000 	C:\WINDOWS\SYSTEM32\WINHTTP.dll
0x00007ffab2150000 - 0x00007ffab21bc000 	C:\WINDOWS\system32\mswsock.dll
0x00007ffa7b880000 - 0x00007ffa7b896000 	C:\Program Files\Java\jdk-21\bin\nio.dll
0x00007ffa9c7e0000 - 0x00007ffa9c7f0000 	C:\Program Files\Java\jdk-21\bin\verify.dll
0x00007ff9538d0000 - 0x00007ff9538f7000 	C:\Users\danuk\.gradle\native\1def1411415f61bf3af743bc5b6707747c0891f09f0c88961ee8f79bc544acac\windows-amd64\native-platform.dll
0x00007ff9578d0000 - 0x00007ff957948000 	C:\Users\danuk\.gradle\native\0.2.7\x86_64-windows-gnu\gradle-fileevents.dll
0x00007ffa7bbc0000 - 0x00007ffa7bbca000 	C:\Program Files\Java\jdk-21\bin\management.dll
0x00007ffa7b8a0000 - 0x00007ffa7b8ab000 	C:\Program Files\Java\jdk-21\bin\management_ext.dll
0x00007ffab5980000 - 0x00007ffab5988000 	C:\WINDOWS\System32\PSAPI.DLL
0x00007ffab15c0000 - 0x00007ffab15f2000 	C:\WINDOWS\SYSTEM32\IPHLPAPI.DLL
0x00007ffab5620000 - 0x00007ffab562a000 	C:\WINDOWS\System32\NSI.dll
0x00007ffa8f4d0000 - 0x00007ffa8f4d9000 	C:\Program Files\Java\jdk-21\bin\extnet.dll
0x00007ffab2430000 - 0x00007ffab244b000 	C:\WINDOWS\SYSTEM32\CRYPTSP.dll
0x00007ffab1b40000 - 0x00007ffab1b79000 	C:\WINDOWS\system32\rsaenh.dll
0x00007ffab2200000 - 0x00007ffab2233000 	C:\WINDOWS\SYSTEM32\USERENV.dll
0x00007ffab2c20000 - 0x00007ffab2c4a000 	C:\WINDOWS\SYSTEM32\bcrypt.dll
0x00007ffab2450000 - 0x00007ffab245c000 	C:\WINDOWS\SYSTEM32\CRYPTBASE.dll
0x00007ff9df820000 - 0x00007ff9df82e000 	C:\Program Files\Java\jdk-21\bin\sunmscapi.dll
0x00007ffab3e90000 - 0x00007ffab4007000 	C:\WINDOWS\System32\CRYPT32.dll
0x00007ffab2650000 - 0x00007ffab2680000 	C:\WINDOWS\SYSTEM32\ncrypt.dll
0x00007ffab2600000 - 0x00007ffab263f000 	C:\WINDOWS\SYSTEM32\NTASN1.dll
0x00007ffaa0ad0000 - 0x00007ffaa0ad8000 	C:\WINDOWS\system32\wshunix.dll

dbghelp: loaded successfully - version: 4.0.5 - missing functions: none
symbol engine: initialized successfully - sym options: 0x614 - pdb path: .;C:\Program Files\Java\jdk-21\bin;C:\WINDOWS\SYSTEM32;C:\WINDOWS\WinSxS\amd64_microsoft.windows.common-controls_6595b64144ccf1df_6.0.26100.8115_none_3e075c82e3354f9c;C:\Program Files\Java\jdk-21\bin\server;C:\Users\danuk\.gradle\native\1def1411415f61bf3af743bc5b6707747c0891f09f0c88961ee8f79bc544acac\windows-amd64;C:\Users\danuk\.gradle\native\0.2.7\x86_64-windows-gnu

VM Arguments:
jvm_args: --add-opens=java.base/java.lang=ALL-UNNAMED --add-opens=java.base/java.lang.invoke=ALL-UNNAMED --add-opens=java.base/java.util=ALL-UNNAMED --add-opens=java.prefs/java.util.prefs=ALL-UNNAMED --add-exports=jdk.compiler/com.sun.tools.javac.api=ALL-UNNAMED --add-exports=jdk.compiler/com.sun.tools.javac.util=ALL-UNNAMED --add-opens=java.base/java.util=ALL-UNNAMED --add-opens=java.prefs/java.util.prefs=ALL-UNNAMED --add-opens=java.base/java.nio.charset=ALL-UNNAMED --add-opens=java.base/java.net=ALL-UNNAMED --add-opens=java.base/java.util.concurrent.atomic=ALL-UNNAMED --add-opens=java.xml/javax.xml.namespace=ALL-UNNAMED -XX:MaxMetaspaceSize=768m -XX:ReservedCodeCacheSize=256m -Xmx2G -Dfile.encoding=UTF-8 -Duser.country=GB -Duser.language=en -Duser.variant -javaagent:C:\Users\danuk\.gradle\wrapper\dists\gradle-8.14-bin\38aieal9i53h9rfe7vjup95b9\gradle-8.14\lib\agents\gradle-instrumentation-agent-8.14.jar 
java_command: org.gradle.launcher.daemon.bootstrap.GradleDaemon 8.14
java_class_path (initial): C:\Users\danuk\.gradle\wrapper\dists\gradle-8.14-bin\38aieal9i53h9rfe7vjup95b9\gradle-8.14\lib\gradle-daemon-main-8.14.jar
Launcher Type: SUN_STANDARD

[Global flags]
     intx CICompilerCount                          = 12                                        {product} {ergonomic}
   size_t CompressedClassSpaceSize                 = 654311424                                 {product} {ergonomic}
     uint ConcGCThreads                            = 4                                         {product} {ergonomic}
     uint G1ConcRefinementThreads                  = 15                                        {product} {ergonomic}
   size_t G1HeapRegionSize                         = 1048576                                   {product} {ergonomic}
    uintx GCDrainStackTargetSize                   = 64                                        {product} {ergonomic}
   size_t InitialHeapSize                          = 264241152                                 {product} {ergonomic}
   size_t MarkStackSize                            = 4194304                                   {product} {ergonomic}
   size_t MaxHeapSize                              = 2147483648                                {product} {command line}
   size_t MaxMetaspaceSize                         = 805306368                                 {product} {command line}
   size_t MaxNewSize                               = 1287651328                                {product} {ergonomic}
   size_t MinHeapDeltaBytes                        = 1048576                                   {product} {ergonomic}
   size_t MinHeapSize                              = 8388608                                   {product} {ergonomic}
    uintx NonNMethodCodeHeapSize                   = 7602480                                {pd product} {ergonomic}
    uintx NonProfiledCodeHeapSize                  = 130416488                              {pd product} {ergonomic}
    uintx ProfiledCodeHeapSize                     = 130416488                              {pd product} {ergonomic}
    uintx ReservedCodeCacheSize                    = 268435456                              {pd product} {command line}
     bool SegmentedCodeCache                       = true                                      {product} {ergonomic}
   size_t SoftMaxHeapSize                          = 2147483648                             {manageable} {ergonomic}
     bool UseCompressedOops                        = true                           {product lp64_product} {ergonomic}
     bool UseG1GC                                  = true                                      {product} {ergonomic}
     bool UseLargePagesIndividualAllocation        = false                                  {pd product} {ergonomic}

Logging:
Log output configuration:
 #0: stdout all=warning uptime,level,tags foldmultilines=false
 #1: stderr all=off uptime,level,tags foldmultilines=false

Environment Variables:
PATH=C:\Users\danuk\AppData\Local\Programs\Microsoft VS Code;D:\istio-1.26.1\bin;C:\Program Files\dotnet\;C:\Users\danuk\AppData\Local\nvm;C:\nvm4w\nodejs;D:\flutter\bin;C:\Users\danuk\AppData\Local\Programs\Python\Python311\Scripts\;C:\Users\danuk\AppData\Local\Programs\Python\Python311\;C:\Program Files\MySQL\MySQL Shell 8.0\bin\;C:\Users\danuk\AppData\Local\Programs\Python\Launcher\;C:\Program Files\Common Files\Oracle\Java\javapath;C:\app\danuk\product\21c\dbhomeXE\bin;C:\Program Files (x86)\VMware\VMware Workstation\bin\;C:\Windows\system32;C:\Windows;C:\Windows\System32\Wbem;C:\Windows\System32\WindowsPowerShell\v1.0\;C:\Windows\System32\OpenSSH\;C:\Program Files (x86)\NVIDIA Corporation\PhysX\Common;C:\Program Files\NVIDIA Corporation\NVIDIA NvDLISR;C:\WINDOWS\system32;C:\WINDOWS;C:\WINDOWS\System32\Wbem;C:\WINDOWS\System32\WindowsPowerShell\v1.0\;C:\WINDOWS\System32\OpenSSH\;C:\Program Files\dotnet\;C:\Program Files\Git\cmd;C:\Program Files\Apache\Maven\bin;C:\Users\danuk\AppData\Local\Microsoft\WindowsApps;C:\Users\danuk\AppData\Local\Programs\Microsoft VS Code\bin;C:\Users\danuk\AppData\Local\GitHubDesktop\bin;C:\Users\danuk\AppData\Roaming\npm;C:\Program Files\Java\jdk-17\bin;C:\Apache\apache-maven-3.9.6\bin;C:\WINDOWS\system32\config\systemprofile\AppData\Local\Microsoft\WindowsApps;C:\Users\danuk\AppData\Local\Programs\Python\Python313\;C:\Users\danuk\AppData\Local\Programs\Python\Python313\Scripts\;C:\Users\danuk\AppData\Local\Programs\cursor\resources\app\bin;C:\Users\danuk\AppData\Local\Google\Cloud SDK\google-cloud-sdk\bin;C:\Users\danuk\AppData\Local\Programs\Lens\resources\cli\bin;C:\Users\danuk\AppData\Local\Android\Sdk;C:\Users\danuk\AppData\Local\nvm;C:\nvm4w\nodejs;D:\AppData\platform-tools;C:\Users\danuk\AppData\Local\PowerToys\DSCModules\;D:\PhpStorm 2025.3.2\bin;C:\Users\danuk\AppData\Local\Programs\Antigravity\bin;C:\Program Files\JetBrains\IntelliJ IDEA 2026.1\bin
USERNAME=danuk
OS=Windows_NT
PROCESSOR_IDENTIFIER=Intel64 Family 6 Model 183 Stepping 1, GenuineIntel
TMP=C:\Users\danuk\AppData\Local\Temp
TEMP=C:\Users\danuk\AppData\Local\Temp




Periodic native trim disabled

---------------  S Y S T E M  ---------------

OS:
 Windows 11 , 64 bit Build 26100 (10.0.26100.8246)
OS uptime: 1 days 14:04 hours
Hyper-V role detected

CPU: total 20 (initial active 20) (10 cores per cpu, 2 threads per core) family 6 model 183 stepping 1 microcode 0x12b, cx8, cmov, fxsr, ht, mmx, 3dnowpref, sse, sse2, sse3, ssse3, sse4.1, sse4.2, popcnt, lzcnt, tsc, tscinvbit, avx, avx2, aes, erms, clmul, bmi1, bmi2, adx, sha, fma, vzeroupper, clflush, clflushopt, clwb, hv, serialize, rdtscp, rdpid, fsrm, f16c, cet_ibt, cet_ss
Processor Information for all 20 processors :
  Max Mhz: 2600, Current Mhz: 2600, Mhz Limit: 2600

Memory: 4k page, system-wide physical 16002M (1055M free)
TotalPageFile size 32710M (AvailPageFile size 445M)
current process WorkingSet (physical memory assigned to process): 279M, peak: 286M
current process commit charge ("private bytes"): 334M, peak: 464M

vm_info: Java HotSpot(TM) 64-Bit Server VM (21.0.6+8-LTS-188) for windows-amd64 JRE (21.0.6+8-LTS-188), built on 2024-12-03T10:50:54Z by "mach5one" with MS VC++ 17.6 (VS2022)

END.
